13:04:32,241 C:\Users\ingov\PycharmProjects\ProjectR/Logs/2021-12-25_13-04-32 INFO Log has been created and started
13:04:32,241 C:\Users\ingov\PycharmProjects\ProjectR/Logs/2021-12-25_13-04-32 INFO Metaclass MetaAbsLogger: Starting class MetaLogger
13:04:32,254 C:\Users\ingov\PycharmProjects\ProjectR/Logs/2021-12-25_13-04-32 INFO Metaclass MetaLogger: Starting class QuestionClass
13:04:32,394 C:\Users\ingov\PycharmProjects\ProjectR/Logs/2021-12-25_13-04-32 INFO Metaclass MetaLogger: Starting class QuestionnaireClass
13:04:32,741 C:\Users\ingov\PycharmProjects\ProjectR/Logs/2021-12-25_13-04-32 INFO Metaclass MetaAbsLogger: Starting class SimpleWindow
13:04:32,974 C:\Users\ingov\PycharmProjects\ProjectR/Logs/2021-12-25_13-04-32 INFO C:\Users\ingov\PycharmProjects\ProjectR/Config/config.cfg, exists so we will read it
13:04:32,974 C:\Users\ingov\PycharmProjects\ProjectR/Logs/2021-12-25_13-04-32 INFO Seconds to answer a question: 10
13:04:32,974 C:\Users\ingov\PycharmProjects\ProjectR/Logs/2021-12-25_13-04-32 INFO Seconds between questions: 30
13:04:32,974 C:\Users\ingov\PycharmProjects\ProjectR/Logs/2021-12-25_13-04-32 INFO C:\Users\ingov\PycharmProjects\ProjectR/Config/config.cfg is closed now
13:04:32,974 C:\Users\ingov\PycharmProjects\ProjectR/Logs/2021-12-25_13-04-32 INFO Metaclass MetaLogger: Starting class ConfigClass
13:04:32,974 C:\Users\ingov\PycharmProjects\ProjectR/Logs/2021-12-25_13-04-32 INFO Metaclass MetaAbsLogger: Starting class QuestionWindowAbs
13:04:32,974 C:\Users\ingov\PycharmProjects\ProjectR/Logs/2021-12-25_13-04-32 INFO Metaclass MetaAbsLogger: Starting class QuestionOneAnswer
13:04:32,974 C:\Users\ingov\PycharmProjects\ProjectR/Logs/2021-12-25_13-04-32 INFO Getting into __init__ for class: QuestionClass
13:04:32,974 C:\Users\ingov\PycharmProjects\ProjectR/Logs/2021-12-25_13-04-32 INFO Attributes in args: ('What do you say to a person in the morning?', 'Good morning')
13:04:32,974 C:\Users\ingov\PycharmProjects\ProjectR/Logs/2021-12-25_13-04-32 INFO Attributes in kwargs: {}
13:04:32,974 C:\Users\ingov\PycharmProjects\ProjectR/Logs/2021-12-25_13-04-32 INFO Setting member: _QuestionClass__question to value=What do you say to a person in the morning?
13:04:32,974 C:\Users\ingov\PycharmProjects\ProjectR/Logs/2021-12-25_13-04-32 INFO Setting member: _QuestionClass__answers to value=Good morning
13:04:32,974 C:\Users\ingov\PycharmProjects\ProjectR/Logs/2021-12-25_13-04-32 INFO Getting into __init__ for class: QuestionOneAnswer
13:04:32,974 C:\Users\ingov\PycharmProjects\ProjectR/Logs/2021-12-25_13-04-32 INFO Attributes in args: ()
13:04:32,974 C:\Users\ingov\PycharmProjects\ProjectR/Logs/2021-12-25_13-04-32 INFO Attributes in kwargs: {'width': 600, 'height': 450, 'title': 'Question 3'}
13:04:33,554 C:\Users\ingov\PycharmProjects\ProjectR/Logs/2021-12-25_13-04-32 INFO Setting member: window to value=.
13:04:33,554 C:\Users\ingov\PycharmProjects\ProjectR/Logs/2021-12-25_13-04-32 INFO Getting attribute: window
13:04:33,554 C:\Users\ingov\PycharmProjects\ProjectR/Logs/2021-12-25_13-04-32 INFO Setting member: height to value=450
13:04:33,554 C:\Users\ingov\PycharmProjects\ProjectR/Logs/2021-12-25_13-04-32 INFO Setting member: width to value=600
13:04:33,554 C:\Users\ingov\PycharmProjects\ProjectR/Logs/2021-12-25_13-04-32 INFO Getting attribute: window
13:04:33,554 C:\Users\ingov\PycharmProjects\ProjectR/Logs/2021-12-25_13-04-32 INFO Getting attribute: window
13:04:33,554 C:\Users\ingov\PycharmProjects\ProjectR/Logs/2021-12-25_13-04-32 INFO Getting attribute: window
13:04:33,564 C:\Users\ingov\PycharmProjects\ProjectR/Logs/2021-12-25_13-04-32 INFO Setting member: menu to value=.!menu
13:04:33,564 C:\Users\ingov\PycharmProjects\ProjectR/Logs/2021-12-25_13-04-32 INFO Getting attribute: window
13:04:33,564 C:\Users\ingov\PycharmProjects\ProjectR/Logs/2021-12-25_13-04-32 INFO Getting attribute: menu
13:04:33,594 C:\Users\ingov\PycharmProjects\ProjectR/Logs/2021-12-25_13-04-32 INFO Getting attribute: menu
13:04:33,594 C:\Users\ingov\PycharmProjects\ProjectR/Logs/2021-12-25_13-04-32 INFO Getting method: go_back_to_main
13:04:33,594 C:\Users\ingov\PycharmProjects\ProjectR/Logs/2021-12-25_13-04-32 INFO Getting attribute: menu
13:04:33,594 C:\Users\ingov\PycharmProjects\ProjectR/Logs/2021-12-25_13-04-32 INFO Getting attribute: _QuestionClass__question
13:04:33,594 C:\Users\ingov\PycharmProjects\ProjectR/Logs/2021-12-25_13-04-32 INFO Getting attribute: question
13:04:33,594 C:\Users\ingov\PycharmProjects\ProjectR/Logs/2021-12-25_13-04-32 INFO Getting attribute: _QuestionClass__answers
13:04:33,594 C:\Users\ingov\PycharmProjects\ProjectR/Logs/2021-12-25_13-04-32 INFO Getting attribute: answers
13:04:33,594 C:\Users\ingov\PycharmProjects\ProjectR/Logs/2021-12-25_13-04-32 INFO Setting member: question to value=What do you say to a person in the morning?: Good morning
13:04:33,594 C:\Users\ingov\PycharmProjects\ProjectR/Logs/2021-12-25_13-04-32 INFO Getting attribute: window
13:04:33,594 C:\Users\ingov\PycharmProjects\ProjectR/Logs/2021-12-25_13-04-32 INFO Setting member: question_label to value=.!label
13:04:33,594 C:\Users\ingov\PycharmProjects\ProjectR/Logs/2021-12-25_13-04-32 INFO Getting attribute: question_label
13:04:33,594 C:\Users\ingov\PycharmProjects\ProjectR/Logs/2021-12-25_13-04-32 INFO Getting attribute: question_label
13:04:33,594 C:\Users\ingov\PycharmProjects\ProjectR/Logs/2021-12-25_13-04-32 INFO Getting attribute: window
13:04:33,594 C:\Users\ingov\PycharmProjects\ProjectR/Logs/2021-12-25_13-04-32 INFO Getting method: reveal_answer
13:04:33,604 C:\Users\ingov\PycharmProjects\ProjectR/Logs/2021-12-25_13-04-32 INFO Setting member: button_answer to value=.!button
13:04:33,604 C:\Users\ingov\PycharmProjects\ProjectR/Logs/2021-12-25_13-04-32 INFO Getting attribute: button_answer
13:04:33,604 C:\Users\ingov\PycharmProjects\ProjectR/Logs/2021-12-25_13-04-32 INFO Setting member: answer_label to value=None
13:04:33,604 C:\Users\ingov\PycharmProjects\ProjectR/Logs/2021-12-25_13-04-32 INFO Getting attribute: window
13:04:35,644 C:\Users\ingov\PycharmProjects\ProjectR/Logs/2021-12-25_13-04-32 INFO Getting attribute: question
13:04:35,644 C:\Users\ingov\PycharmProjects\ProjectR/Logs/2021-12-25_13-04-32 INFO Getting method: get_correct_answers
13:04:35,644 C:\Users\ingov\PycharmProjects\ProjectR/Logs/2021-12-25_13-04-32 INFO Getting method: get_question_type
13:04:35,644 C:\Users\ingov\PycharmProjects\ProjectR/Logs/2021-12-25_13-04-32 INFO Getting attribute: _QuestionClass__answers
13:04:35,644 C:\Users\ingov\PycharmProjects\ProjectR/Logs/2021-12-25_13-04-32 INFO Getting attribute: logger
13:04:35,644 C:\Users\ingov\PycharmProjects\ProjectR/Logs/2021-12-25_13-04-32 INFO This question is a single answer question: Text input: value 0
13:04:35,644 C:\Users\ingov\PycharmProjects\ProjectR/Logs/2021-12-25_13-04-32 INFO Getting attribute: logger
13:04:35,644 C:\Users\ingov\PycharmProjects\ProjectR/Logs/2021-12-25_13-04-32 INFO Getting attribute: _QuestionClass__answers
13:04:35,644 C:\Users\ingov\PycharmProjects\ProjectR/Logs/2021-12-25_13-04-32 INFO The correct answer is Good morning
13:04:35,644 C:\Users\ingov\PycharmProjects\ProjectR/Logs/2021-12-25_13-04-32 INFO Getting attribute: _QuestionClass__answers
13:04:35,644 C:\Users\ingov\PycharmProjects\ProjectR/Logs/2021-12-25_13-04-32 INFO Getting attribute: window
13:04:35,644 C:\Users\ingov\PycharmProjects\ProjectR/Logs/2021-12-25_13-04-32 INFO Setting member: answer_label to value=.!label2
13:04:35,644 C:\Users\ingov\PycharmProjects\ProjectR/Logs/2021-12-25_13-04-32 INFO Getting attribute: answer_label
13:04:35,644 C:\Users\ingov\PycharmProjects\ProjectR/Logs/2021-12-25_13-04-32 INFO Getting attribute: window
13:04:35,644 C:\Users\ingov\PycharmProjects\ProjectR/Logs/2021-12-25_13-04-32 INFO Getting method: command_button_correct
13:04:35,644 C:\Users\ingov\PycharmProjects\ProjectR/Logs/2021-12-25_13-04-32 INFO Getting method: command_button_failed
13:04:35,644 C:\Users\ingov\PycharmProjects\ProjectR/Logs/2021-12-25_13-04-32 INFO Getting attribute: window
13:04:39,894 C:\Users\ingov\PycharmProjects\ProjectR/Logs/2021-12-25_13-04-32 INFO Getting method: add_result
