21:08:07,681 C:\Users\ingov\PycharmProjects\ProjectR/Logs/2021-12-22_21-08-07 INFO Log has been created and started
21:08:07,681 C:\Users\ingov\PycharmProjects\ProjectR/Logs/2021-12-22_21-08-07 INFO Metaclass MetaAbsLogger: Starting class MetaLogger
21:08:07,687 C:\Users\ingov\PycharmProjects\ProjectR/Logs/2021-12-22_21-08-07 INFO Metaclass MetaLogger: Starting class QuestionClass
21:08:07,707 C:\Users\ingov\PycharmProjects\ProjectR/Logs/2021-12-22_21-08-07 INFO Metaclass MetaLogger: Starting class QuestionnaireClass
21:08:07,747 C:\Users\ingov\PycharmProjects\ProjectR/Logs/2021-12-22_21-08-07 INFO Metaclass MetaAbsLogger: Starting class SimpleWindow
21:08:07,777 C:\Users\ingov\PycharmProjects\ProjectR/Logs/2021-12-22_21-08-07 INFO C:\Users\ingov\PycharmProjects\ProjectR/Config/config.cfg, exists so we will read it
21:08:07,781 C:\Users\ingov\PycharmProjects\ProjectR/Logs/2021-12-22_21-08-07 INFO Seconds to answer a question: 10
21:08:07,781 C:\Users\ingov\PycharmProjects\ProjectR/Logs/2021-12-22_21-08-07 INFO Seconds between questions: 30
21:08:07,781 C:\Users\ingov\PycharmProjects\ProjectR/Logs/2021-12-22_21-08-07 INFO C:\Users\ingov\PycharmProjects\ProjectR/Config/config.cfg is closed now
21:08:07,781 C:\Users\ingov\PycharmProjects\ProjectR/Logs/2021-12-22_21-08-07 INFO Metaclass MetaLogger: Starting class ConfigClass
21:08:07,781 C:\Users\ingov\PycharmProjects\ProjectR/Logs/2021-12-22_21-08-07 INFO Metaclass MetaAbsLogger: Starting class QuestionWindowAbs
21:08:07,781 C:\Users\ingov\PycharmProjects\ProjectR/Logs/2021-12-22_21-08-07 INFO Metaclass MetaAbsLogger: Starting class QuestionOneAnswer
21:08:07,781 C:\Users\ingov\PycharmProjects\ProjectR/Logs/2021-12-22_21-08-07 INFO Getting into __init__ for class: QuestionClass
21:08:07,781 C:\Users\ingov\PycharmProjects\ProjectR/Logs/2021-12-22_21-08-07 INFO Attributes in args: ('What do you say to a person in the morning?', 'Good morning')
21:08:07,781 C:\Users\ingov\PycharmProjects\ProjectR/Logs/2021-12-22_21-08-07 INFO Attributes in kwargs: {}
21:08:07,781 C:\Users\ingov\PycharmProjects\ProjectR/Logs/2021-12-22_21-08-07 INFO Setting member: _QuestionClass__question to value=What do you say to a person in the morning?
21:08:07,781 C:\Users\ingov\PycharmProjects\ProjectR/Logs/2021-12-22_21-08-07 INFO Setting member: _QuestionClass__answers to value=Good morning
21:08:07,781 C:\Users\ingov\PycharmProjects\ProjectR/Logs/2021-12-22_21-08-07 INFO Getting into __init__ for class: QuestionOneAnswer
21:08:07,781 C:\Users\ingov\PycharmProjects\ProjectR/Logs/2021-12-22_21-08-07 INFO Attributes in args: (500, 600, 'Question 3')
21:08:07,781 C:\Users\ingov\PycharmProjects\ProjectR/Logs/2021-12-22_21-08-07 INFO Attributes in kwargs: {}
21:08:07,942 C:\Users\ingov\PycharmProjects\ProjectR/Logs/2021-12-22_21-08-07 INFO Setting member: window to value=.
21:08:07,942 C:\Users\ingov\PycharmProjects\ProjectR/Logs/2021-12-22_21-08-07 INFO Getting attribute: window
21:08:07,942 C:\Users\ingov\PycharmProjects\ProjectR/Logs/2021-12-22_21-08-07 INFO Setting member: height to value=500
21:08:07,942 C:\Users\ingov\PycharmProjects\ProjectR/Logs/2021-12-22_21-08-07 INFO Setting member: width to value=600
21:08:07,942 C:\Users\ingov\PycharmProjects\ProjectR/Logs/2021-12-22_21-08-07 INFO Getting attribute: window
21:08:07,942 C:\Users\ingov\PycharmProjects\ProjectR/Logs/2021-12-22_21-08-07 INFO Getting attribute: window
21:08:07,942 C:\Users\ingov\PycharmProjects\ProjectR/Logs/2021-12-22_21-08-07 INFO Getting attribute: _QuestionClass__question
21:08:07,942 C:\Users\ingov\PycharmProjects\ProjectR/Logs/2021-12-22_21-08-07 INFO Getting attribute: question
21:08:07,942 C:\Users\ingov\PycharmProjects\ProjectR/Logs/2021-12-22_21-08-07 INFO Setting member: question_label to value=.!label
21:08:07,942 C:\Users\ingov\PycharmProjects\ProjectR/Logs/2021-12-22_21-08-07 INFO Getting attribute: question_label
21:08:07,947 C:\Users\ingov\PycharmProjects\ProjectR/Logs/2021-12-22_21-08-07 INFO Getting attribute: window
21:08:07,947 C:\Users\ingov\PycharmProjects\ProjectR/Logs/2021-12-22_21-08-07 INFO Setting member: button_answer to value=.!button
21:08:07,947 C:\Users\ingov\PycharmProjects\ProjectR/Logs/2021-12-22_21-08-07 INFO Getting attribute: button_answer
21:08:07,947 C:\Users\ingov\PycharmProjects\ProjectR/Logs/2021-12-22_21-08-07 INFO Getting attribute: window
