20:00:40,705 C:\Users\ingov\PycharmProjects\ProjectR/Logs/2021-12-25_20-00-40 INFO Log has been created and started
20:00:40,706 C:\Users\ingov\PycharmProjects\ProjectR/Logs/2021-12-25_20-00-40 INFO Metaclass MetaAbsLogger: Starting class MetaLogger
20:00:40,709 C:\Users\ingov\PycharmProjects\ProjectR/Logs/2021-12-25_20-00-40 INFO Metaclass MetaLogger: Starting class QuestionClass
20:01:19,416 C:\Users\ingov\PycharmProjects\ProjectR/Logs/2021-12-25_20-00-40 INFO Metaclass MetaLogger: Starting class QuestionnaireClass
20:01:19,419 C:\Users\ingov\PycharmProjects\ProjectR/Logs/2021-12-25_20-00-40 INFO Metaclass MetaAbsLogger: Starting class CurrentSession
20:01:19,443 C:\Users\ingov\PycharmProjects\ProjectR/Logs/2021-12-25_20-00-40 INFO Metaclass MetaAbsLogger: Starting class SimpleWindow
20:01:19,469 C:\Users\ingov\PycharmProjects\ProjectR/Logs/2021-12-25_20-00-40 INFO C:\Users\ingov\PycharmProjects\ProjectR/Config/config.cfg, exists so we will read it
20:01:19,470 C:\Users\ingov\PycharmProjects\ProjectR/Logs/2021-12-25_20-00-40 INFO Seconds to answer a question: 10
20:01:19,470 C:\Users\ingov\PycharmProjects\ProjectR/Logs/2021-12-25_20-00-40 INFO Seconds between questions: 30
20:01:19,470 C:\Users\ingov\PycharmProjects\ProjectR/Logs/2021-12-25_20-00-40 INFO C:\Users\ingov\PycharmProjects\ProjectR/Config/config.cfg is closed now
20:01:19,471 C:\Users\ingov\PycharmProjects\ProjectR/Logs/2021-12-25_20-00-40 INFO Metaclass MetaLogger: Starting class ConfigClass
20:01:19,471 C:\Users\ingov\PycharmProjects\ProjectR/Logs/2021-12-25_20-00-40 INFO Metaclass MetaAbsLogger: Starting class QuestionWindowAbs
20:01:19,471 C:\Users\ingov\PycharmProjects\ProjectR/Logs/2021-12-25_20-00-40 INFO Metaclass MetaAbsLogger: Starting class QuestionOneAnswer
20:01:19,472 C:\Users\ingov\PycharmProjects\ProjectR/Logs/2021-12-25_20-00-40 INFO Metaclass MetaAbsLogger: Starting class QuestionOneAnswerMultiple
20:01:19,472 C:\Users\ingov\PycharmProjects\ProjectR/Logs/2021-12-25_20-00-40 INFO Getting into __init__ for class: QuestionClass
20:01:19,472 C:\Users\ingov\PycharmProjects\ProjectR/Logs/2021-12-25_20-00-40 INFO Attributes in args: ('What do you say to a person in the morning?', 'Good morning')
20:01:19,472 C:\Users\ingov\PycharmProjects\ProjectR/Logs/2021-12-25_20-00-40 INFO Attributes in kwargs: {}
20:01:19,472 C:\Users\ingov\PycharmProjects\ProjectR/Logs/2021-12-25_20-00-40 INFO Setting member: _QuestionClass__question to value=What do you say to a person in the morning?
20:01:19,472 C:\Users\ingov\PycharmProjects\ProjectR/Logs/2021-12-25_20-00-40 INFO Setting member: _QuestionClass__answers to value=Good morning
20:01:19,472 C:\Users\ingov\PycharmProjects\ProjectR/Logs/2021-12-25_20-00-40 INFO Getting into __init__ for class: QuestionOneAnswer
20:01:19,472 C:\Users\ingov\PycharmProjects\ProjectR/Logs/2021-12-25_20-00-40 INFO Attributes in args: ()
20:01:19,472 C:\Users\ingov\PycharmProjects\ProjectR/Logs/2021-12-25_20-00-40 INFO Attributes in kwargs: {'width': 600, 'height': 450, 'title': 'Question 3'}
20:01:19,652 C:\Users\ingov\PycharmProjects\ProjectR/Logs/2021-12-25_20-00-40 INFO Setting member: window to value=.
20:01:19,652 C:\Users\ingov\PycharmProjects\ProjectR/Logs/2021-12-25_20-00-40 INFO Getting attribute: window
20:01:19,652 C:\Users\ingov\PycharmProjects\ProjectR/Logs/2021-12-25_20-00-40 INFO Setting member: height to value=450
20:01:19,652 C:\Users\ingov\PycharmProjects\ProjectR/Logs/2021-12-25_20-00-40 INFO Setting member: width to value=600
20:01:19,653 C:\Users\ingov\PycharmProjects\ProjectR/Logs/2021-12-25_20-00-40 INFO Getting attribute: window
20:01:19,653 C:\Users\ingov\PycharmProjects\ProjectR/Logs/2021-12-25_20-00-40 INFO Getting attribute: window
20:01:19,654 C:\Users\ingov\PycharmProjects\ProjectR/Logs/2021-12-25_20-00-40 INFO Getting attribute: window
20:01:19,664 C:\Users\ingov\PycharmProjects\ProjectR/Logs/2021-12-25_20-00-40 INFO Setting member: menu to value=.!menu
20:01:19,665 C:\Users\ingov\PycharmProjects\ProjectR/Logs/2021-12-25_20-00-40 INFO Getting attribute: window
20:01:19,665 C:\Users\ingov\PycharmProjects\ProjectR/Logs/2021-12-25_20-00-40 INFO Getting attribute: menu
20:01:19,675 C:\Users\ingov\PycharmProjects\ProjectR/Logs/2021-12-25_20-00-40 INFO Getting attribute: menu
20:01:19,675 C:\Users\ingov\PycharmProjects\ProjectR/Logs/2021-12-25_20-00-40 INFO Getting method: go_back_to_main
20:01:19,675 C:\Users\ingov\PycharmProjects\ProjectR/Logs/2021-12-25_20-00-40 INFO Getting attribute: menu
20:01:19,676 C:\Users\ingov\PycharmProjects\ProjectR/Logs/2021-12-25_20-00-40 INFO Getting attribute: _QuestionClass__question
20:01:19,676 C:\Users\ingov\PycharmProjects\ProjectR/Logs/2021-12-25_20-00-40 INFO Getting attribute: question
20:01:19,676 C:\Users\ingov\PycharmProjects\ProjectR/Logs/2021-12-25_20-00-40 INFO Getting attribute: _QuestionClass__answers
20:01:19,676 C:\Users\ingov\PycharmProjects\ProjectR/Logs/2021-12-25_20-00-40 INFO Getting attribute: answers
20:01:19,676 C:\Users\ingov\PycharmProjects\ProjectR/Logs/2021-12-25_20-00-40 INFO Setting member: question to value=What do you say to a person in the morning?: Good morning
20:01:19,677 C:\Users\ingov\PycharmProjects\ProjectR/Logs/2021-12-25_20-00-40 INFO Getting attribute: window
20:01:19,677 C:\Users\ingov\PycharmProjects\ProjectR/Logs/2021-12-25_20-00-40 INFO Getting attribute: _QuestionClass__question
20:01:19,677 C:\Users\ingov\PycharmProjects\ProjectR/Logs/2021-12-25_20-00-40 INFO Getting attribute: question
20:01:19,680 C:\Users\ingov\PycharmProjects\ProjectR/Logs/2021-12-25_20-00-40 INFO Setting member: question_label to value=.!label
20:01:19,680 C:\Users\ingov\PycharmProjects\ProjectR/Logs/2021-12-25_20-00-40 INFO Getting attribute: question_label
20:01:19,681 C:\Users\ingov\PycharmProjects\ProjectR/Logs/2021-12-25_20-00-40 INFO Getting attribute: question_label
20:01:19,681 C:\Users\ingov\PycharmProjects\ProjectR/Logs/2021-12-25_20-00-40 INFO Getting attribute: window
20:01:19,681 C:\Users\ingov\PycharmProjects\ProjectR/Logs/2021-12-25_20-00-40 INFO Getting method: reveal_answer
20:01:19,683 C:\Users\ingov\PycharmProjects\ProjectR/Logs/2021-12-25_20-00-40 INFO Setting member: button_answer to value=.!button
20:01:19,683 C:\Users\ingov\PycharmProjects\ProjectR/Logs/2021-12-25_20-00-40 INFO Getting attribute: button_answer
20:01:19,683 C:\Users\ingov\PycharmProjects\ProjectR/Logs/2021-12-25_20-00-40 INFO Setting member: answer_label to value=None
20:01:19,683 C:\Users\ingov\PycharmProjects\ProjectR/Logs/2021-12-25_20-00-40 INFO Getting attribute: window
20:01:24,256 C:\Users\ingov\PycharmProjects\ProjectR/Logs/2021-12-25_20-00-40 INFO Getting attribute: question
20:01:24,256 C:\Users\ingov\PycharmProjects\ProjectR/Logs/2021-12-25_20-00-40 INFO Getting method: get_correct_answers
20:01:24,256 C:\Users\ingov\PycharmProjects\ProjectR/Logs/2021-12-25_20-00-40 INFO Getting method: get_question_type
20:01:24,256 C:\Users\ingov\PycharmProjects\ProjectR/Logs/2021-12-25_20-00-40 INFO Getting attribute: _QuestionClass__answers
20:01:24,256 C:\Users\ingov\PycharmProjects\ProjectR/Logs/2021-12-25_20-00-40 INFO Getting attribute: logger
20:01:24,256 C:\Users\ingov\PycharmProjects\ProjectR/Logs/2021-12-25_20-00-40 INFO This question is a single answer question: Text input: value 0
20:01:24,256 C:\Users\ingov\PycharmProjects\ProjectR/Logs/2021-12-25_20-00-40 INFO Getting attribute: logger
20:01:24,256 C:\Users\ingov\PycharmProjects\ProjectR/Logs/2021-12-25_20-00-40 INFO Getting attribute: _QuestionClass__answers
20:01:24,257 C:\Users\ingov\PycharmProjects\ProjectR/Logs/2021-12-25_20-00-40 INFO The correct answer is Good morning
20:01:24,257 C:\Users\ingov\PycharmProjects\ProjectR/Logs/2021-12-25_20-00-40 INFO Getting attribute: _QuestionClass__answers
20:01:24,257 C:\Users\ingov\PycharmProjects\ProjectR/Logs/2021-12-25_20-00-40 INFO Getting attribute: window
20:01:24,257 C:\Users\ingov\PycharmProjects\ProjectR/Logs/2021-12-25_20-00-40 INFO Getting attribute: question
20:01:24,257 C:\Users\ingov\PycharmProjects\ProjectR/Logs/2021-12-25_20-00-40 INFO Getting method: get_correct_answers
20:01:24,257 C:\Users\ingov\PycharmProjects\ProjectR/Logs/2021-12-25_20-00-40 INFO Getting method: get_question_type
20:01:24,257 C:\Users\ingov\PycharmProjects\ProjectR/Logs/2021-12-25_20-00-40 INFO Getting attribute: _QuestionClass__answers
20:01:24,257 C:\Users\ingov\PycharmProjects\ProjectR/Logs/2021-12-25_20-00-40 INFO Getting attribute: logger
20:01:24,257 C:\Users\ingov\PycharmProjects\ProjectR/Logs/2021-12-25_20-00-40 INFO This question is a single answer question: Text input: value 0
20:01:24,257 C:\Users\ingov\PycharmProjects\ProjectR/Logs/2021-12-25_20-00-40 INFO Getting attribute: logger
20:01:24,258 C:\Users\ingov\PycharmProjects\ProjectR/Logs/2021-12-25_20-00-40 INFO Getting attribute: _QuestionClass__answers
20:01:24,258 C:\Users\ingov\PycharmProjects\ProjectR/Logs/2021-12-25_20-00-40 INFO The correct answer is Good morning
20:01:24,258 C:\Users\ingov\PycharmProjects\ProjectR/Logs/2021-12-25_20-00-40 INFO Getting attribute: _QuestionClass__answers
20:01:24,258 C:\Users\ingov\PycharmProjects\ProjectR/Logs/2021-12-25_20-00-40 INFO Setting member: answer_label to value=.!label2
20:01:24,259 C:\Users\ingov\PycharmProjects\ProjectR/Logs/2021-12-25_20-00-40 INFO Getting attribute: answer_label
20:01:24,259 C:\Users\ingov\PycharmProjects\ProjectR/Logs/2021-12-25_20-00-40 INFO Getting attribute: window
20:01:24,259 C:\Users\ingov\PycharmProjects\ProjectR/Logs/2021-12-25_20-00-40 INFO Getting method: command_button_correct
20:01:24,259 C:\Users\ingov\PycharmProjects\ProjectR/Logs/2021-12-25_20-00-40 INFO Getting method: command_button_failed
20:01:24,260 C:\Users\ingov\PycharmProjects\ProjectR/Logs/2021-12-25_20-00-40 INFO Getting attribute: window
20:01:25,983 C:\Users\ingov\PycharmProjects\ProjectR/Logs/2021-12-25_20-00-40 INFO Getting method: add_result
