21:35:06,845 C:\Users\ingov\PycharmProjects\ProjectR/Logs/2021-12-25_21-35-06 INFO Log has been created and started
21:35:06,845 C:\Users\ingov\PycharmProjects\ProjectR/Logs/2021-12-25_21-35-06 INFO Metaclass MetaAbsLogger: Starting class MetaLogger
21:35:06,855 C:\Users\ingov\PycharmProjects\ProjectR/Logs/2021-12-25_21-35-06 INFO Metaclass MetaLogger: Starting class QuestionClass
21:35:06,875 C:\Users\ingov\PycharmProjects\ProjectR/Logs/2021-12-25_21-35-06 INFO Metaclass MetaLogger: Starting class QuestionnaireClass
21:35:06,885 C:\Users\ingov\PycharmProjects\ProjectR/Logs/2021-12-25_21-35-06 INFO Metaclass MetaAbsLogger: Starting class CurrentSession
21:35:06,925 C:\Users\ingov\PycharmProjects\ProjectR/Logs/2021-12-25_21-35-06 INFO Metaclass MetaAbsLogger: Starting class SimpleWindow
21:35:06,965 C:\Users\ingov\PycharmProjects\ProjectR/Logs/2021-12-25_21-35-06 INFO C:\Users\ingov\PycharmProjects\ProjectR/Config/config.cfg, exists so we will read it
21:35:06,965 C:\Users\ingov\PycharmProjects\ProjectR/Logs/2021-12-25_21-35-06 INFO Seconds to answer a question: 10
21:35:06,965 C:\Users\ingov\PycharmProjects\ProjectR/Logs/2021-12-25_21-35-06 INFO Seconds between questions: 30
21:35:06,965 C:\Users\ingov\PycharmProjects\ProjectR/Logs/2021-12-25_21-35-06 INFO C:\Users\ingov\PycharmProjects\ProjectR/Config/config.cfg is closed now
21:35:06,965 C:\Users\ingov\PycharmProjects\ProjectR/Logs/2021-12-25_21-35-06 INFO Metaclass MetaLogger: Starting class ConfigClass
21:35:06,965 C:\Users\ingov\PycharmProjects\ProjectR/Logs/2021-12-25_21-35-06 INFO Metaclass MetaAbsLogger: Starting class QuestionWindowAbs
21:35:06,965 C:\Users\ingov\PycharmProjects\ProjectR/Logs/2021-12-25_21-35-06 INFO Metaclass MetaAbsLogger: Starting class QuestionOneAnswer
21:35:06,965 C:\Users\ingov\PycharmProjects\ProjectR/Logs/2021-12-25_21-35-06 INFO Metaclass MetaAbsLogger: Starting class QuestionOneAnswerMultiple
21:35:06,965 C:\Users\ingov\PycharmProjects\ProjectR/Logs/2021-12-25_21-35-06 INFO Metaclass MetaAbsLogger: Starting class QuestionTwoAnswersMultiple
21:35:06,965 C:\Users\ingov\PycharmProjects\ProjectR/Logs/2021-12-25_21-35-06 INFO Getting into __init__ for class: QuestionClass
21:35:06,965 C:\Users\ingov\PycharmProjects\ProjectR/Logs/2021-12-25_21-35-06 INFO Attributes in args: ('What do you say to a person in the morning?', 'Good morning')
21:35:06,965 C:\Users\ingov\PycharmProjects\ProjectR/Logs/2021-12-25_21-35-06 INFO Attributes in kwargs: {}
21:35:06,965 C:\Users\ingov\PycharmProjects\ProjectR/Logs/2021-12-25_21-35-06 INFO Setting member: _QuestionClass__question to value=What do you say to a person in the morning?
21:35:06,965 C:\Users\ingov\PycharmProjects\ProjectR/Logs/2021-12-25_21-35-06 INFO Setting member: _QuestionClass__answers to value=Good morning
21:35:06,965 C:\Users\ingov\PycharmProjects\ProjectR/Logs/2021-12-25_21-35-06 INFO Getting into __init__ for class: QuestionOneAnswer
21:35:06,965 C:\Users\ingov\PycharmProjects\ProjectR/Logs/2021-12-25_21-35-06 INFO Attributes in args: ()
21:35:06,965 C:\Users\ingov\PycharmProjects\ProjectR/Logs/2021-12-25_21-35-06 INFO Attributes in kwargs: {'width': 600, 'height': 450, 'title': 'Question 3'}
21:35:07,140 C:\Users\ingov\PycharmProjects\ProjectR/Logs/2021-12-25_21-35-06 INFO Setting member: window to value=.
21:35:07,140 C:\Users\ingov\PycharmProjects\ProjectR/Logs/2021-12-25_21-35-06 INFO Getting attribute: window
21:35:07,140 C:\Users\ingov\PycharmProjects\ProjectR/Logs/2021-12-25_21-35-06 INFO Setting member: height to value=450
21:35:07,140 C:\Users\ingov\PycharmProjects\ProjectR/Logs/2021-12-25_21-35-06 INFO Setting member: width to value=600
21:35:07,140 C:\Users\ingov\PycharmProjects\ProjectR/Logs/2021-12-25_21-35-06 INFO Getting attribute: window
21:35:07,140 C:\Users\ingov\PycharmProjects\ProjectR/Logs/2021-12-25_21-35-06 INFO Getting attribute: window
21:35:07,140 C:\Users\ingov\PycharmProjects\ProjectR/Logs/2021-12-25_21-35-06 INFO Getting attribute: window
21:35:07,145 C:\Users\ingov\PycharmProjects\ProjectR/Logs/2021-12-25_21-35-06 INFO Setting member: menu to value=.!menu
21:35:07,145 C:\Users\ingov\PycharmProjects\ProjectR/Logs/2021-12-25_21-35-06 INFO Getting attribute: window
21:35:07,145 C:\Users\ingov\PycharmProjects\ProjectR/Logs/2021-12-25_21-35-06 INFO Getting attribute: menu
21:35:07,155 C:\Users\ingov\PycharmProjects\ProjectR/Logs/2021-12-25_21-35-06 INFO Getting attribute: menu
21:35:07,155 C:\Users\ingov\PycharmProjects\ProjectR/Logs/2021-12-25_21-35-06 INFO Getting method: go_back_to_main
21:35:07,155 C:\Users\ingov\PycharmProjects\ProjectR/Logs/2021-12-25_21-35-06 INFO Getting attribute: menu
21:35:07,155 C:\Users\ingov\PycharmProjects\ProjectR/Logs/2021-12-25_21-35-06 INFO Getting attribute: _QuestionClass__question
21:35:07,155 C:\Users\ingov\PycharmProjects\ProjectR/Logs/2021-12-25_21-35-06 INFO Getting attribute: question
21:35:07,155 C:\Users\ingov\PycharmProjects\ProjectR/Logs/2021-12-25_21-35-06 INFO Getting attribute: _QuestionClass__answers
21:35:07,155 C:\Users\ingov\PycharmProjects\ProjectR/Logs/2021-12-25_21-35-06 INFO Getting attribute: answers
21:35:07,155 C:\Users\ingov\PycharmProjects\ProjectR/Logs/2021-12-25_21-35-06 INFO Setting member: question to value=What do you say to a person in the morning?: Good morning
21:35:07,155 C:\Users\ingov\PycharmProjects\ProjectR/Logs/2021-12-25_21-35-06 INFO Getting attribute: window
21:35:07,155 C:\Users\ingov\PycharmProjects\ProjectR/Logs/2021-12-25_21-35-06 INFO Getting attribute: _QuestionClass__question
21:35:07,155 C:\Users\ingov\PycharmProjects\ProjectR/Logs/2021-12-25_21-35-06 INFO Getting attribute: question
21:35:07,155 C:\Users\ingov\PycharmProjects\ProjectR/Logs/2021-12-25_21-35-06 INFO Setting member: question_label to value=.!label
21:35:07,155 C:\Users\ingov\PycharmProjects\ProjectR/Logs/2021-12-25_21-35-06 INFO Getting attribute: question_label
21:35:07,165 C:\Users\ingov\PycharmProjects\ProjectR/Logs/2021-12-25_21-35-06 INFO Getting attribute: question_label
21:35:07,166 C:\Users\ingov\PycharmProjects\ProjectR/Logs/2021-12-25_21-35-06 INFO Getting attribute: window
21:35:07,166 C:\Users\ingov\PycharmProjects\ProjectR/Logs/2021-12-25_21-35-06 INFO Getting method: reveal_answer
21:35:07,166 C:\Users\ingov\PycharmProjects\ProjectR/Logs/2021-12-25_21-35-06 INFO Setting member: button_answer to value=.!button
21:35:07,166 C:\Users\ingov\PycharmProjects\ProjectR/Logs/2021-12-25_21-35-06 INFO Getting attribute: button_answer
21:35:07,166 C:\Users\ingov\PycharmProjects\ProjectR/Logs/2021-12-25_21-35-06 INFO Setting member: answer_label to value=None
21:35:07,166 C:\Users\ingov\PycharmProjects\ProjectR/Logs/2021-12-25_21-35-06 INFO Getting attribute: window
21:35:08,935 C:\Users\ingov\PycharmProjects\ProjectR/Logs/2021-12-25_21-35-06 INFO Getting into __init__ for class: QuestionClass
21:35:08,935 C:\Users\ingov\PycharmProjects\ProjectR/Logs/2021-12-25_21-35-06 INFO Attributes in args: ('What of the following ones are Python basic types?', [('Fire', False), ('Bool', True), ('Normal', False), ('Basic', False)])
21:35:08,935 C:\Users\ingov\PycharmProjects\ProjectR/Logs/2021-12-25_21-35-06 INFO Attributes in kwargs: {}
21:35:08,935 C:\Users\ingov\PycharmProjects\ProjectR/Logs/2021-12-25_21-35-06 INFO Setting member: _QuestionClass__question to value=What of the following ones are Python basic types?
21:35:08,935 C:\Users\ingov\PycharmProjects\ProjectR/Logs/2021-12-25_21-35-06 INFO Setting member: _QuestionClass__answers to value=[('Fire', False), ('Bool', True), ('Normal', False), ('Basic', False)]
21:35:08,935 C:\Users\ingov\PycharmProjects\ProjectR/Logs/2021-12-25_21-35-06 INFO Getting into __init__ for class: QuestionOneAnswerMultiple
21:35:08,935 C:\Users\ingov\PycharmProjects\ProjectR/Logs/2021-12-25_21-35-06 INFO Attributes in args: ()
21:35:08,935 C:\Users\ingov\PycharmProjects\ProjectR/Logs/2021-12-25_21-35-06 INFO Attributes in kwargs: {'width': 600, 'height': 550, 'title': 'Question 4'}
21:35:09,15 C:\Users\ingov\PycharmProjects\ProjectR/Logs/2021-12-25_21-35-06 INFO Setting member: window to value=.
21:35:09,15 C:\Users\ingov\PycharmProjects\ProjectR/Logs/2021-12-25_21-35-06 INFO Getting attribute: window
21:35:09,15 C:\Users\ingov\PycharmProjects\ProjectR/Logs/2021-12-25_21-35-06 INFO Setting member: height to value=550
21:35:09,15 C:\Users\ingov\PycharmProjects\ProjectR/Logs/2021-12-25_21-35-06 INFO Setting member: width to value=600
21:35:09,15 C:\Users\ingov\PycharmProjects\ProjectR/Logs/2021-12-25_21-35-06 INFO Getting attribute: window
21:35:09,15 C:\Users\ingov\PycharmProjects\ProjectR/Logs/2021-12-25_21-35-06 INFO Getting attribute: window
21:35:09,15 C:\Users\ingov\PycharmProjects\ProjectR/Logs/2021-12-25_21-35-06 INFO Getting attribute: window
21:35:09,15 C:\Users\ingov\PycharmProjects\ProjectR/Logs/2021-12-25_21-35-06 INFO Setting member: menu to value=.!menu
21:35:09,15 C:\Users\ingov\PycharmProjects\ProjectR/Logs/2021-12-25_21-35-06 INFO Getting attribute: window
21:35:09,15 C:\Users\ingov\PycharmProjects\ProjectR/Logs/2021-12-25_21-35-06 INFO Getting attribute: menu
21:35:09,15 C:\Users\ingov\PycharmProjects\ProjectR/Logs/2021-12-25_21-35-06 INFO Getting attribute: menu
21:35:09,15 C:\Users\ingov\PycharmProjects\ProjectR/Logs/2021-12-25_21-35-06 INFO Getting method: go_back_to_main
21:35:09,15 C:\Users\ingov\PycharmProjects\ProjectR/Logs/2021-12-25_21-35-06 INFO Getting attribute: menu
21:35:09,15 C:\Users\ingov\PycharmProjects\ProjectR/Logs/2021-12-25_21-35-06 INFO Getting attribute: _QuestionClass__question
21:35:09,15 C:\Users\ingov\PycharmProjects\ProjectR/Logs/2021-12-25_21-35-06 INFO Getting attribute: question
21:35:09,15 C:\Users\ingov\PycharmProjects\ProjectR/Logs/2021-12-25_21-35-06 INFO Getting attribute: _QuestionClass__answers
21:35:09,15 C:\Users\ingov\PycharmProjects\ProjectR/Logs/2021-12-25_21-35-06 INFO Getting attribute: answers
21:35:09,15 C:\Users\ingov\PycharmProjects\ProjectR/Logs/2021-12-25_21-35-06 INFO Setting member: question to value=What of the following ones are Python basic types?: [('Fire', False), ('Bool', True), ('Normal', False), ('Basic', False)]
21:35:09,15 C:\Users\ingov\PycharmProjects\ProjectR/Logs/2021-12-25_21-35-06 INFO Getting attribute: window
21:35:09,15 C:\Users\ingov\PycharmProjects\ProjectR/Logs/2021-12-25_21-35-06 INFO Getting attribute: _QuestionClass__question
21:35:09,15 C:\Users\ingov\PycharmProjects\ProjectR/Logs/2021-12-25_21-35-06 INFO Getting attribute: question
21:35:09,15 C:\Users\ingov\PycharmProjects\ProjectR/Logs/2021-12-25_21-35-06 INFO Setting member: question_label to value=.!label
21:35:09,25 C:\Users\ingov\PycharmProjects\ProjectR/Logs/2021-12-25_21-35-06 INFO Getting attribute: question_label
21:35:09,25 C:\Users\ingov\PycharmProjects\ProjectR/Logs/2021-12-25_21-35-06 INFO Getting attribute: question_label
21:35:09,25 C:\Users\ingov\PycharmProjects\ProjectR/Logs/2021-12-25_21-35-06 INFO Setting member: radio_buttons to value=[]
21:35:09,25 C:\Users\ingov\PycharmProjects\ProjectR/Logs/2021-12-25_21-35-06 INFO Setting member: answer_group to value=PY_VAR0
21:35:09,25 C:\Users\ingov\PycharmProjects\ProjectR/Logs/2021-12-25_21-35-06 INFO Setting member: radio_button_font to value=('TkDefaultFont', 12)
21:35:09,25 C:\Users\ingov\PycharmProjects\ProjectR/Logs/2021-12-25_21-35-06 INFO Getting attribute: question
21:35:09,25 C:\Users\ingov\PycharmProjects\ProjectR/Logs/2021-12-25_21-35-06 INFO Getting attribute: _QuestionClass__answers
21:35:09,25 C:\Users\ingov\PycharmProjects\ProjectR/Logs/2021-12-25_21-35-06 INFO Getting attribute: answers
21:35:09,25 C:\Users\ingov\PycharmProjects\ProjectR/Logs/2021-12-25_21-35-06 INFO Getting attribute: window
21:35:09,25 C:\Users\ingov\PycharmProjects\ProjectR/Logs/2021-12-25_21-35-06 INFO Getting attribute: answer_group
21:35:09,25 C:\Users\ingov\PycharmProjects\ProjectR/Logs/2021-12-25_21-35-06 INFO Getting method: reveal_result
21:35:09,25 C:\Users\ingov\PycharmProjects\ProjectR/Logs/2021-12-25_21-35-06 INFO Getting attribute: radio_button_font
21:35:09,25 C:\Users\ingov\PycharmProjects\ProjectR/Logs/2021-12-25_21-35-06 INFO Getting attribute: radio_buttons
21:35:09,25 C:\Users\ingov\PycharmProjects\ProjectR/Logs/2021-12-25_21-35-06 INFO Getting attribute: window
21:35:09,25 C:\Users\ingov\PycharmProjects\ProjectR/Logs/2021-12-25_21-35-06 INFO Getting attribute: answer_group
21:35:09,25 C:\Users\ingov\PycharmProjects\ProjectR/Logs/2021-12-25_21-35-06 INFO Getting method: reveal_result
21:35:09,25 C:\Users\ingov\PycharmProjects\ProjectR/Logs/2021-12-25_21-35-06 INFO Getting attribute: radio_button_font
21:35:09,28 C:\Users\ingov\PycharmProjects\ProjectR/Logs/2021-12-25_21-35-06 INFO Getting attribute: radio_buttons
21:35:09,28 C:\Users\ingov\PycharmProjects\ProjectR/Logs/2021-12-25_21-35-06 INFO Getting attribute: window
21:35:09,28 C:\Users\ingov\PycharmProjects\ProjectR/Logs/2021-12-25_21-35-06 INFO Getting attribute: answer_group
21:35:09,28 C:\Users\ingov\PycharmProjects\ProjectR/Logs/2021-12-25_21-35-06 INFO Getting method: reveal_result
21:35:09,28 C:\Users\ingov\PycharmProjects\ProjectR/Logs/2021-12-25_21-35-06 INFO Getting attribute: radio_button_font
21:35:09,28 C:\Users\ingov\PycharmProjects\ProjectR/Logs/2021-12-25_21-35-06 INFO Getting attribute: radio_buttons
21:35:09,28 C:\Users\ingov\PycharmProjects\ProjectR/Logs/2021-12-25_21-35-06 INFO Getting attribute: window
21:35:09,28 C:\Users\ingov\PycharmProjects\ProjectR/Logs/2021-12-25_21-35-06 INFO Getting attribute: answer_group
21:35:09,28 C:\Users\ingov\PycharmProjects\ProjectR/Logs/2021-12-25_21-35-06 INFO Getting method: reveal_result
21:35:09,28 C:\Users\ingov\PycharmProjects\ProjectR/Logs/2021-12-25_21-35-06 INFO Getting attribute: radio_button_font
21:35:09,28 C:\Users\ingov\PycharmProjects\ProjectR/Logs/2021-12-25_21-35-06 INFO Getting attribute: radio_buttons
21:35:09,28 C:\Users\ingov\PycharmProjects\ProjectR/Logs/2021-12-25_21-35-06 INFO Getting attribute: window
21:35:10,15 C:\Users\ingov\PycharmProjects\ProjectR/Logs/2021-12-25_21-35-06 INFO Getting into __init__ for class: QuestionClass
21:35:10,15 C:\Users\ingov\PycharmProjects\ProjectR/Logs/2021-12-25_21-35-06 INFO Attributes in args: ('Which of the following countries belong to the European Union', [('Serbia', False), ('Latvia', True), ('Norway', False), ('Malta', True)])
21:35:10,15 C:\Users\ingov\PycharmProjects\ProjectR/Logs/2021-12-25_21-35-06 INFO Attributes in kwargs: {}
21:35:10,15 C:\Users\ingov\PycharmProjects\ProjectR/Logs/2021-12-25_21-35-06 INFO Setting member: _QuestionClass__question to value=Which of the following countries belong to the European Union
21:35:10,15 C:\Users\ingov\PycharmProjects\ProjectR/Logs/2021-12-25_21-35-06 INFO Setting member: _QuestionClass__answers to value=[('Serbia', False), ('Latvia', True), ('Norway', False), ('Malta', True)]
21:35:10,15 C:\Users\ingov\PycharmProjects\ProjectR/Logs/2021-12-25_21-35-06 INFO Getting into __init__ for class: QuestionTwoAnswersMultiple
21:35:10,15 C:\Users\ingov\PycharmProjects\ProjectR/Logs/2021-12-25_21-35-06 INFO Attributes in args: ()
21:35:10,15 C:\Users\ingov\PycharmProjects\ProjectR/Logs/2021-12-25_21-35-06 INFO Attributes in kwargs: {'width': 600, 'height': 550, 'title': 'Question 5'}
21:35:10,159 C:\Users\ingov\PycharmProjects\ProjectR/Logs/2021-12-25_21-35-06 INFO Setting member: window to value=.
21:35:10,159 C:\Users\ingov\PycharmProjects\ProjectR/Logs/2021-12-25_21-35-06 INFO Getting attribute: window
21:35:10,159 C:\Users\ingov\PycharmProjects\ProjectR/Logs/2021-12-25_21-35-06 INFO Setting member: height to value=550
21:35:10,159 C:\Users\ingov\PycharmProjects\ProjectR/Logs/2021-12-25_21-35-06 INFO Setting member: width to value=600
21:35:10,159 C:\Users\ingov\PycharmProjects\ProjectR/Logs/2021-12-25_21-35-06 INFO Getting attribute: window
21:35:10,159 C:\Users\ingov\PycharmProjects\ProjectR/Logs/2021-12-25_21-35-06 INFO Getting attribute: window
21:35:10,159 C:\Users\ingov\PycharmProjects\ProjectR/Logs/2021-12-25_21-35-06 INFO Getting attribute: window
21:35:10,211 C:\Users\ingov\PycharmProjects\ProjectR/Logs/2021-12-25_21-35-06 INFO Setting member: menu to value=.!menu
21:35:10,211 C:\Users\ingov\PycharmProjects\ProjectR/Logs/2021-12-25_21-35-06 INFO Getting attribute: window
21:35:10,211 C:\Users\ingov\PycharmProjects\ProjectR/Logs/2021-12-25_21-35-06 INFO Getting attribute: menu
21:35:10,265 C:\Users\ingov\PycharmProjects\ProjectR/Logs/2021-12-25_21-35-06 INFO Getting attribute: menu
21:35:10,265 C:\Users\ingov\PycharmProjects\ProjectR/Logs/2021-12-25_21-35-06 INFO Getting method: go_back_to_main
21:35:10,265 C:\Users\ingov\PycharmProjects\ProjectR/Logs/2021-12-25_21-35-06 INFO Getting attribute: menu
21:35:10,265 C:\Users\ingov\PycharmProjects\ProjectR/Logs/2021-12-25_21-35-06 INFO Getting attribute: _QuestionClass__question
21:35:10,265 C:\Users\ingov\PycharmProjects\ProjectR/Logs/2021-12-25_21-35-06 INFO Getting attribute: question
21:35:10,265 C:\Users\ingov\PycharmProjects\ProjectR/Logs/2021-12-25_21-35-06 INFO Getting attribute: _QuestionClass__answers
21:35:10,265 C:\Users\ingov\PycharmProjects\ProjectR/Logs/2021-12-25_21-35-06 INFO Getting attribute: answers
21:35:10,265 C:\Users\ingov\PycharmProjects\ProjectR/Logs/2021-12-25_21-35-06 INFO Setting member: question to value=Which of the following countries belong to the European Union: [('Serbia', False), ('Latvia', True), ('Norway', False), ('Malta', True)]
21:35:10,265 C:\Users\ingov\PycharmProjects\ProjectR/Logs/2021-12-25_21-35-06 INFO Getting attribute: window
21:35:10,265 C:\Users\ingov\PycharmProjects\ProjectR/Logs/2021-12-25_21-35-06 INFO Getting attribute: _QuestionClass__question
21:35:10,265 C:\Users\ingov\PycharmProjects\ProjectR/Logs/2021-12-25_21-35-06 INFO Getting attribute: question
21:35:10,320 C:\Users\ingov\PycharmProjects\ProjectR/Logs/2021-12-25_21-35-06 INFO Setting member: question_label to value=.!label
21:35:10,320 C:\Users\ingov\PycharmProjects\ProjectR/Logs/2021-12-25_21-35-06 INFO Getting attribute: question_label
21:35:10,320 C:\Users\ingov\PycharmProjects\ProjectR/Logs/2021-12-25_21-35-06 INFO Getting attribute: question_label
21:35:10,320 C:\Users\ingov\PycharmProjects\ProjectR/Logs/2021-12-25_21-35-06 INFO Setting member: check_boxes to value=[]
21:35:10,320 C:\Users\ingov\PycharmProjects\ProjectR/Logs/2021-12-25_21-35-06 INFO Setting member: answer_group to value=PY_VAR1
21:35:10,320 C:\Users\ingov\PycharmProjects\ProjectR/Logs/2021-12-25_21-35-06 INFO Setting member: check_button_font to value=('TkDefaultFont', 12)
21:35:10,320 C:\Users\ingov\PycharmProjects\ProjectR/Logs/2021-12-25_21-35-06 INFO Setting member: checks_done to value=0
21:35:10,320 C:\Users\ingov\PycharmProjects\ProjectR/Logs/2021-12-25_21-35-06 INFO Setting member: vars_int to value=[]
21:35:10,320 C:\Users\ingov\PycharmProjects\ProjectR/Logs/2021-12-25_21-35-06 INFO Getting attribute: question
21:35:10,325 C:\Users\ingov\PycharmProjects\ProjectR/Logs/2021-12-25_21-35-06 INFO Getting attribute: _QuestionClass__answers
21:35:10,325 C:\Users\ingov\PycharmProjects\ProjectR/Logs/2021-12-25_21-35-06 INFO Getting attribute: answers
21:35:10,325 C:\Users\ingov\PycharmProjects\ProjectR/Logs/2021-12-25_21-35-06 INFO Getting attribute: window
21:35:10,325 C:\Users\ingov\PycharmProjects\ProjectR/Logs/2021-12-25_21-35-06 INFO Getting attribute: check_button_font
21:35:10,325 C:\Users\ingov\PycharmProjects\ProjectR/Logs/2021-12-25_21-35-06 INFO Getting method: checking_box
21:35:10,325 C:\Users\ingov\PycharmProjects\ProjectR/Logs/2021-12-25_21-35-06 INFO Getting attribute: vars_int
21:35:10,325 C:\Users\ingov\PycharmProjects\ProjectR/Logs/2021-12-25_21-35-06 INFO Getting attribute: check_boxes
21:35:10,325 C:\Users\ingov\PycharmProjects\ProjectR/Logs/2021-12-25_21-35-06 INFO Getting attribute: window
21:35:10,325 C:\Users\ingov\PycharmProjects\ProjectR/Logs/2021-12-25_21-35-06 INFO Getting attribute: check_button_font
21:35:10,325 C:\Users\ingov\PycharmProjects\ProjectR/Logs/2021-12-25_21-35-06 INFO Getting method: checking_box
21:35:10,325 C:\Users\ingov\PycharmProjects\ProjectR/Logs/2021-12-25_21-35-06 INFO Getting attribute: vars_int
21:35:10,325 C:\Users\ingov\PycharmProjects\ProjectR/Logs/2021-12-25_21-35-06 INFO Getting attribute: check_boxes
21:35:10,325 C:\Users\ingov\PycharmProjects\ProjectR/Logs/2021-12-25_21-35-06 INFO Getting attribute: window
21:35:10,325 C:\Users\ingov\PycharmProjects\ProjectR/Logs/2021-12-25_21-35-06 INFO Getting attribute: check_button_font
21:35:10,325 C:\Users\ingov\PycharmProjects\ProjectR/Logs/2021-12-25_21-35-06 INFO Getting method: checking_box
21:35:10,325 C:\Users\ingov\PycharmProjects\ProjectR/Logs/2021-12-25_21-35-06 INFO Getting attribute: vars_int
21:35:10,325 C:\Users\ingov\PycharmProjects\ProjectR/Logs/2021-12-25_21-35-06 INFO Getting attribute: check_boxes
21:35:10,325 C:\Users\ingov\PycharmProjects\ProjectR/Logs/2021-12-25_21-35-06 INFO Getting attribute: window
21:35:10,325 C:\Users\ingov\PycharmProjects\ProjectR/Logs/2021-12-25_21-35-06 INFO Getting attribute: check_button_font
21:35:10,325 C:\Users\ingov\PycharmProjects\ProjectR/Logs/2021-12-25_21-35-06 INFO Getting method: checking_box
21:35:10,325 C:\Users\ingov\PycharmProjects\ProjectR/Logs/2021-12-25_21-35-06 INFO Getting attribute: vars_int
21:35:10,325 C:\Users\ingov\PycharmProjects\ProjectR/Logs/2021-12-25_21-35-06 INFO Getting attribute: check_boxes
21:35:10,325 C:\Users\ingov\PycharmProjects\ProjectR/Logs/2021-12-25_21-35-06 INFO Getting attribute: window
21:35:11,838 C:\Users\ingov\PycharmProjects\ProjectR/Logs/2021-12-25_21-35-06 INFO Getting attribute: checks_done
21:35:11,838 C:\Users\ingov\PycharmProjects\ProjectR/Logs/2021-12-25_21-35-06 INFO Setting member: checks_done to value=1
21:35:11,838 C:\Users\ingov\PycharmProjects\ProjectR/Logs/2021-12-25_21-35-06 INFO Getting attribute: checks_done
21:35:12,939 C:\Users\ingov\PycharmProjects\ProjectR/Logs/2021-12-25_21-35-06 INFO Getting attribute: checks_done
21:35:12,939 C:\Users\ingov\PycharmProjects\ProjectR/Logs/2021-12-25_21-35-06 INFO Setting member: checks_done to value=2
21:35:12,939 C:\Users\ingov\PycharmProjects\ProjectR/Logs/2021-12-25_21-35-06 INFO Getting attribute: checks_done
21:35:12,939 C:\Users\ingov\PycharmProjects\ProjectR/Logs/2021-12-25_21-35-06 INFO Getting attribute: check_boxes
