23:13:43,40 C:\Users\ingov\PycharmProjects\ProjectR/Logs/2021-12-25_23-13-43 INFO Log has been created and started
23:13:43,40 C:\Users\ingov\PycharmProjects\ProjectR/Logs/2021-12-25_23-13-43 INFO Metaclass MetaAbsLogger: Starting class MetaLogger
23:13:43,55 C:\Users\ingov\PycharmProjects\ProjectR/Logs/2021-12-25_23-13-43 INFO Metaclass MetaLogger: Starting class QuestionClass
23:13:43,86 C:\Users\ingov\PycharmProjects\ProjectR/Logs/2021-12-25_23-13-43 INFO Metaclass MetaLogger: Starting class QuestionnaireClass
23:13:43,133 C:\Users\ingov\PycharmProjects\ProjectR/Logs/2021-12-25_23-13-43 INFO Metaclass MetaAbsLogger: Starting class SimpleWindow
23:13:43,180 C:\Users\ingov\PycharmProjects\ProjectR/Logs/2021-12-25_23-13-43 INFO C:\Users\ingov\PycharmProjects\ProjectR/Config/config.cfg, exists so we will read it
23:13:43,180 C:\Users\ingov\PycharmProjects\ProjectR/Logs/2021-12-25_23-13-43 INFO Seconds to answer a question: 10
23:13:43,180 C:\Users\ingov\PycharmProjects\ProjectR/Logs/2021-12-25_23-13-43 INFO Seconds between questions: 30
23:13:43,180 C:\Users\ingov\PycharmProjects\ProjectR/Logs/2021-12-25_23-13-43 INFO C:\Users\ingov\PycharmProjects\ProjectR/Config/config.cfg is closed now
23:13:43,180 C:\Users\ingov\PycharmProjects\ProjectR/Logs/2021-12-25_23-13-43 INFO Metaclass MetaLogger: Starting class ConfigClass
23:13:43,227 C:\Users\ingov\PycharmProjects\ProjectR/Logs/2021-12-25_23-13-43 INFO Metaclass MetaAbsLogger: Starting class CurrentSession
23:13:43,227 C:\Users\ingov\PycharmProjects\ProjectR/Logs/2021-12-25_23-13-43 INFO Metaclass MetaAbsLogger: Starting class QuestionWindowAbs
23:13:43,227 C:\Users\ingov\PycharmProjects\ProjectR/Logs/2021-12-25_23-13-43 INFO Metaclass MetaAbsLogger: Starting class QuestionOneAnswer
23:13:43,227 C:\Users\ingov\PycharmProjects\ProjectR/Logs/2021-12-25_23-13-43 INFO Metaclass MetaAbsLogger: Starting class QuestionOneAnswerMultiple
23:13:43,227 C:\Users\ingov\PycharmProjects\ProjectR/Logs/2021-12-25_23-13-43 INFO Metaclass MetaAbsLogger: Starting class QuestionTwoAnswersMultiple
23:13:43,227 C:\Users\ingov\PycharmProjects\ProjectR/Logs/2021-12-25_23-13-43 INFO Loading a questionnaire from file: C:\Users\ingov\PycharmProjects\ProjectR/Data/Questionnaires/QuestionnaireExample2.pickle
23:13:43,227 C:\Users\ingov\PycharmProjects\ProjectR/Logs/2021-12-25_23-13-43 INFO Getting attribute: __dict__
23:13:43,227 C:\Users\ingov\PycharmProjects\ProjectR/Logs/2021-12-25_23-13-43 INFO Getting attribute: __dict__
23:13:43,227 C:\Users\ingov\PycharmProjects\ProjectR/Logs/2021-12-25_23-13-43 INFO Getting attribute: __dict__
23:13:43,227 C:\Users\ingov\PycharmProjects\ProjectR/Logs/2021-12-25_23-13-43 INFO Calling get_secs_to_answer
23:13:43,227 C:\Users\ingov\PycharmProjects\ProjectR/Logs/2021-12-25_23-13-43 INFO Getting secs to answer a questions: 10
23:13:43,227 C:\Users\ingov\PycharmProjects\ProjectR/Logs/2021-12-25_23-13-43 INFO Getting method: get_question_type
23:13:43,227 C:\Users\ingov\PycharmProjects\ProjectR/Logs/2021-12-25_23-13-43 INFO Getting attribute: _QuestionClass__answers
23:13:43,227 C:\Users\ingov\PycharmProjects\ProjectR/Logs/2021-12-25_23-13-43 INFO Getting attribute: logger
23:13:43,227 C:\Users\ingov\PycharmProjects\ProjectR/Logs/2021-12-25_23-13-43 INFO This question is a single answer question: Text input: value 0
23:13:43,227 C:\Users\ingov\PycharmProjects\ProjectR/Logs/2021-12-25_23-13-43 INFO Getting into __init__ for class: QuestionOneAnswer
23:13:43,227 C:\Users\ingov\PycharmProjects\ProjectR/Logs/2021-12-25_23-13-43 INFO Attributes in args: ()
23:13:43,227 C:\Users\ingov\PycharmProjects\ProjectR/Logs/2021-12-25_23-13-43 INFO Attributes in kwargs: {'width': 600, 'height': 450, 'title': 'Question 0'}
23:13:43,415 C:\Users\ingov\PycharmProjects\ProjectR/Logs/2021-12-25_23-13-43 INFO Setting member: window to value=.
23:13:43,415 C:\Users\ingov\PycharmProjects\ProjectR/Logs/2021-12-25_23-13-43 INFO Getting attribute: window
23:13:43,415 C:\Users\ingov\PycharmProjects\ProjectR/Logs/2021-12-25_23-13-43 INFO Setting member: height to value=450
23:13:43,415 C:\Users\ingov\PycharmProjects\ProjectR/Logs/2021-12-25_23-13-43 INFO Setting member: width to value=600
23:13:43,415 C:\Users\ingov\PycharmProjects\ProjectR/Logs/2021-12-25_23-13-43 INFO Getting attribute: window
23:13:43,415 C:\Users\ingov\PycharmProjects\ProjectR/Logs/2021-12-25_23-13-43 INFO Getting attribute: window
23:13:43,415 C:\Users\ingov\PycharmProjects\ProjectR/Logs/2021-12-25_23-13-43 INFO Getting attribute: logger
23:13:43,415 C:\Users\ingov\PycharmProjects\ProjectR/Logs/2021-12-25_23-13-43 INFO AYA AYA AYA YAYAYA
23:13:43,415 C:\Users\ingov\PycharmProjects\ProjectR/Logs/2021-12-25_23-13-43 INFO Getting attribute: window
23:13:43,437 C:\Users\ingov\PycharmProjects\ProjectR/Logs/2021-12-25_23-13-43 INFO Setting member: menu to value=.!menu
23:13:43,437 C:\Users\ingov\PycharmProjects\ProjectR/Logs/2021-12-25_23-13-43 INFO Getting attribute: window
23:13:43,437 C:\Users\ingov\PycharmProjects\ProjectR/Logs/2021-12-25_23-13-43 INFO Getting attribute: menu
23:13:43,447 C:\Users\ingov\PycharmProjects\ProjectR/Logs/2021-12-25_23-13-43 INFO Getting attribute: menu
23:13:43,448 C:\Users\ingov\PycharmProjects\ProjectR/Logs/2021-12-25_23-13-43 INFO Getting method: go_back_to_main
23:13:43,448 C:\Users\ingov\PycharmProjects\ProjectR/Logs/2021-12-25_23-13-43 INFO Getting attribute: menu
23:13:43,448 C:\Users\ingov\PycharmProjects\ProjectR/Logs/2021-12-25_23-13-43 INFO Getting attribute: _QuestionClass__question
23:13:43,449 C:\Users\ingov\PycharmProjects\ProjectR/Logs/2021-12-25_23-13-43 INFO Getting attribute: question
23:13:43,449 C:\Users\ingov\PycharmProjects\ProjectR/Logs/2021-12-25_23-13-43 INFO Getting attribute: _QuestionClass__answers
23:13:43,449 C:\Users\ingov\PycharmProjects\ProjectR/Logs/2021-12-25_23-13-43 INFO Getting attribute: answers
23:13:43,449 C:\Users\ingov\PycharmProjects\ProjectR/Logs/2021-12-25_23-13-43 INFO Setting member: question to value=What do you say to a person in the morning?: Good morning
23:13:43,449 C:\Users\ingov\PycharmProjects\ProjectR/Logs/2021-12-25_23-13-43 INFO Getting attribute: window
23:13:43,450 C:\Users\ingov\PycharmProjects\ProjectR/Logs/2021-12-25_23-13-43 INFO Getting attribute: _QuestionClass__question
23:13:43,450 C:\Users\ingov\PycharmProjects\ProjectR/Logs/2021-12-25_23-13-43 INFO Getting attribute: question
23:13:43,452 C:\Users\ingov\PycharmProjects\ProjectR/Logs/2021-12-25_23-13-43 INFO Setting member: question_label to value=.!label
23:13:43,452 C:\Users\ingov\PycharmProjects\ProjectR/Logs/2021-12-25_23-13-43 INFO Getting attribute: question_label
23:13:43,452 C:\Users\ingov\PycharmProjects\ProjectR/Logs/2021-12-25_23-13-43 INFO Getting attribute: question_label
23:13:43,452 C:\Users\ingov\PycharmProjects\ProjectR/Logs/2021-12-25_23-13-43 INFO Getting attribute: window
23:13:43,452 C:\Users\ingov\PycharmProjects\ProjectR/Logs/2021-12-25_23-13-43 INFO Getting method: reveal_answer
23:13:43,452 C:\Users\ingov\PycharmProjects\ProjectR/Logs/2021-12-25_23-13-43 INFO Setting member: button_answer to value=.!button
23:13:43,452 C:\Users\ingov\PycharmProjects\ProjectR/Logs/2021-12-25_23-13-43 INFO Getting attribute: button_answer
23:13:43,452 C:\Users\ingov\PycharmProjects\ProjectR/Logs/2021-12-25_23-13-43 INFO Setting member: answer_label to value=None
23:13:43,452 C:\Users\ingov\PycharmProjects\ProjectR/Logs/2021-12-25_23-13-43 INFO Setting member: button_correct to value=None
23:13:43,452 C:\Users\ingov\PycharmProjects\ProjectR/Logs/2021-12-25_23-13-43 INFO Setting member: button_failed to value=None
23:13:43,452 C:\Users\ingov\PycharmProjects\ProjectR/Logs/2021-12-25_23-13-43 INFO Getting attribute: window
23:13:43,452 C:\Users\ingov\PycharmProjects\ProjectR/Logs/2021-12-25_23-13-43 INFO Getting attribute: window
23:13:43,452 C:\Users\ingov\PycharmProjects\ProjectR/Logs/2021-12-25_23-13-43 INFO Getting attribute: window
23:13:45,311 C:\Users\ingov\PycharmProjects\ProjectR/Logs/2021-12-25_23-13-43 INFO Getting attribute: button_answer
23:13:45,311 C:\Users\ingov\PycharmProjects\ProjectR/Logs/2021-12-25_23-13-43 INFO Getting attribute: window
23:13:45,311 C:\Users\ingov\PycharmProjects\ProjectR/Logs/2021-12-25_23-13-43 INFO Getting attribute: question
23:13:45,311 C:\Users\ingov\PycharmProjects\ProjectR/Logs/2021-12-25_23-13-43 INFO Getting method: get_correct_answers
23:13:45,311 C:\Users\ingov\PycharmProjects\ProjectR/Logs/2021-12-25_23-13-43 INFO Getting method: get_question_type
23:13:45,311 C:\Users\ingov\PycharmProjects\ProjectR/Logs/2021-12-25_23-13-43 INFO Getting attribute: _QuestionClass__answers
23:13:45,311 C:\Users\ingov\PycharmProjects\ProjectR/Logs/2021-12-25_23-13-43 INFO Getting attribute: logger
23:13:45,311 C:\Users\ingov\PycharmProjects\ProjectR/Logs/2021-12-25_23-13-43 INFO This question is a single answer question: Text input: value 0
23:13:45,311 C:\Users\ingov\PycharmProjects\ProjectR/Logs/2021-12-25_23-13-43 INFO Getting attribute: logger
23:13:45,311 C:\Users\ingov\PycharmProjects\ProjectR/Logs/2021-12-25_23-13-43 INFO Getting attribute: _QuestionClass__answers
23:13:45,311 C:\Users\ingov\PycharmProjects\ProjectR/Logs/2021-12-25_23-13-43 INFO The correct answer is Good morning
23:13:45,311 C:\Users\ingov\PycharmProjects\ProjectR/Logs/2021-12-25_23-13-43 INFO Getting attribute: _QuestionClass__answers
23:13:45,311 C:\Users\ingov\PycharmProjects\ProjectR/Logs/2021-12-25_23-13-43 INFO Setting member: answer_label to value=.!label2
23:13:45,311 C:\Users\ingov\PycharmProjects\ProjectR/Logs/2021-12-25_23-13-43 INFO Getting attribute: answer_label
23:13:45,311 C:\Users\ingov\PycharmProjects\ProjectR/Logs/2021-12-25_23-13-43 INFO Getting attribute: window
23:13:45,311 C:\Users\ingov\PycharmProjects\ProjectR/Logs/2021-12-25_23-13-43 INFO Getting method: command_button_correct
23:13:45,311 C:\Users\ingov\PycharmProjects\ProjectR/Logs/2021-12-25_23-13-43 INFO Setting member: button_correct to value=.!frame.!button
23:13:45,311 C:\Users\ingov\PycharmProjects\ProjectR/Logs/2021-12-25_23-13-43 INFO Getting method: command_button_failed
23:13:45,311 C:\Users\ingov\PycharmProjects\ProjectR/Logs/2021-12-25_23-13-43 INFO Setting member: button_failed to value=.!frame.!button2
23:13:45,311 C:\Users\ingov\PycharmProjects\ProjectR/Logs/2021-12-25_23-13-43 INFO Getting attribute: button_correct
23:13:45,311 C:\Users\ingov\PycharmProjects\ProjectR/Logs/2021-12-25_23-13-43 INFO Getting attribute: button_failed
23:13:45,311 C:\Users\ingov\PycharmProjects\ProjectR/Logs/2021-12-25_23-13-43 INFO Getting attribute: window
23:13:48,770 C:\Users\ingov\PycharmProjects\ProjectR/Logs/2021-12-25_23-13-43 INFO Getting method: add_result
23:13:48,770 C:\Users\ingov\PycharmProjects\ProjectR/Logs/2021-12-25_23-13-43 INFO Getting attribute: question
23:13:48,770 C:\Users\ingov\PycharmProjects\ProjectR/Logs/2021-12-25_23-13-43 INFO Getting attribute: _QuestionClass__question
23:13:48,770 C:\Users\ingov\PycharmProjects\ProjectR/Logs/2021-12-25_23-13-43 INFO Getting attribute: question
23:13:48,770 C:\Users\ingov\PycharmProjects\ProjectR/Logs/2021-12-25_23-13-43 INFO Getting attribute: button_correct
23:13:48,770 C:\Users\ingov\PycharmProjects\ProjectR/Logs/2021-12-25_23-13-43 INFO Getting attribute: button_correct
23:13:48,770 C:\Users\ingov\PycharmProjects\ProjectR/Logs/2021-12-25_23-13-43 INFO Getting attribute: button_failed
23:13:48,770 C:\Users\ingov\PycharmProjects\ProjectR/Logs/2021-12-25_23-13-43 INFO Getting attribute: button_failed
23:13:48,770 C:\Users\ingov\PycharmProjects\ProjectR/Logs/2021-12-25_23-13-43 INFO Getting attribute: window
23:13:48,770 C:\Users\ingov\PycharmProjects\ProjectR/Logs/2021-12-25_23-13-43 INFO Getting attribute: window
23:13:48,770 C:\Users\ingov\PycharmProjects\ProjectR/Logs/2021-12-25_23-13-43 INFO Getting attribute: window
23:13:48,770 C:\Users\ingov\PycharmProjects\ProjectR/Logs/2021-12-25_23-13-43 INFO Getting attribute: window
23:13:53,462 C:\Users\ingov\PycharmProjects\ProjectR/Logs/2021-12-25_23-13-43 INFO Calling get_secs_between_questions
23:13:53,462 C:\Users\ingov\PycharmProjects\ProjectR/Logs/2021-12-25_23-13-43 INFO Getting secs between questions: 10
23:14:23,469 C:\Users\ingov\PycharmProjects\ProjectR/Logs/2021-12-25_23-13-43 INFO Getting method: get_question_type
23:14:23,469 C:\Users\ingov\PycharmProjects\ProjectR/Logs/2021-12-25_23-13-43 INFO Getting attribute: _QuestionClass__answers
23:14:23,469 C:\Users\ingov\PycharmProjects\ProjectR/Logs/2021-12-25_23-13-43 INFO Getting attribute: _QuestionClass__answers
23:14:23,469 C:\Users\ingov\PycharmProjects\ProjectR/Logs/2021-12-25_23-13-43 INFO Getting attribute: logger
23:14:23,469 C:\Users\ingov\PycharmProjects\ProjectR/Logs/2021-12-25_23-13-43 INFO This question is a multiple choice question with a single answer: Radio button: value 1
23:14:23,469 C:\Users\ingov\PycharmProjects\ProjectR/Logs/2021-12-25_23-13-43 INFO Getting method: get_question_type
23:14:23,469 C:\Users\ingov\PycharmProjects\ProjectR/Logs/2021-12-25_23-13-43 INFO Getting attribute: _QuestionClass__answers
23:14:23,469 C:\Users\ingov\PycharmProjects\ProjectR/Logs/2021-12-25_23-13-43 INFO Getting attribute: _QuestionClass__answers
23:14:23,469 C:\Users\ingov\PycharmProjects\ProjectR/Logs/2021-12-25_23-13-43 INFO Getting attribute: logger
23:14:23,469 C:\Users\ingov\PycharmProjects\ProjectR/Logs/2021-12-25_23-13-43 INFO This question is a multiple choice question with a single answer: Radio button: value 1
23:14:23,469 C:\Users\ingov\PycharmProjects\ProjectR/Logs/2021-12-25_23-13-43 INFO Getting into __init__ for class: QuestionOneAnswerMultiple
23:14:23,469 C:\Users\ingov\PycharmProjects\ProjectR/Logs/2021-12-25_23-13-43 INFO Attributes in args: ()
23:14:23,469 C:\Users\ingov\PycharmProjects\ProjectR/Logs/2021-12-25_23-13-43 INFO Attributes in kwargs: {'width': 600, 'height': 550, 'title': 'Question 1'}
23:14:23,521 C:\Users\ingov\PycharmProjects\ProjectR/Logs/2021-12-25_23-13-43 INFO Setting member: window to value=.
23:14:23,521 C:\Users\ingov\PycharmProjects\ProjectR/Logs/2021-12-25_23-13-43 INFO Getting attribute: window
23:14:23,521 C:\Users\ingov\PycharmProjects\ProjectR/Logs/2021-12-25_23-13-43 INFO Setting member: height to value=550
23:14:23,521 C:\Users\ingov\PycharmProjects\ProjectR/Logs/2021-12-25_23-13-43 INFO Setting member: width to value=600
23:14:23,521 C:\Users\ingov\PycharmProjects\ProjectR/Logs/2021-12-25_23-13-43 INFO Getting attribute: window
23:14:23,521 C:\Users\ingov\PycharmProjects\ProjectR/Logs/2021-12-25_23-13-43 INFO Getting attribute: window
23:14:23,521 C:\Users\ingov\PycharmProjects\ProjectR/Logs/2021-12-25_23-13-43 INFO Getting attribute: logger
23:14:23,521 C:\Users\ingov\PycharmProjects\ProjectR/Logs/2021-12-25_23-13-43 INFO AYA AYA AYA YAYAYA
23:14:23,521 C:\Users\ingov\PycharmProjects\ProjectR/Logs/2021-12-25_23-13-43 INFO Getting attribute: window
23:14:23,521 C:\Users\ingov\PycharmProjects\ProjectR/Logs/2021-12-25_23-13-43 INFO Setting member: menu to value=.!menu
23:14:23,521 C:\Users\ingov\PycharmProjects\ProjectR/Logs/2021-12-25_23-13-43 INFO Getting attribute: window
23:14:23,521 C:\Users\ingov\PycharmProjects\ProjectR/Logs/2021-12-25_23-13-43 INFO Getting attribute: menu
23:14:23,537 C:\Users\ingov\PycharmProjects\ProjectR/Logs/2021-12-25_23-13-43 INFO Getting attribute: menu
23:14:23,537 C:\Users\ingov\PycharmProjects\ProjectR/Logs/2021-12-25_23-13-43 INFO Getting method: go_back_to_main
23:14:23,537 C:\Users\ingov\PycharmProjects\ProjectR/Logs/2021-12-25_23-13-43 INFO Getting attribute: menu
23:14:23,537 C:\Users\ingov\PycharmProjects\ProjectR/Logs/2021-12-25_23-13-43 INFO Getting attribute: _QuestionClass__question
23:14:23,537 C:\Users\ingov\PycharmProjects\ProjectR/Logs/2021-12-25_23-13-43 INFO Getting attribute: question
23:14:23,537 C:\Users\ingov\PycharmProjects\ProjectR/Logs/2021-12-25_23-13-43 INFO Getting attribute: _QuestionClass__answers
23:14:23,537 C:\Users\ingov\PycharmProjects\ProjectR/Logs/2021-12-25_23-13-43 INFO Getting attribute: answers
23:14:23,537 C:\Users\ingov\PycharmProjects\ProjectR/Logs/2021-12-25_23-13-43 INFO Setting member: question to value=What of the following ones are Python basic types?: [('Fire', False), ('Bool', True), ('Normal', False), ('Basic', False)]
23:14:23,537 C:\Users\ingov\PycharmProjects\ProjectR/Logs/2021-12-25_23-13-43 INFO Getting attribute: window
23:14:23,537 C:\Users\ingov\PycharmProjects\ProjectR/Logs/2021-12-25_23-13-43 INFO Getting attribute: _QuestionClass__question
23:14:23,537 C:\Users\ingov\PycharmProjects\ProjectR/Logs/2021-12-25_23-13-43 INFO Getting attribute: question
23:14:23,537 C:\Users\ingov\PycharmProjects\ProjectR/Logs/2021-12-25_23-13-43 INFO Setting member: question_label to value=.!label
23:14:23,537 C:\Users\ingov\PycharmProjects\ProjectR/Logs/2021-12-25_23-13-43 INFO Getting attribute: question_label
23:14:23,537 C:\Users\ingov\PycharmProjects\ProjectR/Logs/2021-12-25_23-13-43 INFO Getting attribute: question_label
23:14:23,537 C:\Users\ingov\PycharmProjects\ProjectR/Logs/2021-12-25_23-13-43 INFO Setting member: radio_buttons to value=[]
23:14:23,537 C:\Users\ingov\PycharmProjects\ProjectR/Logs/2021-12-25_23-13-43 INFO Setting member: answer_group to value=PY_VAR0
23:14:23,537 C:\Users\ingov\PycharmProjects\ProjectR/Logs/2021-12-25_23-13-43 INFO Setting member: radio_button_font to value=('TkDefaultFont', 12)
23:14:23,537 C:\Users\ingov\PycharmProjects\ProjectR/Logs/2021-12-25_23-13-43 INFO Getting attribute: question
23:14:23,537 C:\Users\ingov\PycharmProjects\ProjectR/Logs/2021-12-25_23-13-43 INFO Getting attribute: _QuestionClass__answers
23:14:23,537 C:\Users\ingov\PycharmProjects\ProjectR/Logs/2021-12-25_23-13-43 INFO Getting attribute: answers
23:14:23,537 C:\Users\ingov\PycharmProjects\ProjectR/Logs/2021-12-25_23-13-43 INFO Getting attribute: window
23:14:23,537 C:\Users\ingov\PycharmProjects\ProjectR/Logs/2021-12-25_23-13-43 INFO Getting attribute: answer_group
23:14:23,537 C:\Users\ingov\PycharmProjects\ProjectR/Logs/2021-12-25_23-13-43 INFO Getting method: reveal_result
23:14:23,537 C:\Users\ingov\PycharmProjects\ProjectR/Logs/2021-12-25_23-13-43 INFO Getting attribute: radio_button_font
23:14:23,537 C:\Users\ingov\PycharmProjects\ProjectR/Logs/2021-12-25_23-13-43 INFO Getting attribute: radio_buttons
23:14:23,537 C:\Users\ingov\PycharmProjects\ProjectR/Logs/2021-12-25_23-13-43 INFO Getting attribute: window
23:14:23,537 C:\Users\ingov\PycharmProjects\ProjectR/Logs/2021-12-25_23-13-43 INFO Getting attribute: answer_group
23:14:23,537 C:\Users\ingov\PycharmProjects\ProjectR/Logs/2021-12-25_23-13-43 INFO Getting method: reveal_result
23:14:23,537 C:\Users\ingov\PycharmProjects\ProjectR/Logs/2021-12-25_23-13-43 INFO Getting attribute: radio_button_font
23:14:23,537 C:\Users\ingov\PycharmProjects\ProjectR/Logs/2021-12-25_23-13-43 INFO Getting attribute: radio_buttons
23:14:23,537 C:\Users\ingov\PycharmProjects\ProjectR/Logs/2021-12-25_23-13-43 INFO Getting attribute: window
23:14:23,537 C:\Users\ingov\PycharmProjects\ProjectR/Logs/2021-12-25_23-13-43 INFO Getting attribute: answer_group
23:14:23,537 C:\Users\ingov\PycharmProjects\ProjectR/Logs/2021-12-25_23-13-43 INFO Getting method: reveal_result
23:14:23,537 C:\Users\ingov\PycharmProjects\ProjectR/Logs/2021-12-25_23-13-43 INFO Getting attribute: radio_button_font
23:14:23,537 C:\Users\ingov\PycharmProjects\ProjectR/Logs/2021-12-25_23-13-43 INFO Getting attribute: radio_buttons
23:14:23,537 C:\Users\ingov\PycharmProjects\ProjectR/Logs/2021-12-25_23-13-43 INFO Getting attribute: window
23:14:23,537 C:\Users\ingov\PycharmProjects\ProjectR/Logs/2021-12-25_23-13-43 INFO Getting attribute: answer_group
23:14:23,537 C:\Users\ingov\PycharmProjects\ProjectR/Logs/2021-12-25_23-13-43 INFO Getting method: reveal_result
23:14:23,537 C:\Users\ingov\PycharmProjects\ProjectR/Logs/2021-12-25_23-13-43 INFO Getting attribute: radio_button_font
23:14:23,537 C:\Users\ingov\PycharmProjects\ProjectR/Logs/2021-12-25_23-13-43 INFO Getting attribute: radio_buttons
23:14:23,537 C:\Users\ingov\PycharmProjects\ProjectR/Logs/2021-12-25_23-13-43 INFO Getting attribute: window
23:14:23,537 C:\Users\ingov\PycharmProjects\ProjectR/Logs/2021-12-25_23-13-43 INFO Getting attribute: window
23:14:23,537 C:\Users\ingov\PycharmProjects\ProjectR/Logs/2021-12-25_23-13-43 INFO Getting attribute: window
23:14:28,698 C:\Users\ingov\PycharmProjects\ProjectR/Logs/2021-12-25_23-13-43 INFO Getting attribute: radio_buttons
23:14:28,714 C:\Users\ingov\PycharmProjects\ProjectR/Logs/2021-12-25_23-13-43 INFO Getting attribute: answer_group
23:14:28,714 C:\Users\ingov\PycharmProjects\ProjectR/Logs/2021-12-25_23-13-43 INFO Getting attribute: window
23:14:28,714 C:\Users\ingov\PycharmProjects\ProjectR/Logs/2021-12-25_23-13-43 INFO Getting attribute: question
23:14:28,714 C:\Users\ingov\PycharmProjects\ProjectR/Logs/2021-12-25_23-13-43 INFO Getting attribute: _QuestionClass__question
23:14:28,714 C:\Users\ingov\PycharmProjects\ProjectR/Logs/2021-12-25_23-13-43 INFO Getting attribute: question
23:14:28,714 C:\Users\ingov\PycharmProjects\ProjectR/Logs/2021-12-25_23-13-43 INFO Getting attribute: window
23:14:28,714 C:\Users\ingov\PycharmProjects\ProjectR/Logs/2021-12-25_23-13-43 INFO Getting attribute: window
23:14:28,714 C:\Users\ingov\PycharmProjects\ProjectR/Logs/2021-12-25_23-13-43 INFO Getting attribute: window
23:14:28,714 C:\Users\ingov\PycharmProjects\ProjectR/Logs/2021-12-25_23-13-43 INFO Getting attribute: window
23:14:28,714 C:\Users\ingov\PycharmProjects\ProjectR/Logs/2021-12-25_23-13-43 INFO Getting attribute: window
23:14:28,714 C:\Users\ingov\PycharmProjects\ProjectR/Logs/2021-12-25_23-13-43 INFO Getting attribute: window
23:14:33,562 C:\Users\ingov\PycharmProjects\ProjectR/Logs/2021-12-25_23-13-43 INFO Calling get_secs_between_questions
23:14:33,562 C:\Users\ingov\PycharmProjects\ProjectR/Logs/2021-12-25_23-13-43 INFO Getting secs between questions: 10
23:15:03,577 C:\Users\ingov\PycharmProjects\ProjectR/Logs/2021-12-25_23-13-43 INFO Getting method: get_question_type
23:15:03,577 C:\Users\ingov\PycharmProjects\ProjectR/Logs/2021-12-25_23-13-43 INFO Getting attribute: _QuestionClass__answers
23:15:03,577 C:\Users\ingov\PycharmProjects\ProjectR/Logs/2021-12-25_23-13-43 INFO Getting attribute: _QuestionClass__answers
23:15:03,577 C:\Users\ingov\PycharmProjects\ProjectR/Logs/2021-12-25_23-13-43 INFO Getting attribute: logger
23:15:03,577 C:\Users\ingov\PycharmProjects\ProjectR/Logs/2021-12-25_23-13-43 INFO This question is a multiple choice question with two answers: Checkboxes: value 2
23:15:03,577 C:\Users\ingov\PycharmProjects\ProjectR/Logs/2021-12-25_23-13-43 INFO Getting method: get_question_type
23:15:03,577 C:\Users\ingov\PycharmProjects\ProjectR/Logs/2021-12-25_23-13-43 INFO Getting attribute: _QuestionClass__answers
23:15:03,577 C:\Users\ingov\PycharmProjects\ProjectR/Logs/2021-12-25_23-13-43 INFO Getting attribute: _QuestionClass__answers
23:15:03,577 C:\Users\ingov\PycharmProjects\ProjectR/Logs/2021-12-25_23-13-43 INFO Getting attribute: logger
23:15:03,577 C:\Users\ingov\PycharmProjects\ProjectR/Logs/2021-12-25_23-13-43 INFO This question is a multiple choice question with two answers: Checkboxes: value 2
23:15:03,577 C:\Users\ingov\PycharmProjects\ProjectR/Logs/2021-12-25_23-13-43 INFO Getting into __init__ for class: QuestionTwoAnswersMultiple
23:15:03,577 C:\Users\ingov\PycharmProjects\ProjectR/Logs/2021-12-25_23-13-43 INFO Attributes in args: ()
23:15:03,577 C:\Users\ingov\PycharmProjects\ProjectR/Logs/2021-12-25_23-13-43 INFO Attributes in kwargs: {'width': 600, 'height': 550, 'title': 'Question 2'}
23:15:03,640 C:\Users\ingov\PycharmProjects\ProjectR/Logs/2021-12-25_23-13-43 INFO Setting member: window to value=.
23:15:03,640 C:\Users\ingov\PycharmProjects\ProjectR/Logs/2021-12-25_23-13-43 INFO Getting attribute: window
23:15:03,640 C:\Users\ingov\PycharmProjects\ProjectR/Logs/2021-12-25_23-13-43 INFO Setting member: height to value=550
23:15:03,640 C:\Users\ingov\PycharmProjects\ProjectR/Logs/2021-12-25_23-13-43 INFO Setting member: width to value=600
23:15:03,640 C:\Users\ingov\PycharmProjects\ProjectR/Logs/2021-12-25_23-13-43 INFO Getting attribute: window
23:15:03,640 C:\Users\ingov\PycharmProjects\ProjectR/Logs/2021-12-25_23-13-43 INFO Getting attribute: window
23:15:03,640 C:\Users\ingov\PycharmProjects\ProjectR/Logs/2021-12-25_23-13-43 INFO Getting attribute: logger
23:15:03,640 C:\Users\ingov\PycharmProjects\ProjectR/Logs/2021-12-25_23-13-43 INFO AYA AYA AYA YAYAYA
23:15:03,640 C:\Users\ingov\PycharmProjects\ProjectR/Logs/2021-12-25_23-13-43 INFO Getting attribute: window
23:15:03,640 C:\Users\ingov\PycharmProjects\ProjectR/Logs/2021-12-25_23-13-43 INFO Setting member: menu to value=.!menu
23:15:03,640 C:\Users\ingov\PycharmProjects\ProjectR/Logs/2021-12-25_23-13-43 INFO Getting attribute: window
23:15:03,640 C:\Users\ingov\PycharmProjects\ProjectR/Logs/2021-12-25_23-13-43 INFO Getting attribute: menu
23:15:03,655 C:\Users\ingov\PycharmProjects\ProjectR/Logs/2021-12-25_23-13-43 INFO Getting attribute: menu
23:15:03,655 C:\Users\ingov\PycharmProjects\ProjectR/Logs/2021-12-25_23-13-43 INFO Getting method: go_back_to_main
23:15:03,655 C:\Users\ingov\PycharmProjects\ProjectR/Logs/2021-12-25_23-13-43 INFO Getting attribute: menu
23:15:03,655 C:\Users\ingov\PycharmProjects\ProjectR/Logs/2021-12-25_23-13-43 INFO Getting attribute: _QuestionClass__question
23:15:03,655 C:\Users\ingov\PycharmProjects\ProjectR/Logs/2021-12-25_23-13-43 INFO Getting attribute: question
23:15:03,655 C:\Users\ingov\PycharmProjects\ProjectR/Logs/2021-12-25_23-13-43 INFO Getting attribute: _QuestionClass__answers
23:15:03,655 C:\Users\ingov\PycharmProjects\ProjectR/Logs/2021-12-25_23-13-43 INFO Getting attribute: answers
23:15:03,655 C:\Users\ingov\PycharmProjects\ProjectR/Logs/2021-12-25_23-13-43 INFO Setting member: question to value=Which of the following countries belong to the European Union: [('Serbia', False), ('Latvia', True), ('Norway', False), ('Malta', True)]
23:15:03,655 C:\Users\ingov\PycharmProjects\ProjectR/Logs/2021-12-25_23-13-43 INFO Getting attribute: window
23:15:03,655 C:\Users\ingov\PycharmProjects\ProjectR/Logs/2021-12-25_23-13-43 INFO Getting attribute: _QuestionClass__question
23:15:03,655 C:\Users\ingov\PycharmProjects\ProjectR/Logs/2021-12-25_23-13-43 INFO Getting attribute: question
23:15:03,655 C:\Users\ingov\PycharmProjects\ProjectR/Logs/2021-12-25_23-13-43 INFO Setting member: question_label to value=.!label
23:15:03,655 C:\Users\ingov\PycharmProjects\ProjectR/Logs/2021-12-25_23-13-43 INFO Getting attribute: question_label
23:15:03,655 C:\Users\ingov\PycharmProjects\ProjectR/Logs/2021-12-25_23-13-43 INFO Getting attribute: question_label
23:15:03,655 C:\Users\ingov\PycharmProjects\ProjectR/Logs/2021-12-25_23-13-43 INFO Setting member: check_boxes to value=[]
23:15:03,655 C:\Users\ingov\PycharmProjects\ProjectR/Logs/2021-12-25_23-13-43 INFO Setting member: answer_group to value=PY_VAR1
23:15:03,655 C:\Users\ingov\PycharmProjects\ProjectR/Logs/2021-12-25_23-13-43 INFO Setting member: check_button_font to value=('TkDefaultFont', 12)
23:15:03,655 C:\Users\ingov\PycharmProjects\ProjectR/Logs/2021-12-25_23-13-43 INFO Setting member: checks_done to value=0
23:15:03,655 C:\Users\ingov\PycharmProjects\ProjectR/Logs/2021-12-25_23-13-43 INFO Setting member: vars_int to value=[]
23:15:03,655 C:\Users\ingov\PycharmProjects\ProjectR/Logs/2021-12-25_23-13-43 INFO Getting attribute: question
23:15:03,655 C:\Users\ingov\PycharmProjects\ProjectR/Logs/2021-12-25_23-13-43 INFO Getting attribute: _QuestionClass__answers
23:15:03,655 C:\Users\ingov\PycharmProjects\ProjectR/Logs/2021-12-25_23-13-43 INFO Getting attribute: answers
23:15:03,655 C:\Users\ingov\PycharmProjects\ProjectR/Logs/2021-12-25_23-13-43 INFO Getting attribute: window
23:15:03,655 C:\Users\ingov\PycharmProjects\ProjectR/Logs/2021-12-25_23-13-43 INFO Getting attribute: check_button_font
23:15:03,655 C:\Users\ingov\PycharmProjects\ProjectR/Logs/2021-12-25_23-13-43 INFO Getting method: checking_box
23:15:03,655 C:\Users\ingov\PycharmProjects\ProjectR/Logs/2021-12-25_23-13-43 INFO Getting attribute: vars_int
23:15:03,655 C:\Users\ingov\PycharmProjects\ProjectR/Logs/2021-12-25_23-13-43 INFO Getting attribute: check_boxes
23:15:03,655 C:\Users\ingov\PycharmProjects\ProjectR/Logs/2021-12-25_23-13-43 INFO Getting attribute: window
23:15:03,655 C:\Users\ingov\PycharmProjects\ProjectR/Logs/2021-12-25_23-13-43 INFO Getting attribute: check_button_font
23:15:03,655 C:\Users\ingov\PycharmProjects\ProjectR/Logs/2021-12-25_23-13-43 INFO Getting method: checking_box
23:15:03,655 C:\Users\ingov\PycharmProjects\ProjectR/Logs/2021-12-25_23-13-43 INFO Getting attribute: vars_int
23:15:03,655 C:\Users\ingov\PycharmProjects\ProjectR/Logs/2021-12-25_23-13-43 INFO Getting attribute: check_boxes
23:15:03,655 C:\Users\ingov\PycharmProjects\ProjectR/Logs/2021-12-25_23-13-43 INFO Getting attribute: window
23:15:03,655 C:\Users\ingov\PycharmProjects\ProjectR/Logs/2021-12-25_23-13-43 INFO Getting attribute: check_button_font
23:15:03,655 C:\Users\ingov\PycharmProjects\ProjectR/Logs/2021-12-25_23-13-43 INFO Getting method: checking_box
23:15:03,655 C:\Users\ingov\PycharmProjects\ProjectR/Logs/2021-12-25_23-13-43 INFO Getting attribute: vars_int
23:15:03,655 C:\Users\ingov\PycharmProjects\ProjectR/Logs/2021-12-25_23-13-43 INFO Getting attribute: check_boxes
23:15:03,655 C:\Users\ingov\PycharmProjects\ProjectR/Logs/2021-12-25_23-13-43 INFO Getting attribute: window
23:15:03,655 C:\Users\ingov\PycharmProjects\ProjectR/Logs/2021-12-25_23-13-43 INFO Getting attribute: check_button_font
23:15:03,655 C:\Users\ingov\PycharmProjects\ProjectR/Logs/2021-12-25_23-13-43 INFO Getting method: checking_box
23:15:03,655 C:\Users\ingov\PycharmProjects\ProjectR/Logs/2021-12-25_23-13-43 INFO Getting attribute: vars_int
23:15:03,655 C:\Users\ingov\PycharmProjects\ProjectR/Logs/2021-12-25_23-13-43 INFO Getting attribute: check_boxes
23:15:03,655 C:\Users\ingov\PycharmProjects\ProjectR/Logs/2021-12-25_23-13-43 INFO Getting attribute: window
23:15:03,655 C:\Users\ingov\PycharmProjects\ProjectR/Logs/2021-12-25_23-13-43 INFO Getting attribute: window
23:15:03,655 C:\Users\ingov\PycharmProjects\ProjectR/Logs/2021-12-25_23-13-43 INFO Getting attribute: window
23:15:06,905 C:\Users\ingov\PycharmProjects\ProjectR/Logs/2021-12-25_23-13-43 INFO Getting attribute: checks_done
23:15:06,905 C:\Users\ingov\PycharmProjects\ProjectR/Logs/2021-12-25_23-13-43 INFO Setting member: checks_done to value=1
23:15:06,905 C:\Users\ingov\PycharmProjects\ProjectR/Logs/2021-12-25_23-13-43 INFO Getting attribute: checks_done
23:15:07,920 C:\Users\ingov\PycharmProjects\ProjectR/Logs/2021-12-25_23-13-43 INFO Getting attribute: checks_done
23:15:07,920 C:\Users\ingov\PycharmProjects\ProjectR/Logs/2021-12-25_23-13-43 INFO Setting member: checks_done to value=2
23:15:07,920 C:\Users\ingov\PycharmProjects\ProjectR/Logs/2021-12-25_23-13-43 INFO Getting attribute: checks_done
23:15:07,920 C:\Users\ingov\PycharmProjects\ProjectR/Logs/2021-12-25_23-13-43 INFO Getting attribute: check_boxes
23:15:07,920 C:\Users\ingov\PycharmProjects\ProjectR/Logs/2021-12-25_23-13-43 INFO Getting attribute: vars_int
23:15:07,920 C:\Users\ingov\PycharmProjects\ProjectR/Logs/2021-12-25_23-13-43 INFO Getting attribute: vars_int
23:15:07,920 C:\Users\ingov\PycharmProjects\ProjectR/Logs/2021-12-25_23-13-43 INFO Getting attribute: vars_int
23:15:07,920 C:\Users\ingov\PycharmProjects\ProjectR/Logs/2021-12-25_23-13-43 INFO Getting attribute: vars_int
23:15:07,920 C:\Users\ingov\PycharmProjects\ProjectR/Logs/2021-12-25_23-13-43 INFO Getting attribute: question
23:15:07,920 C:\Users\ingov\PycharmProjects\ProjectR/Logs/2021-12-25_23-13-43 INFO Getting method: get_correct_answers
23:15:07,920 C:\Users\ingov\PycharmProjects\ProjectR/Logs/2021-12-25_23-13-43 INFO Getting method: get_question_type
23:15:07,920 C:\Users\ingov\PycharmProjects\ProjectR/Logs/2021-12-25_23-13-43 INFO Getting attribute: _QuestionClass__answers
23:15:07,920 C:\Users\ingov\PycharmProjects\ProjectR/Logs/2021-12-25_23-13-43 INFO Getting attribute: _QuestionClass__answers
23:15:07,920 C:\Users\ingov\PycharmProjects\ProjectR/Logs/2021-12-25_23-13-43 INFO Getting attribute: logger
23:15:07,920 C:\Users\ingov\PycharmProjects\ProjectR/Logs/2021-12-25_23-13-43 INFO This question is a multiple choice question with two answers: Checkboxes: value 2
23:15:07,920 C:\Users\ingov\PycharmProjects\ProjectR/Logs/2021-12-25_23-13-43 INFO Getting attribute: _QuestionClass__answers
23:15:07,920 C:\Users\ingov\PycharmProjects\ProjectR/Logs/2021-12-25_23-13-43 INFO Getting attribute: logger
23:15:07,920 C:\Users\ingov\PycharmProjects\ProjectR/Logs/2021-12-25_23-13-43 INFO Correct answers are ['Latvia', 'Malta']
23:15:07,920 C:\Users\ingov\PycharmProjects\ProjectR/Logs/2021-12-25_23-13-43 INFO Getting attribute: window
23:15:07,920 C:\Users\ingov\PycharmProjects\ProjectR/Logs/2021-12-25_23-13-43 INFO Getting attribute: question
23:15:07,920 C:\Users\ingov\PycharmProjects\ProjectR/Logs/2021-12-25_23-13-43 INFO Getting attribute: _QuestionClass__question
23:15:07,920 C:\Users\ingov\PycharmProjects\ProjectR/Logs/2021-12-25_23-13-43 INFO Getting attribute: question
23:15:07,920 C:\Users\ingov\PycharmProjects\ProjectR/Logs/2021-12-25_23-13-43 INFO Getting attribute: window
23:15:07,920 C:\Users\ingov\PycharmProjects\ProjectR/Logs/2021-12-25_23-13-43 INFO Getting attribute: window
23:15:07,920 C:\Users\ingov\PycharmProjects\ProjectR/Logs/2021-12-25_23-13-43 INFO Getting attribute: window
23:15:07,920 C:\Users\ingov\PycharmProjects\ProjectR/Logs/2021-12-25_23-13-43 INFO Getting attribute: window
23:15:07,920 C:\Users\ingov\PycharmProjects\ProjectR/Logs/2021-12-25_23-13-43 INFO Getting attribute: window
23:15:07,920 C:\Users\ingov\PycharmProjects\ProjectR/Logs/2021-12-25_23-13-43 INFO Getting attribute: window
