21:12:06,21 C:\Users\ingov\PycharmProjects\ProjectR/Logs/2021-12-20_21-12-06 INFO Log has been created and started
21:12:06,21 C:\Users\ingov\PycharmProjects\ProjectR/Logs/2021-12-20_21-12-06 INFO Metaclass MetaAbsLogger: Starting class MetaLogger
21:12:06,41 C:\Users\ingov\PycharmProjects\ProjectR/Logs/2021-12-20_21-12-06 INFO Metaclass MetaAbsLogger: Starting class SimpleWindow
21:12:06,41 C:\Users\ingov\PycharmProjects\ProjectR/Logs/2021-12-20_21-12-06 INFO Metaclass MetaAbsLogger: Starting class NewWindow
21:12:06,41 C:\Users\ingov\PycharmProjects\ProjectR/Logs/2021-12-20_21-12-06 INFO Getting into __init__ for class: NewWindow
21:12:06,41 C:\Users\ingov\PycharmProjects\ProjectR/Logs/2021-12-20_21-12-06 INFO Attributes in args: ()
21:12:06,41 C:\Users\ingov\PycharmProjects\ProjectR/Logs/2021-12-20_21-12-06 INFO Attributes in kwargs: {}
21:12:06,41 C:\Users\ingov\PycharmProjects\ProjectR/Logs/2021-12-20_21-12-06 INFO Getting into __init__ for class: NewWindow
21:12:06,41 C:\Users\ingov\PycharmProjects\ProjectR/Logs/2021-12-20_21-12-06 INFO Attributes in args: (300, 400, 'Example')
21:12:06,41 C:\Users\ingov\PycharmProjects\ProjectR/Logs/2021-12-20_21-12-06 INFO Attributes in kwargs: {}
21:12:06,116 C:\Users\ingov\PycharmProjects\ProjectR/Logs/2021-12-20_21-12-06 INFO Setting member: window to value=.
21:12:06,116 C:\Users\ingov\PycharmProjects\ProjectR/Logs/2021-12-20_21-12-06 INFO Setting member: window to value=.
21:12:06,116 C:\Users\ingov\PycharmProjects\ProjectR/Logs/2021-12-20_21-12-06 INFO Getting attribute: window
21:12:06,116 C:\Users\ingov\PycharmProjects\ProjectR/Logs/2021-12-20_21-12-06 INFO Getting attribute: window
21:12:06,116 C:\Users\ingov\PycharmProjects\ProjectR/Logs/2021-12-20_21-12-06 INFO Setting member: height to value=300
21:12:06,116 C:\Users\ingov\PycharmProjects\ProjectR/Logs/2021-12-20_21-12-06 INFO Setting member: height to value=300
21:12:06,116 C:\Users\ingov\PycharmProjects\ProjectR/Logs/2021-12-20_21-12-06 INFO Setting member: width to value=400
21:12:06,116 C:\Users\ingov\PycharmProjects\ProjectR/Logs/2021-12-20_21-12-06 INFO Setting member: width to value=400
21:12:06,116 C:\Users\ingov\PycharmProjects\ProjectR/Logs/2021-12-20_21-12-06 INFO Getting attribute: window
21:12:06,116 C:\Users\ingov\PycharmProjects\ProjectR/Logs/2021-12-20_21-12-06 INFO Getting attribute: window
21:12:06,116 C:\Users\ingov\PycharmProjects\ProjectR/Logs/2021-12-20_21-12-06 INFO Getting attribute: width
21:12:06,116 C:\Users\ingov\PycharmProjects\ProjectR/Logs/2021-12-20_21-12-06 INFO Getting attribute: width
21:12:06,116 C:\Users\ingov\PycharmProjects\ProjectR/Logs/2021-12-20_21-12-06 INFO Getting attribute: window
21:12:06,116 C:\Users\ingov\PycharmProjects\ProjectR/Logs/2021-12-20_21-12-06 INFO Getting attribute: window
