22:22:55,615 C:\Users\ingov\PycharmProjects\ProjectR/Logs/2021-12-25_22-22-55 INFO Log has been created and started
22:22:55,615 C:\Users\ingov\PycharmProjects\ProjectR/Logs/2021-12-25_22-22-55 INFO Metaclass MetaAbsLogger: Starting class MetaLogger
22:22:55,621 C:\Users\ingov\PycharmProjects\ProjectR/Logs/2021-12-25_22-22-55 INFO Metaclass MetaLogger: Starting class QuestionClass
22:22:55,642 C:\Users\ingov\PycharmProjects\ProjectR/Logs/2021-12-25_22-22-55 INFO Metaclass MetaLogger: Starting class QuestionnaireClass
22:22:55,645 C:\Users\ingov\PycharmProjects\ProjectR/Logs/2021-12-25_22-22-55 INFO Metaclass MetaAbsLogger: Starting class CurrentSession
22:22:55,684 C:\Users\ingov\PycharmProjects\ProjectR/Logs/2021-12-25_22-22-55 INFO Metaclass MetaAbsLogger: Starting class SimpleWindow
22:22:55,717 C:\Users\ingov\PycharmProjects\ProjectR/Logs/2021-12-25_22-22-55 INFO C:\Users\ingov\PycharmProjects\ProjectR/Config/config.cfg, exists so we will read it
22:22:55,720 C:\Users\ingov\PycharmProjects\ProjectR/Logs/2021-12-25_22-22-55 INFO Seconds to answer a question: 10
22:22:55,720 C:\Users\ingov\PycharmProjects\ProjectR/Logs/2021-12-25_22-22-55 INFO Seconds between questions: 30
22:22:55,720 C:\Users\ingov\PycharmProjects\ProjectR/Logs/2021-12-25_22-22-55 INFO C:\Users\ingov\PycharmProjects\ProjectR/Config/config.cfg is closed now
22:22:55,721 C:\Users\ingov\PycharmProjects\ProjectR/Logs/2021-12-25_22-22-55 INFO Metaclass MetaLogger: Starting class ConfigClass
22:22:55,721 C:\Users\ingov\PycharmProjects\ProjectR/Logs/2021-12-25_22-22-55 INFO Metaclass MetaAbsLogger: Starting class QuestionWindowAbs
22:22:55,721 C:\Users\ingov\PycharmProjects\ProjectR/Logs/2021-12-25_22-22-55 INFO Metaclass MetaAbsLogger: Starting class QuestionOneAnswer
22:22:55,721 C:\Users\ingov\PycharmProjects\ProjectR/Logs/2021-12-25_22-22-55 INFO Metaclass MetaAbsLogger: Starting class QuestionOneAnswerMultiple
22:22:55,721 C:\Users\ingov\PycharmProjects\ProjectR/Logs/2021-12-25_22-22-55 INFO Metaclass MetaAbsLogger: Starting class QuestionTwoAnswersMultiple
22:22:55,721 C:\Users\ingov\PycharmProjects\ProjectR/Logs/2021-12-25_22-22-55 INFO Getting into __init__ for class: QuestionClass
22:22:55,722 C:\Users\ingov\PycharmProjects\ProjectR/Logs/2021-12-25_22-22-55 INFO Attributes in args: ('What do you say to a person in the morning?', 'Good morning')
22:22:55,722 C:\Users\ingov\PycharmProjects\ProjectR/Logs/2021-12-25_22-22-55 INFO Attributes in kwargs: {}
22:22:55,722 C:\Users\ingov\PycharmProjects\ProjectR/Logs/2021-12-25_22-22-55 INFO Setting member: _QuestionClass__question to value=What do you say to a person in the morning?
22:22:55,722 C:\Users\ingov\PycharmProjects\ProjectR/Logs/2021-12-25_22-22-55 INFO Setting member: _QuestionClass__answers to value=Good morning
22:22:55,722 C:\Users\ingov\PycharmProjects\ProjectR/Logs/2021-12-25_22-22-55 INFO Getting into __init__ for class: QuestionOneAnswer
22:22:55,722 C:\Users\ingov\PycharmProjects\ProjectR/Logs/2021-12-25_22-22-55 INFO Attributes in args: ()
22:22:55,722 C:\Users\ingov\PycharmProjects\ProjectR/Logs/2021-12-25_22-22-55 INFO Attributes in kwargs: {'width': 600, 'height': 450, 'title': 'Question 3'}
22:22:55,902 C:\Users\ingov\PycharmProjects\ProjectR/Logs/2021-12-25_22-22-55 INFO Setting member: window to value=.
22:22:55,902 C:\Users\ingov\PycharmProjects\ProjectR/Logs/2021-12-25_22-22-55 INFO Getting attribute: window
22:22:55,902 C:\Users\ingov\PycharmProjects\ProjectR/Logs/2021-12-25_22-22-55 INFO Setting member: height to value=450
22:22:55,903 C:\Users\ingov\PycharmProjects\ProjectR/Logs/2021-12-25_22-22-55 INFO Setting member: width to value=600
22:22:55,903 C:\Users\ingov\PycharmProjects\ProjectR/Logs/2021-12-25_22-22-55 INFO Getting attribute: window
22:22:55,903 C:\Users\ingov\PycharmProjects\ProjectR/Logs/2021-12-25_22-22-55 INFO Getting attribute: window
22:22:55,903 C:\Users\ingov\PycharmProjects\ProjectR/Logs/2021-12-25_22-22-55 INFO Getting attribute: window
22:22:55,914 C:\Users\ingov\PycharmProjects\ProjectR/Logs/2021-12-25_22-22-55 INFO Setting member: menu to value=.!menu
22:22:55,915 C:\Users\ingov\PycharmProjects\ProjectR/Logs/2021-12-25_22-22-55 INFO Getting attribute: window
22:22:55,915 C:\Users\ingov\PycharmProjects\ProjectR/Logs/2021-12-25_22-22-55 INFO Getting attribute: menu
22:22:55,926 C:\Users\ingov\PycharmProjects\ProjectR/Logs/2021-12-25_22-22-55 INFO Getting attribute: menu
22:22:55,926 C:\Users\ingov\PycharmProjects\ProjectR/Logs/2021-12-25_22-22-55 INFO Getting method: go_back_to_main
22:22:55,926 C:\Users\ingov\PycharmProjects\ProjectR/Logs/2021-12-25_22-22-55 INFO Getting attribute: menu
22:22:55,926 C:\Users\ingov\PycharmProjects\ProjectR/Logs/2021-12-25_22-22-55 INFO Getting attribute: _QuestionClass__question
22:22:55,927 C:\Users\ingov\PycharmProjects\ProjectR/Logs/2021-12-25_22-22-55 INFO Getting attribute: question
22:22:55,927 C:\Users\ingov\PycharmProjects\ProjectR/Logs/2021-12-25_22-22-55 INFO Getting attribute: _QuestionClass__answers
22:22:55,927 C:\Users\ingov\PycharmProjects\ProjectR/Logs/2021-12-25_22-22-55 INFO Getting attribute: answers
22:22:55,927 C:\Users\ingov\PycharmProjects\ProjectR/Logs/2021-12-25_22-22-55 INFO Setting member: question to value=What do you say to a person in the morning?: Good morning
22:22:55,927 C:\Users\ingov\PycharmProjects\ProjectR/Logs/2021-12-25_22-22-55 INFO Getting attribute: window
22:22:55,927 C:\Users\ingov\PycharmProjects\ProjectR/Logs/2021-12-25_22-22-55 INFO Getting attribute: _QuestionClass__question
22:22:55,927 C:\Users\ingov\PycharmProjects\ProjectR/Logs/2021-12-25_22-22-55 INFO Getting attribute: question
22:22:55,929 C:\Users\ingov\PycharmProjects\ProjectR/Logs/2021-12-25_22-22-55 INFO Setting member: question_label to value=.!label
22:22:55,929 C:\Users\ingov\PycharmProjects\ProjectR/Logs/2021-12-25_22-22-55 INFO Getting attribute: question_label
22:22:55,930 C:\Users\ingov\PycharmProjects\ProjectR/Logs/2021-12-25_22-22-55 INFO Getting attribute: question_label
22:22:55,930 C:\Users\ingov\PycharmProjects\ProjectR/Logs/2021-12-25_22-22-55 INFO Getting attribute: window
22:22:55,930 C:\Users\ingov\PycharmProjects\ProjectR/Logs/2021-12-25_22-22-55 INFO Getting method: reveal_answer
22:22:55,931 C:\Users\ingov\PycharmProjects\ProjectR/Logs/2021-12-25_22-22-55 INFO Setting member: button_answer to value=.!button
22:22:55,931 C:\Users\ingov\PycharmProjects\ProjectR/Logs/2021-12-25_22-22-55 INFO Getting attribute: button_answer
22:22:55,931 C:\Users\ingov\PycharmProjects\ProjectR/Logs/2021-12-25_22-22-55 INFO Setting member: answer_label to value=None
22:22:55,931 C:\Users\ingov\PycharmProjects\ProjectR/Logs/2021-12-25_22-22-55 INFO Setting member: button_correct to value=None
22:22:55,931 C:\Users\ingov\PycharmProjects\ProjectR/Logs/2021-12-25_22-22-55 INFO Setting member: button_failed to value=None
22:22:55,932 C:\Users\ingov\PycharmProjects\ProjectR/Logs/2021-12-25_22-22-55 INFO Getting attribute: window
22:22:57,872 C:\Users\ingov\PycharmProjects\ProjectR/Logs/2021-12-25_22-22-55 INFO Getting attribute: button_answer
22:22:57,872 C:\Users\ingov\PycharmProjects\ProjectR/Logs/2021-12-25_22-22-55 INFO Getting attribute: question
22:22:57,872 C:\Users\ingov\PycharmProjects\ProjectR/Logs/2021-12-25_22-22-55 INFO Getting method: get_correct_answers
22:22:57,872 C:\Users\ingov\PycharmProjects\ProjectR/Logs/2021-12-25_22-22-55 INFO Getting method: get_question_type
22:22:57,872 C:\Users\ingov\PycharmProjects\ProjectR/Logs/2021-12-25_22-22-55 INFO Getting attribute: _QuestionClass__answers
22:22:57,872 C:\Users\ingov\PycharmProjects\ProjectR/Logs/2021-12-25_22-22-55 INFO Getting attribute: logger
22:22:57,872 C:\Users\ingov\PycharmProjects\ProjectR/Logs/2021-12-25_22-22-55 INFO This question is a single answer question: Text input: value 0
22:22:57,873 C:\Users\ingov\PycharmProjects\ProjectR/Logs/2021-12-25_22-22-55 INFO Getting attribute: logger
22:22:57,873 C:\Users\ingov\PycharmProjects\ProjectR/Logs/2021-12-25_22-22-55 INFO Getting attribute: _QuestionClass__answers
22:22:57,873 C:\Users\ingov\PycharmProjects\ProjectR/Logs/2021-12-25_22-22-55 INFO The correct answer is Good morning
22:22:57,873 C:\Users\ingov\PycharmProjects\ProjectR/Logs/2021-12-25_22-22-55 INFO Getting attribute: _QuestionClass__answers
22:22:57,873 C:\Users\ingov\PycharmProjects\ProjectR/Logs/2021-12-25_22-22-55 INFO Getting attribute: window
22:22:57,873 C:\Users\ingov\PycharmProjects\ProjectR/Logs/2021-12-25_22-22-55 INFO Getting attribute: question
22:22:57,873 C:\Users\ingov\PycharmProjects\ProjectR/Logs/2021-12-25_22-22-55 INFO Getting method: get_correct_answers
22:22:57,873 C:\Users\ingov\PycharmProjects\ProjectR/Logs/2021-12-25_22-22-55 INFO Getting method: get_question_type
22:22:57,873 C:\Users\ingov\PycharmProjects\ProjectR/Logs/2021-12-25_22-22-55 INFO Getting attribute: _QuestionClass__answers
22:22:57,873 C:\Users\ingov\PycharmProjects\ProjectR/Logs/2021-12-25_22-22-55 INFO Getting attribute: logger
22:22:57,873 C:\Users\ingov\PycharmProjects\ProjectR/Logs/2021-12-25_22-22-55 INFO This question is a single answer question: Text input: value 0
22:22:57,873 C:\Users\ingov\PycharmProjects\ProjectR/Logs/2021-12-25_22-22-55 INFO Getting attribute: logger
22:22:57,873 C:\Users\ingov\PycharmProjects\ProjectR/Logs/2021-12-25_22-22-55 INFO Getting attribute: _QuestionClass__answers
22:22:57,873 C:\Users\ingov\PycharmProjects\ProjectR/Logs/2021-12-25_22-22-55 INFO The correct answer is Good morning
22:22:57,873 C:\Users\ingov\PycharmProjects\ProjectR/Logs/2021-12-25_22-22-55 INFO Getting attribute: _QuestionClass__answers
22:22:57,874 C:\Users\ingov\PycharmProjects\ProjectR/Logs/2021-12-25_22-22-55 INFO Setting member: answer_label to value=.!label2
22:22:57,874 C:\Users\ingov\PycharmProjects\ProjectR/Logs/2021-12-25_22-22-55 INFO Getting attribute: answer_label
22:22:57,874 C:\Users\ingov\PycharmProjects\ProjectR/Logs/2021-12-25_22-22-55 INFO Getting attribute: window
22:22:57,874 C:\Users\ingov\PycharmProjects\ProjectR/Logs/2021-12-25_22-22-55 INFO Getting method: command_button_correct
22:22:57,875 C:\Users\ingov\PycharmProjects\ProjectR/Logs/2021-12-25_22-22-55 INFO Setting member: button_correct to value=.!frame.!button
22:22:57,875 C:\Users\ingov\PycharmProjects\ProjectR/Logs/2021-12-25_22-22-55 INFO Getting method: command_button_failed
22:22:57,875 C:\Users\ingov\PycharmProjects\ProjectR/Logs/2021-12-25_22-22-55 INFO Setting member: button_failed to value=.!frame.!button2
22:22:57,875 C:\Users\ingov\PycharmProjects\ProjectR/Logs/2021-12-25_22-22-55 INFO Getting attribute: button_correct
22:22:57,875 C:\Users\ingov\PycharmProjects\ProjectR/Logs/2021-12-25_22-22-55 INFO Getting attribute: button_failed
22:22:57,875 C:\Users\ingov\PycharmProjects\ProjectR/Logs/2021-12-25_22-22-55 INFO Getting attribute: window
22:23:01,310 C:\Users\ingov\PycharmProjects\ProjectR/Logs/2021-12-25_22-22-55 INFO Getting method: add_result
22:23:01,310 C:\Users\ingov\PycharmProjects\ProjectR/Logs/2021-12-25_22-22-55 INFO Getting attribute: question
22:23:01,310 C:\Users\ingov\PycharmProjects\ProjectR/Logs/2021-12-25_22-22-55 INFO Getting attribute: _QuestionClass__question
22:23:01,310 C:\Users\ingov\PycharmProjects\ProjectR/Logs/2021-12-25_22-22-55 INFO Getting attribute: question
22:23:01,311 C:\Users\ingov\PycharmProjects\ProjectR/Logs/2021-12-25_22-22-55 INFO Getting attribute: button_correct
22:23:01,311 C:\Users\ingov\PycharmProjects\ProjectR/Logs/2021-12-25_22-22-55 INFO Getting attribute: button_correct
22:23:01,311 C:\Users\ingov\PycharmProjects\ProjectR/Logs/2021-12-25_22-22-55 INFO Getting attribute: button_failed
22:23:01,311 C:\Users\ingov\PycharmProjects\ProjectR/Logs/2021-12-25_22-22-55 INFO Getting attribute: window
22:23:01,312 C:\Users\ingov\PycharmProjects\ProjectR/Logs/2021-12-25_22-22-55 INFO Getting attribute: window
22:23:01,312 C:\Users\ingov\PycharmProjects\ProjectR/Logs/2021-12-25_22-22-55 INFO Getting attribute: window
22:23:01,312 C:\Users\ingov\PycharmProjects\ProjectR/Logs/2021-12-25_22-22-55 INFO Getting attribute: window
22:23:06,402 C:\Users\ingov\PycharmProjects\ProjectR/Logs/2021-12-25_22-22-55 INFO Getting into __init__ for class: QuestionClass
22:23:06,402 C:\Users\ingov\PycharmProjects\ProjectR/Logs/2021-12-25_22-22-55 INFO Attributes in args: ('What of the following ones are Python basic types?', [('Fire', False), ('Bool', True), ('Normal', False), ('Basic', False)])
22:23:06,403 C:\Users\ingov\PycharmProjects\ProjectR/Logs/2021-12-25_22-22-55 INFO Attributes in kwargs: {}
22:23:06,403 C:\Users\ingov\PycharmProjects\ProjectR/Logs/2021-12-25_22-22-55 INFO Setting member: _QuestionClass__question to value=What of the following ones are Python basic types?
22:23:06,404 C:\Users\ingov\PycharmProjects\ProjectR/Logs/2021-12-25_22-22-55 INFO Setting member: _QuestionClass__answers to value=[('Fire', False), ('Bool', True), ('Normal', False), ('Basic', False)]
22:23:06,404 C:\Users\ingov\PycharmProjects\ProjectR/Logs/2021-12-25_22-22-55 INFO Getting into __init__ for class: QuestionOneAnswerMultiple
22:23:06,404 C:\Users\ingov\PycharmProjects\ProjectR/Logs/2021-12-25_22-22-55 INFO Attributes in args: ()
22:23:06,405 C:\Users\ingov\PycharmProjects\ProjectR/Logs/2021-12-25_22-22-55 INFO Attributes in kwargs: {'width': 600, 'height': 550, 'title': 'Question 4'}
22:23:06,568 C:\Users\ingov\PycharmProjects\ProjectR/Logs/2021-12-25_22-22-55 INFO Setting member: window to value=.
22:23:06,568 C:\Users\ingov\PycharmProjects\ProjectR/Logs/2021-12-25_22-22-55 INFO Getting attribute: window
22:23:06,568 C:\Users\ingov\PycharmProjects\ProjectR/Logs/2021-12-25_22-22-55 INFO Setting member: height to value=550
22:23:06,568 C:\Users\ingov\PycharmProjects\ProjectR/Logs/2021-12-25_22-22-55 INFO Setting member: width to value=600
22:23:06,568 C:\Users\ingov\PycharmProjects\ProjectR/Logs/2021-12-25_22-22-55 INFO Getting attribute: window
22:23:06,569 C:\Users\ingov\PycharmProjects\ProjectR/Logs/2021-12-25_22-22-55 INFO Getting attribute: window
22:23:06,569 C:\Users\ingov\PycharmProjects\ProjectR/Logs/2021-12-25_22-22-55 INFO Getting attribute: window
22:23:06,570 C:\Users\ingov\PycharmProjects\ProjectR/Logs/2021-12-25_22-22-55 INFO Setting member: menu to value=.!menu
22:23:06,570 C:\Users\ingov\PycharmProjects\ProjectR/Logs/2021-12-25_22-22-55 INFO Getting attribute: window
22:23:06,570 C:\Users\ingov\PycharmProjects\ProjectR/Logs/2021-12-25_22-22-55 INFO Getting attribute: menu
22:23:06,579 C:\Users\ingov\PycharmProjects\ProjectR/Logs/2021-12-25_22-22-55 INFO Getting attribute: menu
22:23:06,579 C:\Users\ingov\PycharmProjects\ProjectR/Logs/2021-12-25_22-22-55 INFO Getting method: go_back_to_main
22:23:06,580 C:\Users\ingov\PycharmProjects\ProjectR/Logs/2021-12-25_22-22-55 INFO Getting attribute: menu
22:23:06,580 C:\Users\ingov\PycharmProjects\ProjectR/Logs/2021-12-25_22-22-55 INFO Getting attribute: _QuestionClass__question
22:23:06,580 C:\Users\ingov\PycharmProjects\ProjectR/Logs/2021-12-25_22-22-55 INFO Getting attribute: question
22:23:06,580 C:\Users\ingov\PycharmProjects\ProjectR/Logs/2021-12-25_22-22-55 INFO Getting attribute: _QuestionClass__answers
22:23:06,580 C:\Users\ingov\PycharmProjects\ProjectR/Logs/2021-12-25_22-22-55 INFO Getting attribute: answers
22:23:06,580 C:\Users\ingov\PycharmProjects\ProjectR/Logs/2021-12-25_22-22-55 INFO Setting member: question to value=What of the following ones are Python basic types?: [('Fire', False), ('Bool', True), ('Normal', False), ('Basic', False)]
22:23:06,580 C:\Users\ingov\PycharmProjects\ProjectR/Logs/2021-12-25_22-22-55 INFO Getting attribute: window
22:23:06,581 C:\Users\ingov\PycharmProjects\ProjectR/Logs/2021-12-25_22-22-55 INFO Getting attribute: _QuestionClass__question
22:23:06,581 C:\Users\ingov\PycharmProjects\ProjectR/Logs/2021-12-25_22-22-55 INFO Getting attribute: question
22:23:06,582 C:\Users\ingov\PycharmProjects\ProjectR/Logs/2021-12-25_22-22-55 INFO Setting member: question_label to value=.!label
22:23:06,582 C:\Users\ingov\PycharmProjects\ProjectR/Logs/2021-12-25_22-22-55 INFO Getting attribute: question_label
22:23:06,582 C:\Users\ingov\PycharmProjects\ProjectR/Logs/2021-12-25_22-22-55 INFO Getting attribute: question_label
22:23:06,583 C:\Users\ingov\PycharmProjects\ProjectR/Logs/2021-12-25_22-22-55 INFO Setting member: radio_buttons to value=[]
22:23:06,583 C:\Users\ingov\PycharmProjects\ProjectR/Logs/2021-12-25_22-22-55 INFO Setting member: answer_group to value=PY_VAR0
22:23:06,583 C:\Users\ingov\PycharmProjects\ProjectR/Logs/2021-12-25_22-22-55 INFO Setting member: radio_button_font to value=('TkDefaultFont', 12)
22:23:06,583 C:\Users\ingov\PycharmProjects\ProjectR/Logs/2021-12-25_22-22-55 INFO Getting attribute: question
22:23:06,583 C:\Users\ingov\PycharmProjects\ProjectR/Logs/2021-12-25_22-22-55 INFO Getting attribute: _QuestionClass__answers
22:23:06,583 C:\Users\ingov\PycharmProjects\ProjectR/Logs/2021-12-25_22-22-55 INFO Getting attribute: answers
22:23:06,583 C:\Users\ingov\PycharmProjects\ProjectR/Logs/2021-12-25_22-22-55 INFO Getting attribute: window
22:23:06,584 C:\Users\ingov\PycharmProjects\ProjectR/Logs/2021-12-25_22-22-55 INFO Getting attribute: answer_group
22:23:06,584 C:\Users\ingov\PycharmProjects\ProjectR/Logs/2021-12-25_22-22-55 INFO Getting method: reveal_result
22:23:06,584 C:\Users\ingov\PycharmProjects\ProjectR/Logs/2021-12-25_22-22-55 INFO Getting attribute: radio_button_font
22:23:06,586 C:\Users\ingov\PycharmProjects\ProjectR/Logs/2021-12-25_22-22-55 INFO Getting attribute: radio_buttons
22:23:06,586 C:\Users\ingov\PycharmProjects\ProjectR/Logs/2021-12-25_22-22-55 INFO Getting attribute: window
22:23:06,586 C:\Users\ingov\PycharmProjects\ProjectR/Logs/2021-12-25_22-22-55 INFO Getting attribute: answer_group
22:23:06,586 C:\Users\ingov\PycharmProjects\ProjectR/Logs/2021-12-25_22-22-55 INFO Getting method: reveal_result
22:23:06,586 C:\Users\ingov\PycharmProjects\ProjectR/Logs/2021-12-25_22-22-55 INFO Getting attribute: radio_button_font
22:23:06,587 C:\Users\ingov\PycharmProjects\ProjectR/Logs/2021-12-25_22-22-55 INFO Getting attribute: radio_buttons
22:23:06,587 C:\Users\ingov\PycharmProjects\ProjectR/Logs/2021-12-25_22-22-55 INFO Getting attribute: window
22:23:06,587 C:\Users\ingov\PycharmProjects\ProjectR/Logs/2021-12-25_22-22-55 INFO Getting attribute: answer_group
22:23:06,588 C:\Users\ingov\PycharmProjects\ProjectR/Logs/2021-12-25_22-22-55 INFO Getting method: reveal_result
22:23:06,588 C:\Users\ingov\PycharmProjects\ProjectR/Logs/2021-12-25_22-22-55 INFO Getting attribute: radio_button_font
22:23:06,589 C:\Users\ingov\PycharmProjects\ProjectR/Logs/2021-12-25_22-22-55 INFO Getting attribute: radio_buttons
22:23:06,589 C:\Users\ingov\PycharmProjects\ProjectR/Logs/2021-12-25_22-22-55 INFO Getting attribute: window
22:23:06,589 C:\Users\ingov\PycharmProjects\ProjectR/Logs/2021-12-25_22-22-55 INFO Getting attribute: answer_group
22:23:06,589 C:\Users\ingov\PycharmProjects\ProjectR/Logs/2021-12-25_22-22-55 INFO Getting method: reveal_result
22:23:06,589 C:\Users\ingov\PycharmProjects\ProjectR/Logs/2021-12-25_22-22-55 INFO Getting attribute: radio_button_font
22:23:06,590 C:\Users\ingov\PycharmProjects\ProjectR/Logs/2021-12-25_22-22-55 INFO Getting attribute: radio_buttons
22:23:06,590 C:\Users\ingov\PycharmProjects\ProjectR/Logs/2021-12-25_22-22-55 INFO Getting attribute: window
