21:03:28,211 C:\Users\ingov\PycharmProjects\ProjectR/Logs/2021-12-20_21-03-28 INFO Log has been created and started
21:03:28,211 C:\Users\ingov\PycharmProjects\ProjectR/Logs/2021-12-20_21-03-28 INFO Metaclass MetaAbsLogger: Starting class MetaLogger
21:03:28,211 C:\Users\ingov\PycharmProjects\ProjectR/Logs/2021-12-20_21-03-28 INFO Metaclass MetaLogger: Starting class QuestionClass
21:03:28,221 C:\Users\ingov\PycharmProjects\ProjectR/Logs/2021-12-20_21-03-28 INFO Metaclass MetaLogger: Starting class QuestionnaireClass
21:03:28,241 C:\Users\ingov\PycharmProjects\ProjectR/Logs/2021-12-20_21-03-28 INFO Metaclass MetaAbsLogger: Starting class SimpleWindow
21:03:28,256 C:\Users\ingov\PycharmProjects\ProjectR/Logs/2021-12-20_21-03-28 INFO C:\Users\ingov\PycharmProjects\ProjectR/Config/config.cfg, exists so we will read it
21:03:28,261 C:\Users\ingov\PycharmProjects\ProjectR/Logs/2021-12-20_21-03-28 INFO Seconds to answer a question: 10
21:03:28,261 C:\Users\ingov\PycharmProjects\ProjectR/Logs/2021-12-20_21-03-28 INFO Seconds between questions: 30
21:03:28,261 C:\Users\ingov\PycharmProjects\ProjectR/Logs/2021-12-20_21-03-28 INFO C:\Users\ingov\PycharmProjects\ProjectR/Config/config.cfg is closed now
21:03:28,261 C:\Users\ingov\PycharmProjects\ProjectR/Logs/2021-12-20_21-03-28 INFO Metaclass MetaLogger: Starting class ConfigClass
21:03:28,261 C:\Users\ingov\PycharmProjects\ProjectR/Logs/2021-12-20_21-03-28 INFO Metaclass MetaAbsLogger: Starting class QuestionAbs
21:03:28,261 C:\Users\ingov\PycharmProjects\ProjectR/Logs/2021-12-20_21-03-28 INFO Loading a questionnaire from file: C:\Users\ingov\PycharmProjects\ProjectR/Data/Questionnaires/QuestionnaireExample2.pickle
21:03:28,261 C:\Users\ingov\PycharmProjects\ProjectR/Logs/2021-12-20_21-03-28 INFO Getting attribute: __dict__
21:03:28,261 C:\Users\ingov\PycharmProjects\ProjectR/Logs/2021-12-20_21-03-28 INFO Getting attribute: __dict__
21:03:28,261 C:\Users\ingov\PycharmProjects\ProjectR/Logs/2021-12-20_21-03-28 INFO Getting attribute: __dict__
21:03:28,261 C:\Users\ingov\PycharmProjects\ProjectR/Logs/2021-12-20_21-03-28 INFO Calling get_secs_to_answer
21:03:28,261 C:\Users\ingov\PycharmProjects\ProjectR/Logs/2021-12-20_21-03-28 INFO Getting secs to answer a questions: 10
21:03:28,261 C:\Users\ingov\PycharmProjects\ProjectR/Logs/2021-12-20_21-03-28 INFO Getting into __init__ for class: QuestionAbs
21:03:28,261 C:\Users\ingov\PycharmProjects\ProjectR/Logs/2021-12-20_21-03-28 INFO Attributes in args: (200, 300, 'Hello')
21:03:28,261 C:\Users\ingov\PycharmProjects\ProjectR/Logs/2021-12-20_21-03-28 INFO Attributes in kwargs: {}
21:03:28,331 C:\Users\ingov\PycharmProjects\ProjectR/Logs/2021-12-20_21-03-28 INFO Setting member: window to value=.
21:03:28,331 C:\Users\ingov\PycharmProjects\ProjectR/Logs/2021-12-20_21-03-28 INFO Getting attribute: window
21:03:28,331 C:\Users\ingov\PycharmProjects\ProjectR/Logs/2021-12-20_21-03-28 INFO Setting member: height to value=200
21:03:28,331 C:\Users\ingov\PycharmProjects\ProjectR/Logs/2021-12-20_21-03-28 INFO Setting member: width to value=300
21:03:28,331 C:\Users\ingov\PycharmProjects\ProjectR/Logs/2021-12-20_21-03-28 INFO Getting attribute: window
21:03:28,331 C:\Users\ingov\PycharmProjects\ProjectR/Logs/2021-12-20_21-03-28 INFO Getting attribute: window
21:03:28,331 C:\Users\ingov\PycharmProjects\ProjectR/Logs/2021-12-20_21-03-28 INFO Getting attribute: window
21:03:38,341 C:\Users\ingov\PycharmProjects\ProjectR/Logs/2021-12-20_21-03-28 INFO Getting attribute: window
21:03:38,341 C:\Users\ingov\PycharmProjects\ProjectR/Logs/2021-12-20_21-03-28 INFO Calling get_secs_between_questions
21:03:38,341 C:\Users\ingov\PycharmProjects\ProjectR/Logs/2021-12-20_21-03-28 INFO Getting secs between questions: 10
21:04:08,351 C:\Users\ingov\PycharmProjects\ProjectR/Logs/2021-12-20_21-03-28 INFO Getting into __init__ for class: QuestionAbs
21:04:08,351 C:\Users\ingov\PycharmProjects\ProjectR/Logs/2021-12-20_21-03-28 INFO Attributes in args: (200, 300, 'Hello')
21:04:08,351 C:\Users\ingov\PycharmProjects\ProjectR/Logs/2021-12-20_21-03-28 INFO Attributes in kwargs: {}
21:04:08,415 C:\Users\ingov\PycharmProjects\ProjectR/Logs/2021-12-20_21-03-28 INFO Setting member: window to value=.
21:04:08,415 C:\Users\ingov\PycharmProjects\ProjectR/Logs/2021-12-20_21-03-28 INFO Getting attribute: window
21:04:08,415 C:\Users\ingov\PycharmProjects\ProjectR/Logs/2021-12-20_21-03-28 INFO Setting member: height to value=200
21:04:08,415 C:\Users\ingov\PycharmProjects\ProjectR/Logs/2021-12-20_21-03-28 INFO Setting member: width to value=300
21:04:08,415 C:\Users\ingov\PycharmProjects\ProjectR/Logs/2021-12-20_21-03-28 INFO Getting attribute: window
21:04:08,421 C:\Users\ingov\PycharmProjects\ProjectR/Logs/2021-12-20_21-03-28 INFO Getting attribute: window
21:04:08,421 C:\Users\ingov\PycharmProjects\ProjectR/Logs/2021-12-20_21-03-28 INFO Getting attribute: window
21:04:18,441 C:\Users\ingov\PycharmProjects\ProjectR/Logs/2021-12-20_21-03-28 INFO Getting attribute: window
21:04:18,451 C:\Users\ingov\PycharmProjects\ProjectR/Logs/2021-12-20_21-03-28 INFO Calling get_secs_between_questions
21:04:18,451 C:\Users\ingov\PycharmProjects\ProjectR/Logs/2021-12-20_21-03-28 INFO Getting secs between questions: 10
21:04:48,461 C:\Users\ingov\PycharmProjects\ProjectR/Logs/2021-12-20_21-03-28 INFO Getting into __init__ for class: QuestionAbs
21:04:48,461 C:\Users\ingov\PycharmProjects\ProjectR/Logs/2021-12-20_21-03-28 INFO Attributes in args: (200, 300, 'Hello')
21:04:48,461 C:\Users\ingov\PycharmProjects\ProjectR/Logs/2021-12-20_21-03-28 INFO Attributes in kwargs: {}
21:04:48,525 C:\Users\ingov\PycharmProjects\ProjectR/Logs/2021-12-20_21-03-28 INFO Setting member: window to value=.
21:04:48,525 C:\Users\ingov\PycharmProjects\ProjectR/Logs/2021-12-20_21-03-28 INFO Getting attribute: window
21:04:48,525 C:\Users\ingov\PycharmProjects\ProjectR/Logs/2021-12-20_21-03-28 INFO Setting member: height to value=200
21:04:48,525 C:\Users\ingov\PycharmProjects\ProjectR/Logs/2021-12-20_21-03-28 INFO Setting member: width to value=300
21:04:48,525 C:\Users\ingov\PycharmProjects\ProjectR/Logs/2021-12-20_21-03-28 INFO Getting attribute: window
21:04:48,525 C:\Users\ingov\PycharmProjects\ProjectR/Logs/2021-12-20_21-03-28 INFO Getting attribute: window
21:04:48,525 C:\Users\ingov\PycharmProjects\ProjectR/Logs/2021-12-20_21-03-28 INFO Getting attribute: window
21:04:48,525 C:\Users\ingov\PycharmProjects\ProjectR/Logs/2021-12-20_21-03-28 INFO Getting attribute: window
