20:58:54,685 C:\Users\ingov\PycharmProjects\ProjectR/Logs/2021-12-25_20-58-54 INFO Log has been created and started
20:58:54,695 C:\Users\ingov\PycharmProjects\ProjectR/Logs/2021-12-25_20-58-54 INFO Metaclass MetaAbsLogger: Starting class MetaLogger
20:58:54,695 C:\Users\ingov\PycharmProjects\ProjectR/Logs/2021-12-25_20-58-54 INFO Metaclass MetaLogger: Starting class QuestionClass
20:58:54,725 C:\Users\ingov\PycharmProjects\ProjectR/Logs/2021-12-25_20-58-54 INFO Metaclass MetaLogger: Starting class QuestionnaireClass
20:58:54,735 C:\Users\ingov\PycharmProjects\ProjectR/Logs/2021-12-25_20-58-54 INFO Metaclass MetaAbsLogger: Starting class CurrentSession
20:58:54,786 C:\Users\ingov\PycharmProjects\ProjectR/Logs/2021-12-25_20-58-54 INFO Metaclass MetaAbsLogger: Starting class SimpleWindow
20:58:54,835 C:\Users\ingov\PycharmProjects\ProjectR/Logs/2021-12-25_20-58-54 INFO C:\Users\ingov\PycharmProjects\ProjectR/Config/config.cfg, exists so we will read it
20:58:54,835 C:\Users\ingov\PycharmProjects\ProjectR/Logs/2021-12-25_20-58-54 INFO Seconds to answer a question: 10
20:58:54,835 C:\Users\ingov\PycharmProjects\ProjectR/Logs/2021-12-25_20-58-54 INFO Seconds between questions: 30
20:58:54,835 C:\Users\ingov\PycharmProjects\ProjectR/Logs/2021-12-25_20-58-54 INFO C:\Users\ingov\PycharmProjects\ProjectR/Config/config.cfg is closed now
20:58:54,835 C:\Users\ingov\PycharmProjects\ProjectR/Logs/2021-12-25_20-58-54 INFO Metaclass MetaLogger: Starting class ConfigClass
20:58:54,835 C:\Users\ingov\PycharmProjects\ProjectR/Logs/2021-12-25_20-58-54 INFO Metaclass MetaAbsLogger: Starting class QuestionWindowAbs
20:58:54,835 C:\Users\ingov\PycharmProjects\ProjectR/Logs/2021-12-25_20-58-54 INFO Metaclass MetaAbsLogger: Starting class QuestionOneAnswer
20:58:54,835 C:\Users\ingov\PycharmProjects\ProjectR/Logs/2021-12-25_20-58-54 INFO Metaclass MetaAbsLogger: Starting class QuestionOneAnswerMultiple
20:58:54,835 C:\Users\ingov\PycharmProjects\ProjectR/Logs/2021-12-25_20-58-54 INFO Metaclass MetaAbsLogger: Starting class QuestionTwoAnswersMultiple
20:58:54,835 C:\Users\ingov\PycharmProjects\ProjectR/Logs/2021-12-25_20-58-54 INFO Getting into __init__ for class: QuestionClass
20:58:54,835 C:\Users\ingov\PycharmProjects\ProjectR/Logs/2021-12-25_20-58-54 INFO Attributes in args: ('What do you say to a person in the morning?', 'Good morning')
20:58:54,835 C:\Users\ingov\PycharmProjects\ProjectR/Logs/2021-12-25_20-58-54 INFO Attributes in kwargs: {}
20:58:54,835 C:\Users\ingov\PycharmProjects\ProjectR/Logs/2021-12-25_20-58-54 INFO Setting member: _QuestionClass__question to value=What do you say to a person in the morning?
20:58:54,835 C:\Users\ingov\PycharmProjects\ProjectR/Logs/2021-12-25_20-58-54 INFO Setting member: _QuestionClass__answers to value=Good morning
20:58:54,835 C:\Users\ingov\PycharmProjects\ProjectR/Logs/2021-12-25_20-58-54 INFO Getting into __init__ for class: QuestionOneAnswer
20:58:54,835 C:\Users\ingov\PycharmProjects\ProjectR/Logs/2021-12-25_20-58-54 INFO Attributes in args: ()
20:58:54,845 C:\Users\ingov\PycharmProjects\ProjectR/Logs/2021-12-25_20-58-54 INFO Attributes in kwargs: {'width': 600, 'height': 450, 'title': 'Question 3'}
20:58:55,95 C:\Users\ingov\PycharmProjects\ProjectR/Logs/2021-12-25_20-58-54 INFO Setting member: window to value=.
20:58:55,95 C:\Users\ingov\PycharmProjects\ProjectR/Logs/2021-12-25_20-58-54 INFO Getting attribute: window
20:58:55,110 C:\Users\ingov\PycharmProjects\ProjectR/Logs/2021-12-25_20-58-54 INFO Setting member: height to value=450
20:58:55,110 C:\Users\ingov\PycharmProjects\ProjectR/Logs/2021-12-25_20-58-54 INFO Setting member: width to value=600
20:58:55,130 C:\Users\ingov\PycharmProjects\ProjectR/Logs/2021-12-25_20-58-54 INFO Getting attribute: window
20:58:55,130 C:\Users\ingov\PycharmProjects\ProjectR/Logs/2021-12-25_20-58-54 INFO Getting attribute: window
20:58:55,130 C:\Users\ingov\PycharmProjects\ProjectR/Logs/2021-12-25_20-58-54 INFO Getting attribute: window
20:58:55,160 C:\Users\ingov\PycharmProjects\ProjectR/Logs/2021-12-25_20-58-54 INFO Setting member: menu to value=.!menu
20:58:55,160 C:\Users\ingov\PycharmProjects\ProjectR/Logs/2021-12-25_20-58-54 INFO Getting attribute: window
20:58:55,160 C:\Users\ingov\PycharmProjects\ProjectR/Logs/2021-12-25_20-58-54 INFO Getting attribute: menu
20:58:55,195 C:\Users\ingov\PycharmProjects\ProjectR/Logs/2021-12-25_20-58-54 INFO Getting attribute: menu
20:58:55,195 C:\Users\ingov\PycharmProjects\ProjectR/Logs/2021-12-25_20-58-54 INFO Getting method: go_back_to_main
20:58:55,195 C:\Users\ingov\PycharmProjects\ProjectR/Logs/2021-12-25_20-58-54 INFO Getting attribute: menu
20:58:55,195 C:\Users\ingov\PycharmProjects\ProjectR/Logs/2021-12-25_20-58-54 INFO Getting attribute: _QuestionClass__question
20:58:55,195 C:\Users\ingov\PycharmProjects\ProjectR/Logs/2021-12-25_20-58-54 INFO Getting attribute: question
20:58:55,195 C:\Users\ingov\PycharmProjects\ProjectR/Logs/2021-12-25_20-58-54 INFO Getting attribute: _QuestionClass__answers
20:58:55,195 C:\Users\ingov\PycharmProjects\ProjectR/Logs/2021-12-25_20-58-54 INFO Getting attribute: answers
20:58:55,195 C:\Users\ingov\PycharmProjects\ProjectR/Logs/2021-12-25_20-58-54 INFO Setting member: question to value=What do you say to a person in the morning?: Good morning
20:58:55,195 C:\Users\ingov\PycharmProjects\ProjectR/Logs/2021-12-25_20-58-54 INFO Getting attribute: window
20:58:55,195 C:\Users\ingov\PycharmProjects\ProjectR/Logs/2021-12-25_20-58-54 INFO Getting attribute: _QuestionClass__question
20:58:55,195 C:\Users\ingov\PycharmProjects\ProjectR/Logs/2021-12-25_20-58-54 INFO Getting attribute: question
20:58:55,205 C:\Users\ingov\PycharmProjects\ProjectR/Logs/2021-12-25_20-58-54 INFO Setting member: question_label to value=.!label
20:58:55,205 C:\Users\ingov\PycharmProjects\ProjectR/Logs/2021-12-25_20-58-54 INFO Getting attribute: question_label
20:58:55,205 C:\Users\ingov\PycharmProjects\ProjectR/Logs/2021-12-25_20-58-54 INFO Getting attribute: question_label
20:58:55,205 C:\Users\ingov\PycharmProjects\ProjectR/Logs/2021-12-25_20-58-54 INFO Getting attribute: window
20:58:55,205 C:\Users\ingov\PycharmProjects\ProjectR/Logs/2021-12-25_20-58-54 INFO Getting method: reveal_answer
20:58:55,205 C:\Users\ingov\PycharmProjects\ProjectR/Logs/2021-12-25_20-58-54 INFO Setting member: button_answer to value=.!button
20:58:55,205 C:\Users\ingov\PycharmProjects\ProjectR/Logs/2021-12-25_20-58-54 INFO Getting attribute: button_answer
20:58:55,216 C:\Users\ingov\PycharmProjects\ProjectR/Logs/2021-12-25_20-58-54 INFO Setting member: answer_label to value=None
20:58:55,216 C:\Users\ingov\PycharmProjects\ProjectR/Logs/2021-12-25_20-58-54 INFO Getting attribute: window
20:58:56,495 C:\Users\ingov\PycharmProjects\ProjectR/Logs/2021-12-25_20-58-54 INFO Getting into __init__ for class: QuestionClass
20:58:56,495 C:\Users\ingov\PycharmProjects\ProjectR/Logs/2021-12-25_20-58-54 INFO Attributes in args: ('What of the following ones are Python basic types?', [('Fire', False), ('Bool', True), ('Normal', False), ('Basic', False)])
20:58:56,495 C:\Users\ingov\PycharmProjects\ProjectR/Logs/2021-12-25_20-58-54 INFO Attributes in kwargs: {}
20:58:56,495 C:\Users\ingov\PycharmProjects\ProjectR/Logs/2021-12-25_20-58-54 INFO Setting member: _QuestionClass__question to value=What of the following ones are Python basic types?
20:58:56,495 C:\Users\ingov\PycharmProjects\ProjectR/Logs/2021-12-25_20-58-54 INFO Setting member: _QuestionClass__answers to value=[('Fire', False), ('Bool', True), ('Normal', False), ('Basic', False)]
20:58:56,495 C:\Users\ingov\PycharmProjects\ProjectR/Logs/2021-12-25_20-58-54 INFO Getting into __init__ for class: QuestionOneAnswerMultiple
20:58:56,495 C:\Users\ingov\PycharmProjects\ProjectR/Logs/2021-12-25_20-58-54 INFO Attributes in args: ()
20:58:56,495 C:\Users\ingov\PycharmProjects\ProjectR/Logs/2021-12-25_20-58-54 INFO Attributes in kwargs: {'width': 600, 'height': 550, 'title': 'Question 4'}
20:58:56,570 C:\Users\ingov\PycharmProjects\ProjectR/Logs/2021-12-25_20-58-54 INFO Setting member: window to value=.
20:58:56,570 C:\Users\ingov\PycharmProjects\ProjectR/Logs/2021-12-25_20-58-54 INFO Getting attribute: window
20:58:56,570 C:\Users\ingov\PycharmProjects\ProjectR/Logs/2021-12-25_20-58-54 INFO Setting member: height to value=550
20:58:56,570 C:\Users\ingov\PycharmProjects\ProjectR/Logs/2021-12-25_20-58-54 INFO Setting member: width to value=600
20:58:56,570 C:\Users\ingov\PycharmProjects\ProjectR/Logs/2021-12-25_20-58-54 INFO Getting attribute: window
20:58:56,570 C:\Users\ingov\PycharmProjects\ProjectR/Logs/2021-12-25_20-58-54 INFO Getting attribute: window
20:58:56,570 C:\Users\ingov\PycharmProjects\ProjectR/Logs/2021-12-25_20-58-54 INFO Getting attribute: window
20:58:56,570 C:\Users\ingov\PycharmProjects\ProjectR/Logs/2021-12-25_20-58-54 INFO Setting member: menu to value=.!menu
20:58:56,570 C:\Users\ingov\PycharmProjects\ProjectR/Logs/2021-12-25_20-58-54 INFO Getting attribute: window
20:58:56,570 C:\Users\ingov\PycharmProjects\ProjectR/Logs/2021-12-25_20-58-54 INFO Getting attribute: menu
20:58:56,580 C:\Users\ingov\PycharmProjects\ProjectR/Logs/2021-12-25_20-58-54 INFO Getting attribute: menu
20:58:56,580 C:\Users\ingov\PycharmProjects\ProjectR/Logs/2021-12-25_20-58-54 INFO Getting method: go_back_to_main
20:58:56,580 C:\Users\ingov\PycharmProjects\ProjectR/Logs/2021-12-25_20-58-54 INFO Getting attribute: menu
20:58:56,580 C:\Users\ingov\PycharmProjects\ProjectR/Logs/2021-12-25_20-58-54 INFO Getting attribute: _QuestionClass__question
20:58:56,580 C:\Users\ingov\PycharmProjects\ProjectR/Logs/2021-12-25_20-58-54 INFO Getting attribute: question
20:58:56,580 C:\Users\ingov\PycharmProjects\ProjectR/Logs/2021-12-25_20-58-54 INFO Getting attribute: _QuestionClass__answers
20:58:56,580 C:\Users\ingov\PycharmProjects\ProjectR/Logs/2021-12-25_20-58-54 INFO Getting attribute: answers
20:58:56,580 C:\Users\ingov\PycharmProjects\ProjectR/Logs/2021-12-25_20-58-54 INFO Setting member: question to value=What of the following ones are Python basic types?: [('Fire', False), ('Bool', True), ('Normal', False), ('Basic', False)]
20:58:56,580 C:\Users\ingov\PycharmProjects\ProjectR/Logs/2021-12-25_20-58-54 INFO Getting attribute: window
20:58:56,580 C:\Users\ingov\PycharmProjects\ProjectR/Logs/2021-12-25_20-58-54 INFO Getting attribute: _QuestionClass__question
20:58:56,580 C:\Users\ingov\PycharmProjects\ProjectR/Logs/2021-12-25_20-58-54 INFO Getting attribute: question
20:58:56,580 C:\Users\ingov\PycharmProjects\ProjectR/Logs/2021-12-25_20-58-54 INFO Setting member: question_label to value=.!label
20:58:56,580 C:\Users\ingov\PycharmProjects\ProjectR/Logs/2021-12-25_20-58-54 INFO Getting attribute: question_label
20:58:56,580 C:\Users\ingov\PycharmProjects\ProjectR/Logs/2021-12-25_20-58-54 INFO Getting attribute: question_label
20:58:56,580 C:\Users\ingov\PycharmProjects\ProjectR/Logs/2021-12-25_20-58-54 INFO Setting member: radio_buttons to value=[]
20:58:56,580 C:\Users\ingov\PycharmProjects\ProjectR/Logs/2021-12-25_20-58-54 INFO Setting member: answer_group to value=PY_VAR0
20:58:56,580 C:\Users\ingov\PycharmProjects\ProjectR/Logs/2021-12-25_20-58-54 INFO Setting member: radio_button_font to value=('TkDefaultFont', 12)
20:58:56,580 C:\Users\ingov\PycharmProjects\ProjectR/Logs/2021-12-25_20-58-54 INFO Getting attribute: question
20:58:56,580 C:\Users\ingov\PycharmProjects\ProjectR/Logs/2021-12-25_20-58-54 INFO Getting attribute: _QuestionClass__answers
20:58:56,580 C:\Users\ingov\PycharmProjects\ProjectR/Logs/2021-12-25_20-58-54 INFO Getting attribute: answers
20:58:56,580 C:\Users\ingov\PycharmProjects\ProjectR/Logs/2021-12-25_20-58-54 INFO Getting attribute: window
20:58:56,580 C:\Users\ingov\PycharmProjects\ProjectR/Logs/2021-12-25_20-58-54 INFO Getting attribute: answer_group
20:58:56,580 C:\Users\ingov\PycharmProjects\ProjectR/Logs/2021-12-25_20-58-54 INFO Getting method: reveal_result
20:58:56,580 C:\Users\ingov\PycharmProjects\ProjectR/Logs/2021-12-25_20-58-54 INFO Getting attribute: radio_button_font
20:58:56,580 C:\Users\ingov\PycharmProjects\ProjectR/Logs/2021-12-25_20-58-54 INFO Getting attribute: radio_buttons
20:58:56,580 C:\Users\ingov\PycharmProjects\ProjectR/Logs/2021-12-25_20-58-54 INFO Getting attribute: window
20:58:56,580 C:\Users\ingov\PycharmProjects\ProjectR/Logs/2021-12-25_20-58-54 INFO Getting attribute: answer_group
20:58:56,580 C:\Users\ingov\PycharmProjects\ProjectR/Logs/2021-12-25_20-58-54 INFO Getting method: reveal_result
20:58:56,580 C:\Users\ingov\PycharmProjects\ProjectR/Logs/2021-12-25_20-58-54 INFO Getting attribute: radio_button_font
20:58:56,580 C:\Users\ingov\PycharmProjects\ProjectR/Logs/2021-12-25_20-58-54 INFO Getting attribute: radio_buttons
20:58:56,580 C:\Users\ingov\PycharmProjects\ProjectR/Logs/2021-12-25_20-58-54 INFO Getting attribute: window
20:58:56,580 C:\Users\ingov\PycharmProjects\ProjectR/Logs/2021-12-25_20-58-54 INFO Getting attribute: answer_group
20:58:56,580 C:\Users\ingov\PycharmProjects\ProjectR/Logs/2021-12-25_20-58-54 INFO Getting method: reveal_result
20:58:56,580 C:\Users\ingov\PycharmProjects\ProjectR/Logs/2021-12-25_20-58-54 INFO Getting attribute: radio_button_font
20:58:56,580 C:\Users\ingov\PycharmProjects\ProjectR/Logs/2021-12-25_20-58-54 INFO Getting attribute: radio_buttons
20:58:56,580 C:\Users\ingov\PycharmProjects\ProjectR/Logs/2021-12-25_20-58-54 INFO Getting attribute: window
20:58:56,580 C:\Users\ingov\PycharmProjects\ProjectR/Logs/2021-12-25_20-58-54 INFO Getting attribute: answer_group
20:58:56,580 C:\Users\ingov\PycharmProjects\ProjectR/Logs/2021-12-25_20-58-54 INFO Getting method: reveal_result
20:58:56,580 C:\Users\ingov\PycharmProjects\ProjectR/Logs/2021-12-25_20-58-54 INFO Getting attribute: radio_button_font
20:58:56,585 C:\Users\ingov\PycharmProjects\ProjectR/Logs/2021-12-25_20-58-54 INFO Getting attribute: radio_buttons
20:58:56,585 C:\Users\ingov\PycharmProjects\ProjectR/Logs/2021-12-25_20-58-54 INFO Getting attribute: window
20:58:58,905 C:\Users\ingov\PycharmProjects\ProjectR/Logs/2021-12-25_20-58-54 INFO Getting into __init__ for class: QuestionClass
20:58:58,905 C:\Users\ingov\PycharmProjects\ProjectR/Logs/2021-12-25_20-58-54 INFO Attributes in args: ('Which of the following countries belong to the European Union', [('Serbia', False), ('Latvia', True), ('Norway', False), ('Malta', True)])
20:58:58,905 C:\Users\ingov\PycharmProjects\ProjectR/Logs/2021-12-25_20-58-54 INFO Attributes in kwargs: {}
20:58:58,905 C:\Users\ingov\PycharmProjects\ProjectR/Logs/2021-12-25_20-58-54 INFO Setting member: _QuestionClass__question to value=Which of the following countries belong to the European Union
20:58:58,905 C:\Users\ingov\PycharmProjects\ProjectR/Logs/2021-12-25_20-58-54 INFO Setting member: _QuestionClass__answers to value=[('Serbia', False), ('Latvia', True), ('Norway', False), ('Malta', True)]
20:58:58,905 C:\Users\ingov\PycharmProjects\ProjectR/Logs/2021-12-25_20-58-54 INFO Getting into __init__ for class: QuestionTwoAnswersMultiple
20:58:58,905 C:\Users\ingov\PycharmProjects\ProjectR/Logs/2021-12-25_20-58-54 INFO Attributes in args: ()
20:58:58,905 C:\Users\ingov\PycharmProjects\ProjectR/Logs/2021-12-25_20-58-54 INFO Attributes in kwargs: {'width': 600, 'height': 450, 'title': 'Question 5'}
20:58:59,65 C:\Users\ingov\PycharmProjects\ProjectR/Logs/2021-12-25_20-58-54 INFO Setting member: window to value=.
20:58:59,65 C:\Users\ingov\PycharmProjects\ProjectR/Logs/2021-12-25_20-58-54 INFO Getting attribute: window
20:58:59,65 C:\Users\ingov\PycharmProjects\ProjectR/Logs/2021-12-25_20-58-54 INFO Setting member: height to value=450
20:58:59,65 C:\Users\ingov\PycharmProjects\ProjectR/Logs/2021-12-25_20-58-54 INFO Setting member: width to value=600
20:58:59,65 C:\Users\ingov\PycharmProjects\ProjectR/Logs/2021-12-25_20-58-54 INFO Getting attribute: window
20:58:59,65 C:\Users\ingov\PycharmProjects\ProjectR/Logs/2021-12-25_20-58-54 INFO Getting attribute: window
20:58:59,65 C:\Users\ingov\PycharmProjects\ProjectR/Logs/2021-12-25_20-58-54 INFO Getting attribute: window
20:58:59,65 C:\Users\ingov\PycharmProjects\ProjectR/Logs/2021-12-25_20-58-54 INFO Setting member: menu to value=.!menu
20:58:59,65 C:\Users\ingov\PycharmProjects\ProjectR/Logs/2021-12-25_20-58-54 INFO Getting attribute: window
20:58:59,65 C:\Users\ingov\PycharmProjects\ProjectR/Logs/2021-12-25_20-58-54 INFO Getting attribute: menu
20:58:59,79 C:\Users\ingov\PycharmProjects\ProjectR/Logs/2021-12-25_20-58-54 INFO Getting attribute: menu
20:58:59,79 C:\Users\ingov\PycharmProjects\ProjectR/Logs/2021-12-25_20-58-54 INFO Getting method: go_back_to_main
20:58:59,79 C:\Users\ingov\PycharmProjects\ProjectR/Logs/2021-12-25_20-58-54 INFO Getting attribute: menu
20:58:59,79 C:\Users\ingov\PycharmProjects\ProjectR/Logs/2021-12-25_20-58-54 INFO Getting attribute: _QuestionClass__question
20:58:59,79 C:\Users\ingov\PycharmProjects\ProjectR/Logs/2021-12-25_20-58-54 INFO Getting attribute: question
20:58:59,79 C:\Users\ingov\PycharmProjects\ProjectR/Logs/2021-12-25_20-58-54 INFO Getting attribute: _QuestionClass__answers
20:58:59,79 C:\Users\ingov\PycharmProjects\ProjectR/Logs/2021-12-25_20-58-54 INFO Getting attribute: answers
20:58:59,79 C:\Users\ingov\PycharmProjects\ProjectR/Logs/2021-12-25_20-58-54 INFO Setting member: question to value=Which of the following countries belong to the European Union: [('Serbia', False), ('Latvia', True), ('Norway', False), ('Malta', True)]
20:58:59,79 C:\Users\ingov\PycharmProjects\ProjectR/Logs/2021-12-25_20-58-54 INFO Getting attribute: window
20:58:59,79 C:\Users\ingov\PycharmProjects\ProjectR/Logs/2021-12-25_20-58-54 INFO Getting attribute: _QuestionClass__question
20:58:59,79 C:\Users\ingov\PycharmProjects\ProjectR/Logs/2021-12-25_20-58-54 INFO Getting attribute: question
20:58:59,79 C:\Users\ingov\PycharmProjects\ProjectR/Logs/2021-12-25_20-58-54 INFO Setting member: question_label to value=.!label
20:58:59,79 C:\Users\ingov\PycharmProjects\ProjectR/Logs/2021-12-25_20-58-54 INFO Getting attribute: question_label
20:58:59,79 C:\Users\ingov\PycharmProjects\ProjectR/Logs/2021-12-25_20-58-54 INFO Getting attribute: question_label
20:58:59,79 C:\Users\ingov\PycharmProjects\ProjectR/Logs/2021-12-25_20-58-54 INFO Setting member: check_boxes to value=[]
20:58:59,79 C:\Users\ingov\PycharmProjects\ProjectR/Logs/2021-12-25_20-58-54 INFO Setting member: answer_group to value=PY_VAR1
20:58:59,79 C:\Users\ingov\PycharmProjects\ProjectR/Logs/2021-12-25_20-58-54 INFO Setting member: radio_button_font to value=('TkDefaultFont', 12)
20:58:59,79 C:\Users\ingov\PycharmProjects\ProjectR/Logs/2021-12-25_20-58-54 INFO Getting attribute: question
20:58:59,79 C:\Users\ingov\PycharmProjects\ProjectR/Logs/2021-12-25_20-58-54 INFO Getting attribute: _QuestionClass__answers
20:58:59,79 C:\Users\ingov\PycharmProjects\ProjectR/Logs/2021-12-25_20-58-54 INFO Getting attribute: answers
20:58:59,79 C:\Users\ingov\PycharmProjects\ProjectR/Logs/2021-12-25_20-58-54 INFO Getting attribute: window
20:58:59,79 C:\Users\ingov\PycharmProjects\ProjectR/Logs/2021-12-25_20-58-54 INFO Getting attribute: check_boxes
20:58:59,79 C:\Users\ingov\PycharmProjects\ProjectR/Logs/2021-12-25_20-58-54 INFO Getting attribute: window
20:58:59,85 C:\Users\ingov\PycharmProjects\ProjectR/Logs/2021-12-25_20-58-54 INFO Getting attribute: check_boxes
20:58:59,85 C:\Users\ingov\PycharmProjects\ProjectR/Logs/2021-12-25_20-58-54 INFO Getting attribute: window
20:58:59,85 C:\Users\ingov\PycharmProjects\ProjectR/Logs/2021-12-25_20-58-54 INFO Getting attribute: check_boxes
20:58:59,85 C:\Users\ingov\PycharmProjects\ProjectR/Logs/2021-12-25_20-58-54 INFO Getting attribute: window
20:58:59,85 C:\Users\ingov\PycharmProjects\ProjectR/Logs/2021-12-25_20-58-54 INFO Getting attribute: check_boxes
20:58:59,85 C:\Users\ingov\PycharmProjects\ProjectR/Logs/2021-12-25_20-58-54 INFO Getting attribute: window
