20:43:27,702 C:\Users\ingov\PycharmProjects\ProjectR/Logs/2021-12-24_20-43-27 INFO Log has been created and started
20:43:27,702 C:\Users\ingov\PycharmProjects\ProjectR/Logs/2021-12-24_20-43-27 INFO Metaclass MetaAbsLogger: Starting class MetaLogger
20:43:27,707 C:\Users\ingov\PycharmProjects\ProjectR/Logs/2021-12-24_20-43-27 INFO Metaclass MetaLogger: Starting class QuestionClass
20:43:27,717 C:\Users\ingov\PycharmProjects\ProjectR/Logs/2021-12-24_20-43-27 INFO Metaclass MetaLogger: Starting class QuestionnaireClass
20:43:27,729 C:\Users\ingov\PycharmProjects\ProjectR/Logs/2021-12-24_20-43-27 INFO Metaclass MetaAbsLogger: Starting class SimpleWindow
20:43:27,747 C:\Users\ingov\PycharmProjects\ProjectR/Logs/2021-12-24_20-43-27 INFO C:\Users\ingov\PycharmProjects\ProjectR/Config/config.cfg, exists so we will read it
20:43:27,752 C:\Users\ingov\PycharmProjects\ProjectR/Logs/2021-12-24_20-43-27 INFO Seconds to answer a question: 10
20:43:27,752 C:\Users\ingov\PycharmProjects\ProjectR/Logs/2021-12-24_20-43-27 INFO Seconds between questions: 30
20:43:27,752 C:\Users\ingov\PycharmProjects\ProjectR/Logs/2021-12-24_20-43-27 INFO C:\Users\ingov\PycharmProjects\ProjectR/Config/config.cfg is closed now
20:43:27,752 C:\Users\ingov\PycharmProjects\ProjectR/Logs/2021-12-24_20-43-27 INFO Metaclass MetaLogger: Starting class ConfigClass
20:43:27,752 C:\Users\ingov\PycharmProjects\ProjectR/Logs/2021-12-24_20-43-27 INFO Metaclass MetaAbsLogger: Starting class QuestionWindowAbs
20:43:27,752 C:\Users\ingov\PycharmProjects\ProjectR/Logs/2021-12-24_20-43-27 INFO Metaclass MetaAbsLogger: Starting class QuestionOneAnswer
20:43:27,752 C:\Users\ingov\PycharmProjects\ProjectR/Logs/2021-12-24_20-43-27 INFO Getting into __init__ for class: QuestionClass
20:43:27,752 C:\Users\ingov\PycharmProjects\ProjectR/Logs/2021-12-24_20-43-27 INFO Attributes in args: ('What do you say to a person in the morning?', 'Good morning')
20:43:27,752 C:\Users\ingov\PycharmProjects\ProjectR/Logs/2021-12-24_20-43-27 INFO Attributes in kwargs: {}
20:43:27,752 C:\Users\ingov\PycharmProjects\ProjectR/Logs/2021-12-24_20-43-27 INFO Setting member: _QuestionClass__question to value=What do you say to a person in the morning?
20:43:27,752 C:\Users\ingov\PycharmProjects\ProjectR/Logs/2021-12-24_20-43-27 INFO Setting member: _QuestionClass__answers to value=Good morning
20:43:27,752 C:\Users\ingov\PycharmProjects\ProjectR/Logs/2021-12-24_20-43-27 INFO Getting into __init__ for class: QuestionOneAnswer
20:43:27,752 C:\Users\ingov\PycharmProjects\ProjectR/Logs/2021-12-24_20-43-27 INFO Attributes in args: (500, 300, 'Question 3')
20:43:27,752 C:\Users\ingov\PycharmProjects\ProjectR/Logs/2021-12-24_20-43-27 INFO Attributes in kwargs: {}
20:43:27,827 C:\Users\ingov\PycharmProjects\ProjectR/Logs/2021-12-24_20-43-27 INFO Setting member: window to value=.
20:43:27,827 C:\Users\ingov\PycharmProjects\ProjectR/Logs/2021-12-24_20-43-27 INFO Getting attribute: window
20:43:27,827 C:\Users\ingov\PycharmProjects\ProjectR/Logs/2021-12-24_20-43-27 INFO Setting member: height to value=500
20:43:27,827 C:\Users\ingov\PycharmProjects\ProjectR/Logs/2021-12-24_20-43-27 INFO Setting member: width to value=300
20:43:27,827 C:\Users\ingov\PycharmProjects\ProjectR/Logs/2021-12-24_20-43-27 INFO Getting attribute: window
20:43:27,827 C:\Users\ingov\PycharmProjects\ProjectR/Logs/2021-12-24_20-43-27 INFO Getting attribute: window
20:43:27,827 C:\Users\ingov\PycharmProjects\ProjectR/Logs/2021-12-24_20-43-27 INFO Getting attribute: _QuestionClass__question
20:43:27,827 C:\Users\ingov\PycharmProjects\ProjectR/Logs/2021-12-24_20-43-27 INFO Getting attribute: question
20:43:27,827 C:\Users\ingov\PycharmProjects\ProjectR/Logs/2021-12-24_20-43-27 INFO Getting attribute: _QuestionClass__answers
20:43:27,827 C:\Users\ingov\PycharmProjects\ProjectR/Logs/2021-12-24_20-43-27 INFO Getting attribute: answers
20:43:27,827 C:\Users\ingov\PycharmProjects\ProjectR/Logs/2021-12-24_20-43-27 INFO Setting member: question to value=What do you say to a person in the morning?: Good morning
20:43:27,827 C:\Users\ingov\PycharmProjects\ProjectR/Logs/2021-12-24_20-43-27 INFO Getting attribute: window
20:43:27,827 C:\Users\ingov\PycharmProjects\ProjectR/Logs/2021-12-24_20-43-27 INFO Setting member: question_label to value=.!label
20:43:27,827 C:\Users\ingov\PycharmProjects\ProjectR/Logs/2021-12-24_20-43-27 INFO Getting attribute: question_label
20:43:27,827 C:\Users\ingov\PycharmProjects\ProjectR/Logs/2021-12-24_20-43-27 INFO Getting attribute: question_label
20:43:27,827 C:\Users\ingov\PycharmProjects\ProjectR/Logs/2021-12-24_20-43-27 INFO Getting attribute: window
20:43:27,827 C:\Users\ingov\PycharmProjects\ProjectR/Logs/2021-12-24_20-43-27 INFO Getting method: reveal_answer
20:43:27,827 C:\Users\ingov\PycharmProjects\ProjectR/Logs/2021-12-24_20-43-27 INFO Setting member: button_answer to value=.!button
20:43:27,827 C:\Users\ingov\PycharmProjects\ProjectR/Logs/2021-12-24_20-43-27 INFO Getting attribute: button_answer
20:43:27,827 C:\Users\ingov\PycharmProjects\ProjectR/Logs/2021-12-24_20-43-27 INFO Setting member: answer_label to value=None
20:43:27,827 C:\Users\ingov\PycharmProjects\ProjectR/Logs/2021-12-24_20-43-27 INFO Getting attribute: window
