20:18:34,194 C:\Users\ingov\PycharmProjects\ProjectR/Logs/2021-12-25_20-18-34 INFO Log has been created and started
20:18:34,194 C:\Users\ingov\PycharmProjects\ProjectR/Logs/2021-12-25_20-18-34 INFO Metaclass MetaAbsLogger: Starting class MetaLogger
20:18:34,210 C:\Users\ingov\PycharmProjects\ProjectR/Logs/2021-12-25_20-18-34 INFO Metaclass MetaLogger: Starting class QuestionClass
20:18:34,224 C:\Users\ingov\PycharmProjects\ProjectR/Logs/2021-12-25_20-18-34 INFO Metaclass MetaLogger: Starting class QuestionnaireClass
20:18:34,264 C:\Users\ingov\PycharmProjects\ProjectR/Logs/2021-12-25_20-18-34 INFO Metaclass MetaAbsLogger: Starting class SimpleWindow
20:18:34,294 C:\Users\ingov\PycharmProjects\ProjectR/Logs/2021-12-25_20-18-34 INFO C:\Users\ingov\PycharmProjects\ProjectR/Config/config.cfg, exists so we will read it
20:18:34,294 C:\Users\ingov\PycharmProjects\ProjectR/Logs/2021-12-25_20-18-34 INFO Seconds to answer a question: 10
20:18:34,294 C:\Users\ingov\PycharmProjects\ProjectR/Logs/2021-12-25_20-18-34 INFO Seconds between questions: 30
20:18:34,294 C:\Users\ingov\PycharmProjects\ProjectR/Logs/2021-12-25_20-18-34 INFO C:\Users\ingov\PycharmProjects\ProjectR/Config/config.cfg is closed now
20:18:34,294 C:\Users\ingov\PycharmProjects\ProjectR/Logs/2021-12-25_20-18-34 INFO Metaclass MetaLogger: Starting class ConfigClass
20:18:34,303 C:\Users\ingov\PycharmProjects\ProjectR/Logs/2021-12-25_20-18-34 INFO Metaclass MetaAbsLogger: Starting class CurrentSession
20:18:34,303 C:\Users\ingov\PycharmProjects\ProjectR/Logs/2021-12-25_20-18-34 INFO Metaclass MetaAbsLogger: Starting class QuestionWindowAbs
20:18:34,303 C:\Users\ingov\PycharmProjects\ProjectR/Logs/2021-12-25_20-18-34 INFO Metaclass MetaAbsLogger: Starting class QuestionOneAnswer
20:18:34,303 C:\Users\ingov\PycharmProjects\ProjectR/Logs/2021-12-25_20-18-34 INFO Metaclass MetaAbsLogger: Starting class QuestionOneAnswerMultiple
20:18:34,303 C:\Users\ingov\PycharmProjects\ProjectR/Logs/2021-12-25_20-18-34 INFO Loading a questionnaire from file: C:\Users\ingov\PycharmProjects\ProjectR/Data/Questionnaires/QuestionnaireExample2.pickle
20:18:34,303 C:\Users\ingov\PycharmProjects\ProjectR/Logs/2021-12-25_20-18-34 INFO Getting attribute: __dict__
20:18:34,303 C:\Users\ingov\PycharmProjects\ProjectR/Logs/2021-12-25_20-18-34 INFO Getting attribute: __dict__
20:18:34,303 C:\Users\ingov\PycharmProjects\ProjectR/Logs/2021-12-25_20-18-34 INFO Getting attribute: __dict__
20:18:34,303 C:\Users\ingov\PycharmProjects\ProjectR/Logs/2021-12-25_20-18-34 INFO Calling get_secs_to_answer
20:18:34,303 C:\Users\ingov\PycharmProjects\ProjectR/Logs/2021-12-25_20-18-34 INFO Getting secs to answer a questions: 10
20:18:34,303 C:\Users\ingov\PycharmProjects\ProjectR/Logs/2021-12-25_20-18-34 INFO Getting method: get_question_type
20:18:34,303 C:\Users\ingov\PycharmProjects\ProjectR/Logs/2021-12-25_20-18-34 INFO Getting attribute: _QuestionClass__answers
20:18:34,303 C:\Users\ingov\PycharmProjects\ProjectR/Logs/2021-12-25_20-18-34 INFO Getting attribute: logger
20:18:34,303 C:\Users\ingov\PycharmProjects\ProjectR/Logs/2021-12-25_20-18-34 INFO This question is a single answer question: Text input: value 0
20:18:34,303 C:\Users\ingov\PycharmProjects\ProjectR/Logs/2021-12-25_20-18-34 INFO Getting into __init__ for class: QuestionOneAnswer
20:18:34,303 C:\Users\ingov\PycharmProjects\ProjectR/Logs/2021-12-25_20-18-34 INFO Attributes in args: ()
20:18:34,310 C:\Users\ingov\PycharmProjects\ProjectR/Logs/2021-12-25_20-18-34 INFO Attributes in kwargs: {'width': 600, 'height': 450, 'title': 'Question 0'}
20:18:34,463 C:\Users\ingov\PycharmProjects\ProjectR/Logs/2021-12-25_20-18-34 INFO Setting member: window to value=.
20:18:34,463 C:\Users\ingov\PycharmProjects\ProjectR/Logs/2021-12-25_20-18-34 INFO Getting attribute: window
20:18:34,463 C:\Users\ingov\PycharmProjects\ProjectR/Logs/2021-12-25_20-18-34 INFO Setting member: height to value=450
20:18:34,463 C:\Users\ingov\PycharmProjects\ProjectR/Logs/2021-12-25_20-18-34 INFO Setting member: width to value=600
20:18:34,463 C:\Users\ingov\PycharmProjects\ProjectR/Logs/2021-12-25_20-18-34 INFO Getting attribute: window
20:18:34,463 C:\Users\ingov\PycharmProjects\ProjectR/Logs/2021-12-25_20-18-34 INFO Getting attribute: window
20:18:34,463 C:\Users\ingov\PycharmProjects\ProjectR/Logs/2021-12-25_20-18-34 INFO Getting attribute: window
20:18:34,474 C:\Users\ingov\PycharmProjects\ProjectR/Logs/2021-12-25_20-18-34 INFO Setting member: menu to value=.!menu
20:18:34,474 C:\Users\ingov\PycharmProjects\ProjectR/Logs/2021-12-25_20-18-34 INFO Getting attribute: window
20:18:34,474 C:\Users\ingov\PycharmProjects\ProjectR/Logs/2021-12-25_20-18-34 INFO Getting attribute: menu
20:18:34,488 C:\Users\ingov\PycharmProjects\ProjectR/Logs/2021-12-25_20-18-34 INFO Getting attribute: menu
20:18:34,488 C:\Users\ingov\PycharmProjects\ProjectR/Logs/2021-12-25_20-18-34 INFO Getting method: go_back_to_main
20:18:34,488 C:\Users\ingov\PycharmProjects\ProjectR/Logs/2021-12-25_20-18-34 INFO Getting attribute: menu
20:18:34,488 C:\Users\ingov\PycharmProjects\ProjectR/Logs/2021-12-25_20-18-34 INFO Getting attribute: _QuestionClass__question
20:18:34,488 C:\Users\ingov\PycharmProjects\ProjectR/Logs/2021-12-25_20-18-34 INFO Getting attribute: question
20:18:34,488 C:\Users\ingov\PycharmProjects\ProjectR/Logs/2021-12-25_20-18-34 INFO Getting attribute: _QuestionClass__answers
20:18:34,488 C:\Users\ingov\PycharmProjects\ProjectR/Logs/2021-12-25_20-18-34 INFO Getting attribute: answers
20:18:34,488 C:\Users\ingov\PycharmProjects\ProjectR/Logs/2021-12-25_20-18-34 INFO Setting member: question to value=What do you say to a person in the morning?: Good morning
20:18:34,488 C:\Users\ingov\PycharmProjects\ProjectR/Logs/2021-12-25_20-18-34 INFO Getting attribute: window
20:18:34,488 C:\Users\ingov\PycharmProjects\ProjectR/Logs/2021-12-25_20-18-34 INFO Getting attribute: _QuestionClass__question
20:18:34,488 C:\Users\ingov\PycharmProjects\ProjectR/Logs/2021-12-25_20-18-34 INFO Getting attribute: question
20:18:34,493 C:\Users\ingov\PycharmProjects\ProjectR/Logs/2021-12-25_20-18-34 INFO Setting member: question_label to value=.!label
20:18:34,493 C:\Users\ingov\PycharmProjects\ProjectR/Logs/2021-12-25_20-18-34 INFO Getting attribute: question_label
20:18:34,493 C:\Users\ingov\PycharmProjects\ProjectR/Logs/2021-12-25_20-18-34 INFO Getting attribute: question_label
20:18:34,493 C:\Users\ingov\PycharmProjects\ProjectR/Logs/2021-12-25_20-18-34 INFO Getting attribute: window
20:18:34,493 C:\Users\ingov\PycharmProjects\ProjectR/Logs/2021-12-25_20-18-34 INFO Getting method: reveal_answer
20:18:34,493 C:\Users\ingov\PycharmProjects\ProjectR/Logs/2021-12-25_20-18-34 INFO Setting member: button_answer to value=.!button
20:18:34,493 C:\Users\ingov\PycharmProjects\ProjectR/Logs/2021-12-25_20-18-34 INFO Getting attribute: button_answer
20:18:34,493 C:\Users\ingov\PycharmProjects\ProjectR/Logs/2021-12-25_20-18-34 INFO Setting member: answer_label to value=None
20:18:34,493 C:\Users\ingov\PycharmProjects\ProjectR/Logs/2021-12-25_20-18-34 INFO Getting attribute: window
20:18:34,493 C:\Users\ingov\PycharmProjects\ProjectR/Logs/2021-12-25_20-18-34 INFO Getting attribute: window
20:18:34,493 C:\Users\ingov\PycharmProjects\ProjectR/Logs/2021-12-25_20-18-34 INFO Calling get_secs_between_questions
20:18:34,493 C:\Users\ingov\PycharmProjects\ProjectR/Logs/2021-12-25_20-18-34 INFO Getting secs between questions: 10
20:19:04,504 C:\Users\ingov\PycharmProjects\ProjectR/Logs/2021-12-25_20-18-34 INFO Getting attribute: window
20:19:04,514 C:\Users\ingov\PycharmProjects\ProjectR/Logs/2021-12-25_20-18-34 INFO Getting method: get_question_type
20:19:04,514 C:\Users\ingov\PycharmProjects\ProjectR/Logs/2021-12-25_20-18-34 INFO Getting attribute: _QuestionClass__answers
20:19:04,514 C:\Users\ingov\PycharmProjects\ProjectR/Logs/2021-12-25_20-18-34 INFO Getting attribute: _QuestionClass__answers
20:19:04,514 C:\Users\ingov\PycharmProjects\ProjectR/Logs/2021-12-25_20-18-34 INFO Getting attribute: logger
20:19:04,514 C:\Users\ingov\PycharmProjects\ProjectR/Logs/2021-12-25_20-18-34 INFO This question is a multiple choice question with two answers: Checkboxes: value 2
20:19:04,514 C:\Users\ingov\PycharmProjects\ProjectR/Logs/2021-12-25_20-18-34 INFO Getting method: get_question_type
20:19:04,514 C:\Users\ingov\PycharmProjects\ProjectR/Logs/2021-12-25_20-18-34 INFO Getting attribute: _QuestionClass__answers
20:19:04,514 C:\Users\ingov\PycharmProjects\ProjectR/Logs/2021-12-25_20-18-34 INFO Getting attribute: _QuestionClass__answers
20:19:04,514 C:\Users\ingov\PycharmProjects\ProjectR/Logs/2021-12-25_20-18-34 INFO Getting attribute: logger
20:19:04,514 C:\Users\ingov\PycharmProjects\ProjectR/Logs/2021-12-25_20-18-34 INFO This question is a multiple choice question with two answers: Checkboxes: value 2
20:19:04,514 C:\Users\ingov\PycharmProjects\ProjectR/Logs/2021-12-25_20-18-34 INFO Getting attribute: window
20:19:04,514 C:\Users\ingov\PycharmProjects\ProjectR/Logs/2021-12-25_20-18-34 INFO Getting attribute: window
20:19:04,514 C:\Users\ingov\PycharmProjects\ProjectR/Logs/2021-12-25_20-18-34 INFO Calling get_secs_between_questions
20:19:04,514 C:\Users\ingov\PycharmProjects\ProjectR/Logs/2021-12-25_20-18-34 INFO Getting secs between questions: 10
20:19:34,524 C:\Users\ingov\PycharmProjects\ProjectR/Logs/2021-12-25_20-18-34 INFO Getting attribute: window
20:19:34,524 C:\Users\ingov\PycharmProjects\ProjectR/Logs/2021-12-25_20-18-34 INFO Getting method: get_question_type
20:19:34,525 C:\Users\ingov\PycharmProjects\ProjectR/Logs/2021-12-25_20-18-34 INFO Getting attribute: _QuestionClass__answers
20:19:34,529 C:\Users\ingov\PycharmProjects\ProjectR/Logs/2021-12-25_20-18-34 INFO Getting attribute: _QuestionClass__answers
20:19:34,530 C:\Users\ingov\PycharmProjects\ProjectR/Logs/2021-12-25_20-18-34 INFO Getting attribute: logger
20:19:34,530 C:\Users\ingov\PycharmProjects\ProjectR/Logs/2021-12-25_20-18-34 INFO This question is a multiple choice question with a single answer: Radio button: value 1
20:19:34,530 C:\Users\ingov\PycharmProjects\ProjectR/Logs/2021-12-25_20-18-34 INFO Getting method: get_question_type
20:19:34,530 C:\Users\ingov\PycharmProjects\ProjectR/Logs/2021-12-25_20-18-34 INFO Getting attribute: _QuestionClass__answers
20:19:34,531 C:\Users\ingov\PycharmProjects\ProjectR/Logs/2021-12-25_20-18-34 INFO Getting attribute: _QuestionClass__answers
20:19:34,531 C:\Users\ingov\PycharmProjects\ProjectR/Logs/2021-12-25_20-18-34 INFO Getting attribute: logger
20:19:34,531 C:\Users\ingov\PycharmProjects\ProjectR/Logs/2021-12-25_20-18-34 INFO This question is a multiple choice question with a single answer: Radio button: value 1
20:19:34,532 C:\Users\ingov\PycharmProjects\ProjectR/Logs/2021-12-25_20-18-34 INFO Getting into __init__ for class: QuestionOneAnswerMultiple
20:19:34,532 C:\Users\ingov\PycharmProjects\ProjectR/Logs/2021-12-25_20-18-34 INFO Attributes in args: ()
20:19:34,532 C:\Users\ingov\PycharmProjects\ProjectR/Logs/2021-12-25_20-18-34 INFO Attributes in kwargs: {'width': 600, 'height': 550, 'title': 'Question 2'}
20:19:34,724 C:\Users\ingov\PycharmProjects\ProjectR/Logs/2021-12-25_20-18-34 INFO Setting member: window to value=.
20:19:34,725 C:\Users\ingov\PycharmProjects\ProjectR/Logs/2021-12-25_20-18-34 INFO Getting attribute: window
20:19:34,725 C:\Users\ingov\PycharmProjects\ProjectR/Logs/2021-12-25_20-18-34 INFO Setting member: height to value=550
20:19:34,725 C:\Users\ingov\PycharmProjects\ProjectR/Logs/2021-12-25_20-18-34 INFO Setting member: width to value=600
20:19:34,725 C:\Users\ingov\PycharmProjects\ProjectR/Logs/2021-12-25_20-18-34 INFO Getting attribute: window
20:19:34,725 C:\Users\ingov\PycharmProjects\ProjectR/Logs/2021-12-25_20-18-34 INFO Getting attribute: window
20:19:34,725 C:\Users\ingov\PycharmProjects\ProjectR/Logs/2021-12-25_20-18-34 INFO Getting attribute: window
20:19:34,727 C:\Users\ingov\PycharmProjects\ProjectR/Logs/2021-12-25_20-18-34 INFO Setting member: menu to value=.!menu
20:19:34,727 C:\Users\ingov\PycharmProjects\ProjectR/Logs/2021-12-25_20-18-34 INFO Getting attribute: window
20:19:34,727 C:\Users\ingov\PycharmProjects\ProjectR/Logs/2021-12-25_20-18-34 INFO Getting attribute: menu
20:19:34,737 C:\Users\ingov\PycharmProjects\ProjectR/Logs/2021-12-25_20-18-34 INFO Getting attribute: menu
20:19:34,737 C:\Users\ingov\PycharmProjects\ProjectR/Logs/2021-12-25_20-18-34 INFO Getting method: go_back_to_main
20:19:34,737 C:\Users\ingov\PycharmProjects\ProjectR/Logs/2021-12-25_20-18-34 INFO Getting attribute: menu
20:19:34,737 C:\Users\ingov\PycharmProjects\ProjectR/Logs/2021-12-25_20-18-34 INFO Getting attribute: _QuestionClass__question
20:19:34,738 C:\Users\ingov\PycharmProjects\ProjectR/Logs/2021-12-25_20-18-34 INFO Getting attribute: question
20:19:34,738 C:\Users\ingov\PycharmProjects\ProjectR/Logs/2021-12-25_20-18-34 INFO Getting attribute: _QuestionClass__answers
20:19:34,738 C:\Users\ingov\PycharmProjects\ProjectR/Logs/2021-12-25_20-18-34 INFO Getting attribute: answers
20:19:34,738 C:\Users\ingov\PycharmProjects\ProjectR/Logs/2021-12-25_20-18-34 INFO Setting member: question to value=What of the following ones are Python basic types?: [('Fire', False), ('Bool', True), ('Normal', False), ('Basic', False)]
20:19:34,738 C:\Users\ingov\PycharmProjects\ProjectR/Logs/2021-12-25_20-18-34 INFO Getting attribute: window
20:19:34,738 C:\Users\ingov\PycharmProjects\ProjectR/Logs/2021-12-25_20-18-34 INFO Getting attribute: _QuestionClass__question
20:19:34,738 C:\Users\ingov\PycharmProjects\ProjectR/Logs/2021-12-25_20-18-34 INFO Getting attribute: question
20:19:34,739 C:\Users\ingov\PycharmProjects\ProjectR/Logs/2021-12-25_20-18-34 INFO Setting member: question_label to value=.!label
20:19:34,740 C:\Users\ingov\PycharmProjects\ProjectR/Logs/2021-12-25_20-18-34 INFO Getting attribute: question_label
20:19:34,740 C:\Users\ingov\PycharmProjects\ProjectR/Logs/2021-12-25_20-18-34 INFO Getting attribute: question_label
20:19:34,740 C:\Users\ingov\PycharmProjects\ProjectR/Logs/2021-12-25_20-18-34 INFO Setting member: radio_buttons to value=[]
20:19:34,740 C:\Users\ingov\PycharmProjects\ProjectR/Logs/2021-12-25_20-18-34 INFO Setting member: answer_group to value=PY_VAR0
20:19:34,741 C:\Users\ingov\PycharmProjects\ProjectR/Logs/2021-12-25_20-18-34 INFO Setting member: radio_button_font to value=('TkDefaultFont', 12)
20:19:34,741 C:\Users\ingov\PycharmProjects\ProjectR/Logs/2021-12-25_20-18-34 INFO Getting attribute: question
20:19:34,741 C:\Users\ingov\PycharmProjects\ProjectR/Logs/2021-12-25_20-18-34 INFO Getting attribute: _QuestionClass__answers
20:19:34,741 C:\Users\ingov\PycharmProjects\ProjectR/Logs/2021-12-25_20-18-34 INFO Getting attribute: answers
20:19:34,741 C:\Users\ingov\PycharmProjects\ProjectR/Logs/2021-12-25_20-18-34 INFO Getting attribute: window
20:19:34,741 C:\Users\ingov\PycharmProjects\ProjectR/Logs/2021-12-25_20-18-34 INFO Getting attribute: answer_group
20:19:34,741 C:\Users\ingov\PycharmProjects\ProjectR/Logs/2021-12-25_20-18-34 INFO Getting method: reveal_result
20:19:34,741 C:\Users\ingov\PycharmProjects\ProjectR/Logs/2021-12-25_20-18-34 INFO Getting attribute: radio_button_font
20:19:34,743 C:\Users\ingov\PycharmProjects\ProjectR/Logs/2021-12-25_20-18-34 INFO Getting attribute: radio_buttons
20:19:34,743 C:\Users\ingov\PycharmProjects\ProjectR/Logs/2021-12-25_20-18-34 INFO Getting attribute: window
20:19:34,743 C:\Users\ingov\PycharmProjects\ProjectR/Logs/2021-12-25_20-18-34 INFO Getting attribute: answer_group
20:19:34,743 C:\Users\ingov\PycharmProjects\ProjectR/Logs/2021-12-25_20-18-34 INFO Getting method: reveal_result
20:19:34,743 C:\Users\ingov\PycharmProjects\ProjectR/Logs/2021-12-25_20-18-34 INFO Getting attribute: radio_button_font
20:19:34,744 C:\Users\ingov\PycharmProjects\ProjectR/Logs/2021-12-25_20-18-34 INFO Getting attribute: radio_buttons
20:19:34,744 C:\Users\ingov\PycharmProjects\ProjectR/Logs/2021-12-25_20-18-34 INFO Getting attribute: window
20:19:34,745 C:\Users\ingov\PycharmProjects\ProjectR/Logs/2021-12-25_20-18-34 INFO Getting attribute: answer_group
20:19:34,745 C:\Users\ingov\PycharmProjects\ProjectR/Logs/2021-12-25_20-18-34 INFO Getting method: reveal_result
20:19:34,745 C:\Users\ingov\PycharmProjects\ProjectR/Logs/2021-12-25_20-18-34 INFO Getting attribute: radio_button_font
20:19:34,746 C:\Users\ingov\PycharmProjects\ProjectR/Logs/2021-12-25_20-18-34 INFO Getting attribute: radio_buttons
20:19:34,746 C:\Users\ingov\PycharmProjects\ProjectR/Logs/2021-12-25_20-18-34 INFO Getting attribute: window
20:19:34,746 C:\Users\ingov\PycharmProjects\ProjectR/Logs/2021-12-25_20-18-34 INFO Getting attribute: answer_group
20:19:34,746 C:\Users\ingov\PycharmProjects\ProjectR/Logs/2021-12-25_20-18-34 INFO Getting method: reveal_result
20:19:34,746 C:\Users\ingov\PycharmProjects\ProjectR/Logs/2021-12-25_20-18-34 INFO Getting attribute: radio_button_font
20:19:34,747 C:\Users\ingov\PycharmProjects\ProjectR/Logs/2021-12-25_20-18-34 INFO Getting attribute: radio_buttons
20:19:34,748 C:\Users\ingov\PycharmProjects\ProjectR/Logs/2021-12-25_20-18-34 INFO Getting attribute: window
20:19:34,748 C:\Users\ingov\PycharmProjects\ProjectR/Logs/2021-12-25_20-18-34 INFO Getting attribute: window
20:19:34,748 C:\Users\ingov\PycharmProjects\ProjectR/Logs/2021-12-25_20-18-34 INFO Getting attribute: window
