11:41:22,61 C:\Users\ingov\PycharmProjects\ProjectR/Logs/2021-12-25_11-41-22 INFO Log has been created and started
11:41:22,61 C:\Users\ingov\PycharmProjects\ProjectR/Logs/2021-12-25_11-41-22 INFO Metaclass MetaAbsLogger: Starting class MetaLogger
11:41:22,61 C:\Users\ingov\PycharmProjects\ProjectR/Logs/2021-12-25_11-41-22 INFO Metaclass MetaLogger: Starting class QuestionClass
11:41:22,71 C:\Users\ingov\PycharmProjects\ProjectR/Logs/2021-12-25_11-41-22 INFO Metaclass MetaLogger: Starting class QuestionnaireClass
11:41:22,91 C:\Users\ingov\PycharmProjects\ProjectR/Logs/2021-12-25_11-41-22 INFO Metaclass MetaAbsLogger: Starting class SimpleWindow
11:41:22,106 C:\Users\ingov\PycharmProjects\ProjectR/Logs/2021-12-25_11-41-22 INFO C:\Users\ingov\PycharmProjects\ProjectR/Config/config.cfg, exists so we will read it
11:41:22,106 C:\Users\ingov\PycharmProjects\ProjectR/Logs/2021-12-25_11-41-22 INFO Seconds to answer a question: 10
11:41:22,106 C:\Users\ingov\PycharmProjects\ProjectR/Logs/2021-12-25_11-41-22 INFO Seconds between questions: 30
11:41:22,106 C:\Users\ingov\PycharmProjects\ProjectR/Logs/2021-12-25_11-41-22 INFO C:\Users\ingov\PycharmProjects\ProjectR/Config/config.cfg is closed now
11:41:22,106 C:\Users\ingov\PycharmProjects\ProjectR/Logs/2021-12-25_11-41-22 INFO Metaclass MetaLogger: Starting class ConfigClass
11:41:22,106 C:\Users\ingov\PycharmProjects\ProjectR/Logs/2021-12-25_11-41-22 INFO Metaclass MetaAbsLogger: Starting class QuestionWindowAbs
11:41:22,106 C:\Users\ingov\PycharmProjects\ProjectR/Logs/2021-12-25_11-41-22 INFO Metaclass MetaAbsLogger: Starting class QuestionOneAnswer
11:41:22,106 C:\Users\ingov\PycharmProjects\ProjectR/Logs/2021-12-25_11-41-22 INFO Getting into __init__ for class: QuestionClass
11:41:22,106 C:\Users\ingov\PycharmProjects\ProjectR/Logs/2021-12-25_11-41-22 INFO Attributes in args: ('What do you say to a person in the morning?', 'Good morning')
11:41:22,106 C:\Users\ingov\PycharmProjects\ProjectR/Logs/2021-12-25_11-41-22 INFO Attributes in kwargs: {}
11:41:22,106 C:\Users\ingov\PycharmProjects\ProjectR/Logs/2021-12-25_11-41-22 INFO Setting member: _QuestionClass__question to value=What do you say to a person in the morning?
11:41:22,106 C:\Users\ingov\PycharmProjects\ProjectR/Logs/2021-12-25_11-41-22 INFO Setting member: _QuestionClass__answers to value=Good morning
11:41:22,111 C:\Users\ingov\PycharmProjects\ProjectR/Logs/2021-12-25_11-41-22 INFO Getting into __init__ for class: QuestionOneAnswer
11:41:22,111 C:\Users\ingov\PycharmProjects\ProjectR/Logs/2021-12-25_11-41-22 INFO Attributes in args: ()
11:41:22,111 C:\Users\ingov\PycharmProjects\ProjectR/Logs/2021-12-25_11-41-22 INFO Attributes in kwargs: {'width': 600, 'height': 450, 'title': 'Question 3'}
11:41:22,191 C:\Users\ingov\PycharmProjects\ProjectR/Logs/2021-12-25_11-41-22 INFO Setting member: window to value=.
11:41:22,191 C:\Users\ingov\PycharmProjects\ProjectR/Logs/2021-12-25_11-41-22 INFO Getting attribute: window
11:41:22,191 C:\Users\ingov\PycharmProjects\ProjectR/Logs/2021-12-25_11-41-22 INFO Setting member: height to value=450
11:41:22,191 C:\Users\ingov\PycharmProjects\ProjectR/Logs/2021-12-25_11-41-22 INFO Setting member: width to value=600
11:41:22,191 C:\Users\ingov\PycharmProjects\ProjectR/Logs/2021-12-25_11-41-22 INFO Getting attribute: window
11:41:22,191 C:\Users\ingov\PycharmProjects\ProjectR/Logs/2021-12-25_11-41-22 INFO Getting attribute: window
11:41:22,191 C:\Users\ingov\PycharmProjects\ProjectR/Logs/2021-12-25_11-41-22 INFO Getting attribute: window
11:41:22,191 C:\Users\ingov\PycharmProjects\ProjectR/Logs/2021-12-25_11-41-22 INFO Setting member: menu to value=.!menu
11:41:22,191 C:\Users\ingov\PycharmProjects\ProjectR/Logs/2021-12-25_11-41-22 INFO Getting attribute: window
11:41:22,191 C:\Users\ingov\PycharmProjects\ProjectR/Logs/2021-12-25_11-41-22 INFO Getting attribute: menu
11:41:22,201 C:\Users\ingov\PycharmProjects\ProjectR/Logs/2021-12-25_11-41-22 INFO Getting attribute: menu
11:41:22,201 C:\Users\ingov\PycharmProjects\ProjectR/Logs/2021-12-25_11-41-22 INFO Setting member: go_back_menu to value=.!menu.!menu
11:41:22,201 C:\Users\ingov\PycharmProjects\ProjectR/Logs/2021-12-25_11-41-22 INFO Getting attribute: menu
11:41:22,201 C:\Users\ingov\PycharmProjects\ProjectR/Logs/2021-12-25_11-41-22 INFO Getting attribute: go_back_menu
