19:21:21,496 C:\Users\ingov\PycharmProjects\ProjectR/Logs/2021-12-24_19-21-21 INFO Log has been created and started
19:21:21,496 C:\Users\ingov\PycharmProjects\ProjectR/Logs/2021-12-24_19-21-21 INFO Metaclass MetaAbsLogger: Starting class MetaLogger
19:21:21,496 C:\Users\ingov\PycharmProjects\ProjectR/Logs/2021-12-24_19-21-21 INFO Metaclass MetaLogger: Starting class QuestionClass
19:21:21,506 C:\Users\ingov\PycharmProjects\ProjectR/Logs/2021-12-24_19-21-21 INFO Metaclass MetaLogger: Starting class QuestionnaireClass
19:21:21,536 C:\Users\ingov\PycharmProjects\ProjectR/Logs/2021-12-24_19-21-21 INFO Metaclass MetaAbsLogger: Starting class SimpleWindow
19:21:21,547 C:\Users\ingov\PycharmProjects\ProjectR/Logs/2021-12-24_19-21-21 INFO C:\Users\ingov\PycharmProjects\ProjectR/Config/config.cfg, exists so we will read it
19:21:21,547 C:\Users\ingov\PycharmProjects\ProjectR/Logs/2021-12-24_19-21-21 INFO Seconds to answer a question: 10
19:21:21,547 C:\Users\ingov\PycharmProjects\ProjectR/Logs/2021-12-24_19-21-21 INFO Seconds between questions: 30
19:21:21,547 C:\Users\ingov\PycharmProjects\ProjectR/Logs/2021-12-24_19-21-21 INFO C:\Users\ingov\PycharmProjects\ProjectR/Config/config.cfg is closed now
19:21:21,547 C:\Users\ingov\PycharmProjects\ProjectR/Logs/2021-12-24_19-21-21 INFO Metaclass MetaLogger: Starting class ConfigClass
19:21:21,547 C:\Users\ingov\PycharmProjects\ProjectR/Logs/2021-12-24_19-21-21 INFO Metaclass MetaAbsLogger: Starting class QuestionWindowAbs
19:21:21,547 C:\Users\ingov\PycharmProjects\ProjectR/Logs/2021-12-24_19-21-21 INFO Metaclass MetaAbsLogger: Starting class QuestionOneAnswer
19:21:21,547 C:\Users\ingov\PycharmProjects\ProjectR/Logs/2021-12-24_19-21-21 INFO Getting into __init__ for class: QuestionClass
19:21:21,547 C:\Users\ingov\PycharmProjects\ProjectR/Logs/2021-12-24_19-21-21 INFO Attributes in args: ('What do you say to a person in the morning?', 'Good morning')
19:21:21,547 C:\Users\ingov\PycharmProjects\ProjectR/Logs/2021-12-24_19-21-21 INFO Attributes in kwargs: {}
19:21:21,547 C:\Users\ingov\PycharmProjects\ProjectR/Logs/2021-12-24_19-21-21 INFO Setting member: _QuestionClass__question to value=What do you say to a person in the morning?
19:21:21,547 C:\Users\ingov\PycharmProjects\ProjectR/Logs/2021-12-24_19-21-21 INFO Setting member: _QuestionClass__answers to value=Good morning
19:21:21,547 C:\Users\ingov\PycharmProjects\ProjectR/Logs/2021-12-24_19-21-21 INFO Getting into __init__ for class: QuestionOneAnswer
19:21:21,547 C:\Users\ingov\PycharmProjects\ProjectR/Logs/2021-12-24_19-21-21 INFO Attributes in args: (500, 600, 'Question 3')
19:21:21,547 C:\Users\ingov\PycharmProjects\ProjectR/Logs/2021-12-24_19-21-21 INFO Attributes in kwargs: {}
19:21:21,696 C:\Users\ingov\PycharmProjects\ProjectR/Logs/2021-12-24_19-21-21 INFO Setting member: window to value=.
19:21:21,696 C:\Users\ingov\PycharmProjects\ProjectR/Logs/2021-12-24_19-21-21 INFO Getting attribute: window
19:21:21,696 C:\Users\ingov\PycharmProjects\ProjectR/Logs/2021-12-24_19-21-21 INFO Setting member: height to value=500
19:21:21,696 C:\Users\ingov\PycharmProjects\ProjectR/Logs/2021-12-24_19-21-21 INFO Setting member: width to value=600
19:21:21,696 C:\Users\ingov\PycharmProjects\ProjectR/Logs/2021-12-24_19-21-21 INFO Getting attribute: window
19:21:21,696 C:\Users\ingov\PycharmProjects\ProjectR/Logs/2021-12-24_19-21-21 INFO Getting attribute: _QuestionClass__question
19:21:21,696 C:\Users\ingov\PycharmProjects\ProjectR/Logs/2021-12-24_19-21-21 INFO Getting attribute: question
19:21:21,696 C:\Users\ingov\PycharmProjects\ProjectR/Logs/2021-12-24_19-21-21 INFO Getting attribute: _QuestionClass__answers
19:21:21,696 C:\Users\ingov\PycharmProjects\ProjectR/Logs/2021-12-24_19-21-21 INFO Getting attribute: answers
19:21:21,696 C:\Users\ingov\PycharmProjects\ProjectR/Logs/2021-12-24_19-21-21 INFO Setting member: question to value=What do you say to a person in the morning?: Good morning
19:21:21,696 C:\Users\ingov\PycharmProjects\ProjectR/Logs/2021-12-24_19-21-21 INFO Getting attribute: window
19:21:21,696 C:\Users\ingov\PycharmProjects\ProjectR/Logs/2021-12-24_19-21-21 INFO Getting attribute: question
19:21:21,696 C:\Users\ingov\PycharmProjects\ProjectR/Logs/2021-12-24_19-21-21 INFO Getting attribute: _QuestionClass__question
19:21:21,696 C:\Users\ingov\PycharmProjects\ProjectR/Logs/2021-12-24_19-21-21 INFO Getting attribute: question
19:21:21,701 C:\Users\ingov\PycharmProjects\ProjectR/Logs/2021-12-24_19-21-21 INFO Setting member: question_label to value=.!label
19:21:21,701 C:\Users\ingov\PycharmProjects\ProjectR/Logs/2021-12-24_19-21-21 INFO Getting attribute: question_label
19:21:21,701 C:\Users\ingov\PycharmProjects\ProjectR/Logs/2021-12-24_19-21-21 INFO Getting attribute: question_label
19:21:21,701 C:\Users\ingov\PycharmProjects\ProjectR/Logs/2021-12-24_19-21-21 INFO Getting attribute: window
19:21:21,701 C:\Users\ingov\PycharmProjects\ProjectR/Logs/2021-12-24_19-21-21 INFO Getting method: reveal_answer
19:21:21,701 C:\Users\ingov\PycharmProjects\ProjectR/Logs/2021-12-24_19-21-21 INFO Setting member: button_answer to value=.!button
19:21:21,701 C:\Users\ingov\PycharmProjects\ProjectR/Logs/2021-12-24_19-21-21 INFO Getting attribute: button_answer
19:21:21,701 C:\Users\ingov\PycharmProjects\ProjectR/Logs/2021-12-24_19-21-21 INFO Setting member: answer_label to value=None
19:21:21,701 C:\Users\ingov\PycharmProjects\ProjectR/Logs/2021-12-24_19-21-21 INFO Getting attribute: window
19:21:25,6 C:\Users\ingov\PycharmProjects\ProjectR/Logs/2021-12-24_19-21-21 INFO Getting attribute: question
19:21:25,6 C:\Users\ingov\PycharmProjects\ProjectR/Logs/2021-12-24_19-21-21 INFO Getting method: get_correct_answers
19:21:25,6 C:\Users\ingov\PycharmProjects\ProjectR/Logs/2021-12-24_19-21-21 INFO Getting method: get_question_type
19:21:25,6 C:\Users\ingov\PycharmProjects\ProjectR/Logs/2021-12-24_19-21-21 INFO Getting attribute: _QuestionClass__answers
19:21:25,6 C:\Users\ingov\PycharmProjects\ProjectR/Logs/2021-12-24_19-21-21 INFO Getting attribute: logger
19:21:25,6 C:\Users\ingov\PycharmProjects\ProjectR/Logs/2021-12-24_19-21-21 INFO This question is a single answer question: Text input: value 0
19:21:25,6 C:\Users\ingov\PycharmProjects\ProjectR/Logs/2021-12-24_19-21-21 INFO Getting attribute: logger
19:21:25,6 C:\Users\ingov\PycharmProjects\ProjectR/Logs/2021-12-24_19-21-21 INFO Getting attribute: _QuestionClass__answers
19:21:25,6 C:\Users\ingov\PycharmProjects\ProjectR/Logs/2021-12-24_19-21-21 INFO The correct answer is Good morning
19:21:25,6 C:\Users\ingov\PycharmProjects\ProjectR/Logs/2021-12-24_19-21-21 INFO Getting attribute: _QuestionClass__answers
19:21:25,6 C:\Users\ingov\PycharmProjects\ProjectR/Logs/2021-12-24_19-21-21 INFO Getting attribute: window
19:21:25,6 C:\Users\ingov\PycharmProjects\ProjectR/Logs/2021-12-24_19-21-21 INFO Getting attribute: question
19:21:25,6 C:\Users\ingov\PycharmProjects\ProjectR/Logs/2021-12-24_19-21-21 INFO Getting method: get_correct_answers
19:21:25,6 C:\Users\ingov\PycharmProjects\ProjectR/Logs/2021-12-24_19-21-21 INFO Getting method: get_question_type
19:21:25,6 C:\Users\ingov\PycharmProjects\ProjectR/Logs/2021-12-24_19-21-21 INFO Getting attribute: _QuestionClass__answers
19:21:25,6 C:\Users\ingov\PycharmProjects\ProjectR/Logs/2021-12-24_19-21-21 INFO Getting attribute: logger
19:21:25,6 C:\Users\ingov\PycharmProjects\ProjectR/Logs/2021-12-24_19-21-21 INFO This question is a single answer question: Text input: value 0
19:21:25,6 C:\Users\ingov\PycharmProjects\ProjectR/Logs/2021-12-24_19-21-21 INFO Getting attribute: logger
19:21:25,6 C:\Users\ingov\PycharmProjects\ProjectR/Logs/2021-12-24_19-21-21 INFO Getting attribute: _QuestionClass__answers
19:21:25,6 C:\Users\ingov\PycharmProjects\ProjectR/Logs/2021-12-24_19-21-21 INFO The correct answer is Good morning
19:21:25,6 C:\Users\ingov\PycharmProjects\ProjectR/Logs/2021-12-24_19-21-21 INFO Getting attribute: _QuestionClass__answers
19:21:25,6 C:\Users\ingov\PycharmProjects\ProjectR/Logs/2021-12-24_19-21-21 INFO Setting member: answer_label to value=.!label2
19:21:25,6 C:\Users\ingov\PycharmProjects\ProjectR/Logs/2021-12-24_19-21-21 INFO Getting attribute: answer_label
