20:21:18,488 C:\Users\ingov\PycharmProjects\ProjectR/Logs/2021-12-24_20-21-18 INFO Log has been created and started
20:21:18,488 C:\Users\ingov\PycharmProjects\ProjectR/Logs/2021-12-24_20-21-18 INFO Metaclass MetaAbsLogger: Starting class MetaLogger
20:21:18,488 C:\Users\ingov\PycharmProjects\ProjectR/Logs/2021-12-24_20-21-18 INFO Metaclass MetaLogger: Starting class QuestionClass
20:21:18,509 C:\Users\ingov\PycharmProjects\ProjectR/Logs/2021-12-24_20-21-18 INFO Metaclass MetaLogger: Starting class QuestionnaireClass
20:21:18,549 C:\Users\ingov\PycharmProjects\ProjectR/Logs/2021-12-24_20-21-18 INFO Metaclass MetaAbsLogger: Starting class SimpleWindow
20:21:18,608 C:\Users\ingov\PycharmProjects\ProjectR/Logs/2021-12-24_20-21-18 INFO C:\Users\ingov\PycharmProjects\ProjectR/Config/config.cfg, exists so we will read it
20:21:18,608 C:\Users\ingov\PycharmProjects\ProjectR/Logs/2021-12-24_20-21-18 INFO Seconds to answer a question: 10
20:21:18,608 C:\Users\ingov\PycharmProjects\ProjectR/Logs/2021-12-24_20-21-18 INFO Seconds between questions: 30
20:21:18,608 C:\Users\ingov\PycharmProjects\ProjectR/Logs/2021-12-24_20-21-18 INFO C:\Users\ingov\PycharmProjects\ProjectR/Config/config.cfg is closed now
20:21:18,608 C:\Users\ingov\PycharmProjects\ProjectR/Logs/2021-12-24_20-21-18 INFO Metaclass MetaLogger: Starting class ConfigClass
20:21:18,608 C:\Users\ingov\PycharmProjects\ProjectR/Logs/2021-12-24_20-21-18 INFO Metaclass MetaAbsLogger: Starting class QuestionWindowAbs
20:21:18,608 C:\Users\ingov\PycharmProjects\ProjectR/Logs/2021-12-24_20-21-18 INFO Metaclass MetaAbsLogger: Starting class QuestionOneAnswer
20:21:18,608 C:\Users\ingov\PycharmProjects\ProjectR/Logs/2021-12-24_20-21-18 INFO Getting into __init__ for class: QuestionClass
20:21:18,608 C:\Users\ingov\PycharmProjects\ProjectR/Logs/2021-12-24_20-21-18 INFO Attributes in args: ('What do you say to a person in the morning?', 'Good morning')
20:21:18,608 C:\Users\ingov\PycharmProjects\ProjectR/Logs/2021-12-24_20-21-18 INFO Attributes in kwargs: {}
20:21:18,608 C:\Users\ingov\PycharmProjects\ProjectR/Logs/2021-12-24_20-21-18 INFO Setting member: _QuestionClass__question to value=What do you say to a person in the morning?
20:21:18,608 C:\Users\ingov\PycharmProjects\ProjectR/Logs/2021-12-24_20-21-18 INFO Setting member: _QuestionClass__answers to value=Good morning
20:21:18,608 C:\Users\ingov\PycharmProjects\ProjectR/Logs/2021-12-24_20-21-18 INFO Getting into __init__ for class: QuestionOneAnswer
20:21:18,618 C:\Users\ingov\PycharmProjects\ProjectR/Logs/2021-12-24_20-21-18 INFO Attributes in args: (500, 600, 'Question 3')
20:21:18,618 C:\Users\ingov\PycharmProjects\ProjectR/Logs/2021-12-24_20-21-18 INFO Attributes in kwargs: {}
20:21:18,769 C:\Users\ingov\PycharmProjects\ProjectR/Logs/2021-12-24_20-21-18 INFO Setting member: window to value=.
20:21:18,769 C:\Users\ingov\PycharmProjects\ProjectR/Logs/2021-12-24_20-21-18 INFO Getting attribute: window
20:21:18,769 C:\Users\ingov\PycharmProjects\ProjectR/Logs/2021-12-24_20-21-18 INFO Setting member: height to value=500
20:21:18,769 C:\Users\ingov\PycharmProjects\ProjectR/Logs/2021-12-24_20-21-18 INFO Setting member: width to value=600
20:21:18,769 C:\Users\ingov\PycharmProjects\ProjectR/Logs/2021-12-24_20-21-18 INFO Getting attribute: window
20:21:18,769 C:\Users\ingov\PycharmProjects\ProjectR/Logs/2021-12-24_20-21-18 INFO Getting attribute: window
20:21:18,769 C:\Users\ingov\PycharmProjects\ProjectR/Logs/2021-12-24_20-21-18 INFO Getting attribute: _QuestionClass__question
20:21:18,769 C:\Users\ingov\PycharmProjects\ProjectR/Logs/2021-12-24_20-21-18 INFO Getting attribute: question
20:21:18,769 C:\Users\ingov\PycharmProjects\ProjectR/Logs/2021-12-24_20-21-18 INFO Getting attribute: _QuestionClass__answers
20:21:18,769 C:\Users\ingov\PycharmProjects\ProjectR/Logs/2021-12-24_20-21-18 INFO Getting attribute: answers
20:21:18,769 C:\Users\ingov\PycharmProjects\ProjectR/Logs/2021-12-24_20-21-18 INFO Setting member: question to value=What do you say to a person in the morning?: Good morning
20:21:18,779 C:\Users\ingov\PycharmProjects\ProjectR/Logs/2021-12-24_20-21-18 INFO Getting attribute: window
20:21:18,779 C:\Users\ingov\PycharmProjects\ProjectR/Logs/2021-12-24_20-21-18 INFO Getting attribute: question
20:21:18,779 C:\Users\ingov\PycharmProjects\ProjectR/Logs/2021-12-24_20-21-18 INFO Getting attribute: _QuestionClass__question
20:21:18,779 C:\Users\ingov\PycharmProjects\ProjectR/Logs/2021-12-24_20-21-18 INFO Getting attribute: question
20:21:18,779 C:\Users\ingov\PycharmProjects\ProjectR/Logs/2021-12-24_20-21-18 INFO Setting member: question_label to value=.!label
20:21:18,779 C:\Users\ingov\PycharmProjects\ProjectR/Logs/2021-12-24_20-21-18 INFO Getting attribute: question_label
20:21:18,779 C:\Users\ingov\PycharmProjects\ProjectR/Logs/2021-12-24_20-21-18 INFO Getting attribute: question_label
20:21:18,779 C:\Users\ingov\PycharmProjects\ProjectR/Logs/2021-12-24_20-21-18 INFO Getting attribute: window
20:21:18,779 C:\Users\ingov\PycharmProjects\ProjectR/Logs/2021-12-24_20-21-18 INFO Getting method: reveal_answer
20:21:18,779 C:\Users\ingov\PycharmProjects\ProjectR/Logs/2021-12-24_20-21-18 INFO Setting member: button_answer to value=.!button
20:21:18,779 C:\Users\ingov\PycharmProjects\ProjectR/Logs/2021-12-24_20-21-18 INFO Getting attribute: button_answer
20:21:18,779 C:\Users\ingov\PycharmProjects\ProjectR/Logs/2021-12-24_20-21-18 INFO Setting member: answer_label to value=None
20:21:18,779 C:\Users\ingov\PycharmProjects\ProjectR/Logs/2021-12-24_20-21-18 INFO Getting attribute: window
20:21:22,148 C:\Users\ingov\PycharmProjects\ProjectR/Logs/2021-12-24_20-21-18 INFO Getting attribute: question
20:21:22,148 C:\Users\ingov\PycharmProjects\ProjectR/Logs/2021-12-24_20-21-18 INFO Getting method: get_correct_answers
20:21:22,148 C:\Users\ingov\PycharmProjects\ProjectR/Logs/2021-12-24_20-21-18 INFO Getting method: get_question_type
20:21:22,148 C:\Users\ingov\PycharmProjects\ProjectR/Logs/2021-12-24_20-21-18 INFO Getting attribute: _QuestionClass__answers
20:21:22,148 C:\Users\ingov\PycharmProjects\ProjectR/Logs/2021-12-24_20-21-18 INFO Getting attribute: logger
20:21:22,148 C:\Users\ingov\PycharmProjects\ProjectR/Logs/2021-12-24_20-21-18 INFO This question is a single answer question: Text input: value 0
20:21:22,148 C:\Users\ingov\PycharmProjects\ProjectR/Logs/2021-12-24_20-21-18 INFO Getting attribute: logger
20:21:22,148 C:\Users\ingov\PycharmProjects\ProjectR/Logs/2021-12-24_20-21-18 INFO Getting attribute: _QuestionClass__answers
20:21:22,148 C:\Users\ingov\PycharmProjects\ProjectR/Logs/2021-12-24_20-21-18 INFO The correct answer is Good morning
20:21:22,148 C:\Users\ingov\PycharmProjects\ProjectR/Logs/2021-12-24_20-21-18 INFO Getting attribute: _QuestionClass__answers
20:21:22,148 C:\Users\ingov\PycharmProjects\ProjectR/Logs/2021-12-24_20-21-18 INFO Getting attribute: window
20:21:22,148 C:\Users\ingov\PycharmProjects\ProjectR/Logs/2021-12-24_20-21-18 INFO Getting attribute: question
20:21:22,148 C:\Users\ingov\PycharmProjects\ProjectR/Logs/2021-12-24_20-21-18 INFO Getting method: get_correct_answers
20:21:22,148 C:\Users\ingov\PycharmProjects\ProjectR/Logs/2021-12-24_20-21-18 INFO Getting method: get_question_type
20:21:22,148 C:\Users\ingov\PycharmProjects\ProjectR/Logs/2021-12-24_20-21-18 INFO Getting attribute: _QuestionClass__answers
20:21:22,148 C:\Users\ingov\PycharmProjects\ProjectR/Logs/2021-12-24_20-21-18 INFO Getting attribute: logger
20:21:22,159 C:\Users\ingov\PycharmProjects\ProjectR/Logs/2021-12-24_20-21-18 INFO This question is a single answer question: Text input: value 0
20:21:22,159 C:\Users\ingov\PycharmProjects\ProjectR/Logs/2021-12-24_20-21-18 INFO Getting attribute: logger
20:21:22,159 C:\Users\ingov\PycharmProjects\ProjectR/Logs/2021-12-24_20-21-18 INFO Getting attribute: _QuestionClass__answers
20:21:22,159 C:\Users\ingov\PycharmProjects\ProjectR/Logs/2021-12-24_20-21-18 INFO The correct answer is Good morning
20:21:22,159 C:\Users\ingov\PycharmProjects\ProjectR/Logs/2021-12-24_20-21-18 INFO Getting attribute: _QuestionClass__answers
20:21:22,159 C:\Users\ingov\PycharmProjects\ProjectR/Logs/2021-12-24_20-21-18 INFO Setting member: answer_label to value=.!label2
20:21:22,159 C:\Users\ingov\PycharmProjects\ProjectR/Logs/2021-12-24_20-21-18 INFO Getting attribute: answer_label
