20:29:05,857 C:\Users\ingov\PycharmProjects\ProjectR/Logs/2021-12-24_20-29-05 INFO Log has been created and started
20:29:05,857 C:\Users\ingov\PycharmProjects\ProjectR/Logs/2021-12-24_20-29-05 INFO Metaclass MetaAbsLogger: Starting class MetaLogger
20:29:05,862 C:\Users\ingov\PycharmProjects\ProjectR/Logs/2021-12-24_20-29-05 INFO Metaclass MetaLogger: Starting class QuestionClass
20:29:05,869 C:\Users\ingov\PycharmProjects\ProjectR/Logs/2021-12-24_20-29-05 INFO Metaclass MetaLogger: Starting class QuestionnaireClass
20:29:05,887 C:\Users\ingov\PycharmProjects\ProjectR/Logs/2021-12-24_20-29-05 INFO Metaclass MetaAbsLogger: Starting class SimpleWindow
20:29:05,903 C:\Users\ingov\PycharmProjects\ProjectR/Logs/2021-12-24_20-29-05 INFO C:\Users\ingov\PycharmProjects\ProjectR/Config/config.cfg, exists so we will read it
20:29:05,907 C:\Users\ingov\PycharmProjects\ProjectR/Logs/2021-12-24_20-29-05 INFO Seconds to answer a question: 10
20:29:05,907 C:\Users\ingov\PycharmProjects\ProjectR/Logs/2021-12-24_20-29-05 INFO Seconds between questions: 30
20:29:05,907 C:\Users\ingov\PycharmProjects\ProjectR/Logs/2021-12-24_20-29-05 INFO C:\Users\ingov\PycharmProjects\ProjectR/Config/config.cfg is closed now
20:29:05,907 C:\Users\ingov\PycharmProjects\ProjectR/Logs/2021-12-24_20-29-05 INFO Metaclass MetaLogger: Starting class ConfigClass
20:29:05,907 C:\Users\ingov\PycharmProjects\ProjectR/Logs/2021-12-24_20-29-05 INFO Metaclass MetaAbsLogger: Starting class QuestionAbs
20:29:05,907 C:\Users\ingov\PycharmProjects\ProjectR/Logs/2021-12-24_20-29-05 INFO Loading a questionnaire from file: C:\Users\ingov\PycharmProjects\ProjectR/Data/Questionnaires/QuestionnaireExample2.pickle
20:29:05,927 C:\Users\ingov\PycharmProjects\ProjectR/Logs/2021-12-24_20-29-05 INFO Getting attribute: __dict__
20:29:05,927 C:\Users\ingov\PycharmProjects\ProjectR/Logs/2021-12-24_20-29-05 INFO Getting attribute: __dict__
20:29:05,927 C:\Users\ingov\PycharmProjects\ProjectR/Logs/2021-12-24_20-29-05 INFO Getting attribute: __dict__
20:29:05,957 C:\Users\ingov\PycharmProjects\ProjectR/Logs/2021-12-24_20-29-05 INFO Calling get_secs_to_answer
20:29:05,957 C:\Users\ingov\PycharmProjects\ProjectR/Logs/2021-12-24_20-29-05 INFO Getting secs to answer a questions: 10
20:29:05,957 C:\Users\ingov\PycharmProjects\ProjectR/Logs/2021-12-24_20-29-05 INFO Getting into __init__ for class: QuestionAbs
20:29:05,957 C:\Users\ingov\PycharmProjects\ProjectR/Logs/2021-12-24_20-29-05 INFO Attributes in args: (200, 300, 'Hello')
20:29:05,957 C:\Users\ingov\PycharmProjects\ProjectR/Logs/2021-12-24_20-29-05 INFO Attributes in kwargs: {}
20:29:06,37 C:\Users\ingov\PycharmProjects\ProjectR/Logs/2021-12-24_20-29-05 INFO Setting member: window to value=.
20:29:06,37 C:\Users\ingov\PycharmProjects\ProjectR/Logs/2021-12-24_20-29-05 INFO Getting attribute: window
20:29:06,37 C:\Users\ingov\PycharmProjects\ProjectR/Logs/2021-12-24_20-29-05 INFO Setting member: height to value=200
20:29:06,37 C:\Users\ingov\PycharmProjects\ProjectR/Logs/2021-12-24_20-29-05 INFO Setting member: width to value=300
20:29:06,37 C:\Users\ingov\PycharmProjects\ProjectR/Logs/2021-12-24_20-29-05 INFO Getting attribute: window
20:29:06,37 C:\Users\ingov\PycharmProjects\ProjectR/Logs/2021-12-24_20-29-05 INFO Getting attribute: window
20:29:06,37 C:\Users\ingov\PycharmProjects\ProjectR/Logs/2021-12-24_20-29-05 INFO Getting attribute: window
20:29:07,427 C:\Users\ingov\PycharmProjects\ProjectR/Logs/2021-12-24_20-29-05 INFO Getting into __init__ for class: QuestionAbs
20:29:07,427 C:\Users\ingov\PycharmProjects\ProjectR/Logs/2021-12-24_20-29-05 INFO Attributes in args: (200, 300, 'Hello')
20:29:07,427 C:\Users\ingov\PycharmProjects\ProjectR/Logs/2021-12-24_20-29-05 INFO Attributes in kwargs: {}
20:29:07,589 C:\Users\ingov\PycharmProjects\ProjectR/Logs/2021-12-24_20-29-05 INFO Setting member: window to value=.
20:29:07,589 C:\Users\ingov\PycharmProjects\ProjectR/Logs/2021-12-24_20-29-05 INFO Getting attribute: window
20:29:07,589 C:\Users\ingov\PycharmProjects\ProjectR/Logs/2021-12-24_20-29-05 INFO Setting member: height to value=200
20:29:07,589 C:\Users\ingov\PycharmProjects\ProjectR/Logs/2021-12-24_20-29-05 INFO Setting member: width to value=300
20:29:07,589 C:\Users\ingov\PycharmProjects\ProjectR/Logs/2021-12-24_20-29-05 INFO Getting attribute: window
20:29:07,589 C:\Users\ingov\PycharmProjects\ProjectR/Logs/2021-12-24_20-29-05 INFO Getting attribute: window
20:29:07,589 C:\Users\ingov\PycharmProjects\ProjectR/Logs/2021-12-24_20-29-05 INFO Getting attribute: window
20:29:10,237 C:\Users\ingov\PycharmProjects\ProjectR/Logs/2021-12-24_20-29-05 INFO Getting into __init__ for class: QuestionAbs
20:29:10,237 C:\Users\ingov\PycharmProjects\ProjectR/Logs/2021-12-24_20-29-05 INFO Attributes in args: (200, 300, 'Hello')
20:29:10,237 C:\Users\ingov\PycharmProjects\ProjectR/Logs/2021-12-24_20-29-05 INFO Attributes in kwargs: {}
20:29:10,327 C:\Users\ingov\PycharmProjects\ProjectR/Logs/2021-12-24_20-29-05 INFO Setting member: window to value=.
20:29:10,327 C:\Users\ingov\PycharmProjects\ProjectR/Logs/2021-12-24_20-29-05 INFO Getting attribute: window
20:29:10,327 C:\Users\ingov\PycharmProjects\ProjectR/Logs/2021-12-24_20-29-05 INFO Setting member: height to value=200
20:29:10,327 C:\Users\ingov\PycharmProjects\ProjectR/Logs/2021-12-24_20-29-05 INFO Setting member: width to value=300
20:29:10,327 C:\Users\ingov\PycharmProjects\ProjectR/Logs/2021-12-24_20-29-05 INFO Getting attribute: window
20:29:10,327 C:\Users\ingov\PycharmProjects\ProjectR/Logs/2021-12-24_20-29-05 INFO Getting attribute: window
20:29:10,327 C:\Users\ingov\PycharmProjects\ProjectR/Logs/2021-12-24_20-29-05 INFO Getting attribute: window
20:29:10,327 C:\Users\ingov\PycharmProjects\ProjectR/Logs/2021-12-24_20-29-05 INFO Getting attribute: window
