22:18:49,113 C:\Users\ingov\PycharmProjects\ProjectR/Logs/2021-12-25_22-18-49 INFO Log has been created and started
22:18:49,113 C:\Users\ingov\PycharmProjects\ProjectR/Logs/2021-12-25_22-18-49 INFO Metaclass MetaAbsLogger: Starting class MetaLogger
22:18:49,117 C:\Users\ingov\PycharmProjects\ProjectR/Logs/2021-12-25_22-18-49 INFO Metaclass MetaLogger: Starting class QuestionClass
22:18:49,131 C:\Users\ingov\PycharmProjects\ProjectR/Logs/2021-12-25_22-18-49 INFO Metaclass MetaLogger: Starting class QuestionnaireClass
22:18:49,133 C:\Users\ingov\PycharmProjects\ProjectR/Logs/2021-12-25_22-18-49 INFO Metaclass MetaAbsLogger: Starting class CurrentSession
22:18:49,158 C:\Users\ingov\PycharmProjects\ProjectR/Logs/2021-12-25_22-18-49 INFO Metaclass MetaAbsLogger: Starting class SimpleWindow
22:18:49,178 C:\Users\ingov\PycharmProjects\ProjectR/Logs/2021-12-25_22-18-49 INFO C:\Users\ingov\PycharmProjects\ProjectR/Config/config.cfg, exists so we will read it
22:18:49,180 C:\Users\ingov\PycharmProjects\ProjectR/Logs/2021-12-25_22-18-49 INFO Seconds to answer a question: 10
22:18:49,180 C:\Users\ingov\PycharmProjects\ProjectR/Logs/2021-12-25_22-18-49 INFO Seconds between questions: 30
22:18:49,180 C:\Users\ingov\PycharmProjects\ProjectR/Logs/2021-12-25_22-18-49 INFO C:\Users\ingov\PycharmProjects\ProjectR/Config/config.cfg is closed now
22:18:49,180 C:\Users\ingov\PycharmProjects\ProjectR/Logs/2021-12-25_22-18-49 INFO Metaclass MetaLogger: Starting class ConfigClass
22:18:49,181 C:\Users\ingov\PycharmProjects\ProjectR/Logs/2021-12-25_22-18-49 INFO Metaclass MetaAbsLogger: Starting class QuestionWindowAbs
22:18:49,181 C:\Users\ingov\PycharmProjects\ProjectR/Logs/2021-12-25_22-18-49 INFO Metaclass MetaAbsLogger: Starting class QuestionOneAnswer
22:18:49,181 C:\Users\ingov\PycharmProjects\ProjectR/Logs/2021-12-25_22-18-49 INFO Metaclass MetaAbsLogger: Starting class QuestionOneAnswerMultiple
22:18:49,181 C:\Users\ingov\PycharmProjects\ProjectR/Logs/2021-12-25_22-18-49 INFO Metaclass MetaAbsLogger: Starting class QuestionTwoAnswersMultiple
22:18:49,181 C:\Users\ingov\PycharmProjects\ProjectR/Logs/2021-12-25_22-18-49 INFO Getting into __init__ for class: QuestionClass
22:18:49,181 C:\Users\ingov\PycharmProjects\ProjectR/Logs/2021-12-25_22-18-49 INFO Attributes in args: ('What do you say to a person in the morning?', 'Good morning')
22:18:49,181 C:\Users\ingov\PycharmProjects\ProjectR/Logs/2021-12-25_22-18-49 INFO Attributes in kwargs: {}
22:18:49,181 C:\Users\ingov\PycharmProjects\ProjectR/Logs/2021-12-25_22-18-49 INFO Setting member: _QuestionClass__question to value=What do you say to a person in the morning?
22:18:49,181 C:\Users\ingov\PycharmProjects\ProjectR/Logs/2021-12-25_22-18-49 INFO Setting member: _QuestionClass__answers to value=Good morning
22:18:49,181 C:\Users\ingov\PycharmProjects\ProjectR/Logs/2021-12-25_22-18-49 INFO Getting into __init__ for class: QuestionOneAnswer
22:18:49,181 C:\Users\ingov\PycharmProjects\ProjectR/Logs/2021-12-25_22-18-49 INFO Attributes in args: ()
22:18:49,181 C:\Users\ingov\PycharmProjects\ProjectR/Logs/2021-12-25_22-18-49 INFO Attributes in kwargs: {'width': 600, 'height': 450, 'title': 'Question 3'}
22:18:49,281 C:\Users\ingov\PycharmProjects\ProjectR/Logs/2021-12-25_22-18-49 INFO Setting member: window to value=.
22:18:49,281 C:\Users\ingov\PycharmProjects\ProjectR/Logs/2021-12-25_22-18-49 INFO Getting attribute: window
22:18:49,281 C:\Users\ingov\PycharmProjects\ProjectR/Logs/2021-12-25_22-18-49 INFO Setting member: height to value=450
22:18:49,281 C:\Users\ingov\PycharmProjects\ProjectR/Logs/2021-12-25_22-18-49 INFO Setting member: width to value=600
22:18:49,281 C:\Users\ingov\PycharmProjects\ProjectR/Logs/2021-12-25_22-18-49 INFO Getting attribute: window
22:18:49,281 C:\Users\ingov\PycharmProjects\ProjectR/Logs/2021-12-25_22-18-49 INFO Getting attribute: window
22:18:49,281 C:\Users\ingov\PycharmProjects\ProjectR/Logs/2021-12-25_22-18-49 INFO Getting attribute: window
22:18:49,289 C:\Users\ingov\PycharmProjects\ProjectR/Logs/2021-12-25_22-18-49 INFO Setting member: menu to value=.!menu
22:18:49,289 C:\Users\ingov\PycharmProjects\ProjectR/Logs/2021-12-25_22-18-49 INFO Getting attribute: window
22:18:49,289 C:\Users\ingov\PycharmProjects\ProjectR/Logs/2021-12-25_22-18-49 INFO Getting attribute: menu
22:18:49,295 C:\Users\ingov\PycharmProjects\ProjectR/Logs/2021-12-25_22-18-49 INFO Getting attribute: menu
22:18:49,295 C:\Users\ingov\PycharmProjects\ProjectR/Logs/2021-12-25_22-18-49 INFO Getting method: go_back_to_main
22:18:49,296 C:\Users\ingov\PycharmProjects\ProjectR/Logs/2021-12-25_22-18-49 INFO Getting attribute: menu
22:18:49,296 C:\Users\ingov\PycharmProjects\ProjectR/Logs/2021-12-25_22-18-49 INFO Getting attribute: _QuestionClass__question
22:18:49,296 C:\Users\ingov\PycharmProjects\ProjectR/Logs/2021-12-25_22-18-49 INFO Getting attribute: question
22:18:49,296 C:\Users\ingov\PycharmProjects\ProjectR/Logs/2021-12-25_22-18-49 INFO Getting attribute: _QuestionClass__answers
22:18:49,296 C:\Users\ingov\PycharmProjects\ProjectR/Logs/2021-12-25_22-18-49 INFO Getting attribute: answers
22:18:49,296 C:\Users\ingov\PycharmProjects\ProjectR/Logs/2021-12-25_22-18-49 INFO Setting member: question to value=What do you say to a person in the morning?: Good morning
22:18:49,296 C:\Users\ingov\PycharmProjects\ProjectR/Logs/2021-12-25_22-18-49 INFO Getting attribute: window
22:18:49,296 C:\Users\ingov\PycharmProjects\ProjectR/Logs/2021-12-25_22-18-49 INFO Getting attribute: _QuestionClass__question
22:18:49,296 C:\Users\ingov\PycharmProjects\ProjectR/Logs/2021-12-25_22-18-49 INFO Getting attribute: question
22:18:49,298 C:\Users\ingov\PycharmProjects\ProjectR/Logs/2021-12-25_22-18-49 INFO Setting member: question_label to value=.!label
22:18:49,298 C:\Users\ingov\PycharmProjects\ProjectR/Logs/2021-12-25_22-18-49 INFO Getting attribute: question_label
22:18:49,298 C:\Users\ingov\PycharmProjects\ProjectR/Logs/2021-12-25_22-18-49 INFO Getting attribute: question_label
22:18:49,298 C:\Users\ingov\PycharmProjects\ProjectR/Logs/2021-12-25_22-18-49 INFO Getting attribute: window
22:18:49,298 C:\Users\ingov\PycharmProjects\ProjectR/Logs/2021-12-25_22-18-49 INFO Getting method: reveal_answer
22:18:49,299 C:\Users\ingov\PycharmProjects\ProjectR/Logs/2021-12-25_22-18-49 INFO Setting member: button_answer to value=.!button
22:18:49,299 C:\Users\ingov\PycharmProjects\ProjectR/Logs/2021-12-25_22-18-49 INFO Getting attribute: button_answer
22:18:49,299 C:\Users\ingov\PycharmProjects\ProjectR/Logs/2021-12-25_22-18-49 INFO Setting member: answer_label to value=None
22:18:49,299 C:\Users\ingov\PycharmProjects\ProjectR/Logs/2021-12-25_22-18-49 INFO Setting member: button_correct to value=None
22:18:49,299 C:\Users\ingov\PycharmProjects\ProjectR/Logs/2021-12-25_22-18-49 INFO Setting member: button_failed to value=None
22:18:49,299 C:\Users\ingov\PycharmProjects\ProjectR/Logs/2021-12-25_22-18-49 INFO Getting attribute: window
22:18:50,484 C:\Users\ingov\PycharmProjects\ProjectR/Logs/2021-12-25_22-18-49 INFO Getting attribute: button_answer
22:18:50,484 C:\Users\ingov\PycharmProjects\ProjectR/Logs/2021-12-25_22-18-49 INFO Getting attribute: question
22:18:50,484 C:\Users\ingov\PycharmProjects\ProjectR/Logs/2021-12-25_22-18-49 INFO Getting method: get_correct_answers
22:18:50,484 C:\Users\ingov\PycharmProjects\ProjectR/Logs/2021-12-25_22-18-49 INFO Getting method: get_question_type
22:18:50,484 C:\Users\ingov\PycharmProjects\ProjectR/Logs/2021-12-25_22-18-49 INFO Getting attribute: _QuestionClass__answers
22:18:50,484 C:\Users\ingov\PycharmProjects\ProjectR/Logs/2021-12-25_22-18-49 INFO Getting attribute: logger
22:18:50,484 C:\Users\ingov\PycharmProjects\ProjectR/Logs/2021-12-25_22-18-49 INFO This question is a single answer question: Text input: value 0
22:18:50,484 C:\Users\ingov\PycharmProjects\ProjectR/Logs/2021-12-25_22-18-49 INFO Getting attribute: logger
22:18:50,484 C:\Users\ingov\PycharmProjects\ProjectR/Logs/2021-12-25_22-18-49 INFO Getting attribute: _QuestionClass__answers
22:18:50,484 C:\Users\ingov\PycharmProjects\ProjectR/Logs/2021-12-25_22-18-49 INFO The correct answer is Good morning
22:18:50,486 C:\Users\ingov\PycharmProjects\ProjectR/Logs/2021-12-25_22-18-49 INFO Getting attribute: _QuestionClass__answers
22:18:50,486 C:\Users\ingov\PycharmProjects\ProjectR/Logs/2021-12-25_22-18-49 INFO Getting attribute: window
22:18:50,486 C:\Users\ingov\PycharmProjects\ProjectR/Logs/2021-12-25_22-18-49 INFO Getting attribute: question
22:18:50,486 C:\Users\ingov\PycharmProjects\ProjectR/Logs/2021-12-25_22-18-49 INFO Getting method: get_correct_answers
22:18:50,486 C:\Users\ingov\PycharmProjects\ProjectR/Logs/2021-12-25_22-18-49 INFO Getting method: get_question_type
22:18:50,486 C:\Users\ingov\PycharmProjects\ProjectR/Logs/2021-12-25_22-18-49 INFO Getting attribute: _QuestionClass__answers
22:18:50,486 C:\Users\ingov\PycharmProjects\ProjectR/Logs/2021-12-25_22-18-49 INFO Getting attribute: logger
22:18:50,486 C:\Users\ingov\PycharmProjects\ProjectR/Logs/2021-12-25_22-18-49 INFO This question is a single answer question: Text input: value 0
22:18:50,486 C:\Users\ingov\PycharmProjects\ProjectR/Logs/2021-12-25_22-18-49 INFO Getting attribute: logger
22:18:50,486 C:\Users\ingov\PycharmProjects\ProjectR/Logs/2021-12-25_22-18-49 INFO Getting attribute: _QuestionClass__answers
22:18:50,486 C:\Users\ingov\PycharmProjects\ProjectR/Logs/2021-12-25_22-18-49 INFO The correct answer is Good morning
22:18:50,486 C:\Users\ingov\PycharmProjects\ProjectR/Logs/2021-12-25_22-18-49 INFO Getting attribute: _QuestionClass__answers
22:18:50,487 C:\Users\ingov\PycharmProjects\ProjectR/Logs/2021-12-25_22-18-49 INFO Setting member: answer_label to value=.!label2
22:18:50,487 C:\Users\ingov\PycharmProjects\ProjectR/Logs/2021-12-25_22-18-49 INFO Getting attribute: answer_label
22:18:50,488 C:\Users\ingov\PycharmProjects\ProjectR/Logs/2021-12-25_22-18-49 INFO Getting attribute: window
22:18:50,488 C:\Users\ingov\PycharmProjects\ProjectR/Logs/2021-12-25_22-18-49 INFO Getting method: command_button_correct
22:18:50,488 C:\Users\ingov\PycharmProjects\ProjectR/Logs/2021-12-25_22-18-49 INFO Setting member: button_correct to value=.!frame.!button
22:18:50,488 C:\Users\ingov\PycharmProjects\ProjectR/Logs/2021-12-25_22-18-49 INFO Getting method: command_button_failed
22:18:50,488 C:\Users\ingov\PycharmProjects\ProjectR/Logs/2021-12-25_22-18-49 INFO Setting member: button_failed to value=.!frame.!button2
22:18:50,488 C:\Users\ingov\PycharmProjects\ProjectR/Logs/2021-12-25_22-18-49 INFO Getting attribute: button_correct
22:18:50,488 C:\Users\ingov\PycharmProjects\ProjectR/Logs/2021-12-25_22-18-49 INFO Getting attribute: button_failed
22:18:50,488 C:\Users\ingov\PycharmProjects\ProjectR/Logs/2021-12-25_22-18-49 INFO Getting attribute: window
22:18:52,381 C:\Users\ingov\PycharmProjects\ProjectR/Logs/2021-12-25_22-18-49 INFO Getting method: add_result
22:18:52,381 C:\Users\ingov\PycharmProjects\ProjectR/Logs/2021-12-25_22-18-49 INFO Getting attribute: question
22:18:52,382 C:\Users\ingov\PycharmProjects\ProjectR/Logs/2021-12-25_22-18-49 INFO Getting attribute: _QuestionClass__question
22:18:52,382 C:\Users\ingov\PycharmProjects\ProjectR/Logs/2021-12-25_22-18-49 INFO Getting attribute: question
22:18:52,382 C:\Users\ingov\PycharmProjects\ProjectR/Logs/2021-12-25_22-18-49 INFO Getting attribute: button_correct
22:18:52,382 C:\Users\ingov\PycharmProjects\ProjectR/Logs/2021-12-25_22-18-49 INFO Getting attribute: button_failed
22:18:52,382 C:\Users\ingov\PycharmProjects\ProjectR/Logs/2021-12-25_22-18-49 INFO Getting attribute: window
22:18:52,382 C:\Users\ingov\PycharmProjects\ProjectR/Logs/2021-12-25_22-18-49 INFO Getting attribute: window
22:18:52,382 C:\Users\ingov\PycharmProjects\ProjectR/Logs/2021-12-25_22-18-49 INFO Getting attribute: window
22:18:52,382 C:\Users\ingov\PycharmProjects\ProjectR/Logs/2021-12-25_22-18-49 INFO Getting attribute: window
22:18:56,632 C:\Users\ingov\PycharmProjects\ProjectR/Logs/2021-12-25_22-18-49 INFO Getting into __init__ for class: QuestionClass
22:18:56,633 C:\Users\ingov\PycharmProjects\ProjectR/Logs/2021-12-25_22-18-49 INFO Attributes in args: ('What of the following ones are Python basic types?', [('Fire', False), ('Bool', True), ('Normal', False), ('Basic', False)])
22:18:56,634 C:\Users\ingov\PycharmProjects\ProjectR/Logs/2021-12-25_22-18-49 INFO Attributes in kwargs: {}
22:18:56,634 C:\Users\ingov\PycharmProjects\ProjectR/Logs/2021-12-25_22-18-49 INFO Setting member: _QuestionClass__question to value=What of the following ones are Python basic types?
22:18:56,634 C:\Users\ingov\PycharmProjects\ProjectR/Logs/2021-12-25_22-18-49 INFO Setting member: _QuestionClass__answers to value=[('Fire', False), ('Bool', True), ('Normal', False), ('Basic', False)]
22:18:56,634 C:\Users\ingov\PycharmProjects\ProjectR/Logs/2021-12-25_22-18-49 INFO Getting into __init__ for class: QuestionOneAnswerMultiple
22:18:56,634 C:\Users\ingov\PycharmProjects\ProjectR/Logs/2021-12-25_22-18-49 INFO Attributes in args: ()
22:18:56,634 C:\Users\ingov\PycharmProjects\ProjectR/Logs/2021-12-25_22-18-49 INFO Attributes in kwargs: {'width': 600, 'height': 550, 'title': 'Question 4'}
22:18:56,733 C:\Users\ingov\PycharmProjects\ProjectR/Logs/2021-12-25_22-18-49 INFO Setting member: window to value=.
22:18:56,733 C:\Users\ingov\PycharmProjects\ProjectR/Logs/2021-12-25_22-18-49 INFO Getting attribute: window
22:18:56,733 C:\Users\ingov\PycharmProjects\ProjectR/Logs/2021-12-25_22-18-49 INFO Setting member: height to value=550
22:18:56,733 C:\Users\ingov\PycharmProjects\ProjectR/Logs/2021-12-25_22-18-49 INFO Setting member: width to value=600
22:18:56,733 C:\Users\ingov\PycharmProjects\ProjectR/Logs/2021-12-25_22-18-49 INFO Getting attribute: window
22:18:56,733 C:\Users\ingov\PycharmProjects\ProjectR/Logs/2021-12-25_22-18-49 INFO Getting attribute: window
22:18:56,733 C:\Users\ingov\PycharmProjects\ProjectR/Logs/2021-12-25_22-18-49 INFO Getting attribute: window
22:18:56,734 C:\Users\ingov\PycharmProjects\ProjectR/Logs/2021-12-25_22-18-49 INFO Setting member: menu to value=.!menu
22:18:56,734 C:\Users\ingov\PycharmProjects\ProjectR/Logs/2021-12-25_22-18-49 INFO Getting attribute: window
22:18:56,734 C:\Users\ingov\PycharmProjects\ProjectR/Logs/2021-12-25_22-18-49 INFO Getting attribute: menu
22:18:56,740 C:\Users\ingov\PycharmProjects\ProjectR/Logs/2021-12-25_22-18-49 INFO Getting attribute: menu
22:18:56,740 C:\Users\ingov\PycharmProjects\ProjectR/Logs/2021-12-25_22-18-49 INFO Getting method: go_back_to_main
22:18:56,740 C:\Users\ingov\PycharmProjects\ProjectR/Logs/2021-12-25_22-18-49 INFO Getting attribute: menu
22:18:56,740 C:\Users\ingov\PycharmProjects\ProjectR/Logs/2021-12-25_22-18-49 INFO Getting attribute: _QuestionClass__question
22:18:56,740 C:\Users\ingov\PycharmProjects\ProjectR/Logs/2021-12-25_22-18-49 INFO Getting attribute: question
22:18:56,740 C:\Users\ingov\PycharmProjects\ProjectR/Logs/2021-12-25_22-18-49 INFO Getting attribute: _QuestionClass__answers
22:18:56,740 C:\Users\ingov\PycharmProjects\ProjectR/Logs/2021-12-25_22-18-49 INFO Getting attribute: answers
22:18:56,740 C:\Users\ingov\PycharmProjects\ProjectR/Logs/2021-12-25_22-18-49 INFO Setting member: question to value=What of the following ones are Python basic types?: [('Fire', False), ('Bool', True), ('Normal', False), ('Basic', False)]
22:18:56,740 C:\Users\ingov\PycharmProjects\ProjectR/Logs/2021-12-25_22-18-49 INFO Getting attribute: window
22:18:56,740 C:\Users\ingov\PycharmProjects\ProjectR/Logs/2021-12-25_22-18-49 INFO Getting attribute: _QuestionClass__question
22:18:56,740 C:\Users\ingov\PycharmProjects\ProjectR/Logs/2021-12-25_22-18-49 INFO Getting attribute: question
22:18:56,741 C:\Users\ingov\PycharmProjects\ProjectR/Logs/2021-12-25_22-18-49 INFO Setting member: question_label to value=.!label
22:18:56,742 C:\Users\ingov\PycharmProjects\ProjectR/Logs/2021-12-25_22-18-49 INFO Getting attribute: question_label
22:18:56,742 C:\Users\ingov\PycharmProjects\ProjectR/Logs/2021-12-25_22-18-49 INFO Getting attribute: question_label
22:18:56,742 C:\Users\ingov\PycharmProjects\ProjectR/Logs/2021-12-25_22-18-49 INFO Setting member: radio_buttons to value=[]
22:18:56,742 C:\Users\ingov\PycharmProjects\ProjectR/Logs/2021-12-25_22-18-49 INFO Setting member: answer_group to value=PY_VAR0
22:18:56,742 C:\Users\ingov\PycharmProjects\ProjectR/Logs/2021-12-25_22-18-49 INFO Setting member: radio_button_font to value=('TkDefaultFont', 12)
22:18:56,742 C:\Users\ingov\PycharmProjects\ProjectR/Logs/2021-12-25_22-18-49 INFO Getting attribute: question
22:18:56,742 C:\Users\ingov\PycharmProjects\ProjectR/Logs/2021-12-25_22-18-49 INFO Getting attribute: _QuestionClass__answers
22:18:56,742 C:\Users\ingov\PycharmProjects\ProjectR/Logs/2021-12-25_22-18-49 INFO Getting attribute: answers
22:18:56,742 C:\Users\ingov\PycharmProjects\ProjectR/Logs/2021-12-25_22-18-49 INFO Getting attribute: window
22:18:56,743 C:\Users\ingov\PycharmProjects\ProjectR/Logs/2021-12-25_22-18-49 INFO Getting attribute: answer_group
22:18:56,743 C:\Users\ingov\PycharmProjects\ProjectR/Logs/2021-12-25_22-18-49 INFO Getting method: reveal_result
22:18:56,743 C:\Users\ingov\PycharmProjects\ProjectR/Logs/2021-12-25_22-18-49 INFO Getting attribute: radio_button_font
22:18:56,745 C:\Users\ingov\PycharmProjects\ProjectR/Logs/2021-12-25_22-18-49 INFO Getting attribute: radio_buttons
22:18:56,745 C:\Users\ingov\PycharmProjects\ProjectR/Logs/2021-12-25_22-18-49 INFO Getting attribute: window
22:18:56,745 C:\Users\ingov\PycharmProjects\ProjectR/Logs/2021-12-25_22-18-49 INFO Getting attribute: answer_group
22:18:56,745 C:\Users\ingov\PycharmProjects\ProjectR/Logs/2021-12-25_22-18-49 INFO Getting method: reveal_result
22:18:56,745 C:\Users\ingov\PycharmProjects\ProjectR/Logs/2021-12-25_22-18-49 INFO Getting attribute: radio_button_font
22:18:56,746 C:\Users\ingov\PycharmProjects\ProjectR/Logs/2021-12-25_22-18-49 INFO Getting attribute: radio_buttons
22:18:56,746 C:\Users\ingov\PycharmProjects\ProjectR/Logs/2021-12-25_22-18-49 INFO Getting attribute: window
22:18:56,746 C:\Users\ingov\PycharmProjects\ProjectR/Logs/2021-12-25_22-18-49 INFO Getting attribute: answer_group
22:18:56,746 C:\Users\ingov\PycharmProjects\ProjectR/Logs/2021-12-25_22-18-49 INFO Getting method: reveal_result
22:18:56,746 C:\Users\ingov\PycharmProjects\ProjectR/Logs/2021-12-25_22-18-49 INFO Getting attribute: radio_button_font
22:18:56,747 C:\Users\ingov\PycharmProjects\ProjectR/Logs/2021-12-25_22-18-49 INFO Getting attribute: radio_buttons
22:18:56,747 C:\Users\ingov\PycharmProjects\ProjectR/Logs/2021-12-25_22-18-49 INFO Getting attribute: window
22:18:56,747 C:\Users\ingov\PycharmProjects\ProjectR/Logs/2021-12-25_22-18-49 INFO Getting attribute: answer_group
22:18:56,747 C:\Users\ingov\PycharmProjects\ProjectR/Logs/2021-12-25_22-18-49 INFO Getting method: reveal_result
22:18:56,747 C:\Users\ingov\PycharmProjects\ProjectR/Logs/2021-12-25_22-18-49 INFO Getting attribute: radio_button_font
22:18:56,747 C:\Users\ingov\PycharmProjects\ProjectR/Logs/2021-12-25_22-18-49 INFO Getting attribute: radio_buttons
22:18:56,747 C:\Users\ingov\PycharmProjects\ProjectR/Logs/2021-12-25_22-18-49 INFO Getting attribute: window
22:18:58,962 C:\Users\ingov\PycharmProjects\ProjectR/Logs/2021-12-25_22-18-49 INFO Getting into __init__ for class: QuestionClass
22:18:58,962 C:\Users\ingov\PycharmProjects\ProjectR/Logs/2021-12-25_22-18-49 INFO Attributes in args: ('Which of the following countries belong to the European Union', [('Serbia', False), ('Latvia', True), ('Norway', False), ('Malta', True)])
22:18:58,962 C:\Users\ingov\PycharmProjects\ProjectR/Logs/2021-12-25_22-18-49 INFO Attributes in kwargs: {}
22:18:58,963 C:\Users\ingov\PycharmProjects\ProjectR/Logs/2021-12-25_22-18-49 INFO Setting member: _QuestionClass__question to value=Which of the following countries belong to the European Union
22:18:58,963 C:\Users\ingov\PycharmProjects\ProjectR/Logs/2021-12-25_22-18-49 INFO Setting member: _QuestionClass__answers to value=[('Serbia', False), ('Latvia', True), ('Norway', False), ('Malta', True)]
22:18:58,963 C:\Users\ingov\PycharmProjects\ProjectR/Logs/2021-12-25_22-18-49 INFO Getting into __init__ for class: QuestionTwoAnswersMultiple
22:18:58,963 C:\Users\ingov\PycharmProjects\ProjectR/Logs/2021-12-25_22-18-49 INFO Attributes in args: ()
22:18:58,964 C:\Users\ingov\PycharmProjects\ProjectR/Logs/2021-12-25_22-18-49 INFO Attributes in kwargs: {'width': 600, 'height': 550, 'title': 'Question 5'}
22:18:59,207 C:\Users\ingov\PycharmProjects\ProjectR/Logs/2021-12-25_22-18-49 INFO Setting member: window to value=.
22:18:59,208 C:\Users\ingov\PycharmProjects\ProjectR/Logs/2021-12-25_22-18-49 INFO Getting attribute: window
22:18:59,208 C:\Users\ingov\PycharmProjects\ProjectR/Logs/2021-12-25_22-18-49 INFO Setting member: height to value=550
22:18:59,208 C:\Users\ingov\PycharmProjects\ProjectR/Logs/2021-12-25_22-18-49 INFO Setting member: width to value=600
22:18:59,208 C:\Users\ingov\PycharmProjects\ProjectR/Logs/2021-12-25_22-18-49 INFO Getting attribute: window
22:18:59,209 C:\Users\ingov\PycharmProjects\ProjectR/Logs/2021-12-25_22-18-49 INFO Getting attribute: window
22:18:59,209 C:\Users\ingov\PycharmProjects\ProjectR/Logs/2021-12-25_22-18-49 INFO Getting attribute: window
22:18:59,210 C:\Users\ingov\PycharmProjects\ProjectR/Logs/2021-12-25_22-18-49 INFO Setting member: menu to value=.!menu
22:18:59,211 C:\Users\ingov\PycharmProjects\ProjectR/Logs/2021-12-25_22-18-49 INFO Getting attribute: window
22:18:59,211 C:\Users\ingov\PycharmProjects\ProjectR/Logs/2021-12-25_22-18-49 INFO Getting attribute: menu
22:18:59,223 C:\Users\ingov\PycharmProjects\ProjectR/Logs/2021-12-25_22-18-49 INFO Getting attribute: menu
22:18:59,223 C:\Users\ingov\PycharmProjects\ProjectR/Logs/2021-12-25_22-18-49 INFO Getting method: go_back_to_main
22:18:59,224 C:\Users\ingov\PycharmProjects\ProjectR/Logs/2021-12-25_22-18-49 INFO Getting attribute: menu
22:18:59,224 C:\Users\ingov\PycharmProjects\ProjectR/Logs/2021-12-25_22-18-49 INFO Getting attribute: _QuestionClass__question
22:18:59,224 C:\Users\ingov\PycharmProjects\ProjectR/Logs/2021-12-25_22-18-49 INFO Getting attribute: question
22:18:59,224 C:\Users\ingov\PycharmProjects\ProjectR/Logs/2021-12-25_22-18-49 INFO Getting attribute: _QuestionClass__answers
22:18:59,225 C:\Users\ingov\PycharmProjects\ProjectR/Logs/2021-12-25_22-18-49 INFO Getting attribute: answers
22:18:59,225 C:\Users\ingov\PycharmProjects\ProjectR/Logs/2021-12-25_22-18-49 INFO Setting member: question to value=Which of the following countries belong to the European Union: [('Serbia', False), ('Latvia', True), ('Norway', False), ('Malta', True)]
22:18:59,225 C:\Users\ingov\PycharmProjects\ProjectR/Logs/2021-12-25_22-18-49 INFO Getting attribute: window
22:18:59,225 C:\Users\ingov\PycharmProjects\ProjectR/Logs/2021-12-25_22-18-49 INFO Getting attribute: _QuestionClass__question
22:18:59,225 C:\Users\ingov\PycharmProjects\ProjectR/Logs/2021-12-25_22-18-49 INFO Getting attribute: question
22:18:59,227 C:\Users\ingov\PycharmProjects\ProjectR/Logs/2021-12-25_22-18-49 INFO Setting member: question_label to value=.!label
22:18:59,227 C:\Users\ingov\PycharmProjects\ProjectR/Logs/2021-12-25_22-18-49 INFO Getting attribute: question_label
22:18:59,227 C:\Users\ingov\PycharmProjects\ProjectR/Logs/2021-12-25_22-18-49 INFO Getting attribute: question_label
22:18:59,228 C:\Users\ingov\PycharmProjects\ProjectR/Logs/2021-12-25_22-18-49 INFO Setting member: check_boxes to value=[]
22:18:59,228 C:\Users\ingov\PycharmProjects\ProjectR/Logs/2021-12-25_22-18-49 INFO Setting member: answer_group to value=PY_VAR1
22:18:59,228 C:\Users\ingov\PycharmProjects\ProjectR/Logs/2021-12-25_22-18-49 INFO Setting member: check_button_font to value=('TkDefaultFont', 12)
22:18:59,228 C:\Users\ingov\PycharmProjects\ProjectR/Logs/2021-12-25_22-18-49 INFO Setting member: checks_done to value=0
22:18:59,228 C:\Users\ingov\PycharmProjects\ProjectR/Logs/2021-12-25_22-18-49 INFO Setting member: vars_int to value=[]
22:18:59,228 C:\Users\ingov\PycharmProjects\ProjectR/Logs/2021-12-25_22-18-49 INFO Getting attribute: question
22:18:59,229 C:\Users\ingov\PycharmProjects\ProjectR/Logs/2021-12-25_22-18-49 INFO Getting attribute: _QuestionClass__answers
22:18:59,229 C:\Users\ingov\PycharmProjects\ProjectR/Logs/2021-12-25_22-18-49 INFO Getting attribute: answers
22:18:59,229 C:\Users\ingov\PycharmProjects\ProjectR/Logs/2021-12-25_22-18-49 INFO Getting attribute: window
22:18:59,229 C:\Users\ingov\PycharmProjects\ProjectR/Logs/2021-12-25_22-18-49 INFO Getting attribute: check_button_font
22:18:59,229 C:\Users\ingov\PycharmProjects\ProjectR/Logs/2021-12-25_22-18-49 INFO Getting method: checking_box
22:18:59,230 C:\Users\ingov\PycharmProjects\ProjectR/Logs/2021-12-25_22-18-49 INFO Getting attribute: vars_int
22:18:59,231 C:\Users\ingov\PycharmProjects\ProjectR/Logs/2021-12-25_22-18-49 INFO Getting attribute: check_boxes
22:18:59,231 C:\Users\ingov\PycharmProjects\ProjectR/Logs/2021-12-25_22-18-49 INFO Getting attribute: window
22:18:59,231 C:\Users\ingov\PycharmProjects\ProjectR/Logs/2021-12-25_22-18-49 INFO Getting attribute: check_button_font
22:18:59,231 C:\Users\ingov\PycharmProjects\ProjectR/Logs/2021-12-25_22-18-49 INFO Getting method: checking_box
22:18:59,232 C:\Users\ingov\PycharmProjects\ProjectR/Logs/2021-12-25_22-18-49 INFO Getting attribute: vars_int
22:18:59,232 C:\Users\ingov\PycharmProjects\ProjectR/Logs/2021-12-25_22-18-49 INFO Getting attribute: check_boxes
22:18:59,232 C:\Users\ingov\PycharmProjects\ProjectR/Logs/2021-12-25_22-18-49 INFO Getting attribute: window
22:18:59,232 C:\Users\ingov\PycharmProjects\ProjectR/Logs/2021-12-25_22-18-49 INFO Getting attribute: check_button_font
22:18:59,233 C:\Users\ingov\PycharmProjects\ProjectR/Logs/2021-12-25_22-18-49 INFO Getting method: checking_box
22:18:59,234 C:\Users\ingov\PycharmProjects\ProjectR/Logs/2021-12-25_22-18-49 INFO Getting attribute: vars_int
22:18:59,234 C:\Users\ingov\PycharmProjects\ProjectR/Logs/2021-12-25_22-18-49 INFO Getting attribute: check_boxes
22:18:59,234 C:\Users\ingov\PycharmProjects\ProjectR/Logs/2021-12-25_22-18-49 INFO Getting attribute: window
22:18:59,234 C:\Users\ingov\PycharmProjects\ProjectR/Logs/2021-12-25_22-18-49 INFO Getting attribute: check_button_font
22:18:59,235 C:\Users\ingov\PycharmProjects\ProjectR/Logs/2021-12-25_22-18-49 INFO Getting method: checking_box
22:18:59,236 C:\Users\ingov\PycharmProjects\ProjectR/Logs/2021-12-25_22-18-49 INFO Getting attribute: vars_int
22:18:59,236 C:\Users\ingov\PycharmProjects\ProjectR/Logs/2021-12-25_22-18-49 INFO Getting attribute: check_boxes
22:18:59,236 C:\Users\ingov\PycharmProjects\ProjectR/Logs/2021-12-25_22-18-49 INFO Getting attribute: window
