18:37:37,378 C:\Users\ingov\PycharmProjects\ProjectR/Logs/2021-12-24_18-37-37 INFO Log has been created and started
18:37:37,378 C:\Users\ingov\PycharmProjects\ProjectR/Logs/2021-12-24_18-37-37 INFO Metaclass MetaAbsLogger: Starting class MetaLogger
18:37:37,463 C:\Users\ingov\PycharmProjects\ProjectR/Logs/2021-12-24_18-37-37 INFO Metaclass MetaLogger: Starting class QuestionClass
18:37:37,898 C:\Users\ingov\PycharmProjects\ProjectR/Logs/2021-12-24_18-37-37 INFO Metaclass MetaLogger: Starting class QuestionnaireClass
18:37:38,808 C:\Users\ingov\PycharmProjects\ProjectR/Logs/2021-12-24_18-37-37 INFO Metaclass MetaAbsLogger: Starting class SimpleWindow
18:37:39,438 C:\Users\ingov\PycharmProjects\ProjectR/Logs/2021-12-24_18-37-37 INFO C:\Users\ingov\PycharmProjects\ProjectR/Config/config.cfg, exists so we will read it
18:37:39,438 C:\Users\ingov\PycharmProjects\ProjectR/Logs/2021-12-24_18-37-37 INFO Seconds to answer a question: 10
18:37:39,438 C:\Users\ingov\PycharmProjects\ProjectR/Logs/2021-12-24_18-37-37 INFO Seconds between questions: 30
18:37:39,438 C:\Users\ingov\PycharmProjects\ProjectR/Logs/2021-12-24_18-37-37 INFO C:\Users\ingov\PycharmProjects\ProjectR/Config/config.cfg is closed now
18:37:39,438 C:\Users\ingov\PycharmProjects\ProjectR/Logs/2021-12-24_18-37-37 INFO Metaclass MetaLogger: Starting class ConfigClass
18:37:39,438 C:\Users\ingov\PycharmProjects\ProjectR/Logs/2021-12-24_18-37-37 INFO Metaclass MetaAbsLogger: Starting class QuestionWindowAbs
18:37:39,438 C:\Users\ingov\PycharmProjects\ProjectR/Logs/2021-12-24_18-37-37 INFO Metaclass MetaAbsLogger: Starting class QuestionOneAnswer
18:37:39,438 C:\Users\ingov\PycharmProjects\ProjectR/Logs/2021-12-24_18-37-37 INFO Getting into __init__ for class: QuestionClass
18:37:39,438 C:\Users\ingov\PycharmProjects\ProjectR/Logs/2021-12-24_18-37-37 INFO Attributes in args: ('What do you say to a person in the morning?', 'Good morning')
18:37:39,438 C:\Users\ingov\PycharmProjects\ProjectR/Logs/2021-12-24_18-37-37 INFO Attributes in kwargs: {}
18:37:39,438 C:\Users\ingov\PycharmProjects\ProjectR/Logs/2021-12-24_18-37-37 INFO Setting member: _QuestionClass__question to value=What do you say to a person in the morning?
18:37:39,438 C:\Users\ingov\PycharmProjects\ProjectR/Logs/2021-12-24_18-37-37 INFO Setting member: _QuestionClass__answers to value=Good morning
18:37:39,438 C:\Users\ingov\PycharmProjects\ProjectR/Logs/2021-12-24_18-37-37 INFO Getting into __init__ for class: QuestionOneAnswer
18:37:39,448 C:\Users\ingov\PycharmProjects\ProjectR/Logs/2021-12-24_18-37-37 INFO Attributes in args: (500, 600, 'Question 3')
18:37:39,448 C:\Users\ingov\PycharmProjects\ProjectR/Logs/2021-12-24_18-37-37 INFO Attributes in kwargs: {}
18:37:40,898 C:\Users\ingov\PycharmProjects\ProjectR/Logs/2021-12-24_18-37-37 INFO Setting member: window to value=.
18:37:40,898 C:\Users\ingov\PycharmProjects\ProjectR/Logs/2021-12-24_18-37-37 INFO Getting attribute: window
18:37:40,898 C:\Users\ingov\PycharmProjects\ProjectR/Logs/2021-12-24_18-37-37 INFO Setting member: height to value=500
18:37:40,898 C:\Users\ingov\PycharmProjects\ProjectR/Logs/2021-12-24_18-37-37 INFO Setting member: width to value=600
18:37:40,898 C:\Users\ingov\PycharmProjects\ProjectR/Logs/2021-12-24_18-37-37 INFO Getting attribute: window
18:37:40,898 C:\Users\ingov\PycharmProjects\ProjectR/Logs/2021-12-24_18-37-37 INFO Getting attribute: window
18:37:40,898 C:\Users\ingov\PycharmProjects\ProjectR/Logs/2021-12-24_18-37-37 INFO Getting attribute: _QuestionClass__question
18:37:40,898 C:\Users\ingov\PycharmProjects\ProjectR/Logs/2021-12-24_18-37-37 INFO Getting attribute: question
18:37:40,958 C:\Users\ingov\PycharmProjects\ProjectR/Logs/2021-12-24_18-37-37 INFO Setting member: question_label to value=.!label
18:37:40,958 C:\Users\ingov\PycharmProjects\ProjectR/Logs/2021-12-24_18-37-37 INFO Getting attribute: question_label
18:37:40,958 C:\Users\ingov\PycharmProjects\ProjectR/Logs/2021-12-24_18-37-37 INFO Getting attribute: window
18:37:40,958 C:\Users\ingov\PycharmProjects\ProjectR/Logs/2021-12-24_18-37-37 INFO Setting member: button_answer to value=.!button
18:37:40,958 C:\Users\ingov\PycharmProjects\ProjectR/Logs/2021-12-24_18-37-37 INFO Getting attribute: button_answer
18:37:40,958 C:\Users\ingov\PycharmProjects\ProjectR/Logs/2021-12-24_18-37-37 INFO Getting attribute: window
