20:44:29,577 C:\Users\ingov\PycharmProjects\ProjectR/Logs/2021-12-24_20-44-29 INFO Log has been created and started
20:44:29,577 C:\Users\ingov\PycharmProjects\ProjectR/Logs/2021-12-24_20-44-29 INFO Metaclass MetaAbsLogger: Starting class MetaLogger
20:44:29,587 C:\Users\ingov\PycharmProjects\ProjectR/Logs/2021-12-24_20-44-29 INFO Metaclass MetaLogger: Starting class QuestionClass
20:44:29,609 C:\Users\ingov\PycharmProjects\ProjectR/Logs/2021-12-24_20-44-29 INFO Metaclass MetaLogger: Starting class QuestionnaireClass
20:44:29,647 C:\Users\ingov\PycharmProjects\ProjectR/Logs/2021-12-24_20-44-29 INFO Metaclass MetaAbsLogger: Starting class SimpleWindow
20:44:29,677 C:\Users\ingov\PycharmProjects\ProjectR/Logs/2021-12-24_20-44-29 INFO C:\Users\ingov\PycharmProjects\ProjectR/Config/config.cfg, exists so we will read it
20:44:29,687 C:\Users\ingov\PycharmProjects\ProjectR/Logs/2021-12-24_20-44-29 INFO Seconds to answer a question: 10
20:44:29,687 C:\Users\ingov\PycharmProjects\ProjectR/Logs/2021-12-24_20-44-29 INFO Seconds between questions: 30
20:44:29,687 C:\Users\ingov\PycharmProjects\ProjectR/Logs/2021-12-24_20-44-29 INFO C:\Users\ingov\PycharmProjects\ProjectR/Config/config.cfg is closed now
20:44:29,687 C:\Users\ingov\PycharmProjects\ProjectR/Logs/2021-12-24_20-44-29 INFO Metaclass MetaLogger: Starting class ConfigClass
20:44:29,687 C:\Users\ingov\PycharmProjects\ProjectR/Logs/2021-12-24_20-44-29 INFO Metaclass MetaAbsLogger: Starting class QuestionWindowAbs
20:44:29,687 C:\Users\ingov\PycharmProjects\ProjectR/Logs/2021-12-24_20-44-29 INFO Metaclass MetaAbsLogger: Starting class QuestionOneAnswer
20:44:29,687 C:\Users\ingov\PycharmProjects\ProjectR/Logs/2021-12-24_20-44-29 INFO Getting into __init__ for class: QuestionClass
20:44:29,687 C:\Users\ingov\PycharmProjects\ProjectR/Logs/2021-12-24_20-44-29 INFO Attributes in args: ('What do you say to a person in the morning?', 'Good morning')
20:44:29,687 C:\Users\ingov\PycharmProjects\ProjectR/Logs/2021-12-24_20-44-29 INFO Attributes in kwargs: {}
20:44:29,687 C:\Users\ingov\PycharmProjects\ProjectR/Logs/2021-12-24_20-44-29 INFO Setting member: _QuestionClass__question to value=What do you say to a person in the morning?
20:44:29,687 C:\Users\ingov\PycharmProjects\ProjectR/Logs/2021-12-24_20-44-29 INFO Setting member: _QuestionClass__answers to value=Good morning
20:44:29,687 C:\Users\ingov\PycharmProjects\ProjectR/Logs/2021-12-24_20-44-29 INFO Getting into __init__ for class: QuestionOneAnswer
20:44:29,687 C:\Users\ingov\PycharmProjects\ProjectR/Logs/2021-12-24_20-44-29 INFO Attributes in args: ()
20:44:29,687 C:\Users\ingov\PycharmProjects\ProjectR/Logs/2021-12-24_20-44-29 INFO Attributes in kwargs: {'width': 600, 'height': 400, 'title': 'Question 3'}
20:44:29,867 C:\Users\ingov\PycharmProjects\ProjectR/Logs/2021-12-24_20-44-29 INFO Setting member: window to value=.
20:44:29,867 C:\Users\ingov\PycharmProjects\ProjectR/Logs/2021-12-24_20-44-29 INFO Getting attribute: window
20:44:29,867 C:\Users\ingov\PycharmProjects\ProjectR/Logs/2021-12-24_20-44-29 INFO Setting member: height to value=400
20:44:29,867 C:\Users\ingov\PycharmProjects\ProjectR/Logs/2021-12-24_20-44-29 INFO Setting member: width to value=600
20:44:29,867 C:\Users\ingov\PycharmProjects\ProjectR/Logs/2021-12-24_20-44-29 INFO Getting attribute: window
20:44:29,867 C:\Users\ingov\PycharmProjects\ProjectR/Logs/2021-12-24_20-44-29 INFO Getting attribute: window
20:44:29,867 C:\Users\ingov\PycharmProjects\ProjectR/Logs/2021-12-24_20-44-29 INFO Getting attribute: _QuestionClass__question
20:44:29,867 C:\Users\ingov\PycharmProjects\ProjectR/Logs/2021-12-24_20-44-29 INFO Getting attribute: question
20:44:29,867 C:\Users\ingov\PycharmProjects\ProjectR/Logs/2021-12-24_20-44-29 INFO Getting attribute: _QuestionClass__answers
20:44:29,867 C:\Users\ingov\PycharmProjects\ProjectR/Logs/2021-12-24_20-44-29 INFO Getting attribute: answers
20:44:29,867 C:\Users\ingov\PycharmProjects\ProjectR/Logs/2021-12-24_20-44-29 INFO Setting member: question to value=What do you say to a person in the morning?: Good morning
20:44:29,867 C:\Users\ingov\PycharmProjects\ProjectR/Logs/2021-12-24_20-44-29 INFO Getting attribute: window
20:44:29,877 C:\Users\ingov\PycharmProjects\ProjectR/Logs/2021-12-24_20-44-29 INFO Setting member: question_label to value=.!label
20:44:29,877 C:\Users\ingov\PycharmProjects\ProjectR/Logs/2021-12-24_20-44-29 INFO Getting attribute: question_label
20:44:29,877 C:\Users\ingov\PycharmProjects\ProjectR/Logs/2021-12-24_20-44-29 INFO Getting attribute: question_label
20:44:29,877 C:\Users\ingov\PycharmProjects\ProjectR/Logs/2021-12-24_20-44-29 INFO Getting attribute: window
20:44:29,877 C:\Users\ingov\PycharmProjects\ProjectR/Logs/2021-12-24_20-44-29 INFO Getting method: reveal_answer
20:44:29,877 C:\Users\ingov\PycharmProjects\ProjectR/Logs/2021-12-24_20-44-29 INFO Setting member: button_answer to value=.!button
20:44:29,877 C:\Users\ingov\PycharmProjects\ProjectR/Logs/2021-12-24_20-44-29 INFO Getting attribute: button_answer
20:44:29,877 C:\Users\ingov\PycharmProjects\ProjectR/Logs/2021-12-24_20-44-29 INFO Setting member: answer_label to value=None
20:44:29,877 C:\Users\ingov\PycharmProjects\ProjectR/Logs/2021-12-24_20-44-29 INFO Getting attribute: window
