20:29:32,328 C:\Users\ingov\PycharmProjects\ProjectR/Logs/2021-12-25_20-29-32 INFO Log has been created and started
20:29:32,329 C:\Users\ingov\PycharmProjects\ProjectR/Logs/2021-12-25_20-29-32 INFO Metaclass MetaAbsLogger: Starting class MetaLogger
20:29:32,329 C:\Users\ingov\PycharmProjects\ProjectR/Logs/2021-12-25_20-29-32 INFO Metaclass MetaLogger: Starting class QuestionClass
20:29:32,341 C:\Users\ingov\PycharmProjects\ProjectR/Logs/2021-12-25_20-29-32 INFO Metaclass MetaLogger: Starting class QuestionnaireClass
20:29:32,352 C:\Users\ingov\PycharmProjects\ProjectR/Logs/2021-12-25_20-29-32 INFO Metaclass MetaAbsLogger: Starting class SimpleWindow
20:29:32,372 C:\Users\ingov\PycharmProjects\ProjectR/Logs/2021-12-25_20-29-32 INFO C:\Users\ingov\PycharmProjects\ProjectR/Config/config.cfg, exists so we will read it
20:29:32,372 C:\Users\ingov\PycharmProjects\ProjectR/Logs/2021-12-25_20-29-32 INFO Seconds to answer a question: 10
20:29:32,372 C:\Users\ingov\PycharmProjects\ProjectR/Logs/2021-12-25_20-29-32 INFO Seconds between questions: 30
20:29:32,372 C:\Users\ingov\PycharmProjects\ProjectR/Logs/2021-12-25_20-29-32 INFO C:\Users\ingov\PycharmProjects\ProjectR/Config/config.cfg is closed now
20:29:32,372 C:\Users\ingov\PycharmProjects\ProjectR/Logs/2021-12-25_20-29-32 INFO Metaclass MetaLogger: Starting class ConfigClass
20:29:32,388 C:\Users\ingov\PycharmProjects\ProjectR/Logs/2021-12-25_20-29-32 INFO Metaclass MetaAbsLogger: Starting class CurrentSession
20:29:32,388 C:\Users\ingov\PycharmProjects\ProjectR/Logs/2021-12-25_20-29-32 INFO Metaclass MetaAbsLogger: Starting class QuestionWindowAbs
20:29:32,388 C:\Users\ingov\PycharmProjects\ProjectR/Logs/2021-12-25_20-29-32 INFO Metaclass MetaAbsLogger: Starting class QuestionOneAnswer
20:29:32,388 C:\Users\ingov\PycharmProjects\ProjectR/Logs/2021-12-25_20-29-32 INFO Metaclass MetaAbsLogger: Starting class QuestionOneAnswerMultiple
20:29:32,388 C:\Users\ingov\PycharmProjects\ProjectR/Logs/2021-12-25_20-29-32 INFO Loading a questionnaire from file: C:\Users\ingov\PycharmProjects\ProjectR/Data/Questionnaires/QuestionnaireExample2.pickle
20:29:32,388 C:\Users\ingov\PycharmProjects\ProjectR/Logs/2021-12-25_20-29-32 INFO Getting attribute: __dict__
20:29:32,388 C:\Users\ingov\PycharmProjects\ProjectR/Logs/2021-12-25_20-29-32 INFO Getting attribute: __dict__
20:29:32,388 C:\Users\ingov\PycharmProjects\ProjectR/Logs/2021-12-25_20-29-32 INFO Getting attribute: __dict__
20:29:32,388 C:\Users\ingov\PycharmProjects\ProjectR/Logs/2021-12-25_20-29-32 INFO Calling get_secs_to_answer
20:29:32,388 C:\Users\ingov\PycharmProjects\ProjectR/Logs/2021-12-25_20-29-32 INFO Getting secs to answer a questions: 10
20:29:32,388 C:\Users\ingov\PycharmProjects\ProjectR/Logs/2021-12-25_20-29-32 INFO Getting method: get_question_type
20:29:32,388 C:\Users\ingov\PycharmProjects\ProjectR/Logs/2021-12-25_20-29-32 INFO Getting attribute: _QuestionClass__answers
20:29:32,388 C:\Users\ingov\PycharmProjects\ProjectR/Logs/2021-12-25_20-29-32 INFO Getting attribute: _QuestionClass__answers
20:29:32,388 C:\Users\ingov\PycharmProjects\ProjectR/Logs/2021-12-25_20-29-32 INFO Getting attribute: logger
20:29:32,388 C:\Users\ingov\PycharmProjects\ProjectR/Logs/2021-12-25_20-29-32 INFO This question is a multiple choice question with a single answer: Radio button: value 1
20:29:32,388 C:\Users\ingov\PycharmProjects\ProjectR/Logs/2021-12-25_20-29-32 INFO Getting method: get_question_type
20:29:32,388 C:\Users\ingov\PycharmProjects\ProjectR/Logs/2021-12-25_20-29-32 INFO Getting attribute: _QuestionClass__answers
20:29:32,388 C:\Users\ingov\PycharmProjects\ProjectR/Logs/2021-12-25_20-29-32 INFO Getting attribute: _QuestionClass__answers
20:29:32,388 C:\Users\ingov\PycharmProjects\ProjectR/Logs/2021-12-25_20-29-32 INFO Getting attribute: logger
20:29:32,388 C:\Users\ingov\PycharmProjects\ProjectR/Logs/2021-12-25_20-29-32 INFO This question is a multiple choice question with a single answer: Radio button: value 1
20:29:32,388 C:\Users\ingov\PycharmProjects\ProjectR/Logs/2021-12-25_20-29-32 INFO Getting into __init__ for class: QuestionOneAnswerMultiple
20:29:32,388 C:\Users\ingov\PycharmProjects\ProjectR/Logs/2021-12-25_20-29-32 INFO Attributes in args: ()
20:29:32,388 C:\Users\ingov\PycharmProjects\ProjectR/Logs/2021-12-25_20-29-32 INFO Attributes in kwargs: {'width': 600, 'height': 550, 'title': 'Question 0'}
20:29:32,472 C:\Users\ingov\PycharmProjects\ProjectR/Logs/2021-12-25_20-29-32 INFO Setting member: window to value=.
20:29:32,472 C:\Users\ingov\PycharmProjects\ProjectR/Logs/2021-12-25_20-29-32 INFO Getting attribute: window
20:29:32,472 C:\Users\ingov\PycharmProjects\ProjectR/Logs/2021-12-25_20-29-32 INFO Setting member: height to value=550
20:29:32,472 C:\Users\ingov\PycharmProjects\ProjectR/Logs/2021-12-25_20-29-32 INFO Setting member: width to value=600
20:29:32,472 C:\Users\ingov\PycharmProjects\ProjectR/Logs/2021-12-25_20-29-32 INFO Getting attribute: window
20:29:32,472 C:\Users\ingov\PycharmProjects\ProjectR/Logs/2021-12-25_20-29-32 INFO Getting attribute: window
20:29:32,472 C:\Users\ingov\PycharmProjects\ProjectR/Logs/2021-12-25_20-29-32 INFO Getting attribute: window
20:29:32,477 C:\Users\ingov\PycharmProjects\ProjectR/Logs/2021-12-25_20-29-32 INFO Setting member: menu to value=.!menu
20:29:32,477 C:\Users\ingov\PycharmProjects\ProjectR/Logs/2021-12-25_20-29-32 INFO Getting attribute: window
20:29:32,477 C:\Users\ingov\PycharmProjects\ProjectR/Logs/2021-12-25_20-29-32 INFO Getting attribute: menu
20:29:32,486 C:\Users\ingov\PycharmProjects\ProjectR/Logs/2021-12-25_20-29-32 INFO Getting attribute: menu
20:29:32,486 C:\Users\ingov\PycharmProjects\ProjectR/Logs/2021-12-25_20-29-32 INFO Getting method: go_back_to_main
20:29:32,486 C:\Users\ingov\PycharmProjects\ProjectR/Logs/2021-12-25_20-29-32 INFO Getting attribute: menu
20:29:32,486 C:\Users\ingov\PycharmProjects\ProjectR/Logs/2021-12-25_20-29-32 INFO Getting attribute: _QuestionClass__question
20:29:32,486 C:\Users\ingov\PycharmProjects\ProjectR/Logs/2021-12-25_20-29-32 INFO Getting attribute: question
20:29:32,486 C:\Users\ingov\PycharmProjects\ProjectR/Logs/2021-12-25_20-29-32 INFO Getting attribute: _QuestionClass__answers
20:29:32,486 C:\Users\ingov\PycharmProjects\ProjectR/Logs/2021-12-25_20-29-32 INFO Getting attribute: answers
20:29:32,486 C:\Users\ingov\PycharmProjects\ProjectR/Logs/2021-12-25_20-29-32 INFO Setting member: question to value=What of the following ones are Python basic types?: [('Fire', False), ('Bool', True), ('Normal', False), ('Basic', False)]
20:29:32,486 C:\Users\ingov\PycharmProjects\ProjectR/Logs/2021-12-25_20-29-32 INFO Getting attribute: window
20:29:32,486 C:\Users\ingov\PycharmProjects\ProjectR/Logs/2021-12-25_20-29-32 INFO Getting attribute: _QuestionClass__question
20:29:32,486 C:\Users\ingov\PycharmProjects\ProjectR/Logs/2021-12-25_20-29-32 INFO Getting attribute: question
20:29:32,486 C:\Users\ingov\PycharmProjects\ProjectR/Logs/2021-12-25_20-29-32 INFO Setting member: question_label to value=.!label
20:29:32,486 C:\Users\ingov\PycharmProjects\ProjectR/Logs/2021-12-25_20-29-32 INFO Getting attribute: question_label
20:29:32,486 C:\Users\ingov\PycharmProjects\ProjectR/Logs/2021-12-25_20-29-32 INFO Getting attribute: question_label
20:29:32,486 C:\Users\ingov\PycharmProjects\ProjectR/Logs/2021-12-25_20-29-32 INFO Setting member: radio_buttons to value=[]
20:29:32,486 C:\Users\ingov\PycharmProjects\ProjectR/Logs/2021-12-25_20-29-32 INFO Setting member: answer_group to value=PY_VAR0
20:29:32,486 C:\Users\ingov\PycharmProjects\ProjectR/Logs/2021-12-25_20-29-32 INFO Setting member: radio_button_font to value=('TkDefaultFont', 12)
20:29:32,486 C:\Users\ingov\PycharmProjects\ProjectR/Logs/2021-12-25_20-29-32 INFO Getting attribute: question
20:29:32,486 C:\Users\ingov\PycharmProjects\ProjectR/Logs/2021-12-25_20-29-32 INFO Getting attribute: _QuestionClass__answers
20:29:32,486 C:\Users\ingov\PycharmProjects\ProjectR/Logs/2021-12-25_20-29-32 INFO Getting attribute: answers
20:29:32,486 C:\Users\ingov\PycharmProjects\ProjectR/Logs/2021-12-25_20-29-32 INFO Getting attribute: window
20:29:32,486 C:\Users\ingov\PycharmProjects\ProjectR/Logs/2021-12-25_20-29-32 INFO Getting attribute: answer_group
20:29:32,486 C:\Users\ingov\PycharmProjects\ProjectR/Logs/2021-12-25_20-29-32 INFO Getting method: reveal_result
20:29:32,486 C:\Users\ingov\PycharmProjects\ProjectR/Logs/2021-12-25_20-29-32 INFO Getting attribute: radio_button_font
20:29:32,486 C:\Users\ingov\PycharmProjects\ProjectR/Logs/2021-12-25_20-29-32 INFO Getting attribute: radio_buttons
20:29:32,486 C:\Users\ingov\PycharmProjects\ProjectR/Logs/2021-12-25_20-29-32 INFO Getting attribute: window
20:29:32,486 C:\Users\ingov\PycharmProjects\ProjectR/Logs/2021-12-25_20-29-32 INFO Getting attribute: answer_group
20:29:32,486 C:\Users\ingov\PycharmProjects\ProjectR/Logs/2021-12-25_20-29-32 INFO Getting method: reveal_result
20:29:32,486 C:\Users\ingov\PycharmProjects\ProjectR/Logs/2021-12-25_20-29-32 INFO Getting attribute: radio_button_font
20:29:32,486 C:\Users\ingov\PycharmProjects\ProjectR/Logs/2021-12-25_20-29-32 INFO Getting attribute: radio_buttons
20:29:32,486 C:\Users\ingov\PycharmProjects\ProjectR/Logs/2021-12-25_20-29-32 INFO Getting attribute: window
20:29:32,486 C:\Users\ingov\PycharmProjects\ProjectR/Logs/2021-12-25_20-29-32 INFO Getting attribute: answer_group
20:29:32,486 C:\Users\ingov\PycharmProjects\ProjectR/Logs/2021-12-25_20-29-32 INFO Getting method: reveal_result
20:29:32,486 C:\Users\ingov\PycharmProjects\ProjectR/Logs/2021-12-25_20-29-32 INFO Getting attribute: radio_button_font
20:29:32,486 C:\Users\ingov\PycharmProjects\ProjectR/Logs/2021-12-25_20-29-32 INFO Getting attribute: radio_buttons
20:29:32,486 C:\Users\ingov\PycharmProjects\ProjectR/Logs/2021-12-25_20-29-32 INFO Getting attribute: window
20:29:32,486 C:\Users\ingov\PycharmProjects\ProjectR/Logs/2021-12-25_20-29-32 INFO Getting attribute: answer_group
20:29:32,486 C:\Users\ingov\PycharmProjects\ProjectR/Logs/2021-12-25_20-29-32 INFO Getting method: reveal_result
20:29:32,486 C:\Users\ingov\PycharmProjects\ProjectR/Logs/2021-12-25_20-29-32 INFO Getting attribute: radio_button_font
20:29:32,486 C:\Users\ingov\PycharmProjects\ProjectR/Logs/2021-12-25_20-29-32 INFO Getting attribute: radio_buttons
20:29:32,486 C:\Users\ingov\PycharmProjects\ProjectR/Logs/2021-12-25_20-29-32 INFO Getting attribute: window
20:29:32,486 C:\Users\ingov\PycharmProjects\ProjectR/Logs/2021-12-25_20-29-32 INFO Getting attribute: window
20:29:32,486 C:\Users\ingov\PycharmProjects\ProjectR/Logs/2021-12-25_20-29-32 INFO Calling get_secs_between_questions
20:29:32,492 C:\Users\ingov\PycharmProjects\ProjectR/Logs/2021-12-25_20-29-32 INFO Getting secs between questions: 10
20:30:02,498 C:\Users\ingov\PycharmProjects\ProjectR/Logs/2021-12-25_20-29-32 INFO Getting attribute: window
20:30:02,513 C:\Users\ingov\PycharmProjects\ProjectR/Logs/2021-12-25_20-29-32 INFO Getting method: get_question_type
20:30:02,513 C:\Users\ingov\PycharmProjects\ProjectR/Logs/2021-12-25_20-29-32 INFO Getting attribute: _QuestionClass__answers
20:30:02,513 C:\Users\ingov\PycharmProjects\ProjectR/Logs/2021-12-25_20-29-32 INFO Getting attribute: logger
20:30:02,514 C:\Users\ingov\PycharmProjects\ProjectR/Logs/2021-12-25_20-29-32 INFO This question is a single answer question: Text input: value 0
20:30:02,514 C:\Users\ingov\PycharmProjects\ProjectR/Logs/2021-12-25_20-29-32 INFO Getting into __init__ for class: QuestionOneAnswer
20:30:02,514 C:\Users\ingov\PycharmProjects\ProjectR/Logs/2021-12-25_20-29-32 INFO Attributes in args: ()
20:30:02,514 C:\Users\ingov\PycharmProjects\ProjectR/Logs/2021-12-25_20-29-32 INFO Attributes in kwargs: {'width': 600, 'height': 450, 'title': 'Question 1'}
20:30:02,666 C:\Users\ingov\PycharmProjects\ProjectR/Logs/2021-12-25_20-29-32 INFO Setting member: window to value=.
20:30:02,666 C:\Users\ingov\PycharmProjects\ProjectR/Logs/2021-12-25_20-29-32 INFO Getting attribute: window
20:30:02,666 C:\Users\ingov\PycharmProjects\ProjectR/Logs/2021-12-25_20-29-32 INFO Setting member: height to value=450
20:30:02,666 C:\Users\ingov\PycharmProjects\ProjectR/Logs/2021-12-25_20-29-32 INFO Setting member: width to value=600
20:30:02,667 C:\Users\ingov\PycharmProjects\ProjectR/Logs/2021-12-25_20-29-32 INFO Getting attribute: window
20:30:02,667 C:\Users\ingov\PycharmProjects\ProjectR/Logs/2021-12-25_20-29-32 INFO Getting attribute: window
20:30:02,667 C:\Users\ingov\PycharmProjects\ProjectR/Logs/2021-12-25_20-29-32 INFO Getting attribute: window
20:30:02,668 C:\Users\ingov\PycharmProjects\ProjectR/Logs/2021-12-25_20-29-32 INFO Setting member: menu to value=.!menu
20:30:02,669 C:\Users\ingov\PycharmProjects\ProjectR/Logs/2021-12-25_20-29-32 INFO Getting attribute: window
20:30:02,669 C:\Users\ingov\PycharmProjects\ProjectR/Logs/2021-12-25_20-29-32 INFO Getting attribute: menu
20:30:02,682 C:\Users\ingov\PycharmProjects\ProjectR/Logs/2021-12-25_20-29-32 INFO Getting attribute: menu
20:30:02,682 C:\Users\ingov\PycharmProjects\ProjectR/Logs/2021-12-25_20-29-32 INFO Getting method: go_back_to_main
20:30:02,682 C:\Users\ingov\PycharmProjects\ProjectR/Logs/2021-12-25_20-29-32 INFO Getting attribute: menu
20:30:02,682 C:\Users\ingov\PycharmProjects\ProjectR/Logs/2021-12-25_20-29-32 INFO Getting attribute: _QuestionClass__question
20:30:02,682 C:\Users\ingov\PycharmProjects\ProjectR/Logs/2021-12-25_20-29-32 INFO Getting attribute: question
20:30:02,683 C:\Users\ingov\PycharmProjects\ProjectR/Logs/2021-12-25_20-29-32 INFO Getting attribute: _QuestionClass__answers
20:30:02,683 C:\Users\ingov\PycharmProjects\ProjectR/Logs/2021-12-25_20-29-32 INFO Getting attribute: answers
20:30:02,683 C:\Users\ingov\PycharmProjects\ProjectR/Logs/2021-12-25_20-29-32 INFO Setting member: question to value=What do you say to a person in the morning?: Good morning
20:30:02,683 C:\Users\ingov\PycharmProjects\ProjectR/Logs/2021-12-25_20-29-32 INFO Getting attribute: window
20:30:02,683 C:\Users\ingov\PycharmProjects\ProjectR/Logs/2021-12-25_20-29-32 INFO Getting attribute: _QuestionClass__question
20:30:02,683 C:\Users\ingov\PycharmProjects\ProjectR/Logs/2021-12-25_20-29-32 INFO Getting attribute: question
20:30:02,685 C:\Users\ingov\PycharmProjects\ProjectR/Logs/2021-12-25_20-29-32 INFO Setting member: question_label to value=.!label
20:30:02,685 C:\Users\ingov\PycharmProjects\ProjectR/Logs/2021-12-25_20-29-32 INFO Getting attribute: question_label
20:30:02,686 C:\Users\ingov\PycharmProjects\ProjectR/Logs/2021-12-25_20-29-32 INFO Getting attribute: question_label
20:30:02,686 C:\Users\ingov\PycharmProjects\ProjectR/Logs/2021-12-25_20-29-32 INFO Getting attribute: window
20:30:02,686 C:\Users\ingov\PycharmProjects\ProjectR/Logs/2021-12-25_20-29-32 INFO Getting method: reveal_answer
20:30:02,687 C:\Users\ingov\PycharmProjects\ProjectR/Logs/2021-12-25_20-29-32 INFO Setting member: button_answer to value=.!button
20:30:02,687 C:\Users\ingov\PycharmProjects\ProjectR/Logs/2021-12-25_20-29-32 INFO Getting attribute: button_answer
20:30:02,687 C:\Users\ingov\PycharmProjects\ProjectR/Logs/2021-12-25_20-29-32 INFO Setting member: answer_label to value=None
20:30:02,691 C:\Users\ingov\PycharmProjects\ProjectR/Logs/2021-12-25_20-29-32 INFO Getting attribute: window
20:30:02,691 C:\Users\ingov\PycharmProjects\ProjectR/Logs/2021-12-25_20-29-32 INFO Getting attribute: window
20:30:02,691 C:\Users\ingov\PycharmProjects\ProjectR/Logs/2021-12-25_20-29-32 INFO Calling get_secs_between_questions
20:30:02,691 C:\Users\ingov\PycharmProjects\ProjectR/Logs/2021-12-25_20-29-32 INFO Getting secs between questions: 10
20:30:32,693 C:\Users\ingov\PycharmProjects\ProjectR/Logs/2021-12-25_20-29-32 INFO Getting attribute: window
20:30:32,699 C:\Users\ingov\PycharmProjects\ProjectR/Logs/2021-12-25_20-29-32 INFO Getting method: get_question_type
20:30:32,699 C:\Users\ingov\PycharmProjects\ProjectR/Logs/2021-12-25_20-29-32 INFO Getting attribute: _QuestionClass__answers
20:30:32,699 C:\Users\ingov\PycharmProjects\ProjectR/Logs/2021-12-25_20-29-32 INFO Getting attribute: _QuestionClass__answers
20:30:32,700 C:\Users\ingov\PycharmProjects\ProjectR/Logs/2021-12-25_20-29-32 INFO Getting attribute: logger
20:30:32,700 C:\Users\ingov\PycharmProjects\ProjectR/Logs/2021-12-25_20-29-32 INFO This question is a multiple choice question with two answers: Checkboxes: value 2
20:30:32,700 C:\Users\ingov\PycharmProjects\ProjectR/Logs/2021-12-25_20-29-32 INFO Getting method: get_question_type
20:30:32,700 C:\Users\ingov\PycharmProjects\ProjectR/Logs/2021-12-25_20-29-32 INFO Getting attribute: _QuestionClass__answers
20:30:32,700 C:\Users\ingov\PycharmProjects\ProjectR/Logs/2021-12-25_20-29-32 INFO Getting attribute: _QuestionClass__answers
20:30:32,700 C:\Users\ingov\PycharmProjects\ProjectR/Logs/2021-12-25_20-29-32 INFO Getting attribute: logger
20:30:32,700 C:\Users\ingov\PycharmProjects\ProjectR/Logs/2021-12-25_20-29-32 INFO This question is a multiple choice question with two answers: Checkboxes: value 2
20:30:32,700 C:\Users\ingov\PycharmProjects\ProjectR/Logs/2021-12-25_20-29-32 INFO Getting attribute: window
20:30:32,700 C:\Users\ingov\PycharmProjects\ProjectR/Logs/2021-12-25_20-29-32 INFO Getting attribute: window
20:30:32,700 C:\Users\ingov\PycharmProjects\ProjectR/Logs/2021-12-25_20-29-32 INFO Getting attribute: window
