20:47:15,120 C:\Users\ingov\PycharmProjects\ProjectR/Logs/2021-12-20_20-47-15 INFO Log has been created and started
20:47:15,120 C:\Users\ingov\PycharmProjects\ProjectR/Logs/2021-12-20_20-47-15 INFO Metaclass MetaAbsLogger: Starting class MetaLogger
20:47:15,156 C:\Users\ingov\PycharmProjects\ProjectR/Logs/2021-12-20_20-47-15 INFO Metaclass MetaAbsLogger: Starting class SimpleWindow
20:47:15,180 C:\Users\ingov\PycharmProjects\ProjectR/Logs/2021-12-20_20-47-15 INFO Metaclass MetaLogger: Starting class QuestionClass
20:47:15,201 C:\Users\ingov\PycharmProjects\ProjectR/Logs/2021-12-20_20-47-15 INFO Metaclass MetaLogger: Starting class QuestionnaireClass
20:47:15,244 C:\Users\ingov\PycharmProjects\ProjectR/Logs/2021-12-20_20-47-15 INFO C:\Users\ingov\PycharmProjects\ProjectR/Config/config.cfg, exists so we will read it
20:47:15,244 C:\Users\ingov\PycharmProjects\ProjectR/Logs/2021-12-20_20-47-15 INFO Seconds to answer a question: 10
20:47:15,244 C:\Users\ingov\PycharmProjects\ProjectR/Logs/2021-12-20_20-47-15 INFO Seconds between questions: 30
20:47:15,244 C:\Users\ingov\PycharmProjects\ProjectR/Logs/2021-12-20_20-47-15 INFO C:\Users\ingov\PycharmProjects\ProjectR/Config/config.cfg is closed now
20:47:15,244 C:\Users\ingov\PycharmProjects\ProjectR/Logs/2021-12-20_20-47-15 INFO Metaclass MetaLogger: Starting class ConfigClass
20:47:15,244 C:\Users\ingov\PycharmProjects\ProjectR/Logs/2021-12-20_20-47-15 INFO Metaclass MetaAbsLogger: Starting class QuestionAbs
20:47:15,244 C:\Users\ingov\PycharmProjects\ProjectR/Logs/2021-12-20_20-47-15 INFO Metaclass MetaAbsLogger: Starting class LoadQuestionnaire
20:47:15,244 C:\Users\ingov\PycharmProjects\ProjectR/Logs/2021-12-20_20-47-15 INFO Getting into __init__ for class: LoadQuestionnaire
20:47:15,244 C:\Users\ingov\PycharmProjects\ProjectR/Logs/2021-12-20_20-47-15 INFO Attributes in args: (50, 150, 'New Window')
20:47:15,244 C:\Users\ingov\PycharmProjects\ProjectR/Logs/2021-12-20_20-47-15 INFO Attributes in kwargs: {}
20:47:15,427 C:\Users\ingov\PycharmProjects\ProjectR/Logs/2021-12-20_20-47-15 INFO Setting member: window to value=.
20:47:15,427 C:\Users\ingov\PycharmProjects\ProjectR/Logs/2021-12-20_20-47-15 INFO Getting attribute: window
20:47:15,427 C:\Users\ingov\PycharmProjects\ProjectR/Logs/2021-12-20_20-47-15 INFO Setting member: height to value=50
20:47:15,427 C:\Users\ingov\PycharmProjects\ProjectR/Logs/2021-12-20_20-47-15 INFO Setting member: width to value=150
20:47:15,427 C:\Users\ingov\PycharmProjects\ProjectR/Logs/2021-12-20_20-47-15 INFO Getting attribute: window
20:47:15,427 C:\Users\ingov\PycharmProjects\ProjectR/Logs/2021-12-20_20-47-15 INFO Setting member: project_folder to value=C:\Users\ingov\PycharmProjects\ProjectR/Data/Questionnaires
20:47:15,427 C:\Users\ingov\PycharmProjects\ProjectR/Logs/2021-12-20_20-47-15 INFO Getting attribute: project_folder
20:47:15,427 C:\Users\ingov\PycharmProjects\ProjectR/Logs/2021-12-20_20-47-15 INFO Getting attribute: project_folder
20:47:15,427 C:\Users\ingov\PycharmProjects\ProjectR/Logs/2021-12-20_20-47-15 INFO Getting attribute: project_folder
20:47:15,427 C:\Users\ingov\PycharmProjects\ProjectR/Logs/2021-12-20_20-47-15 INFO Getting attribute: project_folder
20:47:15,427 C:\Users\ingov\PycharmProjects\ProjectR/Logs/2021-12-20_20-47-15 INFO Setting member: dirs to value=['QuestionnaireExample.pickle', 'QuestionnaireExample2.pickle']
20:47:15,427 C:\Users\ingov\PycharmProjects\ProjectR/Logs/2021-12-20_20-47-15 INFO Getting attribute: dirs
20:47:15,427 C:\Users\ingov\PycharmProjects\ProjectR/Logs/2021-12-20_20-47-15 INFO Getting attribute: window
20:47:15,427 C:\Users\ingov\PycharmProjects\ProjectR/Logs/2021-12-20_20-47-15 INFO Getting attribute: dirs
20:47:15,430 C:\Users\ingov\PycharmProjects\ProjectR/Logs/2021-12-20_20-47-15 INFO Setting member: combo to value=.!combobox
20:47:15,430 C:\Users\ingov\PycharmProjects\ProjectR/Logs/2021-12-20_20-47-15 INFO Getting attribute: combo
20:47:15,430 C:\Users\ingov\PycharmProjects\ProjectR/Logs/2021-12-20_20-47-15 INFO Getting attribute: combo
20:47:15,430 C:\Users\ingov\PycharmProjects\ProjectR/Logs/2021-12-20_20-47-15 INFO Getting attribute: window
20:47:15,430 C:\Users\ingov\PycharmProjects\ProjectR/Logs/2021-12-20_20-47-15 INFO Getting method: command
20:47:15,430 C:\Users\ingov\PycharmProjects\ProjectR/Logs/2021-12-20_20-47-15 INFO Setting member: button to value=.!button
20:47:15,430 C:\Users\ingov\PycharmProjects\ProjectR/Logs/2021-12-20_20-47-15 INFO Getting attribute: button
20:47:15,430 C:\Users\ingov\PycharmProjects\ProjectR/Logs/2021-12-20_20-47-15 INFO Getting attribute: window
