23:33:47,356 C:\Users\ingov\PycharmProjects\ProjectR/Logs/2021-12-25_23-33-47 INFO Log has been created and started
23:33:47,356 C:\Users\ingov\PycharmProjects\ProjectR/Logs/2021-12-25_23-33-47 INFO Metaclass MetaAbsLogger: Starting class MetaLogger
23:33:47,372 C:\Users\ingov\PycharmProjects\ProjectR/Logs/2021-12-25_23-33-47 INFO Metaclass MetaLogger: Starting class QuestionClass
23:33:47,403 C:\Users\ingov\PycharmProjects\ProjectR/Logs/2021-12-25_23-33-47 INFO Metaclass MetaLogger: Starting class QuestionnaireClass
23:33:47,466 C:\Users\ingov\PycharmProjects\ProjectR/Logs/2021-12-25_23-33-47 INFO Metaclass MetaAbsLogger: Starting class SimpleWindow
23:33:47,512 C:\Users\ingov\PycharmProjects\ProjectR/Logs/2021-12-25_23-33-47 INFO C:\Users\ingov\PycharmProjects\ProjectR/Config/config.cfg, exists so we will read it
23:33:47,512 C:\Users\ingov\PycharmProjects\ProjectR/Logs/2021-12-25_23-33-47 INFO Seconds to answer a question: 10
23:33:47,512 C:\Users\ingov\PycharmProjects\ProjectR/Logs/2021-12-25_23-33-47 INFO Seconds between questions: 30
23:33:47,512 C:\Users\ingov\PycharmProjects\ProjectR/Logs/2021-12-25_23-33-47 INFO C:\Users\ingov\PycharmProjects\ProjectR/Config/config.cfg is closed now
23:33:47,512 C:\Users\ingov\PycharmProjects\ProjectR/Logs/2021-12-25_23-33-47 INFO Metaclass MetaLogger: Starting class ConfigClass
23:33:47,559 C:\Users\ingov\PycharmProjects\ProjectR/Logs/2021-12-25_23-33-47 INFO Metaclass MetaAbsLogger: Starting class CurrentSession
23:33:47,559 C:\Users\ingov\PycharmProjects\ProjectR/Logs/2021-12-25_23-33-47 INFO Metaclass MetaAbsLogger: Starting class QuestionWindowAbs
23:33:47,559 C:\Users\ingov\PycharmProjects\ProjectR/Logs/2021-12-25_23-33-47 INFO Metaclass MetaAbsLogger: Starting class QuestionOneAnswer
23:33:47,559 C:\Users\ingov\PycharmProjects\ProjectR/Logs/2021-12-25_23-33-47 INFO Metaclass MetaAbsLogger: Starting class QuestionOneAnswerMultiple
23:33:47,591 C:\Users\ingov\PycharmProjects\ProjectR/Logs/2021-12-25_23-33-47 INFO Metaclass MetaAbsLogger: Starting class QuestionTwoAnswersMultiple
23:33:47,591 C:\Users\ingov\PycharmProjects\ProjectR/Logs/2021-12-25_23-33-47 INFO Loading a questionnaire from file: C:\Users\ingov\PycharmProjects\ProjectR/Data/Questionnaires/QuestionnaireExample2.pickle
23:33:47,591 C:\Users\ingov\PycharmProjects\ProjectR/Logs/2021-12-25_23-33-47 INFO Getting attribute: __dict__
23:33:47,591 C:\Users\ingov\PycharmProjects\ProjectR/Logs/2021-12-25_23-33-47 INFO Getting attribute: __dict__
23:33:47,591 C:\Users\ingov\PycharmProjects\ProjectR/Logs/2021-12-25_23-33-47 INFO Getting attribute: __dict__
23:33:47,591 C:\Users\ingov\PycharmProjects\ProjectR/Logs/2021-12-25_23-33-47 INFO Calling get_secs_to_answer
23:33:47,591 C:\Users\ingov\PycharmProjects\ProjectR/Logs/2021-12-25_23-33-47 INFO Getting secs to answer a questions: 10
23:33:47,591 C:\Users\ingov\PycharmProjects\ProjectR/Logs/2021-12-25_23-33-47 INFO Getting method: get_question_type
23:33:47,591 C:\Users\ingov\PycharmProjects\ProjectR/Logs/2021-12-25_23-33-47 INFO Getting attribute: _QuestionClass__answers
23:33:47,606 C:\Users\ingov\PycharmProjects\ProjectR/Logs/2021-12-25_23-33-47 INFO Getting attribute: _QuestionClass__answers
23:33:47,606 C:\Users\ingov\PycharmProjects\ProjectR/Logs/2021-12-25_23-33-47 INFO Getting attribute: logger
23:33:47,606 C:\Users\ingov\PycharmProjects\ProjectR/Logs/2021-12-25_23-33-47 INFO This question is a multiple choice question with two answers: Checkboxes: value 2
23:33:47,606 C:\Users\ingov\PycharmProjects\ProjectR/Logs/2021-12-25_23-33-47 INFO Getting method: get_question_type
23:33:47,606 C:\Users\ingov\PycharmProjects\ProjectR/Logs/2021-12-25_23-33-47 INFO Getting attribute: _QuestionClass__answers
23:33:47,606 C:\Users\ingov\PycharmProjects\ProjectR/Logs/2021-12-25_23-33-47 INFO Getting attribute: _QuestionClass__answers
23:33:47,606 C:\Users\ingov\PycharmProjects\ProjectR/Logs/2021-12-25_23-33-47 INFO Getting attribute: logger
23:33:47,606 C:\Users\ingov\PycharmProjects\ProjectR/Logs/2021-12-25_23-33-47 INFO This question is a multiple choice question with two answers: Checkboxes: value 2
23:33:47,606 C:\Users\ingov\PycharmProjects\ProjectR/Logs/2021-12-25_23-33-47 INFO Getting attribute: logger
23:33:47,606 C:\Users\ingov\PycharmProjects\ProjectR/Logs/2021-12-25_23-33-47 INFO We create a 600x550 window
23:33:47,606 C:\Users\ingov\PycharmProjects\ProjectR/Logs/2021-12-25_23-33-47 INFO Getting attribute: logger
23:33:47,606 C:\Users\ingov\PycharmProjects\ProjectR/Logs/2021-12-25_23-33-47 INFO Getting attribute: _QuestionClass__question
23:33:47,606 C:\Users\ingov\PycharmProjects\ProjectR/Logs/2021-12-25_23-33-47 INFO Getting attribute: question
23:33:47,606 C:\Users\ingov\PycharmProjects\ProjectR/Logs/2021-12-25_23-33-47 INFO Getting attribute: _QuestionClass__answers
23:33:47,606 C:\Users\ingov\PycharmProjects\ProjectR/Logs/2021-12-25_23-33-47 INFO Getting attribute: answers
23:33:47,606 C:\Users\ingov\PycharmProjects\ProjectR/Logs/2021-12-25_23-33-47 INFO We are going to display question: Which of the following countries belong to the European Union: [('Serbia', False), ('Latvia', True), ('Norway', False), ('Malta', True)]
23:33:47,606 C:\Users\ingov\PycharmProjects\ProjectR/Logs/2021-12-25_23-33-47 INFO Getting into __init__ for class: QuestionTwoAnswersMultiple
23:33:47,606 C:\Users\ingov\PycharmProjects\ProjectR/Logs/2021-12-25_23-33-47 INFO Attributes in args: ()
23:33:47,606 C:\Users\ingov\PycharmProjects\ProjectR/Logs/2021-12-25_23-33-47 INFO Attributes in kwargs: {'width': 600, 'height': 550, 'title': 'Question 0'}
23:33:47,840 C:\Users\ingov\PycharmProjects\ProjectR/Logs/2021-12-25_23-33-47 INFO Setting member: window to value=.
23:33:47,840 C:\Users\ingov\PycharmProjects\ProjectR/Logs/2021-12-25_23-33-47 INFO Getting attribute: window
23:33:47,840 C:\Users\ingov\PycharmProjects\ProjectR/Logs/2021-12-25_23-33-47 INFO Setting member: height to value=550
23:33:47,840 C:\Users\ingov\PycharmProjects\ProjectR/Logs/2021-12-25_23-33-47 INFO Setting member: width to value=600
23:33:47,840 C:\Users\ingov\PycharmProjects\ProjectR/Logs/2021-12-25_23-33-47 INFO Getting attribute: window
23:33:47,840 C:\Users\ingov\PycharmProjects\ProjectR/Logs/2021-12-25_23-33-47 INFO Getting attribute: window
23:33:47,840 C:\Users\ingov\PycharmProjects\ProjectR/Logs/2021-12-25_23-33-47 INFO Getting attribute: logger
23:33:47,840 C:\Users\ingov\PycharmProjects\ProjectR/Logs/2021-12-25_23-33-47 INFO Set window to no resizable
23:33:47,840 C:\Users\ingov\PycharmProjects\ProjectR/Logs/2021-12-25_23-33-47 INFO Getting attribute: window
23:33:47,856 C:\Users\ingov\PycharmProjects\ProjectR/Logs/2021-12-25_23-33-47 INFO Setting member: menu to value=.!menu
23:33:47,856 C:\Users\ingov\PycharmProjects\ProjectR/Logs/2021-12-25_23-33-47 INFO Getting attribute: logger
23:33:47,856 C:\Users\ingov\PycharmProjects\ProjectR/Logs/2021-12-25_23-33-47 INFO Creating menu for this window
23:33:47,856 C:\Users\ingov\PycharmProjects\ProjectR/Logs/2021-12-25_23-33-47 INFO Getting attribute: window
23:33:47,856 C:\Users\ingov\PycharmProjects\ProjectR/Logs/2021-12-25_23-33-47 INFO Getting attribute: menu
23:33:47,872 C:\Users\ingov\PycharmProjects\ProjectR/Logs/2021-12-25_23-33-47 INFO Getting attribute: menu
23:33:47,872 C:\Users\ingov\PycharmProjects\ProjectR/Logs/2021-12-25_23-33-47 INFO Getting method: go_back_to_main
23:33:47,872 C:\Users\ingov\PycharmProjects\ProjectR/Logs/2021-12-25_23-33-47 INFO Getting attribute: logger
23:33:47,872 C:\Users\ingov\PycharmProjects\ProjectR/Logs/2021-12-25_23-33-47 INFO Added option Go back to main
23:33:47,872 C:\Users\ingov\PycharmProjects\ProjectR/Logs/2021-12-25_23-33-47 INFO Getting attribute: menu
23:33:47,872 C:\Users\ingov\PycharmProjects\ProjectR/Logs/2021-12-25_23-33-47 INFO Getting attribute: logger
23:33:47,887 C:\Users\ingov\PycharmProjects\ProjectR/Logs/2021-12-25_23-33-47 INFO Added option Exit
23:33:47,887 C:\Users\ingov\PycharmProjects\ProjectR/Logs/2021-12-25_23-33-47 INFO Getting attribute: _QuestionClass__question
23:33:47,887 C:\Users\ingov\PycharmProjects\ProjectR/Logs/2021-12-25_23-33-47 INFO Getting attribute: question
23:33:47,887 C:\Users\ingov\PycharmProjects\ProjectR/Logs/2021-12-25_23-33-47 INFO Getting attribute: _QuestionClass__answers
23:33:47,887 C:\Users\ingov\PycharmProjects\ProjectR/Logs/2021-12-25_23-33-47 INFO Getting attribute: answers
23:33:47,887 C:\Users\ingov\PycharmProjects\ProjectR/Logs/2021-12-25_23-33-47 INFO Setting member: question to value=Which of the following countries belong to the European Union: [('Serbia', False), ('Latvia', True), ('Norway', False), ('Malta', True)]
23:33:47,887 C:\Users\ingov\PycharmProjects\ProjectR/Logs/2021-12-25_23-33-47 INFO Getting attribute: window
23:33:47,887 C:\Users\ingov\PycharmProjects\ProjectR/Logs/2021-12-25_23-33-47 INFO Getting attribute: _QuestionClass__question
23:33:47,887 C:\Users\ingov\PycharmProjects\ProjectR/Logs/2021-12-25_23-33-47 INFO Getting attribute: question
23:33:47,919 C:\Users\ingov\PycharmProjects\ProjectR/Logs/2021-12-25_23-33-47 INFO Setting member: question_label to value=.!label
23:33:47,919 C:\Users\ingov\PycharmProjects\ProjectR/Logs/2021-12-25_23-33-47 INFO Getting attribute: question_label
23:33:47,919 C:\Users\ingov\PycharmProjects\ProjectR/Logs/2021-12-25_23-33-47 INFO Getting attribute: question_label
23:33:47,919 C:\Users\ingov\PycharmProjects\ProjectR/Logs/2021-12-25_23-33-47 INFO Getting attribute: logger
23:33:47,919 C:\Users\ingov\PycharmProjects\ProjectR/Logs/2021-12-25_23-33-47 INFO Created label for the question
23:33:47,919 C:\Users\ingov\PycharmProjects\ProjectR/Logs/2021-12-25_23-33-47 INFO Setting member: check_boxes to value=[]
23:33:47,919 C:\Users\ingov\PycharmProjects\ProjectR/Logs/2021-12-25_23-33-47 INFO Getting attribute: logger
23:33:47,919 C:\Users\ingov\PycharmProjects\ProjectR/Logs/2021-12-25_23-33-47 INFO The size of our font is 12
23:33:47,919 C:\Users\ingov\PycharmProjects\ProjectR/Logs/2021-12-25_23-33-47 INFO Setting member: check_button_font to value=('TkDefaultFont', 12)
23:33:47,919 C:\Users\ingov\PycharmProjects\ProjectR/Logs/2021-12-25_23-33-47 INFO Setting member: checks_done to value=0
23:33:47,919 C:\Users\ingov\PycharmProjects\ProjectR/Logs/2021-12-25_23-33-47 INFO Setting member: vars_int to value=[]
23:33:47,919 C:\Users\ingov\PycharmProjects\ProjectR/Logs/2021-12-25_23-33-47 INFO Getting attribute: question
23:33:47,919 C:\Users\ingov\PycharmProjects\ProjectR/Logs/2021-12-25_23-33-47 INFO Getting attribute: _QuestionClass__answers
23:33:47,919 C:\Users\ingov\PycharmProjects\ProjectR/Logs/2021-12-25_23-33-47 INFO Getting attribute: answers
