19:12:33,169 C:\Users\ingov\PycharmProjects\ProjectR/Logs/2021-12-25_19-12-33 INFO Log has been created and started
19:12:33,169 C:\Users\ingov\PycharmProjects\ProjectR/Logs/2021-12-25_19-12-33 INFO Metaclass MetaAbsLogger: Starting class MetaLogger
19:12:33,169 C:\Users\ingov\PycharmProjects\ProjectR/Logs/2021-12-25_19-12-33 INFO Metaclass MetaLogger: Starting class QuestionClass
19:12:33,197 C:\Users\ingov\PycharmProjects\ProjectR/Logs/2021-12-25_19-12-33 INFO Metaclass MetaLogger: Starting class QuestionnaireClass
19:12:33,197 C:\Users\ingov\PycharmProjects\ProjectR/Logs/2021-12-25_19-12-33 INFO Metaclass MetaAbsLogger: Starting class CurrentSession
19:12:33,237 C:\Users\ingov\PycharmProjects\ProjectR/Logs/2021-12-25_19-12-33 INFO Metaclass MetaAbsLogger: Starting class SimpleWindow
19:12:33,278 C:\Users\ingov\PycharmProjects\ProjectR/Logs/2021-12-25_19-12-33 INFO C:\Users\ingov\PycharmProjects\ProjectR/Config/config.cfg, exists so we will read it
19:12:33,278 C:\Users\ingov\PycharmProjects\ProjectR/Logs/2021-12-25_19-12-33 INFO Seconds to answer a question: 10
19:12:33,278 C:\Users\ingov\PycharmProjects\ProjectR/Logs/2021-12-25_19-12-33 INFO Seconds between questions: 30
19:12:33,278 C:\Users\ingov\PycharmProjects\ProjectR/Logs/2021-12-25_19-12-33 INFO C:\Users\ingov\PycharmProjects\ProjectR/Config/config.cfg is closed now
19:12:33,278 C:\Users\ingov\PycharmProjects\ProjectR/Logs/2021-12-25_19-12-33 INFO Metaclass MetaLogger: Starting class ConfigClass
19:12:33,278 C:\Users\ingov\PycharmProjects\ProjectR/Logs/2021-12-25_19-12-33 INFO Metaclass MetaAbsLogger: Starting class QuestionWindowAbs
19:12:33,278 C:\Users\ingov\PycharmProjects\ProjectR/Logs/2021-12-25_19-12-33 INFO Metaclass MetaAbsLogger: Starting class QuestionOneAnswer
19:12:33,278 C:\Users\ingov\PycharmProjects\ProjectR/Logs/2021-12-25_19-12-33 INFO Metaclass MetaAbsLogger: Starting class QuestionOneAnswerMultiple
19:12:33,278 C:\Users\ingov\PycharmProjects\ProjectR/Logs/2021-12-25_19-12-33 INFO Getting into __init__ for class: QuestionClass
19:12:33,278 C:\Users\ingov\PycharmProjects\ProjectR/Logs/2021-12-25_19-12-33 INFO Attributes in args: ('What do you say to a person in the morning?', 'Good morning')
19:12:33,278 C:\Users\ingov\PycharmProjects\ProjectR/Logs/2021-12-25_19-12-33 INFO Attributes in kwargs: {}
19:12:33,278 C:\Users\ingov\PycharmProjects\ProjectR/Logs/2021-12-25_19-12-33 INFO Setting member: _QuestionClass__question to value=What do you say to a person in the morning?
19:12:33,278 C:\Users\ingov\PycharmProjects\ProjectR/Logs/2021-12-25_19-12-33 INFO Setting member: _QuestionClass__answers to value=Good morning
19:12:33,278 C:\Users\ingov\PycharmProjects\ProjectR/Logs/2021-12-25_19-12-33 INFO Getting into __init__ for class: QuestionOneAnswer
19:12:33,278 C:\Users\ingov\PycharmProjects\ProjectR/Logs/2021-12-25_19-12-33 INFO Attributes in args: ()
19:12:33,278 C:\Users\ingov\PycharmProjects\ProjectR/Logs/2021-12-25_19-12-33 INFO Attributes in kwargs: {'width': 600, 'height': 450, 'title': 'Question 3'}
19:12:33,461 C:\Users\ingov\PycharmProjects\ProjectR/Logs/2021-12-25_19-12-33 INFO Setting member: window to value=.
19:12:33,461 C:\Users\ingov\PycharmProjects\ProjectR/Logs/2021-12-25_19-12-33 INFO Getting attribute: window
19:12:33,468 C:\Users\ingov\PycharmProjects\ProjectR/Logs/2021-12-25_19-12-33 INFO Setting member: height to value=450
19:12:33,468 C:\Users\ingov\PycharmProjects\ProjectR/Logs/2021-12-25_19-12-33 INFO Setting member: width to value=600
19:12:33,468 C:\Users\ingov\PycharmProjects\ProjectR/Logs/2021-12-25_19-12-33 INFO Getting attribute: window
19:12:33,468 C:\Users\ingov\PycharmProjects\ProjectR/Logs/2021-12-25_19-12-33 INFO Getting attribute: window
19:12:33,468 C:\Users\ingov\PycharmProjects\ProjectR/Logs/2021-12-25_19-12-33 INFO Getting attribute: window
19:12:33,478 C:\Users\ingov\PycharmProjects\ProjectR/Logs/2021-12-25_19-12-33 INFO Setting member: menu to value=.!menu
19:12:33,478 C:\Users\ingov\PycharmProjects\ProjectR/Logs/2021-12-25_19-12-33 INFO Getting attribute: window
19:12:33,478 C:\Users\ingov\PycharmProjects\ProjectR/Logs/2021-12-25_19-12-33 INFO Getting attribute: menu
19:12:33,497 C:\Users\ingov\PycharmProjects\ProjectR/Logs/2021-12-25_19-12-33 INFO Getting attribute: menu
19:12:33,497 C:\Users\ingov\PycharmProjects\ProjectR/Logs/2021-12-25_19-12-33 INFO Getting method: go_back_to_main
19:12:33,497 C:\Users\ingov\PycharmProjects\ProjectR/Logs/2021-12-25_19-12-33 INFO Getting attribute: menu
19:12:33,497 C:\Users\ingov\PycharmProjects\ProjectR/Logs/2021-12-25_19-12-33 INFO Getting attribute: _QuestionClass__question
19:12:33,497 C:\Users\ingov\PycharmProjects\ProjectR/Logs/2021-12-25_19-12-33 INFO Getting attribute: question
19:12:33,497 C:\Users\ingov\PycharmProjects\ProjectR/Logs/2021-12-25_19-12-33 INFO Getting attribute: _QuestionClass__answers
19:12:33,497 C:\Users\ingov\PycharmProjects\ProjectR/Logs/2021-12-25_19-12-33 INFO Getting attribute: answers
19:12:33,497 C:\Users\ingov\PycharmProjects\ProjectR/Logs/2021-12-25_19-12-33 INFO Setting member: question to value=What do you say to a person in the morning?: Good morning
19:12:33,497 C:\Users\ingov\PycharmProjects\ProjectR/Logs/2021-12-25_19-12-33 INFO Getting attribute: window
19:12:33,497 C:\Users\ingov\PycharmProjects\ProjectR/Logs/2021-12-25_19-12-33 INFO Getting attribute: _QuestionClass__question
19:12:33,497 C:\Users\ingov\PycharmProjects\ProjectR/Logs/2021-12-25_19-12-33 INFO Getting attribute: question
19:12:33,497 C:\Users\ingov\PycharmProjects\ProjectR/Logs/2021-12-25_19-12-33 INFO Setting member: question_label to value=.!label
19:12:33,497 C:\Users\ingov\PycharmProjects\ProjectR/Logs/2021-12-25_19-12-33 INFO Getting attribute: question_label
19:12:33,497 C:\Users\ingov\PycharmProjects\ProjectR/Logs/2021-12-25_19-12-33 INFO Getting attribute: question_label
19:12:33,497 C:\Users\ingov\PycharmProjects\ProjectR/Logs/2021-12-25_19-12-33 INFO Getting attribute: window
19:12:33,497 C:\Users\ingov\PycharmProjects\ProjectR/Logs/2021-12-25_19-12-33 INFO Getting method: reveal_answer
19:12:33,497 C:\Users\ingov\PycharmProjects\ProjectR/Logs/2021-12-25_19-12-33 INFO Setting member: button_answer to value=.!button
19:12:33,505 C:\Users\ingov\PycharmProjects\ProjectR/Logs/2021-12-25_19-12-33 INFO Getting attribute: button_answer
19:12:33,505 C:\Users\ingov\PycharmProjects\ProjectR/Logs/2021-12-25_19-12-33 INFO Setting member: answer_label to value=None
19:12:33,505 C:\Users\ingov\PycharmProjects\ProjectR/Logs/2021-12-25_19-12-33 INFO Getting attribute: window
19:12:34,727 C:\Users\ingov\PycharmProjects\ProjectR/Logs/2021-12-25_19-12-33 INFO Getting attribute: question
19:12:34,727 C:\Users\ingov\PycharmProjects\ProjectR/Logs/2021-12-25_19-12-33 INFO Getting method: get_correct_answers
19:12:34,727 C:\Users\ingov\PycharmProjects\ProjectR/Logs/2021-12-25_19-12-33 INFO Getting method: get_question_type
19:12:34,727 C:\Users\ingov\PycharmProjects\ProjectR/Logs/2021-12-25_19-12-33 INFO Getting attribute: _QuestionClass__answers
19:12:34,727 C:\Users\ingov\PycharmProjects\ProjectR/Logs/2021-12-25_19-12-33 INFO Getting attribute: logger
19:12:34,727 C:\Users\ingov\PycharmProjects\ProjectR/Logs/2021-12-25_19-12-33 INFO This question is a single answer question: Text input: value 0
19:12:34,727 C:\Users\ingov\PycharmProjects\ProjectR/Logs/2021-12-25_19-12-33 INFO Getting attribute: logger
19:12:34,727 C:\Users\ingov\PycharmProjects\ProjectR/Logs/2021-12-25_19-12-33 INFO Getting attribute: _QuestionClass__answers
19:12:34,727 C:\Users\ingov\PycharmProjects\ProjectR/Logs/2021-12-25_19-12-33 INFO The correct answer is Good morning
19:12:34,727 C:\Users\ingov\PycharmProjects\ProjectR/Logs/2021-12-25_19-12-33 INFO Getting attribute: _QuestionClass__answers
19:12:34,727 C:\Users\ingov\PycharmProjects\ProjectR/Logs/2021-12-25_19-12-33 INFO Getting attribute: window
19:12:34,727 C:\Users\ingov\PycharmProjects\ProjectR/Logs/2021-12-25_19-12-33 INFO Getting attribute: question
19:12:34,727 C:\Users\ingov\PycharmProjects\ProjectR/Logs/2021-12-25_19-12-33 INFO Getting method: get_correct_answers
19:12:34,727 C:\Users\ingov\PycharmProjects\ProjectR/Logs/2021-12-25_19-12-33 INFO Getting method: get_question_type
19:12:34,727 C:\Users\ingov\PycharmProjects\ProjectR/Logs/2021-12-25_19-12-33 INFO Getting attribute: _QuestionClass__answers
19:12:34,727 C:\Users\ingov\PycharmProjects\ProjectR/Logs/2021-12-25_19-12-33 INFO Getting attribute: logger
19:12:34,727 C:\Users\ingov\PycharmProjects\ProjectR/Logs/2021-12-25_19-12-33 INFO This question is a single answer question: Text input: value 0
19:12:34,727 C:\Users\ingov\PycharmProjects\ProjectR/Logs/2021-12-25_19-12-33 INFO Getting attribute: logger
19:12:34,727 C:\Users\ingov\PycharmProjects\ProjectR/Logs/2021-12-25_19-12-33 INFO Getting attribute: _QuestionClass__answers
19:12:34,727 C:\Users\ingov\PycharmProjects\ProjectR/Logs/2021-12-25_19-12-33 INFO The correct answer is Good morning
19:12:34,727 C:\Users\ingov\PycharmProjects\ProjectR/Logs/2021-12-25_19-12-33 INFO Getting attribute: _QuestionClass__answers
19:12:34,727 C:\Users\ingov\PycharmProjects\ProjectR/Logs/2021-12-25_19-12-33 INFO Setting member: answer_label to value=.!label2
19:12:34,727 C:\Users\ingov\PycharmProjects\ProjectR/Logs/2021-12-25_19-12-33 INFO Getting attribute: answer_label
19:12:34,727 C:\Users\ingov\PycharmProjects\ProjectR/Logs/2021-12-25_19-12-33 INFO Getting attribute: window
19:12:34,727 C:\Users\ingov\PycharmProjects\ProjectR/Logs/2021-12-25_19-12-33 INFO Getting method: command_button_correct
19:12:34,727 C:\Users\ingov\PycharmProjects\ProjectR/Logs/2021-12-25_19-12-33 INFO Getting method: command_button_failed
19:12:34,727 C:\Users\ingov\PycharmProjects\ProjectR/Logs/2021-12-25_19-12-33 INFO Getting attribute: window
19:12:36,668 C:\Users\ingov\PycharmProjects\ProjectR/Logs/2021-12-25_19-12-33 INFO Getting method: add_result
19:12:36,668 C:\Users\ingov\PycharmProjects\ProjectR/Logs/2021-12-25_19-12-33 INFO Getting attribute: question
19:12:36,668 C:\Users\ingov\PycharmProjects\ProjectR/Logs/2021-12-25_19-12-33 INFO Getting attribute: _QuestionClass__question
19:12:36,668 C:\Users\ingov\PycharmProjects\ProjectR/Logs/2021-12-25_19-12-33 INFO Getting attribute: question
19:12:39,778 C:\Users\ingov\PycharmProjects\ProjectR/Logs/2021-12-25_19-12-33 INFO Getting into __init__ for class: QuestionClass
19:12:39,778 C:\Users\ingov\PycharmProjects\ProjectR/Logs/2021-12-25_19-12-33 INFO Attributes in args: ('What of the following ones are Python basic types?', [('Fire', False), ('Bool', True), ('Normal', False), ('Basic', False)])
19:12:39,778 C:\Users\ingov\PycharmProjects\ProjectR/Logs/2021-12-25_19-12-33 INFO Attributes in kwargs: {}
19:12:39,778 C:\Users\ingov\PycharmProjects\ProjectR/Logs/2021-12-25_19-12-33 INFO Setting member: _QuestionClass__question to value=What of the following ones are Python basic types?
19:12:39,778 C:\Users\ingov\PycharmProjects\ProjectR/Logs/2021-12-25_19-12-33 INFO Setting member: _QuestionClass__answers to value=[('Fire', False), ('Bool', True), ('Normal', False), ('Basic', False)]
19:12:39,778 C:\Users\ingov\PycharmProjects\ProjectR/Logs/2021-12-25_19-12-33 INFO Getting into __init__ for class: QuestionOneAnswerMultiple
19:12:39,778 C:\Users\ingov\PycharmProjects\ProjectR/Logs/2021-12-25_19-12-33 INFO Attributes in args: ()
19:12:39,778 C:\Users\ingov\PycharmProjects\ProjectR/Logs/2021-12-25_19-12-33 INFO Attributes in kwargs: {'width': 600, 'height': 450, 'title': 'Question 4'}
19:12:39,858 C:\Users\ingov\PycharmProjects\ProjectR/Logs/2021-12-25_19-12-33 INFO Setting member: window to value=.
19:12:39,863 C:\Users\ingov\PycharmProjects\ProjectR/Logs/2021-12-25_19-12-33 INFO Getting attribute: window
19:12:39,863 C:\Users\ingov\PycharmProjects\ProjectR/Logs/2021-12-25_19-12-33 INFO Setting member: height to value=450
19:12:39,863 C:\Users\ingov\PycharmProjects\ProjectR/Logs/2021-12-25_19-12-33 INFO Setting member: width to value=600
19:12:39,863 C:\Users\ingov\PycharmProjects\ProjectR/Logs/2021-12-25_19-12-33 INFO Getting attribute: window
19:12:39,863 C:\Users\ingov\PycharmProjects\ProjectR/Logs/2021-12-25_19-12-33 INFO Getting attribute: window
19:12:39,863 C:\Users\ingov\PycharmProjects\ProjectR/Logs/2021-12-25_19-12-33 INFO Getting attribute: window
19:12:39,863 C:\Users\ingov\PycharmProjects\ProjectR/Logs/2021-12-25_19-12-33 INFO Setting member: menu to value=.!menu
19:12:39,863 C:\Users\ingov\PycharmProjects\ProjectR/Logs/2021-12-25_19-12-33 INFO Getting attribute: window
19:12:39,863 C:\Users\ingov\PycharmProjects\ProjectR/Logs/2021-12-25_19-12-33 INFO Getting attribute: menu
19:12:39,868 C:\Users\ingov\PycharmProjects\ProjectR/Logs/2021-12-25_19-12-33 INFO Getting attribute: menu
19:12:39,868 C:\Users\ingov\PycharmProjects\ProjectR/Logs/2021-12-25_19-12-33 INFO Getting method: go_back_to_main
19:12:39,868 C:\Users\ingov\PycharmProjects\ProjectR/Logs/2021-12-25_19-12-33 INFO Getting attribute: menu
19:12:39,868 C:\Users\ingov\PycharmProjects\ProjectR/Logs/2021-12-25_19-12-33 INFO Getting attribute: _QuestionClass__question
19:12:39,868 C:\Users\ingov\PycharmProjects\ProjectR/Logs/2021-12-25_19-12-33 INFO Getting attribute: question
19:12:39,868 C:\Users\ingov\PycharmProjects\ProjectR/Logs/2021-12-25_19-12-33 INFO Getting attribute: _QuestionClass__answers
19:12:39,868 C:\Users\ingov\PycharmProjects\ProjectR/Logs/2021-12-25_19-12-33 INFO Getting attribute: answers
19:12:39,868 C:\Users\ingov\PycharmProjects\ProjectR/Logs/2021-12-25_19-12-33 INFO Setting member: question to value=What of the following ones are Python basic types?: [('Fire', False), ('Bool', True), ('Normal', False), ('Basic', False)]
19:12:39,868 C:\Users\ingov\PycharmProjects\ProjectR/Logs/2021-12-25_19-12-33 INFO Getting attribute: window
19:12:39,868 C:\Users\ingov\PycharmProjects\ProjectR/Logs/2021-12-25_19-12-33 INFO Getting attribute: _QuestionClass__question
19:12:39,868 C:\Users\ingov\PycharmProjects\ProjectR/Logs/2021-12-25_19-12-33 INFO Getting attribute: question
19:12:39,868 C:\Users\ingov\PycharmProjects\ProjectR/Logs/2021-12-25_19-12-33 INFO Setting member: question_label to value=.!label
19:12:39,868 C:\Users\ingov\PycharmProjects\ProjectR/Logs/2021-12-25_19-12-33 INFO Getting attribute: question_label
19:12:39,868 C:\Users\ingov\PycharmProjects\ProjectR/Logs/2021-12-25_19-12-33 INFO Getting attribute: question_label
19:12:39,868 C:\Users\ingov\PycharmProjects\ProjectR/Logs/2021-12-25_19-12-33 INFO Getting attribute: _QuestionClass__question
19:12:39,868 C:\Users\ingov\PycharmProjects\ProjectR/Logs/2021-12-25_19-12-33 INFO Getting attribute: question
19:12:39,868 C:\Users\ingov\PycharmProjects\ProjectR/Logs/2021-12-25_19-12-33 INFO Getting attribute: _QuestionClass__answers
19:12:39,868 C:\Users\ingov\PycharmProjects\ProjectR/Logs/2021-12-25_19-12-33 INFO Getting attribute: answers
19:12:39,868 C:\Users\ingov\PycharmProjects\ProjectR/Logs/2021-12-25_19-12-33 INFO Getting attribute: window
