20:59:43,290 C:\Users\ingov\PycharmProjects\ProjectR/Logs/2021-12-25_20-59-43 INFO Log has been created and started
20:59:43,290 C:\Users\ingov\PycharmProjects\ProjectR/Logs/2021-12-25_20-59-43 INFO Metaclass MetaAbsLogger: Starting class MetaLogger
20:59:43,295 C:\Users\ingov\PycharmProjects\ProjectR/Logs/2021-12-25_20-59-43 INFO Metaclass MetaLogger: Starting class QuestionClass
20:59:43,315 C:\Users\ingov\PycharmProjects\ProjectR/Logs/2021-12-25_20-59-43 INFO Metaclass MetaLogger: Starting class QuestionnaireClass
20:59:43,320 C:\Users\ingov\PycharmProjects\ProjectR/Logs/2021-12-25_20-59-43 INFO Metaclass MetaAbsLogger: Starting class CurrentSession
20:59:43,355 C:\Users\ingov\PycharmProjects\ProjectR/Logs/2021-12-25_20-59-43 INFO Metaclass MetaAbsLogger: Starting class SimpleWindow
20:59:43,385 C:\Users\ingov\PycharmProjects\ProjectR/Logs/2021-12-25_20-59-43 INFO C:\Users\ingov\PycharmProjects\ProjectR/Config/config.cfg, exists so we will read it
20:59:43,395 C:\Users\ingov\PycharmProjects\ProjectR/Logs/2021-12-25_20-59-43 INFO Seconds to answer a question: 10
20:59:43,395 C:\Users\ingov\PycharmProjects\ProjectR/Logs/2021-12-25_20-59-43 INFO Seconds between questions: 30
20:59:43,395 C:\Users\ingov\PycharmProjects\ProjectR/Logs/2021-12-25_20-59-43 INFO C:\Users\ingov\PycharmProjects\ProjectR/Config/config.cfg is closed now
20:59:43,395 C:\Users\ingov\PycharmProjects\ProjectR/Logs/2021-12-25_20-59-43 INFO Metaclass MetaLogger: Starting class ConfigClass
20:59:43,395 C:\Users\ingov\PycharmProjects\ProjectR/Logs/2021-12-25_20-59-43 INFO Metaclass MetaAbsLogger: Starting class QuestionWindowAbs
20:59:43,395 C:\Users\ingov\PycharmProjects\ProjectR/Logs/2021-12-25_20-59-43 INFO Metaclass MetaAbsLogger: Starting class QuestionOneAnswer
20:59:43,395 C:\Users\ingov\PycharmProjects\ProjectR/Logs/2021-12-25_20-59-43 INFO Metaclass MetaAbsLogger: Starting class QuestionOneAnswerMultiple
20:59:43,395 C:\Users\ingov\PycharmProjects\ProjectR/Logs/2021-12-25_20-59-43 INFO Metaclass MetaAbsLogger: Starting class QuestionTwoAnswersMultiple
20:59:43,395 C:\Users\ingov\PycharmProjects\ProjectR/Logs/2021-12-25_20-59-43 INFO Getting into __init__ for class: QuestionClass
20:59:43,395 C:\Users\ingov\PycharmProjects\ProjectR/Logs/2021-12-25_20-59-43 INFO Attributes in args: ('What do you say to a person in the morning?', 'Good morning')
20:59:43,395 C:\Users\ingov\PycharmProjects\ProjectR/Logs/2021-12-25_20-59-43 INFO Attributes in kwargs: {}
20:59:43,395 C:\Users\ingov\PycharmProjects\ProjectR/Logs/2021-12-25_20-59-43 INFO Setting member: _QuestionClass__question to value=What do you say to a person in the morning?
20:59:43,395 C:\Users\ingov\PycharmProjects\ProjectR/Logs/2021-12-25_20-59-43 INFO Setting member: _QuestionClass__answers to value=Good morning
20:59:43,395 C:\Users\ingov\PycharmProjects\ProjectR/Logs/2021-12-25_20-59-43 INFO Getting into __init__ for class: QuestionOneAnswer
20:59:43,395 C:\Users\ingov\PycharmProjects\ProjectR/Logs/2021-12-25_20-59-43 INFO Attributes in args: ()
20:59:43,395 C:\Users\ingov\PycharmProjects\ProjectR/Logs/2021-12-25_20-59-43 INFO Attributes in kwargs: {'width': 600, 'height': 450, 'title': 'Question 3'}
20:59:43,569 C:\Users\ingov\PycharmProjects\ProjectR/Logs/2021-12-25_20-59-43 INFO Setting member: window to value=.
20:59:43,569 C:\Users\ingov\PycharmProjects\ProjectR/Logs/2021-12-25_20-59-43 INFO Getting attribute: window
20:59:43,569 C:\Users\ingov\PycharmProjects\ProjectR/Logs/2021-12-25_20-59-43 INFO Setting member: height to value=450
20:59:43,569 C:\Users\ingov\PycharmProjects\ProjectR/Logs/2021-12-25_20-59-43 INFO Setting member: width to value=600
20:59:43,569 C:\Users\ingov\PycharmProjects\ProjectR/Logs/2021-12-25_20-59-43 INFO Getting attribute: window
20:59:43,569 C:\Users\ingov\PycharmProjects\ProjectR/Logs/2021-12-25_20-59-43 INFO Getting attribute: window
20:59:43,569 C:\Users\ingov\PycharmProjects\ProjectR/Logs/2021-12-25_20-59-43 INFO Getting attribute: window
20:59:43,575 C:\Users\ingov\PycharmProjects\ProjectR/Logs/2021-12-25_20-59-43 INFO Setting member: menu to value=.!menu
20:59:43,575 C:\Users\ingov\PycharmProjects\ProjectR/Logs/2021-12-25_20-59-43 INFO Getting attribute: window
20:59:43,575 C:\Users\ingov\PycharmProjects\ProjectR/Logs/2021-12-25_20-59-43 INFO Getting attribute: menu
20:59:43,590 C:\Users\ingov\PycharmProjects\ProjectR/Logs/2021-12-25_20-59-43 INFO Getting attribute: menu
20:59:43,590 C:\Users\ingov\PycharmProjects\ProjectR/Logs/2021-12-25_20-59-43 INFO Getting method: go_back_to_main
20:59:43,590 C:\Users\ingov\PycharmProjects\ProjectR/Logs/2021-12-25_20-59-43 INFO Getting attribute: menu
20:59:43,590 C:\Users\ingov\PycharmProjects\ProjectR/Logs/2021-12-25_20-59-43 INFO Getting attribute: _QuestionClass__question
20:59:43,590 C:\Users\ingov\PycharmProjects\ProjectR/Logs/2021-12-25_20-59-43 INFO Getting attribute: question
20:59:43,590 C:\Users\ingov\PycharmProjects\ProjectR/Logs/2021-12-25_20-59-43 INFO Getting attribute: _QuestionClass__answers
20:59:43,590 C:\Users\ingov\PycharmProjects\ProjectR/Logs/2021-12-25_20-59-43 INFO Getting attribute: answers
20:59:43,590 C:\Users\ingov\PycharmProjects\ProjectR/Logs/2021-12-25_20-59-43 INFO Setting member: question to value=What do you say to a person in the morning?: Good morning
20:59:43,590 C:\Users\ingov\PycharmProjects\ProjectR/Logs/2021-12-25_20-59-43 INFO Getting attribute: window
20:59:43,590 C:\Users\ingov\PycharmProjects\ProjectR/Logs/2021-12-25_20-59-43 INFO Getting attribute: _QuestionClass__question
20:59:43,590 C:\Users\ingov\PycharmProjects\ProjectR/Logs/2021-12-25_20-59-43 INFO Getting attribute: question
20:59:43,595 C:\Users\ingov\PycharmProjects\ProjectR/Logs/2021-12-25_20-59-43 INFO Setting member: question_label to value=.!label
20:59:43,595 C:\Users\ingov\PycharmProjects\ProjectR/Logs/2021-12-25_20-59-43 INFO Getting attribute: question_label
20:59:43,595 C:\Users\ingov\PycharmProjects\ProjectR/Logs/2021-12-25_20-59-43 INFO Getting attribute: question_label
20:59:43,595 C:\Users\ingov\PycharmProjects\ProjectR/Logs/2021-12-25_20-59-43 INFO Getting attribute: window
20:59:43,595 C:\Users\ingov\PycharmProjects\ProjectR/Logs/2021-12-25_20-59-43 INFO Getting method: reveal_answer
20:59:43,595 C:\Users\ingov\PycharmProjects\ProjectR/Logs/2021-12-25_20-59-43 INFO Setting member: button_answer to value=.!button
20:59:43,595 C:\Users\ingov\PycharmProjects\ProjectR/Logs/2021-12-25_20-59-43 INFO Getting attribute: button_answer
20:59:43,595 C:\Users\ingov\PycharmProjects\ProjectR/Logs/2021-12-25_20-59-43 INFO Setting member: answer_label to value=None
20:59:43,595 C:\Users\ingov\PycharmProjects\ProjectR/Logs/2021-12-25_20-59-43 INFO Getting attribute: window
20:59:44,825 C:\Users\ingov\PycharmProjects\ProjectR/Logs/2021-12-25_20-59-43 INFO Getting into __init__ for class: QuestionClass
20:59:44,825 C:\Users\ingov\PycharmProjects\ProjectR/Logs/2021-12-25_20-59-43 INFO Attributes in args: ('What of the following ones are Python basic types?', [('Fire', False), ('Bool', True), ('Normal', False), ('Basic', False)])
20:59:44,825 C:\Users\ingov\PycharmProjects\ProjectR/Logs/2021-12-25_20-59-43 INFO Attributes in kwargs: {}
20:59:44,825 C:\Users\ingov\PycharmProjects\ProjectR/Logs/2021-12-25_20-59-43 INFO Setting member: _QuestionClass__question to value=What of the following ones are Python basic types?
20:59:44,825 C:\Users\ingov\PycharmProjects\ProjectR/Logs/2021-12-25_20-59-43 INFO Setting member: _QuestionClass__answers to value=[('Fire', False), ('Bool', True), ('Normal', False), ('Basic', False)]
20:59:44,825 C:\Users\ingov\PycharmProjects\ProjectR/Logs/2021-12-25_20-59-43 INFO Getting into __init__ for class: QuestionOneAnswerMultiple
20:59:44,825 C:\Users\ingov\PycharmProjects\ProjectR/Logs/2021-12-25_20-59-43 INFO Attributes in args: ()
20:59:44,835 C:\Users\ingov\PycharmProjects\ProjectR/Logs/2021-12-25_20-59-43 INFO Attributes in kwargs: {'width': 600, 'height': 550, 'title': 'Question 4'}
20:59:44,985 C:\Users\ingov\PycharmProjects\ProjectR/Logs/2021-12-25_20-59-43 INFO Setting member: window to value=.
20:59:44,985 C:\Users\ingov\PycharmProjects\ProjectR/Logs/2021-12-25_20-59-43 INFO Getting attribute: window
20:59:44,985 C:\Users\ingov\PycharmProjects\ProjectR/Logs/2021-12-25_20-59-43 INFO Setting member: height to value=550
20:59:44,985 C:\Users\ingov\PycharmProjects\ProjectR/Logs/2021-12-25_20-59-43 INFO Setting member: width to value=600
20:59:44,985 C:\Users\ingov\PycharmProjects\ProjectR/Logs/2021-12-25_20-59-43 INFO Getting attribute: window
20:59:44,985 C:\Users\ingov\PycharmProjects\ProjectR/Logs/2021-12-25_20-59-43 INFO Getting attribute: window
20:59:44,985 C:\Users\ingov\PycharmProjects\ProjectR/Logs/2021-12-25_20-59-43 INFO Getting attribute: window
20:59:44,985 C:\Users\ingov\PycharmProjects\ProjectR/Logs/2021-12-25_20-59-43 INFO Setting member: menu to value=.!menu
20:59:44,985 C:\Users\ingov\PycharmProjects\ProjectR/Logs/2021-12-25_20-59-43 INFO Getting attribute: window
20:59:44,985 C:\Users\ingov\PycharmProjects\ProjectR/Logs/2021-12-25_20-59-43 INFO Getting attribute: menu
20:59:44,995 C:\Users\ingov\PycharmProjects\ProjectR/Logs/2021-12-25_20-59-43 INFO Getting attribute: menu
20:59:44,995 C:\Users\ingov\PycharmProjects\ProjectR/Logs/2021-12-25_20-59-43 INFO Getting method: go_back_to_main
20:59:44,995 C:\Users\ingov\PycharmProjects\ProjectR/Logs/2021-12-25_20-59-43 INFO Getting attribute: menu
20:59:44,995 C:\Users\ingov\PycharmProjects\ProjectR/Logs/2021-12-25_20-59-43 INFO Getting attribute: _QuestionClass__question
20:59:44,995 C:\Users\ingov\PycharmProjects\ProjectR/Logs/2021-12-25_20-59-43 INFO Getting attribute: question
20:59:44,995 C:\Users\ingov\PycharmProjects\ProjectR/Logs/2021-12-25_20-59-43 INFO Getting attribute: _QuestionClass__answers
20:59:44,995 C:\Users\ingov\PycharmProjects\ProjectR/Logs/2021-12-25_20-59-43 INFO Getting attribute: answers
20:59:45,0 C:\Users\ingov\PycharmProjects\ProjectR/Logs/2021-12-25_20-59-43 INFO Setting member: question to value=What of the following ones are Python basic types?: [('Fire', False), ('Bool', True), ('Normal', False), ('Basic', False)]
20:59:45,0 C:\Users\ingov\PycharmProjects\ProjectR/Logs/2021-12-25_20-59-43 INFO Getting attribute: window
20:59:45,0 C:\Users\ingov\PycharmProjects\ProjectR/Logs/2021-12-25_20-59-43 INFO Getting attribute: _QuestionClass__question
20:59:45,0 C:\Users\ingov\PycharmProjects\ProjectR/Logs/2021-12-25_20-59-43 INFO Getting attribute: question
20:59:45,0 C:\Users\ingov\PycharmProjects\ProjectR/Logs/2021-12-25_20-59-43 INFO Setting member: question_label to value=.!label
20:59:45,0 C:\Users\ingov\PycharmProjects\ProjectR/Logs/2021-12-25_20-59-43 INFO Getting attribute: question_label
20:59:45,0 C:\Users\ingov\PycharmProjects\ProjectR/Logs/2021-12-25_20-59-43 INFO Getting attribute: question_label
20:59:45,0 C:\Users\ingov\PycharmProjects\ProjectR/Logs/2021-12-25_20-59-43 INFO Setting member: radio_buttons to value=[]
20:59:45,0 C:\Users\ingov\PycharmProjects\ProjectR/Logs/2021-12-25_20-59-43 INFO Setting member: answer_group to value=PY_VAR0
20:59:45,0 C:\Users\ingov\PycharmProjects\ProjectR/Logs/2021-12-25_20-59-43 INFO Setting member: radio_button_font to value=('TkDefaultFont', 12)
20:59:45,0 C:\Users\ingov\PycharmProjects\ProjectR/Logs/2021-12-25_20-59-43 INFO Getting attribute: question
20:59:45,0 C:\Users\ingov\PycharmProjects\ProjectR/Logs/2021-12-25_20-59-43 INFO Getting attribute: _QuestionClass__answers
20:59:45,0 C:\Users\ingov\PycharmProjects\ProjectR/Logs/2021-12-25_20-59-43 INFO Getting attribute: answers
20:59:45,0 C:\Users\ingov\PycharmProjects\ProjectR/Logs/2021-12-25_20-59-43 INFO Getting attribute: window
20:59:45,0 C:\Users\ingov\PycharmProjects\ProjectR/Logs/2021-12-25_20-59-43 INFO Getting attribute: answer_group
20:59:45,0 C:\Users\ingov\PycharmProjects\ProjectR/Logs/2021-12-25_20-59-43 INFO Getting method: reveal_result
20:59:45,0 C:\Users\ingov\PycharmProjects\ProjectR/Logs/2021-12-25_20-59-43 INFO Getting attribute: radio_button_font
20:59:45,0 C:\Users\ingov\PycharmProjects\ProjectR/Logs/2021-12-25_20-59-43 INFO Getting attribute: radio_buttons
20:59:45,0 C:\Users\ingov\PycharmProjects\ProjectR/Logs/2021-12-25_20-59-43 INFO Getting attribute: window
20:59:45,5 C:\Users\ingov\PycharmProjects\ProjectR/Logs/2021-12-25_20-59-43 INFO Getting attribute: answer_group
20:59:45,5 C:\Users\ingov\PycharmProjects\ProjectR/Logs/2021-12-25_20-59-43 INFO Getting method: reveal_result
20:59:45,5 C:\Users\ingov\PycharmProjects\ProjectR/Logs/2021-12-25_20-59-43 INFO Getting attribute: radio_button_font
20:59:45,5 C:\Users\ingov\PycharmProjects\ProjectR/Logs/2021-12-25_20-59-43 INFO Getting attribute: radio_buttons
20:59:45,5 C:\Users\ingov\PycharmProjects\ProjectR/Logs/2021-12-25_20-59-43 INFO Getting attribute: window
20:59:45,5 C:\Users\ingov\PycharmProjects\ProjectR/Logs/2021-12-25_20-59-43 INFO Getting attribute: answer_group
20:59:45,5 C:\Users\ingov\PycharmProjects\ProjectR/Logs/2021-12-25_20-59-43 INFO Getting method: reveal_result
20:59:45,5 C:\Users\ingov\PycharmProjects\ProjectR/Logs/2021-12-25_20-59-43 INFO Getting attribute: radio_button_font
20:59:45,5 C:\Users\ingov\PycharmProjects\ProjectR/Logs/2021-12-25_20-59-43 INFO Getting attribute: radio_buttons
20:59:45,5 C:\Users\ingov\PycharmProjects\ProjectR/Logs/2021-12-25_20-59-43 INFO Getting attribute: window
20:59:45,5 C:\Users\ingov\PycharmProjects\ProjectR/Logs/2021-12-25_20-59-43 INFO Getting attribute: answer_group
20:59:45,5 C:\Users\ingov\PycharmProjects\ProjectR/Logs/2021-12-25_20-59-43 INFO Getting method: reveal_result
20:59:45,5 C:\Users\ingov\PycharmProjects\ProjectR/Logs/2021-12-25_20-59-43 INFO Getting attribute: radio_button_font
20:59:45,5 C:\Users\ingov\PycharmProjects\ProjectR/Logs/2021-12-25_20-59-43 INFO Getting attribute: radio_buttons
20:59:45,5 C:\Users\ingov\PycharmProjects\ProjectR/Logs/2021-12-25_20-59-43 INFO Getting attribute: window
20:59:46,78 C:\Users\ingov\PycharmProjects\ProjectR/Logs/2021-12-25_20-59-43 INFO Getting into __init__ for class: QuestionClass
20:59:46,78 C:\Users\ingov\PycharmProjects\ProjectR/Logs/2021-12-25_20-59-43 INFO Attributes in args: ('Which of the following countries belong to the European Union', [('Serbia', False), ('Latvia', True), ('Norway', False), ('Malta', True)])
20:59:46,78 C:\Users\ingov\PycharmProjects\ProjectR/Logs/2021-12-25_20-59-43 INFO Attributes in kwargs: {}
20:59:46,78 C:\Users\ingov\PycharmProjects\ProjectR/Logs/2021-12-25_20-59-43 INFO Setting member: _QuestionClass__question to value=Which of the following countries belong to the European Union
20:59:46,78 C:\Users\ingov\PycharmProjects\ProjectR/Logs/2021-12-25_20-59-43 INFO Setting member: _QuestionClass__answers to value=[('Serbia', False), ('Latvia', True), ('Norway', False), ('Malta', True)]
20:59:46,78 C:\Users\ingov\PycharmProjects\ProjectR/Logs/2021-12-25_20-59-43 INFO Getting into __init__ for class: QuestionTwoAnswersMultiple
20:59:46,78 C:\Users\ingov\PycharmProjects\ProjectR/Logs/2021-12-25_20-59-43 INFO Attributes in args: ()
20:59:46,78 C:\Users\ingov\PycharmProjects\ProjectR/Logs/2021-12-25_20-59-43 INFO Attributes in kwargs: {'width': 600, 'height': 550, 'title': 'Question 5'}
20:59:46,200 C:\Users\ingov\PycharmProjects\ProjectR/Logs/2021-12-25_20-59-43 INFO Setting member: window to value=.
20:59:46,200 C:\Users\ingov\PycharmProjects\ProjectR/Logs/2021-12-25_20-59-43 INFO Getting attribute: window
20:59:46,200 C:\Users\ingov\PycharmProjects\ProjectR/Logs/2021-12-25_20-59-43 INFO Setting member: height to value=550
20:59:46,200 C:\Users\ingov\PycharmProjects\ProjectR/Logs/2021-12-25_20-59-43 INFO Setting member: width to value=600
20:59:46,200 C:\Users\ingov\PycharmProjects\ProjectR/Logs/2021-12-25_20-59-43 INFO Getting attribute: window
20:59:46,200 C:\Users\ingov\PycharmProjects\ProjectR/Logs/2021-12-25_20-59-43 INFO Getting attribute: window
20:59:46,200 C:\Users\ingov\PycharmProjects\ProjectR/Logs/2021-12-25_20-59-43 INFO Getting attribute: window
20:59:46,200 C:\Users\ingov\PycharmProjects\ProjectR/Logs/2021-12-25_20-59-43 INFO Setting member: menu to value=.!menu
20:59:46,200 C:\Users\ingov\PycharmProjects\ProjectR/Logs/2021-12-25_20-59-43 INFO Getting attribute: window
20:59:46,200 C:\Users\ingov\PycharmProjects\ProjectR/Logs/2021-12-25_20-59-43 INFO Getting attribute: menu
20:59:46,225 C:\Users\ingov\PycharmProjects\ProjectR/Logs/2021-12-25_20-59-43 INFO Getting attribute: menu
20:59:46,225 C:\Users\ingov\PycharmProjects\ProjectR/Logs/2021-12-25_20-59-43 INFO Getting method: go_back_to_main
20:59:46,225 C:\Users\ingov\PycharmProjects\ProjectR/Logs/2021-12-25_20-59-43 INFO Getting attribute: menu
20:59:46,225 C:\Users\ingov\PycharmProjects\ProjectR/Logs/2021-12-25_20-59-43 INFO Getting attribute: _QuestionClass__question
20:59:46,225 C:\Users\ingov\PycharmProjects\ProjectR/Logs/2021-12-25_20-59-43 INFO Getting attribute: question
20:59:46,225 C:\Users\ingov\PycharmProjects\ProjectR/Logs/2021-12-25_20-59-43 INFO Getting attribute: _QuestionClass__answers
20:59:46,225 C:\Users\ingov\PycharmProjects\ProjectR/Logs/2021-12-25_20-59-43 INFO Getting attribute: answers
20:59:46,225 C:\Users\ingov\PycharmProjects\ProjectR/Logs/2021-12-25_20-59-43 INFO Setting member: question to value=Which of the following countries belong to the European Union: [('Serbia', False), ('Latvia', True), ('Norway', False), ('Malta', True)]
20:59:46,225 C:\Users\ingov\PycharmProjects\ProjectR/Logs/2021-12-25_20-59-43 INFO Getting attribute: window
20:59:46,225 C:\Users\ingov\PycharmProjects\ProjectR/Logs/2021-12-25_20-59-43 INFO Getting attribute: _QuestionClass__question
20:59:46,225 C:\Users\ingov\PycharmProjects\ProjectR/Logs/2021-12-25_20-59-43 INFO Getting attribute: question
20:59:46,225 C:\Users\ingov\PycharmProjects\ProjectR/Logs/2021-12-25_20-59-43 INFO Setting member: question_label to value=.!label
20:59:46,225 C:\Users\ingov\PycharmProjects\ProjectR/Logs/2021-12-25_20-59-43 INFO Getting attribute: question_label
20:59:46,225 C:\Users\ingov\PycharmProjects\ProjectR/Logs/2021-12-25_20-59-43 INFO Getting attribute: question_label
20:59:46,225 C:\Users\ingov\PycharmProjects\ProjectR/Logs/2021-12-25_20-59-43 INFO Setting member: check_boxes to value=[]
20:59:46,225 C:\Users\ingov\PycharmProjects\ProjectR/Logs/2021-12-25_20-59-43 INFO Setting member: answer_group to value=PY_VAR1
20:59:46,225 C:\Users\ingov\PycharmProjects\ProjectR/Logs/2021-12-25_20-59-43 INFO Setting member: check_button_font to value=('TkDefaultFont', 12)
20:59:46,225 C:\Users\ingov\PycharmProjects\ProjectR/Logs/2021-12-25_20-59-43 INFO Getting attribute: question
20:59:46,225 C:\Users\ingov\PycharmProjects\ProjectR/Logs/2021-12-25_20-59-43 INFO Getting attribute: _QuestionClass__answers
20:59:46,225 C:\Users\ingov\PycharmProjects\ProjectR/Logs/2021-12-25_20-59-43 INFO Getting attribute: answers
20:59:46,225 C:\Users\ingov\PycharmProjects\ProjectR/Logs/2021-12-25_20-59-43 INFO Getting attribute: window
20:59:46,225 C:\Users\ingov\PycharmProjects\ProjectR/Logs/2021-12-25_20-59-43 INFO Getting attribute: check_button_font
20:59:46,225 C:\Users\ingov\PycharmProjects\ProjectR/Logs/2021-12-25_20-59-43 INFO Getting attribute: check_boxes
20:59:46,230 C:\Users\ingov\PycharmProjects\ProjectR/Logs/2021-12-25_20-59-43 INFO Getting attribute: window
20:59:46,230 C:\Users\ingov\PycharmProjects\ProjectR/Logs/2021-12-25_20-59-43 INFO Getting attribute: check_button_font
20:59:46,230 C:\Users\ingov\PycharmProjects\ProjectR/Logs/2021-12-25_20-59-43 INFO Getting attribute: check_boxes
20:59:46,230 C:\Users\ingov\PycharmProjects\ProjectR/Logs/2021-12-25_20-59-43 INFO Getting attribute: window
20:59:46,230 C:\Users\ingov\PycharmProjects\ProjectR/Logs/2021-12-25_20-59-43 INFO Getting attribute: check_button_font
20:59:46,230 C:\Users\ingov\PycharmProjects\ProjectR/Logs/2021-12-25_20-59-43 INFO Getting attribute: check_boxes
20:59:46,230 C:\Users\ingov\PycharmProjects\ProjectR/Logs/2021-12-25_20-59-43 INFO Getting attribute: window
20:59:46,230 C:\Users\ingov\PycharmProjects\ProjectR/Logs/2021-12-25_20-59-43 INFO Getting attribute: check_button_font
20:59:46,230 C:\Users\ingov\PycharmProjects\ProjectR/Logs/2021-12-25_20-59-43 INFO Getting attribute: check_boxes
20:59:46,230 C:\Users\ingov\PycharmProjects\ProjectR/Logs/2021-12-25_20-59-43 INFO Getting attribute: window
