20:56:12,624 C:\Users\ingov\PycharmProjects\ProjectR/Logs/2021-12-22_20-56-12 INFO Log has been created and started
20:56:12,624 C:\Users\ingov\PycharmProjects\ProjectR/Logs/2021-12-22_20-56-12 INFO Metaclass MetaAbsLogger: Starting class MetaLogger
20:56:12,634 C:\Users\ingov\PycharmProjects\ProjectR/Logs/2021-12-22_20-56-12 INFO Metaclass MetaLogger: Starting class QuestionClass
20:56:12,654 C:\Users\ingov\PycharmProjects\ProjectR/Logs/2021-12-22_20-56-12 INFO Metaclass MetaLogger: Starting class QuestionnaireClass
20:56:12,694 C:\Users\ingov\PycharmProjects\ProjectR/Logs/2021-12-22_20-56-12 INFO Metaclass MetaAbsLogger: Starting class SimpleWindow
20:56:12,736 C:\Users\ingov\PycharmProjects\ProjectR/Logs/2021-12-22_20-56-12 INFO C:\Users\ingov\PycharmProjects\ProjectR/Config/config.cfg, exists so we will read it
20:56:12,744 C:\Users\ingov\PycharmProjects\ProjectR/Logs/2021-12-22_20-56-12 INFO Seconds to answer a question: 10
20:56:12,744 C:\Users\ingov\PycharmProjects\ProjectR/Logs/2021-12-22_20-56-12 INFO Seconds between questions: 30
20:56:12,744 C:\Users\ingov\PycharmProjects\ProjectR/Logs/2021-12-22_20-56-12 INFO C:\Users\ingov\PycharmProjects\ProjectR/Config/config.cfg is closed now
20:56:12,744 C:\Users\ingov\PycharmProjects\ProjectR/Logs/2021-12-22_20-56-12 INFO Metaclass MetaLogger: Starting class ConfigClass
20:56:12,744 C:\Users\ingov\PycharmProjects\ProjectR/Logs/2021-12-22_20-56-12 INFO Metaclass MetaAbsLogger: Starting class QuestionWindowAbs
20:56:12,744 C:\Users\ingov\PycharmProjects\ProjectR/Logs/2021-12-22_20-56-12 INFO Metaclass MetaAbsLogger: Starting class QuestionOneAnswer
20:56:12,744 C:\Users\ingov\PycharmProjects\ProjectR/Logs/2021-12-22_20-56-12 INFO Getting into __init__ for class: QuestionClass
20:56:12,744 C:\Users\ingov\PycharmProjects\ProjectR/Logs/2021-12-22_20-56-12 INFO Attributes in args: ('What do you say to a person in the morning?', 'Good morning')
20:56:12,744 C:\Users\ingov\PycharmProjects\ProjectR/Logs/2021-12-22_20-56-12 INFO Attributes in kwargs: {}
20:56:12,744 C:\Users\ingov\PycharmProjects\ProjectR/Logs/2021-12-22_20-56-12 INFO Setting member: _QuestionClass__question to value=What do you say to a person in the morning?
20:56:12,744 C:\Users\ingov\PycharmProjects\ProjectR/Logs/2021-12-22_20-56-12 INFO Setting member: _QuestionClass__answers to value=Good morning
20:56:12,744 C:\Users\ingov\PycharmProjects\ProjectR/Logs/2021-12-22_20-56-12 INFO Getting into __init__ for class: QuestionOneAnswer
20:56:12,744 C:\Users\ingov\PycharmProjects\ProjectR/Logs/2021-12-22_20-56-12 INFO Attributes in args: (500, 600, 'Question 3')
20:56:12,744 C:\Users\ingov\PycharmProjects\ProjectR/Logs/2021-12-22_20-56-12 INFO Attributes in kwargs: {}
20:56:12,909 C:\Users\ingov\PycharmProjects\ProjectR/Logs/2021-12-22_20-56-12 INFO Setting member: window to value=.
20:56:12,909 C:\Users\ingov\PycharmProjects\ProjectR/Logs/2021-12-22_20-56-12 INFO Getting attribute: window
20:56:12,909 C:\Users\ingov\PycharmProjects\ProjectR/Logs/2021-12-22_20-56-12 INFO Setting member: height to value=500
20:56:12,909 C:\Users\ingov\PycharmProjects\ProjectR/Logs/2021-12-22_20-56-12 INFO Setting member: width to value=600
20:56:12,909 C:\Users\ingov\PycharmProjects\ProjectR/Logs/2021-12-22_20-56-12 INFO Getting attribute: window
20:56:12,909 C:\Users\ingov\PycharmProjects\ProjectR/Logs/2021-12-22_20-56-12 INFO Getting attribute: window
20:56:12,928 C:\Users\ingov\PycharmProjects\ProjectR/Logs/2021-12-22_20-56-12 INFO Setting member: question_label to value=.!label
20:56:12,928 C:\Users\ingov\PycharmProjects\ProjectR/Logs/2021-12-22_20-56-12 INFO Getting attribute: question_label
20:56:12,928 C:\Users\ingov\PycharmProjects\ProjectR/Logs/2021-12-22_20-56-12 INFO Getting attribute: window
20:56:12,928 C:\Users\ingov\PycharmProjects\ProjectR/Logs/2021-12-22_20-56-12 INFO Setting member: button_answer to value=.!button
20:56:12,928 C:\Users\ingov\PycharmProjects\ProjectR/Logs/2021-12-22_20-56-12 INFO Getting attribute: window
