19:53:42,818 C:\Users\ingov\PycharmProjects\ProjectR/Logs/2021-12-25_19-53-42 INFO Log has been created and started
19:53:42,818 C:\Users\ingov\PycharmProjects\ProjectR/Logs/2021-12-25_19-53-42 INFO Metaclass MetaAbsLogger: Starting class MetaLogger
19:53:42,818 C:\Users\ingov\PycharmProjects\ProjectR/Logs/2021-12-25_19-53-42 INFO Metaclass MetaLogger: Starting class QuestionClass
19:53:42,830 C:\Users\ingov\PycharmProjects\ProjectR/Logs/2021-12-25_19-53-42 INFO Metaclass MetaLogger: Starting class QuestionnaireClass
19:53:42,830 C:\Users\ingov\PycharmProjects\ProjectR/Logs/2021-12-25_19-53-42 INFO Metaclass MetaAbsLogger: Starting class CurrentSession
19:53:42,848 C:\Users\ingov\PycharmProjects\ProjectR/Logs/2021-12-25_19-53-42 INFO Metaclass MetaAbsLogger: Starting class SimpleWindow
19:53:42,864 C:\Users\ingov\PycharmProjects\ProjectR/Logs/2021-12-25_19-53-42 INFO C:\Users\ingov\PycharmProjects\ProjectR/Config/config.cfg, exists so we will read it
19:53:42,864 C:\Users\ingov\PycharmProjects\ProjectR/Logs/2021-12-25_19-53-42 INFO Seconds to answer a question: 10
19:53:42,864 C:\Users\ingov\PycharmProjects\ProjectR/Logs/2021-12-25_19-53-42 INFO Seconds between questions: 30
19:53:42,864 C:\Users\ingov\PycharmProjects\ProjectR/Logs/2021-12-25_19-53-42 INFO C:\Users\ingov\PycharmProjects\ProjectR/Config/config.cfg is closed now
19:53:42,864 C:\Users\ingov\PycharmProjects\ProjectR/Logs/2021-12-25_19-53-42 INFO Metaclass MetaLogger: Starting class ConfigClass
19:53:42,864 C:\Users\ingov\PycharmProjects\ProjectR/Logs/2021-12-25_19-53-42 INFO Metaclass MetaAbsLogger: Starting class QuestionWindowAbs
19:53:42,864 C:\Users\ingov\PycharmProjects\ProjectR/Logs/2021-12-25_19-53-42 INFO Metaclass MetaAbsLogger: Starting class QuestionOneAnswer
19:53:42,864 C:\Users\ingov\PycharmProjects\ProjectR/Logs/2021-12-25_19-53-42 INFO Metaclass MetaAbsLogger: Starting class QuestionOneAnswerMultiple
19:53:42,864 C:\Users\ingov\PycharmProjects\ProjectR/Logs/2021-12-25_19-53-42 INFO Getting into __init__ for class: QuestionClass
19:53:42,864 C:\Users\ingov\PycharmProjects\ProjectR/Logs/2021-12-25_19-53-42 INFO Attributes in args: ('What do you say to a person in the morning?', 'Good morning')
19:53:42,864 C:\Users\ingov\PycharmProjects\ProjectR/Logs/2021-12-25_19-53-42 INFO Attributes in kwargs: {}
19:53:42,864 C:\Users\ingov\PycharmProjects\ProjectR/Logs/2021-12-25_19-53-42 INFO Setting member: _QuestionClass__question to value=What do you say to a person in the morning?
19:53:42,864 C:\Users\ingov\PycharmProjects\ProjectR/Logs/2021-12-25_19-53-42 INFO Setting member: _QuestionClass__answers to value=Good morning
19:53:42,864 C:\Users\ingov\PycharmProjects\ProjectR/Logs/2021-12-25_19-53-42 INFO Getting into __init__ for class: QuestionOneAnswer
19:53:42,864 C:\Users\ingov\PycharmProjects\ProjectR/Logs/2021-12-25_19-53-42 INFO Attributes in args: ()
19:53:42,864 C:\Users\ingov\PycharmProjects\ProjectR/Logs/2021-12-25_19-53-42 INFO Attributes in kwargs: {'width': 600, 'height': 450, 'title': 'Question 3'}
19:53:42,953 C:\Users\ingov\PycharmProjects\ProjectR/Logs/2021-12-25_19-53-42 INFO Setting member: window to value=.
19:53:42,953 C:\Users\ingov\PycharmProjects\ProjectR/Logs/2021-12-25_19-53-42 INFO Getting attribute: window
19:53:42,953 C:\Users\ingov\PycharmProjects\ProjectR/Logs/2021-12-25_19-53-42 INFO Setting member: height to value=450
19:53:42,953 C:\Users\ingov\PycharmProjects\ProjectR/Logs/2021-12-25_19-53-42 INFO Setting member: width to value=600
19:53:42,953 C:\Users\ingov\PycharmProjects\ProjectR/Logs/2021-12-25_19-53-42 INFO Getting attribute: window
19:53:42,953 C:\Users\ingov\PycharmProjects\ProjectR/Logs/2021-12-25_19-53-42 INFO Getting attribute: window
19:53:42,953 C:\Users\ingov\PycharmProjects\ProjectR/Logs/2021-12-25_19-53-42 INFO Getting attribute: window
19:53:42,960 C:\Users\ingov\PycharmProjects\ProjectR/Logs/2021-12-25_19-53-42 INFO Setting member: menu to value=.!menu
19:53:42,960 C:\Users\ingov\PycharmProjects\ProjectR/Logs/2021-12-25_19-53-42 INFO Getting attribute: window
19:53:42,960 C:\Users\ingov\PycharmProjects\ProjectR/Logs/2021-12-25_19-53-42 INFO Getting attribute: menu
19:53:42,964 C:\Users\ingov\PycharmProjects\ProjectR/Logs/2021-12-25_19-53-42 INFO Getting attribute: menu
19:53:42,964 C:\Users\ingov\PycharmProjects\ProjectR/Logs/2021-12-25_19-53-42 INFO Getting method: go_back_to_main
19:53:42,964 C:\Users\ingov\PycharmProjects\ProjectR/Logs/2021-12-25_19-53-42 INFO Getting attribute: menu
19:53:42,964 C:\Users\ingov\PycharmProjects\ProjectR/Logs/2021-12-25_19-53-42 INFO Getting attribute: _QuestionClass__question
19:53:42,964 C:\Users\ingov\PycharmProjects\ProjectR/Logs/2021-12-25_19-53-42 INFO Getting attribute: question
19:53:42,964 C:\Users\ingov\PycharmProjects\ProjectR/Logs/2021-12-25_19-53-42 INFO Getting attribute: _QuestionClass__answers
19:53:42,964 C:\Users\ingov\PycharmProjects\ProjectR/Logs/2021-12-25_19-53-42 INFO Getting attribute: answers
19:53:42,964 C:\Users\ingov\PycharmProjects\ProjectR/Logs/2021-12-25_19-53-42 INFO Setting member: question to value=What do you say to a person in the morning?: Good morning
19:53:42,964 C:\Users\ingov\PycharmProjects\ProjectR/Logs/2021-12-25_19-53-42 INFO Getting attribute: window
19:53:42,964 C:\Users\ingov\PycharmProjects\ProjectR/Logs/2021-12-25_19-53-42 INFO Getting attribute: _QuestionClass__question
19:53:42,964 C:\Users\ingov\PycharmProjects\ProjectR/Logs/2021-12-25_19-53-42 INFO Getting attribute: question
19:53:42,964 C:\Users\ingov\PycharmProjects\ProjectR/Logs/2021-12-25_19-53-42 INFO Setting member: question_label to value=.!label
19:53:42,964 C:\Users\ingov\PycharmProjects\ProjectR/Logs/2021-12-25_19-53-42 INFO Getting attribute: question_label
19:53:42,964 C:\Users\ingov\PycharmProjects\ProjectR/Logs/2021-12-25_19-53-42 INFO Getting attribute: question_label
19:53:42,964 C:\Users\ingov\PycharmProjects\ProjectR/Logs/2021-12-25_19-53-42 INFO Getting attribute: window
19:53:42,964 C:\Users\ingov\PycharmProjects\ProjectR/Logs/2021-12-25_19-53-42 INFO Getting method: reveal_answer
19:53:42,964 C:\Users\ingov\PycharmProjects\ProjectR/Logs/2021-12-25_19-53-42 INFO Setting member: button_answer to value=.!button
19:53:42,964 C:\Users\ingov\PycharmProjects\ProjectR/Logs/2021-12-25_19-53-42 INFO Getting attribute: button_answer
19:53:42,968 C:\Users\ingov\PycharmProjects\ProjectR/Logs/2021-12-25_19-53-42 INFO Setting member: answer_label to value=None
19:53:42,968 C:\Users\ingov\PycharmProjects\ProjectR/Logs/2021-12-25_19-53-42 INFO Getting attribute: window
19:53:44,258 C:\Users\ingov\PycharmProjects\ProjectR/Logs/2021-12-25_19-53-42 INFO Getting attribute: question
19:53:44,258 C:\Users\ingov\PycharmProjects\ProjectR/Logs/2021-12-25_19-53-42 INFO Getting method: get_correct_answers
19:53:44,258 C:\Users\ingov\PycharmProjects\ProjectR/Logs/2021-12-25_19-53-42 INFO Getting method: get_question_type
19:53:44,258 C:\Users\ingov\PycharmProjects\ProjectR/Logs/2021-12-25_19-53-42 INFO Getting attribute: _QuestionClass__answers
19:53:44,258 C:\Users\ingov\PycharmProjects\ProjectR/Logs/2021-12-25_19-53-42 INFO Getting attribute: logger
19:53:44,258 C:\Users\ingov\PycharmProjects\ProjectR/Logs/2021-12-25_19-53-42 INFO This question is a single answer question: Text input: value 0
19:53:44,258 C:\Users\ingov\PycharmProjects\ProjectR/Logs/2021-12-25_19-53-42 INFO Getting attribute: logger
19:53:44,258 C:\Users\ingov\PycharmProjects\ProjectR/Logs/2021-12-25_19-53-42 INFO Getting attribute: _QuestionClass__answers
19:53:44,258 C:\Users\ingov\PycharmProjects\ProjectR/Logs/2021-12-25_19-53-42 INFO The correct answer is Good morning
19:53:44,258 C:\Users\ingov\PycharmProjects\ProjectR/Logs/2021-12-25_19-53-42 INFO Getting attribute: _QuestionClass__answers
19:53:44,258 C:\Users\ingov\PycharmProjects\ProjectR/Logs/2021-12-25_19-53-42 INFO Getting attribute: window
19:53:44,258 C:\Users\ingov\PycharmProjects\ProjectR/Logs/2021-12-25_19-53-42 INFO Getting attribute: question
19:53:44,258 C:\Users\ingov\PycharmProjects\ProjectR/Logs/2021-12-25_19-53-42 INFO Getting method: get_correct_answers
19:53:44,258 C:\Users\ingov\PycharmProjects\ProjectR/Logs/2021-12-25_19-53-42 INFO Getting method: get_question_type
19:53:44,258 C:\Users\ingov\PycharmProjects\ProjectR/Logs/2021-12-25_19-53-42 INFO Getting attribute: _QuestionClass__answers
19:53:44,258 C:\Users\ingov\PycharmProjects\ProjectR/Logs/2021-12-25_19-53-42 INFO Getting attribute: logger
19:53:44,258 C:\Users\ingov\PycharmProjects\ProjectR/Logs/2021-12-25_19-53-42 INFO This question is a single answer question: Text input: value 0
19:53:44,258 C:\Users\ingov\PycharmProjects\ProjectR/Logs/2021-12-25_19-53-42 INFO Getting attribute: logger
19:53:44,258 C:\Users\ingov\PycharmProjects\ProjectR/Logs/2021-12-25_19-53-42 INFO Getting attribute: _QuestionClass__answers
19:53:44,258 C:\Users\ingov\PycharmProjects\ProjectR/Logs/2021-12-25_19-53-42 INFO The correct answer is Good morning
19:53:44,258 C:\Users\ingov\PycharmProjects\ProjectR/Logs/2021-12-25_19-53-42 INFO Getting attribute: _QuestionClass__answers
19:53:44,262 C:\Users\ingov\PycharmProjects\ProjectR/Logs/2021-12-25_19-53-42 INFO Setting member: answer_label to value=.!label2
19:53:44,262 C:\Users\ingov\PycharmProjects\ProjectR/Logs/2021-12-25_19-53-42 INFO Getting attribute: answer_label
19:53:44,262 C:\Users\ingov\PycharmProjects\ProjectR/Logs/2021-12-25_19-53-42 INFO Getting attribute: window
19:53:44,262 C:\Users\ingov\PycharmProjects\ProjectR/Logs/2021-12-25_19-53-42 INFO Getting method: command_button_correct
19:53:44,262 C:\Users\ingov\PycharmProjects\ProjectR/Logs/2021-12-25_19-53-42 INFO Getting method: command_button_failed
19:53:44,262 C:\Users\ingov\PycharmProjects\ProjectR/Logs/2021-12-25_19-53-42 INFO Getting attribute: window
19:53:45,648 C:\Users\ingov\PycharmProjects\ProjectR/Logs/2021-12-25_19-53-42 INFO Getting method: add_result
19:53:47,568 C:\Users\ingov\PycharmProjects\ProjectR/Logs/2021-12-25_19-53-42 INFO Getting into __init__ for class: QuestionClass
19:53:47,568 C:\Users\ingov\PycharmProjects\ProjectR/Logs/2021-12-25_19-53-42 INFO Attributes in args: ('What of the following ones are Python basic types?', [('Fire', False), ('Bool', True), ('Normal', False), ('Basic', False)])
19:53:47,568 C:\Users\ingov\PycharmProjects\ProjectR/Logs/2021-12-25_19-53-42 INFO Attributes in kwargs: {}
19:53:47,568 C:\Users\ingov\PycharmProjects\ProjectR/Logs/2021-12-25_19-53-42 INFO Setting member: _QuestionClass__question to value=What of the following ones are Python basic types?
19:53:47,568 C:\Users\ingov\PycharmProjects\ProjectR/Logs/2021-12-25_19-53-42 INFO Setting member: _QuestionClass__answers to value=[('Fire', False), ('Bool', True), ('Normal', False), ('Basic', False)]
19:53:47,568 C:\Users\ingov\PycharmProjects\ProjectR/Logs/2021-12-25_19-53-42 INFO Getting into __init__ for class: QuestionOneAnswerMultiple
19:53:47,568 C:\Users\ingov\PycharmProjects\ProjectR/Logs/2021-12-25_19-53-42 INFO Attributes in args: ()
19:53:47,568 C:\Users\ingov\PycharmProjects\ProjectR/Logs/2021-12-25_19-53-42 INFO Attributes in kwargs: {'width': 600, 'height': 650, 'title': 'Question 4'}
19:53:47,728 C:\Users\ingov\PycharmProjects\ProjectR/Logs/2021-12-25_19-53-42 INFO Setting member: window to value=.
19:53:47,728 C:\Users\ingov\PycharmProjects\ProjectR/Logs/2021-12-25_19-53-42 INFO Getting attribute: window
19:53:47,728 C:\Users\ingov\PycharmProjects\ProjectR/Logs/2021-12-25_19-53-42 INFO Setting member: height to value=650
19:53:47,728 C:\Users\ingov\PycharmProjects\ProjectR/Logs/2021-12-25_19-53-42 INFO Setting member: width to value=600
19:53:47,728 C:\Users\ingov\PycharmProjects\ProjectR/Logs/2021-12-25_19-53-42 INFO Getting attribute: window
19:53:47,728 C:\Users\ingov\PycharmProjects\ProjectR/Logs/2021-12-25_19-53-42 INFO Getting attribute: window
19:53:47,728 C:\Users\ingov\PycharmProjects\ProjectR/Logs/2021-12-25_19-53-42 INFO Getting attribute: window
19:53:47,728 C:\Users\ingov\PycharmProjects\ProjectR/Logs/2021-12-25_19-53-42 INFO Setting member: menu to value=.!menu
19:53:47,728 C:\Users\ingov\PycharmProjects\ProjectR/Logs/2021-12-25_19-53-42 INFO Getting attribute: window
19:53:47,728 C:\Users\ingov\PycharmProjects\ProjectR/Logs/2021-12-25_19-53-42 INFO Getting attribute: menu
19:53:47,740 C:\Users\ingov\PycharmProjects\ProjectR/Logs/2021-12-25_19-53-42 INFO Getting attribute: menu
19:53:47,740 C:\Users\ingov\PycharmProjects\ProjectR/Logs/2021-12-25_19-53-42 INFO Getting method: go_back_to_main
19:53:47,740 C:\Users\ingov\PycharmProjects\ProjectR/Logs/2021-12-25_19-53-42 INFO Getting attribute: menu
19:53:47,740 C:\Users\ingov\PycharmProjects\ProjectR/Logs/2021-12-25_19-53-42 INFO Getting attribute: _QuestionClass__question
19:53:47,740 C:\Users\ingov\PycharmProjects\ProjectR/Logs/2021-12-25_19-53-42 INFO Getting attribute: question
19:53:47,740 C:\Users\ingov\PycharmProjects\ProjectR/Logs/2021-12-25_19-53-42 INFO Getting attribute: _QuestionClass__answers
19:53:47,740 C:\Users\ingov\PycharmProjects\ProjectR/Logs/2021-12-25_19-53-42 INFO Getting attribute: answers
19:53:47,740 C:\Users\ingov\PycharmProjects\ProjectR/Logs/2021-12-25_19-53-42 INFO Setting member: question to value=What of the following ones are Python basic types?: [('Fire', False), ('Bool', True), ('Normal', False), ('Basic', False)]
19:53:47,740 C:\Users\ingov\PycharmProjects\ProjectR/Logs/2021-12-25_19-53-42 INFO Getting attribute: window
19:53:47,740 C:\Users\ingov\PycharmProjects\ProjectR/Logs/2021-12-25_19-53-42 INFO Getting attribute: _QuestionClass__question
19:53:47,740 C:\Users\ingov\PycharmProjects\ProjectR/Logs/2021-12-25_19-53-42 INFO Getting attribute: question
19:53:47,748 C:\Users\ingov\PycharmProjects\ProjectR/Logs/2021-12-25_19-53-42 INFO Setting member: question_label to value=.!label
19:53:47,748 C:\Users\ingov\PycharmProjects\ProjectR/Logs/2021-12-25_19-53-42 INFO Getting attribute: question_label
19:53:47,748 C:\Users\ingov\PycharmProjects\ProjectR/Logs/2021-12-25_19-53-42 INFO Getting attribute: question_label
19:53:47,748 C:\Users\ingov\PycharmProjects\ProjectR/Logs/2021-12-25_19-53-42 INFO Setting member: radio_buttons to value=[]
19:53:47,748 C:\Users\ingov\PycharmProjects\ProjectR/Logs/2021-12-25_19-53-42 INFO Setting member: answer_group to value=PY_VAR0
19:53:47,748 C:\Users\ingov\PycharmProjects\ProjectR/Logs/2021-12-25_19-53-42 INFO Setting member: radio_button_font to value=('TkDefaultFont', 12)
19:53:47,748 C:\Users\ingov\PycharmProjects\ProjectR/Logs/2021-12-25_19-53-42 INFO Getting attribute: question
19:53:47,748 C:\Users\ingov\PycharmProjects\ProjectR/Logs/2021-12-25_19-53-42 INFO Getting attribute: _QuestionClass__answers
19:53:47,748 C:\Users\ingov\PycharmProjects\ProjectR/Logs/2021-12-25_19-53-42 INFO Getting attribute: answers
19:53:47,748 C:\Users\ingov\PycharmProjects\ProjectR/Logs/2021-12-25_19-53-42 INFO Getting attribute: window
19:53:47,748 C:\Users\ingov\PycharmProjects\ProjectR/Logs/2021-12-25_19-53-42 INFO Getting attribute: answer_group
19:53:47,748 C:\Users\ingov\PycharmProjects\ProjectR/Logs/2021-12-25_19-53-42 INFO Getting method: reveal_result
19:53:47,748 C:\Users\ingov\PycharmProjects\ProjectR/Logs/2021-12-25_19-53-42 INFO Getting attribute: radio_button_font
19:53:47,748 C:\Users\ingov\PycharmProjects\ProjectR/Logs/2021-12-25_19-53-42 INFO Getting attribute: radio_buttons
19:53:47,748 C:\Users\ingov\PycharmProjects\ProjectR/Logs/2021-12-25_19-53-42 INFO Getting attribute: window
19:53:47,748 C:\Users\ingov\PycharmProjects\ProjectR/Logs/2021-12-25_19-53-42 INFO Getting attribute: answer_group
19:53:47,748 C:\Users\ingov\PycharmProjects\ProjectR/Logs/2021-12-25_19-53-42 INFO Getting method: reveal_result
19:53:47,748 C:\Users\ingov\PycharmProjects\ProjectR/Logs/2021-12-25_19-53-42 INFO Getting attribute: radio_button_font
19:53:47,748 C:\Users\ingov\PycharmProjects\ProjectR/Logs/2021-12-25_19-53-42 INFO Getting attribute: radio_buttons
19:53:47,748 C:\Users\ingov\PycharmProjects\ProjectR/Logs/2021-12-25_19-53-42 INFO Getting attribute: window
19:53:47,748 C:\Users\ingov\PycharmProjects\ProjectR/Logs/2021-12-25_19-53-42 INFO Getting attribute: answer_group
19:53:47,748 C:\Users\ingov\PycharmProjects\ProjectR/Logs/2021-12-25_19-53-42 INFO Getting method: reveal_result
19:53:47,748 C:\Users\ingov\PycharmProjects\ProjectR/Logs/2021-12-25_19-53-42 INFO Getting attribute: radio_button_font
19:53:47,748 C:\Users\ingov\PycharmProjects\ProjectR/Logs/2021-12-25_19-53-42 INFO Getting attribute: radio_buttons
19:53:47,748 C:\Users\ingov\PycharmProjects\ProjectR/Logs/2021-12-25_19-53-42 INFO Getting attribute: window
19:53:47,748 C:\Users\ingov\PycharmProjects\ProjectR/Logs/2021-12-25_19-53-42 INFO Getting attribute: answer_group
19:53:47,748 C:\Users\ingov\PycharmProjects\ProjectR/Logs/2021-12-25_19-53-42 INFO Getting method: reveal_result
19:53:47,748 C:\Users\ingov\PycharmProjects\ProjectR/Logs/2021-12-25_19-53-42 INFO Getting attribute: radio_button_font
19:53:47,758 C:\Users\ingov\PycharmProjects\ProjectR/Logs/2021-12-25_19-53-42 INFO Getting attribute: radio_buttons
19:53:47,758 C:\Users\ingov\PycharmProjects\ProjectR/Logs/2021-12-25_19-53-42 INFO Getting attribute: window
