23:33:27,927 C:\Users\ingov\PycharmProjects\ProjectR/Logs/2021-12-25_23-33-27 INFO Log has been created and started
23:33:27,927 C:\Users\ingov\PycharmProjects\ProjectR/Logs/2021-12-25_23-33-27 INFO Metaclass MetaAbsLogger: Starting class MetaLogger
23:33:27,927 C:\Users\ingov\PycharmProjects\ProjectR/Logs/2021-12-25_23-33-27 INFO Metaclass MetaLogger: Starting class QuestionClass
23:33:27,974 C:\Users\ingov\PycharmProjects\ProjectR/Logs/2021-12-25_23-33-27 INFO Metaclass MetaLogger: Starting class QuestionnaireClass
23:33:28,193 C:\Users\ingov\PycharmProjects\ProjectR/Logs/2021-12-25_23-33-27 INFO Metaclass MetaAbsLogger: Starting class SimpleWindow
23:33:28,255 C:\Users\ingov\PycharmProjects\ProjectR/Logs/2021-12-25_23-33-27 INFO C:\Users\ingov\PycharmProjects\ProjectR/Config/config.cfg, exists so we will read it
23:33:28,255 C:\Users\ingov\PycharmProjects\ProjectR/Logs/2021-12-25_23-33-27 INFO Seconds to answer a question: 10
23:33:28,255 C:\Users\ingov\PycharmProjects\ProjectR/Logs/2021-12-25_23-33-27 INFO Seconds between questions: 30
23:33:28,255 C:\Users\ingov\PycharmProjects\ProjectR/Logs/2021-12-25_23-33-27 INFO C:\Users\ingov\PycharmProjects\ProjectR/Config/config.cfg is closed now
23:33:28,255 C:\Users\ingov\PycharmProjects\ProjectR/Logs/2021-12-25_23-33-27 INFO Metaclass MetaLogger: Starting class ConfigClass
23:33:28,364 C:\Users\ingov\PycharmProjects\ProjectR/Logs/2021-12-25_23-33-27 INFO Metaclass MetaAbsLogger: Starting class CurrentSession
23:33:28,364 C:\Users\ingov\PycharmProjects\ProjectR/Logs/2021-12-25_23-33-27 INFO Metaclass MetaAbsLogger: Starting class QuestionWindowAbs
23:33:28,364 C:\Users\ingov\PycharmProjects\ProjectR/Logs/2021-12-25_23-33-27 INFO Metaclass MetaAbsLogger: Starting class QuestionOneAnswer
23:33:28,364 C:\Users\ingov\PycharmProjects\ProjectR/Logs/2021-12-25_23-33-27 INFO Metaclass MetaAbsLogger: Starting class QuestionOneAnswerMultiple
23:33:28,364 C:\Users\ingov\PycharmProjects\ProjectR/Logs/2021-12-25_23-33-27 INFO Metaclass MetaAbsLogger: Starting class QuestionTwoAnswersMultiple
23:33:28,364 C:\Users\ingov\PycharmProjects\ProjectR/Logs/2021-12-25_23-33-27 INFO Loading a questionnaire from file: C:\Users\ingov\PycharmProjects\ProjectR/Data/Questionnaires/QuestionnaireExample2.pickle
23:33:28,364 C:\Users\ingov\PycharmProjects\ProjectR/Logs/2021-12-25_23-33-27 INFO Getting attribute: __dict__
23:33:28,364 C:\Users\ingov\PycharmProjects\ProjectR/Logs/2021-12-25_23-33-27 INFO Getting attribute: __dict__
23:33:28,364 C:\Users\ingov\PycharmProjects\ProjectR/Logs/2021-12-25_23-33-27 INFO Getting attribute: __dict__
23:33:28,364 C:\Users\ingov\PycharmProjects\ProjectR/Logs/2021-12-25_23-33-27 INFO Calling get_secs_to_answer
23:33:28,364 C:\Users\ingov\PycharmProjects\ProjectR/Logs/2021-12-25_23-33-27 INFO Getting secs to answer a questions: 10
23:33:28,364 C:\Users\ingov\PycharmProjects\ProjectR/Logs/2021-12-25_23-33-27 INFO Getting method: get_question_type
23:33:28,380 C:\Users\ingov\PycharmProjects\ProjectR/Logs/2021-12-25_23-33-27 INFO Getting attribute: _QuestionClass__answers
23:33:28,380 C:\Users\ingov\PycharmProjects\ProjectR/Logs/2021-12-25_23-33-27 INFO Getting attribute: _QuestionClass__answers
23:33:28,380 C:\Users\ingov\PycharmProjects\ProjectR/Logs/2021-12-25_23-33-27 INFO Getting attribute: logger
23:33:28,380 C:\Users\ingov\PycharmProjects\ProjectR/Logs/2021-12-25_23-33-27 INFO This question is a multiple choice question with a single answer: Radio button: value 1
23:33:28,380 C:\Users\ingov\PycharmProjects\ProjectR/Logs/2021-12-25_23-33-27 INFO Getting method: get_question_type
23:33:28,380 C:\Users\ingov\PycharmProjects\ProjectR/Logs/2021-12-25_23-33-27 INFO Getting attribute: _QuestionClass__answers
23:33:28,380 C:\Users\ingov\PycharmProjects\ProjectR/Logs/2021-12-25_23-33-27 INFO Getting attribute: _QuestionClass__answers
23:33:28,380 C:\Users\ingov\PycharmProjects\ProjectR/Logs/2021-12-25_23-33-27 INFO Getting attribute: logger
23:33:28,380 C:\Users\ingov\PycharmProjects\ProjectR/Logs/2021-12-25_23-33-27 INFO This question is a multiple choice question with a single answer: Radio button: value 1
