20:57:00,349 C:\Users\ingov\PycharmProjects\ProjectR/Logs/2021-12-22_20-57-00 INFO Log has been created and started
20:57:00,352 C:\Users\ingov\PycharmProjects\ProjectR/Logs/2021-12-22_20-57-00 INFO Metaclass MetaAbsLogger: Starting class MetaLogger
20:57:00,354 C:\Users\ingov\PycharmProjects\ProjectR/Logs/2021-12-22_20-57-00 INFO Metaclass MetaLogger: Starting class QuestionClass
20:57:00,379 C:\Users\ingov\PycharmProjects\ProjectR/Logs/2021-12-22_20-57-00 INFO Metaclass MetaLogger: Starting class QuestionnaireClass
20:57:00,414 C:\Users\ingov\PycharmProjects\ProjectR/Logs/2021-12-22_20-57-00 INFO Metaclass MetaAbsLogger: Starting class SimpleWindow
20:57:00,449 C:\Users\ingov\PycharmProjects\ProjectR/Logs/2021-12-22_20-57-00 INFO C:\Users\ingov\PycharmProjects\ProjectR/Config/config.cfg, exists so we will read it
20:57:00,454 C:\Users\ingov\PycharmProjects\ProjectR/Logs/2021-12-22_20-57-00 INFO Seconds to answer a question: 10
20:57:00,454 C:\Users\ingov\PycharmProjects\ProjectR/Logs/2021-12-22_20-57-00 INFO Seconds between questions: 30
20:57:00,454 C:\Users\ingov\PycharmProjects\ProjectR/Logs/2021-12-22_20-57-00 INFO C:\Users\ingov\PycharmProjects\ProjectR/Config/config.cfg is closed now
20:57:00,454 C:\Users\ingov\PycharmProjects\ProjectR/Logs/2021-12-22_20-57-00 INFO Metaclass MetaLogger: Starting class ConfigClass
20:57:00,454 C:\Users\ingov\PycharmProjects\ProjectR/Logs/2021-12-22_20-57-00 INFO Metaclass MetaAbsLogger: Starting class QuestionWindowAbs
20:57:00,454 C:\Users\ingov\PycharmProjects\ProjectR/Logs/2021-12-22_20-57-00 INFO Metaclass MetaAbsLogger: Starting class QuestionOneAnswer
20:57:00,454 C:\Users\ingov\PycharmProjects\ProjectR/Logs/2021-12-22_20-57-00 INFO Getting into __init__ for class: QuestionClass
20:57:00,456 C:\Users\ingov\PycharmProjects\ProjectR/Logs/2021-12-22_20-57-00 INFO Attributes in args: ('What do you say to a person in the morning?', 'Good morning')
20:57:00,456 C:\Users\ingov\PycharmProjects\ProjectR/Logs/2021-12-22_20-57-00 INFO Attributes in kwargs: {}
20:57:00,456 C:\Users\ingov\PycharmProjects\ProjectR/Logs/2021-12-22_20-57-00 INFO Setting member: _QuestionClass__question to value=What do you say to a person in the morning?
20:57:00,456 C:\Users\ingov\PycharmProjects\ProjectR/Logs/2021-12-22_20-57-00 INFO Setting member: _QuestionClass__answers to value=Good morning
20:57:00,456 C:\Users\ingov\PycharmProjects\ProjectR/Logs/2021-12-22_20-57-00 INFO Getting into __init__ for class: QuestionOneAnswer
20:57:00,456 C:\Users\ingov\PycharmProjects\ProjectR/Logs/2021-12-22_20-57-00 INFO Attributes in args: (500, 600, 'Question 3')
20:57:00,456 C:\Users\ingov\PycharmProjects\ProjectR/Logs/2021-12-22_20-57-00 INFO Attributes in kwargs: {}
20:57:00,619 C:\Users\ingov\PycharmProjects\ProjectR/Logs/2021-12-22_20-57-00 INFO Setting member: window to value=.
20:57:00,624 C:\Users\ingov\PycharmProjects\ProjectR/Logs/2021-12-22_20-57-00 INFO Getting attribute: window
20:57:00,624 C:\Users\ingov\PycharmProjects\ProjectR/Logs/2021-12-22_20-57-00 INFO Setting member: height to value=500
20:57:00,624 C:\Users\ingov\PycharmProjects\ProjectR/Logs/2021-12-22_20-57-00 INFO Setting member: width to value=600
20:57:00,624 C:\Users\ingov\PycharmProjects\ProjectR/Logs/2021-12-22_20-57-00 INFO Getting attribute: window
20:57:00,624 C:\Users\ingov\PycharmProjects\ProjectR/Logs/2021-12-22_20-57-00 INFO Getting attribute: window
20:57:00,624 C:\Users\ingov\PycharmProjects\ProjectR/Logs/2021-12-22_20-57-00 INFO Setting member: question_label to value=.!label
20:57:00,624 C:\Users\ingov\PycharmProjects\ProjectR/Logs/2021-12-22_20-57-00 INFO Getting attribute: question_label
20:57:00,624 C:\Users\ingov\PycharmProjects\ProjectR/Logs/2021-12-22_20-57-00 INFO Getting attribute: window
20:57:00,628 C:\Users\ingov\PycharmProjects\ProjectR/Logs/2021-12-22_20-57-00 INFO Setting member: button_answer to value=.!button
20:57:00,628 C:\Users\ingov\PycharmProjects\ProjectR/Logs/2021-12-22_20-57-00 INFO Getting attribute: button_answer
20:57:00,628 C:\Users\ingov\PycharmProjects\ProjectR/Logs/2021-12-22_20-57-00 INFO Getting attribute: window
