20:03:48,249 C:\Users\ingov\PycharmProjects\ProjectR/Logs/2021-12-25_20-03-48 INFO Log has been created and started
20:03:48,249 C:\Users\ingov\PycharmProjects\ProjectR/Logs/2021-12-25_20-03-48 INFO Metaclass MetaAbsLogger: Starting class MetaLogger
20:03:48,249 C:\Users\ingov\PycharmProjects\ProjectR/Logs/2021-12-25_20-03-48 INFO Metaclass MetaLogger: Starting class QuestionClass
20:03:48,259 C:\Users\ingov\PycharmProjects\ProjectR/Logs/2021-12-25_20-03-48 INFO Metaclass MetaLogger: Starting class QuestionnaireClass
20:03:48,259 C:\Users\ingov\PycharmProjects\ProjectR/Logs/2021-12-25_20-03-48 INFO Metaclass MetaAbsLogger: Starting class CurrentSession
20:03:48,279 C:\Users\ingov\PycharmProjects\ProjectR/Logs/2021-12-25_20-03-48 INFO Metaclass MetaAbsLogger: Starting class SimpleWindow
20:03:48,299 C:\Users\ingov\PycharmProjects\ProjectR/Logs/2021-12-25_20-03-48 INFO C:\Users\ingov\PycharmProjects\ProjectR/Config/config.cfg, exists so we will read it
20:03:48,304 C:\Users\ingov\PycharmProjects\ProjectR/Logs/2021-12-25_20-03-48 INFO Seconds to answer a question: 10
20:03:48,305 C:\Users\ingov\PycharmProjects\ProjectR/Logs/2021-12-25_20-03-48 INFO Seconds between questions: 30
20:03:48,305 C:\Users\ingov\PycharmProjects\ProjectR/Logs/2021-12-25_20-03-48 INFO C:\Users\ingov\PycharmProjects\ProjectR/Config/config.cfg is closed now
20:03:48,305 C:\Users\ingov\PycharmProjects\ProjectR/Logs/2021-12-25_20-03-48 INFO Metaclass MetaLogger: Starting class ConfigClass
20:03:48,305 C:\Users\ingov\PycharmProjects\ProjectR/Logs/2021-12-25_20-03-48 INFO Metaclass MetaAbsLogger: Starting class QuestionWindowAbs
20:03:48,305 C:\Users\ingov\PycharmProjects\ProjectR/Logs/2021-12-25_20-03-48 INFO Metaclass MetaAbsLogger: Starting class QuestionOneAnswer
20:03:48,305 C:\Users\ingov\PycharmProjects\ProjectR/Logs/2021-12-25_20-03-48 INFO Metaclass MetaAbsLogger: Starting class QuestionOneAnswerMultiple
20:03:48,305 C:\Users\ingov\PycharmProjects\ProjectR/Logs/2021-12-25_20-03-48 INFO Getting into __init__ for class: QuestionClass
20:03:48,305 C:\Users\ingov\PycharmProjects\ProjectR/Logs/2021-12-25_20-03-48 INFO Attributes in args: ('What do you say to a person in the morning?', 'Good morning')
20:03:48,305 C:\Users\ingov\PycharmProjects\ProjectR/Logs/2021-12-25_20-03-48 INFO Attributes in kwargs: {}
20:03:48,305 C:\Users\ingov\PycharmProjects\ProjectR/Logs/2021-12-25_20-03-48 INFO Setting member: _QuestionClass__question to value=What do you say to a person in the morning?
20:03:48,305 C:\Users\ingov\PycharmProjects\ProjectR/Logs/2021-12-25_20-03-48 INFO Setting member: _QuestionClass__answers to value=Good morning
20:03:48,305 C:\Users\ingov\PycharmProjects\ProjectR/Logs/2021-12-25_20-03-48 INFO Getting into __init__ for class: QuestionOneAnswer
20:03:48,305 C:\Users\ingov\PycharmProjects\ProjectR/Logs/2021-12-25_20-03-48 INFO Attributes in args: ()
20:03:48,305 C:\Users\ingov\PycharmProjects\ProjectR/Logs/2021-12-25_20-03-48 INFO Attributes in kwargs: {'width': 600, 'height': 450, 'title': 'Question 3'}
20:03:48,379 C:\Users\ingov\PycharmProjects\ProjectR/Logs/2021-12-25_20-03-48 INFO Setting member: window to value=.
20:03:48,379 C:\Users\ingov\PycharmProjects\ProjectR/Logs/2021-12-25_20-03-48 INFO Getting attribute: window
20:03:48,379 C:\Users\ingov\PycharmProjects\ProjectR/Logs/2021-12-25_20-03-48 INFO Setting member: height to value=450
20:03:48,379 C:\Users\ingov\PycharmProjects\ProjectR/Logs/2021-12-25_20-03-48 INFO Setting member: width to value=600
20:03:48,379 C:\Users\ingov\PycharmProjects\ProjectR/Logs/2021-12-25_20-03-48 INFO Getting attribute: window
20:03:48,379 C:\Users\ingov\PycharmProjects\ProjectR/Logs/2021-12-25_20-03-48 INFO Getting attribute: window
20:03:48,379 C:\Users\ingov\PycharmProjects\ProjectR/Logs/2021-12-25_20-03-48 INFO Getting attribute: window
20:03:48,385 C:\Users\ingov\PycharmProjects\ProjectR/Logs/2021-12-25_20-03-48 INFO Setting member: menu to value=.!menu
20:03:48,385 C:\Users\ingov\PycharmProjects\ProjectR/Logs/2021-12-25_20-03-48 INFO Getting attribute: window
20:03:48,385 C:\Users\ingov\PycharmProjects\ProjectR/Logs/2021-12-25_20-03-48 INFO Getting attribute: menu
20:03:48,389 C:\Users\ingov\PycharmProjects\ProjectR/Logs/2021-12-25_20-03-48 INFO Getting attribute: menu
20:03:48,389 C:\Users\ingov\PycharmProjects\ProjectR/Logs/2021-12-25_20-03-48 INFO Getting method: go_back_to_main
20:03:48,389 C:\Users\ingov\PycharmProjects\ProjectR/Logs/2021-12-25_20-03-48 INFO Getting attribute: menu
20:03:48,389 C:\Users\ingov\PycharmProjects\ProjectR/Logs/2021-12-25_20-03-48 INFO Getting attribute: _QuestionClass__question
20:03:48,389 C:\Users\ingov\PycharmProjects\ProjectR/Logs/2021-12-25_20-03-48 INFO Getting attribute: question
20:03:48,389 C:\Users\ingov\PycharmProjects\ProjectR/Logs/2021-12-25_20-03-48 INFO Getting attribute: _QuestionClass__answers
20:03:48,389 C:\Users\ingov\PycharmProjects\ProjectR/Logs/2021-12-25_20-03-48 INFO Getting attribute: answers
20:03:48,389 C:\Users\ingov\PycharmProjects\ProjectR/Logs/2021-12-25_20-03-48 INFO Setting member: question to value=What do you say to a person in the morning?: Good morning
20:03:48,389 C:\Users\ingov\PycharmProjects\ProjectR/Logs/2021-12-25_20-03-48 INFO Getting attribute: window
20:03:48,389 C:\Users\ingov\PycharmProjects\ProjectR/Logs/2021-12-25_20-03-48 INFO Getting attribute: _QuestionClass__question
20:03:48,389 C:\Users\ingov\PycharmProjects\ProjectR/Logs/2021-12-25_20-03-48 INFO Getting attribute: question
20:03:48,389 C:\Users\ingov\PycharmProjects\ProjectR/Logs/2021-12-25_20-03-48 INFO Setting member: question_label to value=.!label
20:03:48,394 C:\Users\ingov\PycharmProjects\ProjectR/Logs/2021-12-25_20-03-48 INFO Getting attribute: question_label
20:03:48,394 C:\Users\ingov\PycharmProjects\ProjectR/Logs/2021-12-25_20-03-48 INFO Getting attribute: question_label
20:03:48,394 C:\Users\ingov\PycharmProjects\ProjectR/Logs/2021-12-25_20-03-48 INFO Getting attribute: window
20:03:48,394 C:\Users\ingov\PycharmProjects\ProjectR/Logs/2021-12-25_20-03-48 INFO Getting method: reveal_answer
20:03:48,394 C:\Users\ingov\PycharmProjects\ProjectR/Logs/2021-12-25_20-03-48 INFO Setting member: button_answer to value=.!button
20:03:48,394 C:\Users\ingov\PycharmProjects\ProjectR/Logs/2021-12-25_20-03-48 INFO Getting attribute: button_answer
20:03:48,394 C:\Users\ingov\PycharmProjects\ProjectR/Logs/2021-12-25_20-03-48 INFO Setting member: answer_label to value=None
20:03:48,394 C:\Users\ingov\PycharmProjects\ProjectR/Logs/2021-12-25_20-03-48 INFO Getting attribute: window
20:03:49,339 C:\Users\ingov\PycharmProjects\ProjectR/Logs/2021-12-25_20-03-48 INFO Getting attribute: question
20:03:49,339 C:\Users\ingov\PycharmProjects\ProjectR/Logs/2021-12-25_20-03-48 INFO Getting method: get_correct_answers
20:03:49,339 C:\Users\ingov\PycharmProjects\ProjectR/Logs/2021-12-25_20-03-48 INFO Getting method: get_question_type
20:03:49,339 C:\Users\ingov\PycharmProjects\ProjectR/Logs/2021-12-25_20-03-48 INFO Getting attribute: _QuestionClass__answers
20:03:49,339 C:\Users\ingov\PycharmProjects\ProjectR/Logs/2021-12-25_20-03-48 INFO Getting attribute: logger
20:03:49,339 C:\Users\ingov\PycharmProjects\ProjectR/Logs/2021-12-25_20-03-48 INFO This question is a single answer question: Text input: value 0
20:03:49,339 C:\Users\ingov\PycharmProjects\ProjectR/Logs/2021-12-25_20-03-48 INFO Getting attribute: logger
20:03:49,339 C:\Users\ingov\PycharmProjects\ProjectR/Logs/2021-12-25_20-03-48 INFO Getting attribute: _QuestionClass__answers
20:03:49,339 C:\Users\ingov\PycharmProjects\ProjectR/Logs/2021-12-25_20-03-48 INFO The correct answer is Good morning
20:03:49,339 C:\Users\ingov\PycharmProjects\ProjectR/Logs/2021-12-25_20-03-48 INFO Getting attribute: _QuestionClass__answers
20:03:49,339 C:\Users\ingov\PycharmProjects\ProjectR/Logs/2021-12-25_20-03-48 INFO Getting attribute: window
20:03:49,339 C:\Users\ingov\PycharmProjects\ProjectR/Logs/2021-12-25_20-03-48 INFO Getting attribute: question
20:03:49,339 C:\Users\ingov\PycharmProjects\ProjectR/Logs/2021-12-25_20-03-48 INFO Getting method: get_correct_answers
20:03:49,339 C:\Users\ingov\PycharmProjects\ProjectR/Logs/2021-12-25_20-03-48 INFO Getting method: get_question_type
20:03:49,339 C:\Users\ingov\PycharmProjects\ProjectR/Logs/2021-12-25_20-03-48 INFO Getting attribute: _QuestionClass__answers
20:03:49,339 C:\Users\ingov\PycharmProjects\ProjectR/Logs/2021-12-25_20-03-48 INFO Getting attribute: logger
20:03:49,339 C:\Users\ingov\PycharmProjects\ProjectR/Logs/2021-12-25_20-03-48 INFO This question is a single answer question: Text input: value 0
20:03:49,339 C:\Users\ingov\PycharmProjects\ProjectR/Logs/2021-12-25_20-03-48 INFO Getting attribute: logger
20:03:49,339 C:\Users\ingov\PycharmProjects\ProjectR/Logs/2021-12-25_20-03-48 INFO Getting attribute: _QuestionClass__answers
20:03:49,339 C:\Users\ingov\PycharmProjects\ProjectR/Logs/2021-12-25_20-03-48 INFO The correct answer is Good morning
20:03:49,339 C:\Users\ingov\PycharmProjects\ProjectR/Logs/2021-12-25_20-03-48 INFO Getting attribute: _QuestionClass__answers
20:03:49,339 C:\Users\ingov\PycharmProjects\ProjectR/Logs/2021-12-25_20-03-48 INFO Setting member: answer_label to value=.!label2
20:03:49,339 C:\Users\ingov\PycharmProjects\ProjectR/Logs/2021-12-25_20-03-48 INFO Getting attribute: answer_label
20:03:49,339 C:\Users\ingov\PycharmProjects\ProjectR/Logs/2021-12-25_20-03-48 INFO Getting attribute: window
20:03:49,339 C:\Users\ingov\PycharmProjects\ProjectR/Logs/2021-12-25_20-03-48 INFO Getting method: command_button_correct
20:03:49,339 C:\Users\ingov\PycharmProjects\ProjectR/Logs/2021-12-25_20-03-48 INFO Getting method: command_button_failed
20:03:49,339 C:\Users\ingov\PycharmProjects\ProjectR/Logs/2021-12-25_20-03-48 INFO Getting attribute: window
20:03:50,469 C:\Users\ingov\PycharmProjects\ProjectR/Logs/2021-12-25_20-03-48 INFO Getting method: add_result
20:03:50,469 C:\Users\ingov\PycharmProjects\ProjectR/Logs/2021-12-25_20-03-48 INFO Getting attribute: question
20:03:50,469 C:\Users\ingov\PycharmProjects\ProjectR/Logs/2021-12-25_20-03-48 INFO Getting attribute: _QuestionClass__question
20:03:50,469 C:\Users\ingov\PycharmProjects\ProjectR/Logs/2021-12-25_20-03-48 INFO Getting attribute: question
20:03:50,469 C:\Users\ingov\PycharmProjects\ProjectR/Logs/2021-12-25_20-03-48 INFO Getting attribute: window
20:03:50,499 C:\Users\ingov\PycharmProjects\ProjectR/Logs/2021-12-25_20-03-48 INFO Calling get_secs_between_questions
20:03:50,499 C:\Users\ingov\PycharmProjects\ProjectR/Logs/2021-12-25_20-03-48 INFO Getting secs between questions: 10
20:04:20,509 C:\Users\ingov\PycharmProjects\ProjectR/Logs/2021-12-25_20-03-48 INFO Getting into __init__ for class: QuestionClass
20:04:20,509 C:\Users\ingov\PycharmProjects\ProjectR/Logs/2021-12-25_20-03-48 INFO Attributes in args: ('What of the following ones are Python basic types?', [('Fire', False), ('Bool', True), ('Normal', False), ('Basic', False)])
20:04:20,509 C:\Users\ingov\PycharmProjects\ProjectR/Logs/2021-12-25_20-03-48 INFO Attributes in kwargs: {}
20:04:20,509 C:\Users\ingov\PycharmProjects\ProjectR/Logs/2021-12-25_20-03-48 INFO Setting member: _QuestionClass__question to value=What of the following ones are Python basic types?
20:04:20,509 C:\Users\ingov\PycharmProjects\ProjectR/Logs/2021-12-25_20-03-48 INFO Setting member: _QuestionClass__answers to value=[('Fire', False), ('Bool', True), ('Normal', False), ('Basic', False)]
20:04:20,509 C:\Users\ingov\PycharmProjects\ProjectR/Logs/2021-12-25_20-03-48 INFO Getting into __init__ for class: QuestionOneAnswerMultiple
20:04:20,509 C:\Users\ingov\PycharmProjects\ProjectR/Logs/2021-12-25_20-03-48 INFO Attributes in args: ()
20:04:20,509 C:\Users\ingov\PycharmProjects\ProjectR/Logs/2021-12-25_20-03-48 INFO Attributes in kwargs: {'width': 600, 'height': 650, 'title': 'Question 4'}
20:04:20,609 C:\Users\ingov\PycharmProjects\ProjectR/Logs/2021-12-25_20-03-48 INFO Setting member: window to value=.
20:04:20,609 C:\Users\ingov\PycharmProjects\ProjectR/Logs/2021-12-25_20-03-48 INFO Getting attribute: window
20:04:20,609 C:\Users\ingov\PycharmProjects\ProjectR/Logs/2021-12-25_20-03-48 INFO Setting member: height to value=650
20:04:20,609 C:\Users\ingov\PycharmProjects\ProjectR/Logs/2021-12-25_20-03-48 INFO Setting member: width to value=600
20:04:20,609 C:\Users\ingov\PycharmProjects\ProjectR/Logs/2021-12-25_20-03-48 INFO Getting attribute: window
20:04:20,609 C:\Users\ingov\PycharmProjects\ProjectR/Logs/2021-12-25_20-03-48 INFO Getting attribute: window
20:04:20,609 C:\Users\ingov\PycharmProjects\ProjectR/Logs/2021-12-25_20-03-48 INFO Getting attribute: window
20:04:20,609 C:\Users\ingov\PycharmProjects\ProjectR/Logs/2021-12-25_20-03-48 INFO Setting member: menu to value=.!menu
20:04:20,609 C:\Users\ingov\PycharmProjects\ProjectR/Logs/2021-12-25_20-03-48 INFO Getting attribute: window
20:04:20,609 C:\Users\ingov\PycharmProjects\ProjectR/Logs/2021-12-25_20-03-48 INFO Getting attribute: menu
20:04:20,619 C:\Users\ingov\PycharmProjects\ProjectR/Logs/2021-12-25_20-03-48 INFO Getting attribute: menu
20:04:20,619 C:\Users\ingov\PycharmProjects\ProjectR/Logs/2021-12-25_20-03-48 INFO Getting method: go_back_to_main
20:04:20,619 C:\Users\ingov\PycharmProjects\ProjectR/Logs/2021-12-25_20-03-48 INFO Getting attribute: menu
20:04:20,619 C:\Users\ingov\PycharmProjects\ProjectR/Logs/2021-12-25_20-03-48 INFO Getting attribute: _QuestionClass__question
20:04:20,619 C:\Users\ingov\PycharmProjects\ProjectR/Logs/2021-12-25_20-03-48 INFO Getting attribute: question
20:04:20,619 C:\Users\ingov\PycharmProjects\ProjectR/Logs/2021-12-25_20-03-48 INFO Getting attribute: _QuestionClass__answers
20:04:20,619 C:\Users\ingov\PycharmProjects\ProjectR/Logs/2021-12-25_20-03-48 INFO Getting attribute: answers
20:04:20,619 C:\Users\ingov\PycharmProjects\ProjectR/Logs/2021-12-25_20-03-48 INFO Setting member: question to value=What of the following ones are Python basic types?: [('Fire', False), ('Bool', True), ('Normal', False), ('Basic', False)]
20:04:20,619 C:\Users\ingov\PycharmProjects\ProjectR/Logs/2021-12-25_20-03-48 INFO Getting attribute: window
20:04:20,619 C:\Users\ingov\PycharmProjects\ProjectR/Logs/2021-12-25_20-03-48 INFO Getting attribute: _QuestionClass__question
20:04:20,619 C:\Users\ingov\PycharmProjects\ProjectR/Logs/2021-12-25_20-03-48 INFO Getting attribute: question
20:04:20,619 C:\Users\ingov\PycharmProjects\ProjectR/Logs/2021-12-25_20-03-48 INFO Setting member: question_label to value=.!label
20:04:20,619 C:\Users\ingov\PycharmProjects\ProjectR/Logs/2021-12-25_20-03-48 INFO Getting attribute: question_label
20:04:20,619 C:\Users\ingov\PycharmProjects\ProjectR/Logs/2021-12-25_20-03-48 INFO Getting attribute: question_label
20:04:20,619 C:\Users\ingov\PycharmProjects\ProjectR/Logs/2021-12-25_20-03-48 INFO Setting member: radio_buttons to value=[]
20:04:20,619 C:\Users\ingov\PycharmProjects\ProjectR/Logs/2021-12-25_20-03-48 INFO Setting member: answer_group to value=PY_VAR0
20:04:20,619 C:\Users\ingov\PycharmProjects\ProjectR/Logs/2021-12-25_20-03-48 INFO Setting member: radio_button_font to value=('TkDefaultFont', 12)
20:04:20,619 C:\Users\ingov\PycharmProjects\ProjectR/Logs/2021-12-25_20-03-48 INFO Getting attribute: question
20:04:20,619 C:\Users\ingov\PycharmProjects\ProjectR/Logs/2021-12-25_20-03-48 INFO Getting attribute: _QuestionClass__answers
20:04:20,619 C:\Users\ingov\PycharmProjects\ProjectR/Logs/2021-12-25_20-03-48 INFO Getting attribute: answers
20:04:20,619 C:\Users\ingov\PycharmProjects\ProjectR/Logs/2021-12-25_20-03-48 INFO Getting attribute: window
20:04:20,619 C:\Users\ingov\PycharmProjects\ProjectR/Logs/2021-12-25_20-03-48 INFO Getting attribute: answer_group
20:04:20,619 C:\Users\ingov\PycharmProjects\ProjectR/Logs/2021-12-25_20-03-48 INFO Getting method: reveal_result
20:04:20,619 C:\Users\ingov\PycharmProjects\ProjectR/Logs/2021-12-25_20-03-48 INFO Getting attribute: radio_button_font
20:04:20,619 C:\Users\ingov\PycharmProjects\ProjectR/Logs/2021-12-25_20-03-48 INFO Getting attribute: radio_buttons
20:04:20,619 C:\Users\ingov\PycharmProjects\ProjectR/Logs/2021-12-25_20-03-48 INFO Getting attribute: window
20:04:20,619 C:\Users\ingov\PycharmProjects\ProjectR/Logs/2021-12-25_20-03-48 INFO Getting attribute: answer_group
20:04:20,619 C:\Users\ingov\PycharmProjects\ProjectR/Logs/2021-12-25_20-03-48 INFO Getting method: reveal_result
20:04:20,619 C:\Users\ingov\PycharmProjects\ProjectR/Logs/2021-12-25_20-03-48 INFO Getting attribute: radio_button_font
20:04:20,619 C:\Users\ingov\PycharmProjects\ProjectR/Logs/2021-12-25_20-03-48 INFO Getting attribute: radio_buttons
20:04:20,619 C:\Users\ingov\PycharmProjects\ProjectR/Logs/2021-12-25_20-03-48 INFO Getting attribute: window
20:04:20,619 C:\Users\ingov\PycharmProjects\ProjectR/Logs/2021-12-25_20-03-48 INFO Getting attribute: answer_group
20:04:20,619 C:\Users\ingov\PycharmProjects\ProjectR/Logs/2021-12-25_20-03-48 INFO Getting method: reveal_result
20:04:20,619 C:\Users\ingov\PycharmProjects\ProjectR/Logs/2021-12-25_20-03-48 INFO Getting attribute: radio_button_font
20:04:20,619 C:\Users\ingov\PycharmProjects\ProjectR/Logs/2021-12-25_20-03-48 INFO Getting attribute: radio_buttons
20:04:20,619 C:\Users\ingov\PycharmProjects\ProjectR/Logs/2021-12-25_20-03-48 INFO Getting attribute: window
20:04:20,619 C:\Users\ingov\PycharmProjects\ProjectR/Logs/2021-12-25_20-03-48 INFO Getting attribute: answer_group
20:04:20,619 C:\Users\ingov\PycharmProjects\ProjectR/Logs/2021-12-25_20-03-48 INFO Getting method: reveal_result
20:04:20,619 C:\Users\ingov\PycharmProjects\ProjectR/Logs/2021-12-25_20-03-48 INFO Getting attribute: radio_button_font
20:04:20,619 C:\Users\ingov\PycharmProjects\ProjectR/Logs/2021-12-25_20-03-48 INFO Getting attribute: radio_buttons
20:04:20,619 C:\Users\ingov\PycharmProjects\ProjectR/Logs/2021-12-25_20-03-48 INFO Getting attribute: window
20:04:59,350 C:\Users\ingov\PycharmProjects\ProjectR/Logs/2021-12-25_20-03-48 INFO Getting attribute: radio_buttons
20:04:59,350 C:\Users\ingov\PycharmProjects\ProjectR/Logs/2021-12-25_20-03-48 INFO Getting attribute: answer_group
20:04:59,350 C:\Users\ingov\PycharmProjects\ProjectR/Logs/2021-12-25_20-03-48 INFO Getting attribute: question
20:04:59,350 C:\Users\ingov\PycharmProjects\ProjectR/Logs/2021-12-25_20-03-48 INFO Getting attribute: _QuestionClass__question
20:04:59,350 C:\Users\ingov\PycharmProjects\ProjectR/Logs/2021-12-25_20-03-48 INFO Getting attribute: question
20:04:59,350 C:\Users\ingov\PycharmProjects\ProjectR/Logs/2021-12-25_20-03-48 INFO Getting attribute: window
20:04:59,350 C:\Users\ingov\PycharmProjects\ProjectR/Logs/2021-12-25_20-03-48 INFO Getting attribute: window
20:04:59,350 C:\Users\ingov\PycharmProjects\ProjectR/Logs/2021-12-25_20-03-48 INFO Getting attribute: window
20:04:59,350 C:\Users\ingov\PycharmProjects\ProjectR/Logs/2021-12-25_20-03-48 INFO Getting attribute: window
20:04:59,350 C:\Users\ingov\PycharmProjects\ProjectR/Logs/2021-12-25_20-03-48 INFO Calling get_secs_between_questions
20:04:59,350 C:\Users\ingov\PycharmProjects\ProjectR/Logs/2021-12-25_20-03-48 INFO Getting secs between questions: 10
