20:37:21,997 C:\Users\ingov\PycharmProjects\ProjectR/Logs/2021-12-25_20-37-21 INFO Log has been created and started
20:37:21,997 C:\Users\ingov\PycharmProjects\ProjectR/Logs/2021-12-25_20-37-21 INFO Metaclass MetaAbsLogger: Starting class MetaLogger
20:37:22,5 C:\Users\ingov\PycharmProjects\ProjectR/Logs/2021-12-25_20-37-21 INFO Metaclass MetaLogger: Starting class QuestionClass
20:37:22,22 C:\Users\ingov\PycharmProjects\ProjectR/Logs/2021-12-25_20-37-21 INFO Metaclass MetaLogger: Starting class QuestionnaireClass
20:37:22,63 C:\Users\ingov\PycharmProjects\ProjectR/Logs/2021-12-25_20-37-21 INFO Metaclass MetaAbsLogger: Starting class SimpleWindow
20:37:22,102 C:\Users\ingov\PycharmProjects\ProjectR/Logs/2021-12-25_20-37-21 INFO C:\Users\ingov\PycharmProjects\ProjectR/Config/config.cfg, exists so we will read it
20:37:22,102 C:\Users\ingov\PycharmProjects\ProjectR/Logs/2021-12-25_20-37-21 INFO Seconds to answer a question: 10
20:37:22,102 C:\Users\ingov\PycharmProjects\ProjectR/Logs/2021-12-25_20-37-21 INFO Seconds between questions: 30
20:37:22,102 C:\Users\ingov\PycharmProjects\ProjectR/Logs/2021-12-25_20-37-21 INFO C:\Users\ingov\PycharmProjects\ProjectR/Config/config.cfg is closed now
20:37:22,102 C:\Users\ingov\PycharmProjects\ProjectR/Logs/2021-12-25_20-37-21 INFO Metaclass MetaLogger: Starting class ConfigClass
20:37:22,102 C:\Users\ingov\PycharmProjects\ProjectR/Logs/2021-12-25_20-37-21 INFO Metaclass MetaAbsLogger: Starting class CurrentSession
20:37:22,102 C:\Users\ingov\PycharmProjects\ProjectR/Logs/2021-12-25_20-37-21 INFO Metaclass MetaAbsLogger: Starting class QuestionWindowAbs
20:37:22,102 C:\Users\ingov\PycharmProjects\ProjectR/Logs/2021-12-25_20-37-21 INFO Metaclass MetaAbsLogger: Starting class QuestionOneAnswer
20:37:22,102 C:\Users\ingov\PycharmProjects\ProjectR/Logs/2021-12-25_20-37-21 INFO Metaclass MetaAbsLogger: Starting class QuestionOneAnswerMultiple
20:37:22,102 C:\Users\ingov\PycharmProjects\ProjectR/Logs/2021-12-25_20-37-21 INFO Loading a questionnaire from file: C:\Users\ingov\PycharmProjects\ProjectR/Data/Questionnaires/QuestionnaireExample2.pickle
20:37:22,112 C:\Users\ingov\PycharmProjects\ProjectR/Logs/2021-12-25_20-37-21 INFO Getting attribute: __dict__
20:37:22,112 C:\Users\ingov\PycharmProjects\ProjectR/Logs/2021-12-25_20-37-21 INFO Getting attribute: __dict__
20:37:22,112 C:\Users\ingov\PycharmProjects\ProjectR/Logs/2021-12-25_20-37-21 INFO Getting attribute: __dict__
20:37:22,112 C:\Users\ingov\PycharmProjects\ProjectR/Logs/2021-12-25_20-37-21 INFO Calling get_secs_to_answer
20:37:22,112 C:\Users\ingov\PycharmProjects\ProjectR/Logs/2021-12-25_20-37-21 INFO Getting secs to answer a questions: 10
20:37:22,112 C:\Users\ingov\PycharmProjects\ProjectR/Logs/2021-12-25_20-37-21 INFO Getting method: get_question_type
20:37:22,112 C:\Users\ingov\PycharmProjects\ProjectR/Logs/2021-12-25_20-37-21 INFO Getting attribute: _QuestionClass__answers
20:37:22,112 C:\Users\ingov\PycharmProjects\ProjectR/Logs/2021-12-25_20-37-21 INFO Getting attribute: logger
20:37:22,112 C:\Users\ingov\PycharmProjects\ProjectR/Logs/2021-12-25_20-37-21 INFO This question is a single answer question: Text input: value 0
20:37:22,112 C:\Users\ingov\PycharmProjects\ProjectR/Logs/2021-12-25_20-37-21 INFO Getting into __init__ for class: QuestionOneAnswer
20:37:22,112 C:\Users\ingov\PycharmProjects\ProjectR/Logs/2021-12-25_20-37-21 INFO Attributes in args: ()
20:37:22,112 C:\Users\ingov\PycharmProjects\ProjectR/Logs/2021-12-25_20-37-21 INFO Attributes in kwargs: {'width': 600, 'height': 450, 'title': 'Question 0'}
20:37:22,272 C:\Users\ingov\PycharmProjects\ProjectR/Logs/2021-12-25_20-37-21 INFO Setting member: window to value=.
20:37:22,272 C:\Users\ingov\PycharmProjects\ProjectR/Logs/2021-12-25_20-37-21 INFO Getting attribute: window
20:37:22,272 C:\Users\ingov\PycharmProjects\ProjectR/Logs/2021-12-25_20-37-21 INFO Setting member: height to value=450
20:37:22,272 C:\Users\ingov\PycharmProjects\ProjectR/Logs/2021-12-25_20-37-21 INFO Setting member: width to value=600
20:37:22,272 C:\Users\ingov\PycharmProjects\ProjectR/Logs/2021-12-25_20-37-21 INFO Getting attribute: window
20:37:22,272 C:\Users\ingov\PycharmProjects\ProjectR/Logs/2021-12-25_20-37-21 INFO Getting attribute: window
20:37:22,272 C:\Users\ingov\PycharmProjects\ProjectR/Logs/2021-12-25_20-37-21 INFO Getting attribute: window
20:37:22,284 C:\Users\ingov\PycharmProjects\ProjectR/Logs/2021-12-25_20-37-21 INFO Setting member: menu to value=.!menu
20:37:22,284 C:\Users\ingov\PycharmProjects\ProjectR/Logs/2021-12-25_20-37-21 INFO Getting attribute: window
20:37:22,284 C:\Users\ingov\PycharmProjects\ProjectR/Logs/2021-12-25_20-37-21 INFO Getting attribute: menu
20:37:22,293 C:\Users\ingov\PycharmProjects\ProjectR/Logs/2021-12-25_20-37-21 INFO Getting attribute: menu
20:37:22,293 C:\Users\ingov\PycharmProjects\ProjectR/Logs/2021-12-25_20-37-21 INFO Getting method: go_back_to_main
20:37:22,293 C:\Users\ingov\PycharmProjects\ProjectR/Logs/2021-12-25_20-37-21 INFO Getting attribute: menu
20:37:22,293 C:\Users\ingov\PycharmProjects\ProjectR/Logs/2021-12-25_20-37-21 INFO Getting attribute: _QuestionClass__question
20:37:22,298 C:\Users\ingov\PycharmProjects\ProjectR/Logs/2021-12-25_20-37-21 INFO Getting attribute: question
20:37:22,298 C:\Users\ingov\PycharmProjects\ProjectR/Logs/2021-12-25_20-37-21 INFO Getting attribute: _QuestionClass__answers
20:37:22,298 C:\Users\ingov\PycharmProjects\ProjectR/Logs/2021-12-25_20-37-21 INFO Getting attribute: answers
20:37:22,298 C:\Users\ingov\PycharmProjects\ProjectR/Logs/2021-12-25_20-37-21 INFO Setting member: question to value=What do you say to a person in the morning?: Good morning
20:37:22,298 C:\Users\ingov\PycharmProjects\ProjectR/Logs/2021-12-25_20-37-21 INFO Getting attribute: window
20:37:22,298 C:\Users\ingov\PycharmProjects\ProjectR/Logs/2021-12-25_20-37-21 INFO Getting attribute: _QuestionClass__question
20:37:22,298 C:\Users\ingov\PycharmProjects\ProjectR/Logs/2021-12-25_20-37-21 INFO Getting attribute: question
20:37:22,298 C:\Users\ingov\PycharmProjects\ProjectR/Logs/2021-12-25_20-37-21 INFO Setting member: question_label to value=.!label
20:37:22,298 C:\Users\ingov\PycharmProjects\ProjectR/Logs/2021-12-25_20-37-21 INFO Getting attribute: question_label
20:37:22,298 C:\Users\ingov\PycharmProjects\ProjectR/Logs/2021-12-25_20-37-21 INFO Getting attribute: question_label
20:37:22,298 C:\Users\ingov\PycharmProjects\ProjectR/Logs/2021-12-25_20-37-21 INFO Getting attribute: window
20:37:22,298 C:\Users\ingov\PycharmProjects\ProjectR/Logs/2021-12-25_20-37-21 INFO Getting method: reveal_answer
20:37:22,301 C:\Users\ingov\PycharmProjects\ProjectR/Logs/2021-12-25_20-37-21 INFO Setting member: button_answer to value=.!button
20:37:22,301 C:\Users\ingov\PycharmProjects\ProjectR/Logs/2021-12-25_20-37-21 INFO Getting attribute: button_answer
20:37:22,301 C:\Users\ingov\PycharmProjects\ProjectR/Logs/2021-12-25_20-37-21 INFO Setting member: answer_label to value=None
20:37:22,301 C:\Users\ingov\PycharmProjects\ProjectR/Logs/2021-12-25_20-37-21 INFO Getting attribute: window
20:37:22,301 C:\Users\ingov\PycharmProjects\ProjectR/Logs/2021-12-25_20-37-21 INFO Getting attribute: window
20:37:22,301 C:\Users\ingov\PycharmProjects\ProjectR/Logs/2021-12-25_20-37-21 INFO Getting attribute: window
20:37:24,272 C:\Users\ingov\PycharmProjects\ProjectR/Logs/2021-12-25_20-37-21 INFO Getting attribute: question
20:37:24,272 C:\Users\ingov\PycharmProjects\ProjectR/Logs/2021-12-25_20-37-21 INFO Getting method: get_correct_answers
20:37:24,272 C:\Users\ingov\PycharmProjects\ProjectR/Logs/2021-12-25_20-37-21 INFO Getting method: get_question_type
20:37:24,272 C:\Users\ingov\PycharmProjects\ProjectR/Logs/2021-12-25_20-37-21 INFO Getting attribute: _QuestionClass__answers
20:37:24,272 C:\Users\ingov\PycharmProjects\ProjectR/Logs/2021-12-25_20-37-21 INFO Getting attribute: logger
20:37:24,272 C:\Users\ingov\PycharmProjects\ProjectR/Logs/2021-12-25_20-37-21 INFO This question is a single answer question: Text input: value 0
20:37:24,272 C:\Users\ingov\PycharmProjects\ProjectR/Logs/2021-12-25_20-37-21 INFO Getting attribute: logger
20:37:24,272 C:\Users\ingov\PycharmProjects\ProjectR/Logs/2021-12-25_20-37-21 INFO Getting attribute: _QuestionClass__answers
20:37:24,272 C:\Users\ingov\PycharmProjects\ProjectR/Logs/2021-12-25_20-37-21 INFO The correct answer is Good morning
20:37:24,272 C:\Users\ingov\PycharmProjects\ProjectR/Logs/2021-12-25_20-37-21 INFO Getting attribute: _QuestionClass__answers
20:37:24,272 C:\Users\ingov\PycharmProjects\ProjectR/Logs/2021-12-25_20-37-21 INFO Getting attribute: window
20:37:24,272 C:\Users\ingov\PycharmProjects\ProjectR/Logs/2021-12-25_20-37-21 INFO Getting attribute: question
20:37:24,272 C:\Users\ingov\PycharmProjects\ProjectR/Logs/2021-12-25_20-37-21 INFO Getting method: get_correct_answers
20:37:24,272 C:\Users\ingov\PycharmProjects\ProjectR/Logs/2021-12-25_20-37-21 INFO Getting method: get_question_type
20:37:24,272 C:\Users\ingov\PycharmProjects\ProjectR/Logs/2021-12-25_20-37-21 INFO Getting attribute: _QuestionClass__answers
20:37:24,272 C:\Users\ingov\PycharmProjects\ProjectR/Logs/2021-12-25_20-37-21 INFO Getting attribute: logger
20:37:24,272 C:\Users\ingov\PycharmProjects\ProjectR/Logs/2021-12-25_20-37-21 INFO This question is a single answer question: Text input: value 0
20:37:24,272 C:\Users\ingov\PycharmProjects\ProjectR/Logs/2021-12-25_20-37-21 INFO Getting attribute: logger
20:37:24,272 C:\Users\ingov\PycharmProjects\ProjectR/Logs/2021-12-25_20-37-21 INFO Getting attribute: _QuestionClass__answers
20:37:24,272 C:\Users\ingov\PycharmProjects\ProjectR/Logs/2021-12-25_20-37-21 INFO The correct answer is Good morning
20:37:24,272 C:\Users\ingov\PycharmProjects\ProjectR/Logs/2021-12-25_20-37-21 INFO Getting attribute: _QuestionClass__answers
20:37:24,272 C:\Users\ingov\PycharmProjects\ProjectR/Logs/2021-12-25_20-37-21 INFO Setting member: answer_label to value=.!label2
20:37:24,272 C:\Users\ingov\PycharmProjects\ProjectR/Logs/2021-12-25_20-37-21 INFO Getting attribute: answer_label
20:37:24,272 C:\Users\ingov\PycharmProjects\ProjectR/Logs/2021-12-25_20-37-21 INFO Getting attribute: window
20:37:24,283 C:\Users\ingov\PycharmProjects\ProjectR/Logs/2021-12-25_20-37-21 INFO Getting method: command_button_correct
20:37:24,283 C:\Users\ingov\PycharmProjects\ProjectR/Logs/2021-12-25_20-37-21 INFO Getting method: command_button_failed
20:37:24,283 C:\Users\ingov\PycharmProjects\ProjectR/Logs/2021-12-25_20-37-21 INFO Getting attribute: window
20:37:28,930 C:\Users\ingov\PycharmProjects\ProjectR/Logs/2021-12-25_20-37-21 INFO Getting method: add_result
20:37:28,930 C:\Users\ingov\PycharmProjects\ProjectR/Logs/2021-12-25_20-37-21 INFO Getting attribute: question
20:37:28,930 C:\Users\ingov\PycharmProjects\ProjectR/Logs/2021-12-25_20-37-21 INFO Getting attribute: _QuestionClass__question
20:37:28,930 C:\Users\ingov\PycharmProjects\ProjectR/Logs/2021-12-25_20-37-21 INFO Getting attribute: question
20:37:32,333 C:\Users\ingov\PycharmProjects\ProjectR/Logs/2021-12-25_20-37-21 INFO Calling get_secs_between_questions
20:37:32,333 C:\Users\ingov\PycharmProjects\ProjectR/Logs/2021-12-25_20-37-21 INFO Getting secs between questions: 10
20:38:02,338 C:\Users\ingov\PycharmProjects\ProjectR/Logs/2021-12-25_20-37-21 INFO Getting method: get_question_type
20:38:02,338 C:\Users\ingov\PycharmProjects\ProjectR/Logs/2021-12-25_20-37-21 INFO Getting attribute: _QuestionClass__answers
20:38:02,338 C:\Users\ingov\PycharmProjects\ProjectR/Logs/2021-12-25_20-37-21 INFO Getting attribute: _QuestionClass__answers
20:38:02,338 C:\Users\ingov\PycharmProjects\ProjectR/Logs/2021-12-25_20-37-21 INFO Getting attribute: logger
20:38:02,338 C:\Users\ingov\PycharmProjects\ProjectR/Logs/2021-12-25_20-37-21 INFO This question is a multiple choice question with a single answer: Radio button: value 1
20:38:02,338 C:\Users\ingov\PycharmProjects\ProjectR/Logs/2021-12-25_20-37-21 INFO Getting method: get_question_type
20:38:02,338 C:\Users\ingov\PycharmProjects\ProjectR/Logs/2021-12-25_20-37-21 INFO Getting attribute: _QuestionClass__answers
20:38:02,338 C:\Users\ingov\PycharmProjects\ProjectR/Logs/2021-12-25_20-37-21 INFO Getting attribute: _QuestionClass__answers
20:38:02,338 C:\Users\ingov\PycharmProjects\ProjectR/Logs/2021-12-25_20-37-21 INFO Getting attribute: logger
20:38:02,338 C:\Users\ingov\PycharmProjects\ProjectR/Logs/2021-12-25_20-37-21 INFO This question is a multiple choice question with a single answer: Radio button: value 1
20:38:02,338 C:\Users\ingov\PycharmProjects\ProjectR/Logs/2021-12-25_20-37-21 INFO Getting into __init__ for class: QuestionOneAnswerMultiple
20:38:02,338 C:\Users\ingov\PycharmProjects\ProjectR/Logs/2021-12-25_20-37-21 INFO Attributes in args: ()
20:38:02,338 C:\Users\ingov\PycharmProjects\ProjectR/Logs/2021-12-25_20-37-21 INFO Attributes in kwargs: {'width': 600, 'height': 550, 'title': 'Question 1'}
20:38:02,493 C:\Users\ingov\PycharmProjects\ProjectR/Logs/2021-12-25_20-37-21 INFO Setting member: window to value=.
20:38:02,493 C:\Users\ingov\PycharmProjects\ProjectR/Logs/2021-12-25_20-37-21 INFO Getting attribute: window
20:38:02,493 C:\Users\ingov\PycharmProjects\ProjectR/Logs/2021-12-25_20-37-21 INFO Setting member: height to value=550
20:38:02,493 C:\Users\ingov\PycharmProjects\ProjectR/Logs/2021-12-25_20-37-21 INFO Setting member: width to value=600
20:38:02,493 C:\Users\ingov\PycharmProjects\ProjectR/Logs/2021-12-25_20-37-21 INFO Getting attribute: window
20:38:02,493 C:\Users\ingov\PycharmProjects\ProjectR/Logs/2021-12-25_20-37-21 INFO Getting attribute: window
20:38:02,493 C:\Users\ingov\PycharmProjects\ProjectR/Logs/2021-12-25_20-37-21 INFO Getting attribute: window
20:38:02,493 C:\Users\ingov\PycharmProjects\ProjectR/Logs/2021-12-25_20-37-21 INFO Setting member: menu to value=.!menu
20:38:02,493 C:\Users\ingov\PycharmProjects\ProjectR/Logs/2021-12-25_20-37-21 INFO Getting attribute: window
20:38:02,493 C:\Users\ingov\PycharmProjects\ProjectR/Logs/2021-12-25_20-37-21 INFO Getting attribute: menu
20:38:02,503 C:\Users\ingov\PycharmProjects\ProjectR/Logs/2021-12-25_20-37-21 INFO Getting attribute: menu
20:38:02,503 C:\Users\ingov\PycharmProjects\ProjectR/Logs/2021-12-25_20-37-21 INFO Getting method: go_back_to_main
20:38:02,503 C:\Users\ingov\PycharmProjects\ProjectR/Logs/2021-12-25_20-37-21 INFO Getting attribute: menu
20:38:02,503 C:\Users\ingov\PycharmProjects\ProjectR/Logs/2021-12-25_20-37-21 INFO Getting attribute: _QuestionClass__question
20:38:02,503 C:\Users\ingov\PycharmProjects\ProjectR/Logs/2021-12-25_20-37-21 INFO Getting attribute: question
20:38:02,503 C:\Users\ingov\PycharmProjects\ProjectR/Logs/2021-12-25_20-37-21 INFO Getting attribute: _QuestionClass__answers
20:38:02,503 C:\Users\ingov\PycharmProjects\ProjectR/Logs/2021-12-25_20-37-21 INFO Getting attribute: answers
20:38:02,508 C:\Users\ingov\PycharmProjects\ProjectR/Logs/2021-12-25_20-37-21 INFO Setting member: question to value=What of the following ones are Python basic types?: [('Fire', False), ('Bool', True), ('Normal', False), ('Basic', False)]
20:38:02,508 C:\Users\ingov\PycharmProjects\ProjectR/Logs/2021-12-25_20-37-21 INFO Getting attribute: window
20:38:02,508 C:\Users\ingov\PycharmProjects\ProjectR/Logs/2021-12-25_20-37-21 INFO Getting attribute: _QuestionClass__question
20:38:02,508 C:\Users\ingov\PycharmProjects\ProjectR/Logs/2021-12-25_20-37-21 INFO Getting attribute: question
20:38:02,508 C:\Users\ingov\PycharmProjects\ProjectR/Logs/2021-12-25_20-37-21 INFO Setting member: question_label to value=.!label
20:38:02,508 C:\Users\ingov\PycharmProjects\ProjectR/Logs/2021-12-25_20-37-21 INFO Getting attribute: question_label
20:38:02,508 C:\Users\ingov\PycharmProjects\ProjectR/Logs/2021-12-25_20-37-21 INFO Getting attribute: question_label
20:38:02,508 C:\Users\ingov\PycharmProjects\ProjectR/Logs/2021-12-25_20-37-21 INFO Setting member: radio_buttons to value=[]
20:38:02,508 C:\Users\ingov\PycharmProjects\ProjectR/Logs/2021-12-25_20-37-21 INFO Setting member: answer_group to value=PY_VAR0
20:38:02,508 C:\Users\ingov\PycharmProjects\ProjectR/Logs/2021-12-25_20-37-21 INFO Setting member: radio_button_font to value=('TkDefaultFont', 12)
20:38:02,508 C:\Users\ingov\PycharmProjects\ProjectR/Logs/2021-12-25_20-37-21 INFO Getting attribute: question
20:38:02,508 C:\Users\ingov\PycharmProjects\ProjectR/Logs/2021-12-25_20-37-21 INFO Getting attribute: _QuestionClass__answers
20:38:02,508 C:\Users\ingov\PycharmProjects\ProjectR/Logs/2021-12-25_20-37-21 INFO Getting attribute: answers
20:38:02,508 C:\Users\ingov\PycharmProjects\ProjectR/Logs/2021-12-25_20-37-21 INFO Getting attribute: window
20:38:02,508 C:\Users\ingov\PycharmProjects\ProjectR/Logs/2021-12-25_20-37-21 INFO Getting attribute: answer_group
20:38:02,508 C:\Users\ingov\PycharmProjects\ProjectR/Logs/2021-12-25_20-37-21 INFO Getting method: reveal_result
20:38:02,508 C:\Users\ingov\PycharmProjects\ProjectR/Logs/2021-12-25_20-37-21 INFO Getting attribute: radio_button_font
20:38:02,508 C:\Users\ingov\PycharmProjects\ProjectR/Logs/2021-12-25_20-37-21 INFO Getting attribute: radio_buttons
20:38:02,508 C:\Users\ingov\PycharmProjects\ProjectR/Logs/2021-12-25_20-37-21 INFO Getting attribute: window
20:38:02,508 C:\Users\ingov\PycharmProjects\ProjectR/Logs/2021-12-25_20-37-21 INFO Getting attribute: answer_group
20:38:02,508 C:\Users\ingov\PycharmProjects\ProjectR/Logs/2021-12-25_20-37-21 INFO Getting method: reveal_result
20:38:02,508 C:\Users\ingov\PycharmProjects\ProjectR/Logs/2021-12-25_20-37-21 INFO Getting attribute: radio_button_font
20:38:02,508 C:\Users\ingov\PycharmProjects\ProjectR/Logs/2021-12-25_20-37-21 INFO Getting attribute: radio_buttons
20:38:02,508 C:\Users\ingov\PycharmProjects\ProjectR/Logs/2021-12-25_20-37-21 INFO Getting attribute: window
20:38:02,508 C:\Users\ingov\PycharmProjects\ProjectR/Logs/2021-12-25_20-37-21 INFO Getting attribute: answer_group
20:38:02,508 C:\Users\ingov\PycharmProjects\ProjectR/Logs/2021-12-25_20-37-21 INFO Getting method: reveal_result
20:38:02,508 C:\Users\ingov\PycharmProjects\ProjectR/Logs/2021-12-25_20-37-21 INFO Getting attribute: radio_button_font
20:38:02,508 C:\Users\ingov\PycharmProjects\ProjectR/Logs/2021-12-25_20-37-21 INFO Getting attribute: radio_buttons
20:38:02,508 C:\Users\ingov\PycharmProjects\ProjectR/Logs/2021-12-25_20-37-21 INFO Getting attribute: window
20:38:02,508 C:\Users\ingov\PycharmProjects\ProjectR/Logs/2021-12-25_20-37-21 INFO Getting attribute: answer_group
20:38:02,508 C:\Users\ingov\PycharmProjects\ProjectR/Logs/2021-12-25_20-37-21 INFO Getting method: reveal_result
20:38:02,508 C:\Users\ingov\PycharmProjects\ProjectR/Logs/2021-12-25_20-37-21 INFO Getting attribute: radio_button_font
20:38:02,508 C:\Users\ingov\PycharmProjects\ProjectR/Logs/2021-12-25_20-37-21 INFO Getting attribute: radio_buttons
20:38:02,519 C:\Users\ingov\PycharmProjects\ProjectR/Logs/2021-12-25_20-37-21 INFO Getting attribute: window
20:38:02,519 C:\Users\ingov\PycharmProjects\ProjectR/Logs/2021-12-25_20-37-21 INFO Getting attribute: window
20:38:02,519 C:\Users\ingov\PycharmProjects\ProjectR/Logs/2021-12-25_20-37-21 INFO Getting attribute: window
20:38:04,478 C:\Users\ingov\PycharmProjects\ProjectR/Logs/2021-12-25_20-37-21 INFO Getting attribute: radio_buttons
20:38:04,478 C:\Users\ingov\PycharmProjects\ProjectR/Logs/2021-12-25_20-37-21 INFO Getting attribute: window
20:38:04,478 C:\Users\ingov\PycharmProjects\ProjectR/Logs/2021-12-25_20-37-21 INFO Getting attribute: answer_group
20:38:04,478 C:\Users\ingov\PycharmProjects\ProjectR/Logs/2021-12-25_20-37-21 INFO Getting attribute: question
20:38:04,478 C:\Users\ingov\PycharmProjects\ProjectR/Logs/2021-12-25_20-37-21 INFO Getting attribute: _QuestionClass__question
20:38:04,478 C:\Users\ingov\PycharmProjects\ProjectR/Logs/2021-12-25_20-37-21 INFO Getting attribute: question
20:38:04,478 C:\Users\ingov\PycharmProjects\ProjectR/Logs/2021-12-25_20-37-21 INFO Getting attribute: window
20:38:04,478 C:\Users\ingov\PycharmProjects\ProjectR/Logs/2021-12-25_20-37-21 INFO Getting attribute: window
20:38:04,478 C:\Users\ingov\PycharmProjects\ProjectR/Logs/2021-12-25_20-37-21 INFO Getting attribute: window
20:38:04,478 C:\Users\ingov\PycharmProjects\ProjectR/Logs/2021-12-25_20-37-21 INFO Getting attribute: window
20:38:04,478 C:\Users\ingov\PycharmProjects\ProjectR/Logs/2021-12-25_20-37-21 INFO Getting attribute: window
20:38:04,478 C:\Users\ingov\PycharmProjects\ProjectR/Logs/2021-12-25_20-37-21 INFO Getting attribute: window
20:38:12,548 C:\Users\ingov\PycharmProjects\ProjectR/Logs/2021-12-25_20-37-21 INFO Calling get_secs_between_questions
20:38:12,548 C:\Users\ingov\PycharmProjects\ProjectR/Logs/2021-12-25_20-37-21 INFO Getting secs between questions: 10
20:38:42,557 C:\Users\ingov\PycharmProjects\ProjectR/Logs/2021-12-25_20-37-21 INFO Getting method: get_question_type
20:38:42,557 C:\Users\ingov\PycharmProjects\ProjectR/Logs/2021-12-25_20-37-21 INFO Getting attribute: _QuestionClass__answers
20:38:42,557 C:\Users\ingov\PycharmProjects\ProjectR/Logs/2021-12-25_20-37-21 INFO Getting attribute: _QuestionClass__answers
20:38:42,557 C:\Users\ingov\PycharmProjects\ProjectR/Logs/2021-12-25_20-37-21 INFO Getting attribute: logger
20:38:42,557 C:\Users\ingov\PycharmProjects\ProjectR/Logs/2021-12-25_20-37-21 INFO This question is a multiple choice question with two answers: Checkboxes: value 2
20:38:42,557 C:\Users\ingov\PycharmProjects\ProjectR/Logs/2021-12-25_20-37-21 INFO Getting method: get_question_type
20:38:42,558 C:\Users\ingov\PycharmProjects\ProjectR/Logs/2021-12-25_20-37-21 INFO Getting attribute: _QuestionClass__answers
20:38:42,558 C:\Users\ingov\PycharmProjects\ProjectR/Logs/2021-12-25_20-37-21 INFO Getting attribute: _QuestionClass__answers
20:38:42,558 C:\Users\ingov\PycharmProjects\ProjectR/Logs/2021-12-25_20-37-21 INFO Getting attribute: logger
20:38:42,558 C:\Users\ingov\PycharmProjects\ProjectR/Logs/2021-12-25_20-37-21 INFO This question is a multiple choice question with two answers: Checkboxes: value 2
20:38:42,558 C:\Users\ingov\PycharmProjects\ProjectR/Logs/2021-12-25_20-37-21 INFO Getting into __init__ for class: QuestionOneAnswerMultiple
20:38:42,558 C:\Users\ingov\PycharmProjects\ProjectR/Logs/2021-12-25_20-37-21 INFO Attributes in args: ()
20:38:42,558 C:\Users\ingov\PycharmProjects\ProjectR/Logs/2021-12-25_20-37-21 INFO Attributes in kwargs: {'width': 600, 'height': 550, 'title': 'Question 2'}
20:38:42,711 C:\Users\ingov\PycharmProjects\ProjectR/Logs/2021-12-25_20-37-21 INFO Setting member: window to value=.
20:38:42,711 C:\Users\ingov\PycharmProjects\ProjectR/Logs/2021-12-25_20-37-21 INFO Getting attribute: window
20:38:42,711 C:\Users\ingov\PycharmProjects\ProjectR/Logs/2021-12-25_20-37-21 INFO Setting member: height to value=550
20:38:42,711 C:\Users\ingov\PycharmProjects\ProjectR/Logs/2021-12-25_20-37-21 INFO Setting member: width to value=600
20:38:42,711 C:\Users\ingov\PycharmProjects\ProjectR/Logs/2021-12-25_20-37-21 INFO Getting attribute: window
20:38:42,711 C:\Users\ingov\PycharmProjects\ProjectR/Logs/2021-12-25_20-37-21 INFO Getting attribute: window
20:38:42,711 C:\Users\ingov\PycharmProjects\ProjectR/Logs/2021-12-25_20-37-21 INFO Getting attribute: window
20:38:42,713 C:\Users\ingov\PycharmProjects\ProjectR/Logs/2021-12-25_20-37-21 INFO Setting member: menu to value=.!menu
20:38:42,713 C:\Users\ingov\PycharmProjects\ProjectR/Logs/2021-12-25_20-37-21 INFO Getting attribute: window
20:38:42,713 C:\Users\ingov\PycharmProjects\ProjectR/Logs/2021-12-25_20-37-21 INFO Getting attribute: menu
20:38:42,722 C:\Users\ingov\PycharmProjects\ProjectR/Logs/2021-12-25_20-37-21 INFO Getting attribute: menu
20:38:42,723 C:\Users\ingov\PycharmProjects\ProjectR/Logs/2021-12-25_20-37-21 INFO Getting method: go_back_to_main
20:38:42,723 C:\Users\ingov\PycharmProjects\ProjectR/Logs/2021-12-25_20-37-21 INFO Getting attribute: menu
20:38:42,723 C:\Users\ingov\PycharmProjects\ProjectR/Logs/2021-12-25_20-37-21 INFO Getting attribute: _QuestionClass__question
20:38:42,723 C:\Users\ingov\PycharmProjects\ProjectR/Logs/2021-12-25_20-37-21 INFO Getting attribute: question
20:38:42,723 C:\Users\ingov\PycharmProjects\ProjectR/Logs/2021-12-25_20-37-21 INFO Getting attribute: _QuestionClass__answers
20:38:42,723 C:\Users\ingov\PycharmProjects\ProjectR/Logs/2021-12-25_20-37-21 INFO Getting attribute: answers
20:38:42,723 C:\Users\ingov\PycharmProjects\ProjectR/Logs/2021-12-25_20-37-21 INFO Setting member: question to value=Which of the following countries belong to the European Union: [('Serbia', False), ('Latvia', True), ('Norway', False), ('Malta', True)]
20:38:42,723 C:\Users\ingov\PycharmProjects\ProjectR/Logs/2021-12-25_20-37-21 INFO Getting attribute: window
20:38:42,724 C:\Users\ingov\PycharmProjects\ProjectR/Logs/2021-12-25_20-37-21 INFO Getting attribute: _QuestionClass__question
20:38:42,724 C:\Users\ingov\PycharmProjects\ProjectR/Logs/2021-12-25_20-37-21 INFO Getting attribute: question
20:38:42,725 C:\Users\ingov\PycharmProjects\ProjectR/Logs/2021-12-25_20-37-21 INFO Setting member: question_label to value=.!label
20:38:42,725 C:\Users\ingov\PycharmProjects\ProjectR/Logs/2021-12-25_20-37-21 INFO Getting attribute: question_label
20:38:42,726 C:\Users\ingov\PycharmProjects\ProjectR/Logs/2021-12-25_20-37-21 INFO Getting attribute: question_label
20:38:42,726 C:\Users\ingov\PycharmProjects\ProjectR/Logs/2021-12-25_20-37-21 INFO Setting member: radio_buttons to value=[]
20:38:42,726 C:\Users\ingov\PycharmProjects\ProjectR/Logs/2021-12-25_20-37-21 INFO Setting member: answer_group to value=PY_VAR1
20:38:42,726 C:\Users\ingov\PycharmProjects\ProjectR/Logs/2021-12-25_20-37-21 INFO Setting member: radio_button_font to value=('TkDefaultFont', 12)
20:38:42,726 C:\Users\ingov\PycharmProjects\ProjectR/Logs/2021-12-25_20-37-21 INFO Getting attribute: question
20:38:42,726 C:\Users\ingov\PycharmProjects\ProjectR/Logs/2021-12-25_20-37-21 INFO Getting attribute: _QuestionClass__answers
20:38:42,726 C:\Users\ingov\PycharmProjects\ProjectR/Logs/2021-12-25_20-37-21 INFO Getting attribute: answers
20:38:42,726 C:\Users\ingov\PycharmProjects\ProjectR/Logs/2021-12-25_20-37-21 INFO Getting attribute: window
20:38:42,727 C:\Users\ingov\PycharmProjects\ProjectR/Logs/2021-12-25_20-37-21 INFO Getting attribute: answer_group
20:38:42,727 C:\Users\ingov\PycharmProjects\ProjectR/Logs/2021-12-25_20-37-21 INFO Getting method: reveal_result
20:38:42,727 C:\Users\ingov\PycharmProjects\ProjectR/Logs/2021-12-25_20-37-21 INFO Getting attribute: radio_button_font
20:38:42,728 C:\Users\ingov\PycharmProjects\ProjectR/Logs/2021-12-25_20-37-21 INFO Getting attribute: radio_buttons
20:38:42,730 C:\Users\ingov\PycharmProjects\ProjectR/Logs/2021-12-25_20-37-21 INFO Getting attribute: window
20:38:42,730 C:\Users\ingov\PycharmProjects\ProjectR/Logs/2021-12-25_20-37-21 INFO Getting attribute: answer_group
20:38:42,730 C:\Users\ingov\PycharmProjects\ProjectR/Logs/2021-12-25_20-37-21 INFO Getting method: reveal_result
20:38:42,730 C:\Users\ingov\PycharmProjects\ProjectR/Logs/2021-12-25_20-37-21 INFO Getting attribute: radio_button_font
20:38:42,730 C:\Users\ingov\PycharmProjects\ProjectR/Logs/2021-12-25_20-37-21 INFO Getting attribute: radio_buttons
20:38:42,730 C:\Users\ingov\PycharmProjects\ProjectR/Logs/2021-12-25_20-37-21 INFO Getting attribute: window
20:38:42,730 C:\Users\ingov\PycharmProjects\ProjectR/Logs/2021-12-25_20-37-21 INFO Getting attribute: answer_group
20:38:42,730 C:\Users\ingov\PycharmProjects\ProjectR/Logs/2021-12-25_20-37-21 INFO Getting method: reveal_result
20:38:42,731 C:\Users\ingov\PycharmProjects\ProjectR/Logs/2021-12-25_20-37-21 INFO Getting attribute: radio_button_font
20:38:42,732 C:\Users\ingov\PycharmProjects\ProjectR/Logs/2021-12-25_20-37-21 INFO Getting attribute: radio_buttons
20:38:42,732 C:\Users\ingov\PycharmProjects\ProjectR/Logs/2021-12-25_20-37-21 INFO Getting attribute: window
20:38:42,732 C:\Users\ingov\PycharmProjects\ProjectR/Logs/2021-12-25_20-37-21 INFO Getting attribute: answer_group
20:38:42,732 C:\Users\ingov\PycharmProjects\ProjectR/Logs/2021-12-25_20-37-21 INFO Getting method: reveal_result
20:38:42,732 C:\Users\ingov\PycharmProjects\ProjectR/Logs/2021-12-25_20-37-21 INFO Getting attribute: radio_button_font
20:38:42,734 C:\Users\ingov\PycharmProjects\ProjectR/Logs/2021-12-25_20-37-21 INFO Getting attribute: radio_buttons
20:38:42,736 C:\Users\ingov\PycharmProjects\ProjectR/Logs/2021-12-25_20-37-21 INFO Getting attribute: window
20:38:42,736 C:\Users\ingov\PycharmProjects\ProjectR/Logs/2021-12-25_20-37-21 INFO Getting attribute: window
20:38:42,736 C:\Users\ingov\PycharmProjects\ProjectR/Logs/2021-12-25_20-37-21 INFO Getting attribute: window
20:38:47,806 C:\Users\ingov\PycharmProjects\ProjectR/Logs/2021-12-25_20-37-21 INFO Getting attribute: radio_buttons
20:38:47,807 C:\Users\ingov\PycharmProjects\ProjectR/Logs/2021-12-25_20-37-21 INFO Getting attribute: window
20:38:47,807 C:\Users\ingov\PycharmProjects\ProjectR/Logs/2021-12-25_20-37-21 INFO Getting attribute: answer_group
20:38:47,807 C:\Users\ingov\PycharmProjects\ProjectR/Logs/2021-12-25_20-37-21 INFO Getting attribute: question
20:38:47,807 C:\Users\ingov\PycharmProjects\ProjectR/Logs/2021-12-25_20-37-21 INFO Getting attribute: _QuestionClass__question
20:38:47,807 C:\Users\ingov\PycharmProjects\ProjectR/Logs/2021-12-25_20-37-21 INFO Getting attribute: question
20:38:47,808 C:\Users\ingov\PycharmProjects\ProjectR/Logs/2021-12-25_20-37-21 INFO Getting attribute: window
20:38:47,808 C:\Users\ingov\PycharmProjects\ProjectR/Logs/2021-12-25_20-37-21 INFO Getting attribute: window
20:38:47,809 C:\Users\ingov\PycharmProjects\ProjectR/Logs/2021-12-25_20-37-21 INFO Getting attribute: window
20:38:47,809 C:\Users\ingov\PycharmProjects\ProjectR/Logs/2021-12-25_20-37-21 INFO Getting attribute: window
20:38:47,810 C:\Users\ingov\PycharmProjects\ProjectR/Logs/2021-12-25_20-37-21 INFO Getting attribute: window
20:38:47,810 C:\Users\ingov\PycharmProjects\ProjectR/Logs/2021-12-25_20-37-21 INFO Getting attribute: window
