22:24:20,64 C:\Users\ingov\PycharmProjects\ProjectR/Logs/2021-12-25_22-24-20 INFO Log has been created and started
22:24:20,64 C:\Users\ingov\PycharmProjects\ProjectR/Logs/2021-12-25_22-24-20 INFO Metaclass MetaAbsLogger: Starting class MetaLogger
22:24:20,64 C:\Users\ingov\PycharmProjects\ProjectR/Logs/2021-12-25_22-24-20 INFO Metaclass MetaLogger: Starting class QuestionClass
22:24:20,92 C:\Users\ingov\PycharmProjects\ProjectR/Logs/2021-12-25_22-24-20 INFO Metaclass MetaLogger: Starting class QuestionnaireClass
22:24:20,92 C:\Users\ingov\PycharmProjects\ProjectR/Logs/2021-12-25_22-24-20 INFO Metaclass MetaAbsLogger: Starting class CurrentSession
22:24:20,142 C:\Users\ingov\PycharmProjects\ProjectR/Logs/2021-12-25_22-24-20 INFO Metaclass MetaAbsLogger: Starting class SimpleWindow
22:24:20,172 C:\Users\ingov\PycharmProjects\ProjectR/Logs/2021-12-25_22-24-20 INFO C:\Users\ingov\PycharmProjects\ProjectR/Config/config.cfg, exists so we will read it
22:24:20,172 C:\Users\ingov\PycharmProjects\ProjectR/Logs/2021-12-25_22-24-20 INFO Seconds to answer a question: 10
22:24:20,172 C:\Users\ingov\PycharmProjects\ProjectR/Logs/2021-12-25_22-24-20 INFO Seconds between questions: 30
22:24:20,172 C:\Users\ingov\PycharmProjects\ProjectR/Logs/2021-12-25_22-24-20 INFO C:\Users\ingov\PycharmProjects\ProjectR/Config/config.cfg is closed now
22:24:20,172 C:\Users\ingov\PycharmProjects\ProjectR/Logs/2021-12-25_22-24-20 INFO Metaclass MetaLogger: Starting class ConfigClass
22:24:20,172 C:\Users\ingov\PycharmProjects\ProjectR/Logs/2021-12-25_22-24-20 INFO Metaclass MetaAbsLogger: Starting class QuestionWindowAbs
22:24:20,172 C:\Users\ingov\PycharmProjects\ProjectR/Logs/2021-12-25_22-24-20 INFO Metaclass MetaAbsLogger: Starting class QuestionOneAnswer
22:24:20,182 C:\Users\ingov\PycharmProjects\ProjectR/Logs/2021-12-25_22-24-20 INFO Metaclass MetaAbsLogger: Starting class QuestionOneAnswerMultiple
22:24:20,182 C:\Users\ingov\PycharmProjects\ProjectR/Logs/2021-12-25_22-24-20 INFO Metaclass MetaAbsLogger: Starting class QuestionTwoAnswersMultiple
22:24:20,182 C:\Users\ingov\PycharmProjects\ProjectR/Logs/2021-12-25_22-24-20 INFO Getting into __init__ for class: QuestionClass
22:24:20,182 C:\Users\ingov\PycharmProjects\ProjectR/Logs/2021-12-25_22-24-20 INFO Attributes in args: ('What do you say to a person in the morning?', 'Good morning')
22:24:20,182 C:\Users\ingov\PycharmProjects\ProjectR/Logs/2021-12-25_22-24-20 INFO Attributes in kwargs: {}
22:24:20,182 C:\Users\ingov\PycharmProjects\ProjectR/Logs/2021-12-25_22-24-20 INFO Setting member: _QuestionClass__question to value=What do you say to a person in the morning?
22:24:20,182 C:\Users\ingov\PycharmProjects\ProjectR/Logs/2021-12-25_22-24-20 INFO Setting member: _QuestionClass__answers to value=Good morning
22:24:20,182 C:\Users\ingov\PycharmProjects\ProjectR/Logs/2021-12-25_22-24-20 INFO Getting into __init__ for class: QuestionOneAnswer
22:24:20,182 C:\Users\ingov\PycharmProjects\ProjectR/Logs/2021-12-25_22-24-20 INFO Attributes in args: ()
22:24:20,182 C:\Users\ingov\PycharmProjects\ProjectR/Logs/2021-12-25_22-24-20 INFO Attributes in kwargs: {'width': 600, 'height': 450, 'title': 'Question 3'}
22:24:20,352 C:\Users\ingov\PycharmProjects\ProjectR/Logs/2021-12-25_22-24-20 INFO Setting member: window to value=.
22:24:20,352 C:\Users\ingov\PycharmProjects\ProjectR/Logs/2021-12-25_22-24-20 INFO Getting attribute: window
22:24:20,352 C:\Users\ingov\PycharmProjects\ProjectR/Logs/2021-12-25_22-24-20 INFO Setting member: height to value=450
22:24:20,352 C:\Users\ingov\PycharmProjects\ProjectR/Logs/2021-12-25_22-24-20 INFO Setting member: width to value=600
22:24:20,352 C:\Users\ingov\PycharmProjects\ProjectR/Logs/2021-12-25_22-24-20 INFO Getting attribute: window
22:24:20,352 C:\Users\ingov\PycharmProjects\ProjectR/Logs/2021-12-25_22-24-20 INFO Getting attribute: window
22:24:20,352 C:\Users\ingov\PycharmProjects\ProjectR/Logs/2021-12-25_22-24-20 INFO Getting attribute: window
22:24:20,365 C:\Users\ingov\PycharmProjects\ProjectR/Logs/2021-12-25_22-24-20 INFO Setting member: menu to value=.!menu
22:24:20,365 C:\Users\ingov\PycharmProjects\ProjectR/Logs/2021-12-25_22-24-20 INFO Getting attribute: window
22:24:20,365 C:\Users\ingov\PycharmProjects\ProjectR/Logs/2021-12-25_22-24-20 INFO Getting attribute: menu
22:24:20,372 C:\Users\ingov\PycharmProjects\ProjectR/Logs/2021-12-25_22-24-20 INFO Getting attribute: menu
22:24:20,372 C:\Users\ingov\PycharmProjects\ProjectR/Logs/2021-12-25_22-24-20 INFO Getting method: go_back_to_main
22:24:20,372 C:\Users\ingov\PycharmProjects\ProjectR/Logs/2021-12-25_22-24-20 INFO Getting attribute: menu
22:24:20,372 C:\Users\ingov\PycharmProjects\ProjectR/Logs/2021-12-25_22-24-20 INFO Getting attribute: _QuestionClass__question
22:24:20,372 C:\Users\ingov\PycharmProjects\ProjectR/Logs/2021-12-25_22-24-20 INFO Getting attribute: question
22:24:20,372 C:\Users\ingov\PycharmProjects\ProjectR/Logs/2021-12-25_22-24-20 INFO Getting attribute: _QuestionClass__answers
22:24:20,372 C:\Users\ingov\PycharmProjects\ProjectR/Logs/2021-12-25_22-24-20 INFO Getting attribute: answers
22:24:20,372 C:\Users\ingov\PycharmProjects\ProjectR/Logs/2021-12-25_22-24-20 INFO Setting member: question to value=What do you say to a person in the morning?: Good morning
22:24:20,372 C:\Users\ingov\PycharmProjects\ProjectR/Logs/2021-12-25_22-24-20 INFO Getting attribute: window
22:24:20,372 C:\Users\ingov\PycharmProjects\ProjectR/Logs/2021-12-25_22-24-20 INFO Getting attribute: _QuestionClass__question
22:24:20,377 C:\Users\ingov\PycharmProjects\ProjectR/Logs/2021-12-25_22-24-20 INFO Getting attribute: question
22:24:20,377 C:\Users\ingov\PycharmProjects\ProjectR/Logs/2021-12-25_22-24-20 INFO Setting member: question_label to value=.!label
22:24:20,377 C:\Users\ingov\PycharmProjects\ProjectR/Logs/2021-12-25_22-24-20 INFO Getting attribute: question_label
22:24:20,377 C:\Users\ingov\PycharmProjects\ProjectR/Logs/2021-12-25_22-24-20 INFO Getting attribute: question_label
22:24:20,377 C:\Users\ingov\PycharmProjects\ProjectR/Logs/2021-12-25_22-24-20 INFO Getting attribute: window
22:24:20,377 C:\Users\ingov\PycharmProjects\ProjectR/Logs/2021-12-25_22-24-20 INFO Getting method: reveal_answer
22:24:20,377 C:\Users\ingov\PycharmProjects\ProjectR/Logs/2021-12-25_22-24-20 INFO Setting member: button_answer to value=.!button
22:24:20,377 C:\Users\ingov\PycharmProjects\ProjectR/Logs/2021-12-25_22-24-20 INFO Getting attribute: button_answer
22:24:20,377 C:\Users\ingov\PycharmProjects\ProjectR/Logs/2021-12-25_22-24-20 INFO Setting member: answer_label to value=None
22:24:20,381 C:\Users\ingov\PycharmProjects\ProjectR/Logs/2021-12-25_22-24-20 INFO Setting member: button_correct to value=None
22:24:20,381 C:\Users\ingov\PycharmProjects\ProjectR/Logs/2021-12-25_22-24-20 INFO Setting member: button_failed to value=None
22:24:20,381 C:\Users\ingov\PycharmProjects\ProjectR/Logs/2021-12-25_22-24-20 INFO Getting attribute: window
22:24:21,212 C:\Users\ingov\PycharmProjects\ProjectR/Logs/2021-12-25_22-24-20 INFO Getting attribute: button_answer
22:24:21,212 C:\Users\ingov\PycharmProjects\ProjectR/Logs/2021-12-25_22-24-20 INFO Getting attribute: question
22:24:21,212 C:\Users\ingov\PycharmProjects\ProjectR/Logs/2021-12-25_22-24-20 INFO Getting method: get_correct_answers
22:24:21,212 C:\Users\ingov\PycharmProjects\ProjectR/Logs/2021-12-25_22-24-20 INFO Getting method: get_question_type
22:24:21,212 C:\Users\ingov\PycharmProjects\ProjectR/Logs/2021-12-25_22-24-20 INFO Getting attribute: _QuestionClass__answers
22:24:21,212 C:\Users\ingov\PycharmProjects\ProjectR/Logs/2021-12-25_22-24-20 INFO Getting attribute: logger
22:24:21,212 C:\Users\ingov\PycharmProjects\ProjectR/Logs/2021-12-25_22-24-20 INFO This question is a single answer question: Text input: value 0
22:24:21,212 C:\Users\ingov\PycharmProjects\ProjectR/Logs/2021-12-25_22-24-20 INFO Getting attribute: logger
22:24:21,212 C:\Users\ingov\PycharmProjects\ProjectR/Logs/2021-12-25_22-24-20 INFO Getting attribute: _QuestionClass__answers
22:24:21,212 C:\Users\ingov\PycharmProjects\ProjectR/Logs/2021-12-25_22-24-20 INFO The correct answer is Good morning
22:24:21,212 C:\Users\ingov\PycharmProjects\ProjectR/Logs/2021-12-25_22-24-20 INFO Getting attribute: _QuestionClass__answers
22:24:21,212 C:\Users\ingov\PycharmProjects\ProjectR/Logs/2021-12-25_22-24-20 INFO Getting attribute: window
22:24:21,212 C:\Users\ingov\PycharmProjects\ProjectR/Logs/2021-12-25_22-24-20 INFO Getting attribute: question
22:24:21,212 C:\Users\ingov\PycharmProjects\ProjectR/Logs/2021-12-25_22-24-20 INFO Getting method: get_correct_answers
22:24:21,212 C:\Users\ingov\PycharmProjects\ProjectR/Logs/2021-12-25_22-24-20 INFO Getting method: get_question_type
22:24:21,212 C:\Users\ingov\PycharmProjects\ProjectR/Logs/2021-12-25_22-24-20 INFO Getting attribute: _QuestionClass__answers
22:24:21,212 C:\Users\ingov\PycharmProjects\ProjectR/Logs/2021-12-25_22-24-20 INFO Getting attribute: logger
22:24:21,212 C:\Users\ingov\PycharmProjects\ProjectR/Logs/2021-12-25_22-24-20 INFO This question is a single answer question: Text input: value 0
22:24:21,212 C:\Users\ingov\PycharmProjects\ProjectR/Logs/2021-12-25_22-24-20 INFO Getting attribute: logger
22:24:21,212 C:\Users\ingov\PycharmProjects\ProjectR/Logs/2021-12-25_22-24-20 INFO Getting attribute: _QuestionClass__answers
22:24:21,212 C:\Users\ingov\PycharmProjects\ProjectR/Logs/2021-12-25_22-24-20 INFO The correct answer is Good morning
22:24:21,212 C:\Users\ingov\PycharmProjects\ProjectR/Logs/2021-12-25_22-24-20 INFO Getting attribute: _QuestionClass__answers
22:24:21,212 C:\Users\ingov\PycharmProjects\ProjectR/Logs/2021-12-25_22-24-20 INFO Setting member: answer_label to value=.!label2
22:24:21,212 C:\Users\ingov\PycharmProjects\ProjectR/Logs/2021-12-25_22-24-20 INFO Getting attribute: answer_label
22:24:21,212 C:\Users\ingov\PycharmProjects\ProjectR/Logs/2021-12-25_22-24-20 INFO Getting attribute: window
22:24:21,212 C:\Users\ingov\PycharmProjects\ProjectR/Logs/2021-12-25_22-24-20 INFO Getting method: command_button_correct
22:24:21,212 C:\Users\ingov\PycharmProjects\ProjectR/Logs/2021-12-25_22-24-20 INFO Setting member: button_correct to value=.!frame.!button
22:24:21,212 C:\Users\ingov\PycharmProjects\ProjectR/Logs/2021-12-25_22-24-20 INFO Getting method: command_button_failed
22:24:21,212 C:\Users\ingov\PycharmProjects\ProjectR/Logs/2021-12-25_22-24-20 INFO Setting member: button_failed to value=.!frame.!button2
22:24:21,212 C:\Users\ingov\PycharmProjects\ProjectR/Logs/2021-12-25_22-24-20 INFO Getting attribute: button_correct
22:24:21,212 C:\Users\ingov\PycharmProjects\ProjectR/Logs/2021-12-25_22-24-20 INFO Getting attribute: button_failed
22:24:21,212 C:\Users\ingov\PycharmProjects\ProjectR/Logs/2021-12-25_22-24-20 INFO Getting attribute: window
22:24:23,992 C:\Users\ingov\PycharmProjects\ProjectR/Logs/2021-12-25_22-24-20 INFO Getting method: add_result
22:24:23,992 C:\Users\ingov\PycharmProjects\ProjectR/Logs/2021-12-25_22-24-20 INFO Getting attribute: question
22:24:23,992 C:\Users\ingov\PycharmProjects\ProjectR/Logs/2021-12-25_22-24-20 INFO Getting attribute: _QuestionClass__question
22:24:23,992 C:\Users\ingov\PycharmProjects\ProjectR/Logs/2021-12-25_22-24-20 INFO Getting attribute: question
22:24:23,992 C:\Users\ingov\PycharmProjects\ProjectR/Logs/2021-12-25_22-24-20 INFO Getting attribute: button_correct
22:24:23,992 C:\Users\ingov\PycharmProjects\ProjectR/Logs/2021-12-25_22-24-20 INFO Getting attribute: button_correct
22:24:23,992 C:\Users\ingov\PycharmProjects\ProjectR/Logs/2021-12-25_22-24-20 INFO Getting attribute: button_failed
22:24:23,992 C:\Users\ingov\PycharmProjects\ProjectR/Logs/2021-12-25_22-24-20 INFO Getting attribute: button_failed
22:24:23,992 C:\Users\ingov\PycharmProjects\ProjectR/Logs/2021-12-25_22-24-20 INFO Getting attribute: window
22:24:23,992 C:\Users\ingov\PycharmProjects\ProjectR/Logs/2021-12-25_22-24-20 INFO Getting attribute: window
22:24:23,992 C:\Users\ingov\PycharmProjects\ProjectR/Logs/2021-12-25_22-24-20 INFO Getting attribute: window
22:24:23,992 C:\Users\ingov\PycharmProjects\ProjectR/Logs/2021-12-25_22-24-20 INFO Getting attribute: window
22:24:34,12 C:\Users\ingov\PycharmProjects\ProjectR/Logs/2021-12-25_22-24-20 INFO Getting into __init__ for class: QuestionClass
22:24:34,12 C:\Users\ingov\PycharmProjects\ProjectR/Logs/2021-12-25_22-24-20 INFO Attributes in args: ('What of the following ones are Python basic types?', [('Fire', False), ('Bool', True), ('Normal', False), ('Basic', False)])
22:24:34,12 C:\Users\ingov\PycharmProjects\ProjectR/Logs/2021-12-25_22-24-20 INFO Attributes in kwargs: {}
22:24:34,12 C:\Users\ingov\PycharmProjects\ProjectR/Logs/2021-12-25_22-24-20 INFO Setting member: _QuestionClass__question to value=What of the following ones are Python basic types?
22:24:34,12 C:\Users\ingov\PycharmProjects\ProjectR/Logs/2021-12-25_22-24-20 INFO Setting member: _QuestionClass__answers to value=[('Fire', False), ('Bool', True), ('Normal', False), ('Basic', False)]
22:24:34,12 C:\Users\ingov\PycharmProjects\ProjectR/Logs/2021-12-25_22-24-20 INFO Getting into __init__ for class: QuestionOneAnswerMultiple
22:24:34,12 C:\Users\ingov\PycharmProjects\ProjectR/Logs/2021-12-25_22-24-20 INFO Attributes in args: ()
22:24:34,12 C:\Users\ingov\PycharmProjects\ProjectR/Logs/2021-12-25_22-24-20 INFO Attributes in kwargs: {'width': 600, 'height': 550, 'title': 'Question 4'}
22:24:34,92 C:\Users\ingov\PycharmProjects\ProjectR/Logs/2021-12-25_22-24-20 INFO Setting member: window to value=.
22:24:34,92 C:\Users\ingov\PycharmProjects\ProjectR/Logs/2021-12-25_22-24-20 INFO Getting attribute: window
22:24:34,92 C:\Users\ingov\PycharmProjects\ProjectR/Logs/2021-12-25_22-24-20 INFO Setting member: height to value=550
22:24:34,92 C:\Users\ingov\PycharmProjects\ProjectR/Logs/2021-12-25_22-24-20 INFO Setting member: width to value=600
22:24:34,92 C:\Users\ingov\PycharmProjects\ProjectR/Logs/2021-12-25_22-24-20 INFO Getting attribute: window
22:24:34,92 C:\Users\ingov\PycharmProjects\ProjectR/Logs/2021-12-25_22-24-20 INFO Getting attribute: window
22:24:34,92 C:\Users\ingov\PycharmProjects\ProjectR/Logs/2021-12-25_22-24-20 INFO Getting attribute: window
22:24:34,92 C:\Users\ingov\PycharmProjects\ProjectR/Logs/2021-12-25_22-24-20 INFO Setting member: menu to value=.!menu
22:24:34,92 C:\Users\ingov\PycharmProjects\ProjectR/Logs/2021-12-25_22-24-20 INFO Getting attribute: window
22:24:34,92 C:\Users\ingov\PycharmProjects\ProjectR/Logs/2021-12-25_22-24-20 INFO Getting attribute: menu
22:24:34,102 C:\Users\ingov\PycharmProjects\ProjectR/Logs/2021-12-25_22-24-20 INFO Getting attribute: menu
22:24:34,102 C:\Users\ingov\PycharmProjects\ProjectR/Logs/2021-12-25_22-24-20 INFO Getting method: go_back_to_main
22:24:34,102 C:\Users\ingov\PycharmProjects\ProjectR/Logs/2021-12-25_22-24-20 INFO Getting attribute: menu
22:24:34,102 C:\Users\ingov\PycharmProjects\ProjectR/Logs/2021-12-25_22-24-20 INFO Getting attribute: _QuestionClass__question
22:24:34,102 C:\Users\ingov\PycharmProjects\ProjectR/Logs/2021-12-25_22-24-20 INFO Getting attribute: question
22:24:34,102 C:\Users\ingov\PycharmProjects\ProjectR/Logs/2021-12-25_22-24-20 INFO Getting attribute: _QuestionClass__answers
22:24:34,102 C:\Users\ingov\PycharmProjects\ProjectR/Logs/2021-12-25_22-24-20 INFO Getting attribute: answers
22:24:34,102 C:\Users\ingov\PycharmProjects\ProjectR/Logs/2021-12-25_22-24-20 INFO Setting member: question to value=What of the following ones are Python basic types?: [('Fire', False), ('Bool', True), ('Normal', False), ('Basic', False)]
22:24:34,102 C:\Users\ingov\PycharmProjects\ProjectR/Logs/2021-12-25_22-24-20 INFO Getting attribute: window
22:24:34,102 C:\Users\ingov\PycharmProjects\ProjectR/Logs/2021-12-25_22-24-20 INFO Getting attribute: _QuestionClass__question
22:24:34,102 C:\Users\ingov\PycharmProjects\ProjectR/Logs/2021-12-25_22-24-20 INFO Getting attribute: question
22:24:34,102 C:\Users\ingov\PycharmProjects\ProjectR/Logs/2021-12-25_22-24-20 INFO Setting member: question_label to value=.!label
22:24:34,102 C:\Users\ingov\PycharmProjects\ProjectR/Logs/2021-12-25_22-24-20 INFO Getting attribute: question_label
22:24:34,102 C:\Users\ingov\PycharmProjects\ProjectR/Logs/2021-12-25_22-24-20 INFO Getting attribute: question_label
22:24:34,102 C:\Users\ingov\PycharmProjects\ProjectR/Logs/2021-12-25_22-24-20 INFO Setting member: radio_buttons to value=[]
22:24:34,102 C:\Users\ingov\PycharmProjects\ProjectR/Logs/2021-12-25_22-24-20 INFO Setting member: answer_group to value=PY_VAR0
22:24:34,102 C:\Users\ingov\PycharmProjects\ProjectR/Logs/2021-12-25_22-24-20 INFO Setting member: radio_button_font to value=('TkDefaultFont', 12)
22:24:34,102 C:\Users\ingov\PycharmProjects\ProjectR/Logs/2021-12-25_22-24-20 INFO Getting attribute: question
22:24:34,102 C:\Users\ingov\PycharmProjects\ProjectR/Logs/2021-12-25_22-24-20 INFO Getting attribute: _QuestionClass__answers
22:24:34,102 C:\Users\ingov\PycharmProjects\ProjectR/Logs/2021-12-25_22-24-20 INFO Getting attribute: answers
22:24:34,102 C:\Users\ingov\PycharmProjects\ProjectR/Logs/2021-12-25_22-24-20 INFO Getting attribute: window
22:24:34,102 C:\Users\ingov\PycharmProjects\ProjectR/Logs/2021-12-25_22-24-20 INFO Getting attribute: answer_group
22:24:34,102 C:\Users\ingov\PycharmProjects\ProjectR/Logs/2021-12-25_22-24-20 INFO Getting method: reveal_result
22:24:34,102 C:\Users\ingov\PycharmProjects\ProjectR/Logs/2021-12-25_22-24-20 INFO Getting attribute: radio_button_font
22:24:34,102 C:\Users\ingov\PycharmProjects\ProjectR/Logs/2021-12-25_22-24-20 INFO Getting attribute: radio_buttons
22:24:34,102 C:\Users\ingov\PycharmProjects\ProjectR/Logs/2021-12-25_22-24-20 INFO Getting attribute: window
22:24:34,102 C:\Users\ingov\PycharmProjects\ProjectR/Logs/2021-12-25_22-24-20 INFO Getting attribute: answer_group
22:24:34,102 C:\Users\ingov\PycharmProjects\ProjectR/Logs/2021-12-25_22-24-20 INFO Getting method: reveal_result
22:24:34,102 C:\Users\ingov\PycharmProjects\ProjectR/Logs/2021-12-25_22-24-20 INFO Getting attribute: radio_button_font
22:24:34,102 C:\Users\ingov\PycharmProjects\ProjectR/Logs/2021-12-25_22-24-20 INFO Getting attribute: radio_buttons
22:24:34,102 C:\Users\ingov\PycharmProjects\ProjectR/Logs/2021-12-25_22-24-20 INFO Getting attribute: window
22:24:34,102 C:\Users\ingov\PycharmProjects\ProjectR/Logs/2021-12-25_22-24-20 INFO Getting attribute: answer_group
22:24:34,102 C:\Users\ingov\PycharmProjects\ProjectR/Logs/2021-12-25_22-24-20 INFO Getting method: reveal_result
22:24:34,102 C:\Users\ingov\PycharmProjects\ProjectR/Logs/2021-12-25_22-24-20 INFO Getting attribute: radio_button_font
22:24:34,102 C:\Users\ingov\PycharmProjects\ProjectR/Logs/2021-12-25_22-24-20 INFO Getting attribute: radio_buttons
22:24:34,102 C:\Users\ingov\PycharmProjects\ProjectR/Logs/2021-12-25_22-24-20 INFO Getting attribute: window
22:24:34,102 C:\Users\ingov\PycharmProjects\ProjectR/Logs/2021-12-25_22-24-20 INFO Getting attribute: answer_group
22:24:34,102 C:\Users\ingov\PycharmProjects\ProjectR/Logs/2021-12-25_22-24-20 INFO Getting method: reveal_result
22:24:34,102 C:\Users\ingov\PycharmProjects\ProjectR/Logs/2021-12-25_22-24-20 INFO Getting attribute: radio_button_font
22:24:34,112 C:\Users\ingov\PycharmProjects\ProjectR/Logs/2021-12-25_22-24-20 INFO Getting attribute: radio_buttons
22:24:34,112 C:\Users\ingov\PycharmProjects\ProjectR/Logs/2021-12-25_22-24-20 INFO Getting attribute: window
22:24:37,812 C:\Users\ingov\PycharmProjects\ProjectR/Logs/2021-12-25_22-24-20 INFO Getting attribute: radio_buttons
22:24:37,812 C:\Users\ingov\PycharmProjects\ProjectR/Logs/2021-12-25_22-24-20 INFO Getting attribute: answer_group
22:24:37,812 C:\Users\ingov\PycharmProjects\ProjectR/Logs/2021-12-25_22-24-20 INFO Getting attribute: window
22:24:37,812 C:\Users\ingov\PycharmProjects\ProjectR/Logs/2021-12-25_22-24-20 INFO Getting attribute: question
22:24:37,812 C:\Users\ingov\PycharmProjects\ProjectR/Logs/2021-12-25_22-24-20 INFO Getting attribute: _QuestionClass__question
22:24:37,812 C:\Users\ingov\PycharmProjects\ProjectR/Logs/2021-12-25_22-24-20 INFO Getting attribute: question
22:24:37,812 C:\Users\ingov\PycharmProjects\ProjectR/Logs/2021-12-25_22-24-20 INFO Getting attribute: window
22:24:37,812 C:\Users\ingov\PycharmProjects\ProjectR/Logs/2021-12-25_22-24-20 INFO Getting attribute: window
22:24:37,812 C:\Users\ingov\PycharmProjects\ProjectR/Logs/2021-12-25_22-24-20 INFO Getting attribute: window
22:24:37,812 C:\Users\ingov\PycharmProjects\ProjectR/Logs/2021-12-25_22-24-20 INFO Getting attribute: window
22:24:37,812 C:\Users\ingov\PycharmProjects\ProjectR/Logs/2021-12-25_22-24-20 INFO Getting attribute: window
22:24:37,812 C:\Users\ingov\PycharmProjects\ProjectR/Logs/2021-12-25_22-24-20 INFO Getting attribute: window
22:24:47,832 C:\Users\ingov\PycharmProjects\ProjectR/Logs/2021-12-25_22-24-20 INFO Getting into __init__ for class: QuestionClass
22:24:47,832 C:\Users\ingov\PycharmProjects\ProjectR/Logs/2021-12-25_22-24-20 INFO Attributes in args: ('Which of the following countries belong to the European Union', [('Serbia', False), ('Latvia', True), ('Norway', False), ('Malta', True)])
22:24:47,832 C:\Users\ingov\PycharmProjects\ProjectR/Logs/2021-12-25_22-24-20 INFO Attributes in kwargs: {}
22:24:47,832 C:\Users\ingov\PycharmProjects\ProjectR/Logs/2021-12-25_22-24-20 INFO Setting member: _QuestionClass__question to value=Which of the following countries belong to the European Union
22:24:47,832 C:\Users\ingov\PycharmProjects\ProjectR/Logs/2021-12-25_22-24-20 INFO Setting member: _QuestionClass__answers to value=[('Serbia', False), ('Latvia', True), ('Norway', False), ('Malta', True)]
22:24:47,832 C:\Users\ingov\PycharmProjects\ProjectR/Logs/2021-12-25_22-24-20 INFO Getting into __init__ for class: QuestionTwoAnswersMultiple
22:24:47,832 C:\Users\ingov\PycharmProjects\ProjectR/Logs/2021-12-25_22-24-20 INFO Attributes in args: ()
22:24:47,832 C:\Users\ingov\PycharmProjects\ProjectR/Logs/2021-12-25_22-24-20 INFO Attributes in kwargs: {'width': 600, 'height': 550, 'title': 'Question 5'}
22:24:47,912 C:\Users\ingov\PycharmProjects\ProjectR/Logs/2021-12-25_22-24-20 INFO Setting member: window to value=.
22:24:47,912 C:\Users\ingov\PycharmProjects\ProjectR/Logs/2021-12-25_22-24-20 INFO Getting attribute: window
22:24:47,912 C:\Users\ingov\PycharmProjects\ProjectR/Logs/2021-12-25_22-24-20 INFO Setting member: height to value=550
22:24:47,912 C:\Users\ingov\PycharmProjects\ProjectR/Logs/2021-12-25_22-24-20 INFO Setting member: width to value=600
22:24:47,912 C:\Users\ingov\PycharmProjects\ProjectR/Logs/2021-12-25_22-24-20 INFO Getting attribute: window
22:24:47,912 C:\Users\ingov\PycharmProjects\ProjectR/Logs/2021-12-25_22-24-20 INFO Getting attribute: window
22:24:47,912 C:\Users\ingov\PycharmProjects\ProjectR/Logs/2021-12-25_22-24-20 INFO Getting attribute: window
22:24:47,912 C:\Users\ingov\PycharmProjects\ProjectR/Logs/2021-12-25_22-24-20 INFO Setting member: menu to value=.!menu
22:24:47,912 C:\Users\ingov\PycharmProjects\ProjectR/Logs/2021-12-25_22-24-20 INFO Getting attribute: window
22:24:47,912 C:\Users\ingov\PycharmProjects\ProjectR/Logs/2021-12-25_22-24-20 INFO Getting attribute: menu
22:24:47,912 C:\Users\ingov\PycharmProjects\ProjectR/Logs/2021-12-25_22-24-20 INFO Getting attribute: menu
22:24:47,912 C:\Users\ingov\PycharmProjects\ProjectR/Logs/2021-12-25_22-24-20 INFO Getting method: go_back_to_main
22:24:47,912 C:\Users\ingov\PycharmProjects\ProjectR/Logs/2021-12-25_22-24-20 INFO Getting attribute: menu
22:24:47,912 C:\Users\ingov\PycharmProjects\ProjectR/Logs/2021-12-25_22-24-20 INFO Getting attribute: _QuestionClass__question
22:24:47,912 C:\Users\ingov\PycharmProjects\ProjectR/Logs/2021-12-25_22-24-20 INFO Getting attribute: question
22:24:47,912 C:\Users\ingov\PycharmProjects\ProjectR/Logs/2021-12-25_22-24-20 INFO Getting attribute: _QuestionClass__answers
22:24:47,912 C:\Users\ingov\PycharmProjects\ProjectR/Logs/2021-12-25_22-24-20 INFO Getting attribute: answers
22:24:47,912 C:\Users\ingov\PycharmProjects\ProjectR/Logs/2021-12-25_22-24-20 INFO Setting member: question to value=Which of the following countries belong to the European Union: [('Serbia', False), ('Latvia', True), ('Norway', False), ('Malta', True)]
22:24:47,912 C:\Users\ingov\PycharmProjects\ProjectR/Logs/2021-12-25_22-24-20 INFO Getting attribute: window
22:24:47,912 C:\Users\ingov\PycharmProjects\ProjectR/Logs/2021-12-25_22-24-20 INFO Getting attribute: _QuestionClass__question
22:24:47,912 C:\Users\ingov\PycharmProjects\ProjectR/Logs/2021-12-25_22-24-20 INFO Getting attribute: question
22:24:47,912 C:\Users\ingov\PycharmProjects\ProjectR/Logs/2021-12-25_22-24-20 INFO Setting member: question_label to value=.!label
22:24:47,912 C:\Users\ingov\PycharmProjects\ProjectR/Logs/2021-12-25_22-24-20 INFO Getting attribute: question_label
22:24:47,912 C:\Users\ingov\PycharmProjects\ProjectR/Logs/2021-12-25_22-24-20 INFO Getting attribute: question_label
22:24:47,912 C:\Users\ingov\PycharmProjects\ProjectR/Logs/2021-12-25_22-24-20 INFO Setting member: check_boxes to value=[]
22:24:47,912 C:\Users\ingov\PycharmProjects\ProjectR/Logs/2021-12-25_22-24-20 INFO Setting member: answer_group to value=PY_VAR1
22:24:47,912 C:\Users\ingov\PycharmProjects\ProjectR/Logs/2021-12-25_22-24-20 INFO Setting member: check_button_font to value=('TkDefaultFont', 12)
22:24:47,912 C:\Users\ingov\PycharmProjects\ProjectR/Logs/2021-12-25_22-24-20 INFO Setting member: checks_done to value=0
22:24:47,912 C:\Users\ingov\PycharmProjects\ProjectR/Logs/2021-12-25_22-24-20 INFO Setting member: vars_int to value=[]
22:24:47,912 C:\Users\ingov\PycharmProjects\ProjectR/Logs/2021-12-25_22-24-20 INFO Getting attribute: question
22:24:47,912 C:\Users\ingov\PycharmProjects\ProjectR/Logs/2021-12-25_22-24-20 INFO Getting attribute: _QuestionClass__answers
22:24:47,912 C:\Users\ingov\PycharmProjects\ProjectR/Logs/2021-12-25_22-24-20 INFO Getting attribute: answers
22:24:47,912 C:\Users\ingov\PycharmProjects\ProjectR/Logs/2021-12-25_22-24-20 INFO Getting attribute: window
22:24:47,912 C:\Users\ingov\PycharmProjects\ProjectR/Logs/2021-12-25_22-24-20 INFO Getting attribute: check_button_font
22:24:47,912 C:\Users\ingov\PycharmProjects\ProjectR/Logs/2021-12-25_22-24-20 INFO Getting method: checking_box
22:24:47,922 C:\Users\ingov\PycharmProjects\ProjectR/Logs/2021-12-25_22-24-20 INFO Getting attribute: vars_int
22:24:47,922 C:\Users\ingov\PycharmProjects\ProjectR/Logs/2021-12-25_22-24-20 INFO Getting attribute: check_boxes
22:24:47,922 C:\Users\ingov\PycharmProjects\ProjectR/Logs/2021-12-25_22-24-20 INFO Getting attribute: window
22:24:47,922 C:\Users\ingov\PycharmProjects\ProjectR/Logs/2021-12-25_22-24-20 INFO Getting attribute: check_button_font
22:24:47,922 C:\Users\ingov\PycharmProjects\ProjectR/Logs/2021-12-25_22-24-20 INFO Getting method: checking_box
22:24:47,922 C:\Users\ingov\PycharmProjects\ProjectR/Logs/2021-12-25_22-24-20 INFO Getting attribute: vars_int
22:24:47,922 C:\Users\ingov\PycharmProjects\ProjectR/Logs/2021-12-25_22-24-20 INFO Getting attribute: check_boxes
22:24:47,922 C:\Users\ingov\PycharmProjects\ProjectR/Logs/2021-12-25_22-24-20 INFO Getting attribute: window
22:24:47,922 C:\Users\ingov\PycharmProjects\ProjectR/Logs/2021-12-25_22-24-20 INFO Getting attribute: check_button_font
22:24:47,922 C:\Users\ingov\PycharmProjects\ProjectR/Logs/2021-12-25_22-24-20 INFO Getting method: checking_box
22:24:47,922 C:\Users\ingov\PycharmProjects\ProjectR/Logs/2021-12-25_22-24-20 INFO Getting attribute: vars_int
22:24:47,922 C:\Users\ingov\PycharmProjects\ProjectR/Logs/2021-12-25_22-24-20 INFO Getting attribute: check_boxes
22:24:47,922 C:\Users\ingov\PycharmProjects\ProjectR/Logs/2021-12-25_22-24-20 INFO Getting attribute: window
22:24:47,922 C:\Users\ingov\PycharmProjects\ProjectR/Logs/2021-12-25_22-24-20 INFO Getting attribute: check_button_font
22:24:47,922 C:\Users\ingov\PycharmProjects\ProjectR/Logs/2021-12-25_22-24-20 INFO Getting method: checking_box
22:24:47,922 C:\Users\ingov\PycharmProjects\ProjectR/Logs/2021-12-25_22-24-20 INFO Getting attribute: vars_int
22:24:47,922 C:\Users\ingov\PycharmProjects\ProjectR/Logs/2021-12-25_22-24-20 INFO Getting attribute: check_boxes
22:24:47,922 C:\Users\ingov\PycharmProjects\ProjectR/Logs/2021-12-25_22-24-20 INFO Getting attribute: window
22:24:49,582 C:\Users\ingov\PycharmProjects\ProjectR/Logs/2021-12-25_22-24-20 INFO Getting attribute: checks_done
22:24:49,582 C:\Users\ingov\PycharmProjects\ProjectR/Logs/2021-12-25_22-24-20 INFO Setting member: checks_done to value=1
22:24:49,582 C:\Users\ingov\PycharmProjects\ProjectR/Logs/2021-12-25_22-24-20 INFO Getting attribute: checks_done
22:24:50,492 C:\Users\ingov\PycharmProjects\ProjectR/Logs/2021-12-25_22-24-20 INFO Getting attribute: checks_done
22:24:50,492 C:\Users\ingov\PycharmProjects\ProjectR/Logs/2021-12-25_22-24-20 INFO Setting member: checks_done to value=2
22:24:50,492 C:\Users\ingov\PycharmProjects\ProjectR/Logs/2021-12-25_22-24-20 INFO Getting attribute: checks_done
22:24:50,492 C:\Users\ingov\PycharmProjects\ProjectR/Logs/2021-12-25_22-24-20 INFO Getting attribute: check_boxes
22:24:50,492 C:\Users\ingov\PycharmProjects\ProjectR/Logs/2021-12-25_22-24-20 INFO Getting attribute: vars_int
22:24:50,492 C:\Users\ingov\PycharmProjects\ProjectR/Logs/2021-12-25_22-24-20 INFO Getting attribute: vars_int
22:24:50,492 C:\Users\ingov\PycharmProjects\ProjectR/Logs/2021-12-25_22-24-20 INFO Getting attribute: vars_int
22:24:50,492 C:\Users\ingov\PycharmProjects\ProjectR/Logs/2021-12-25_22-24-20 INFO Getting attribute: vars_int
22:24:50,492 C:\Users\ingov\PycharmProjects\ProjectR/Logs/2021-12-25_22-24-20 INFO Getting attribute: vars_int
22:24:50,492 C:\Users\ingov\PycharmProjects\ProjectR/Logs/2021-12-25_22-24-20 INFO Getting attribute: vars_int
22:24:50,492 C:\Users\ingov\PycharmProjects\ProjectR/Logs/2021-12-25_22-24-20 INFO Getting attribute: vars_int
22:24:50,492 C:\Users\ingov\PycharmProjects\ProjectR/Logs/2021-12-25_22-24-20 INFO Getting attribute: vars_int
22:24:50,492 C:\Users\ingov\PycharmProjects\ProjectR/Logs/2021-12-25_22-24-20 INFO Getting attribute: question
22:24:50,492 C:\Users\ingov\PycharmProjects\ProjectR/Logs/2021-12-25_22-24-20 INFO Getting method: get_correct_answers
22:24:50,492 C:\Users\ingov\PycharmProjects\ProjectR/Logs/2021-12-25_22-24-20 INFO Getting method: get_question_type
22:24:50,492 C:\Users\ingov\PycharmProjects\ProjectR/Logs/2021-12-25_22-24-20 INFO Getting attribute: _QuestionClass__answers
22:24:50,492 C:\Users\ingov\PycharmProjects\ProjectR/Logs/2021-12-25_22-24-20 INFO Getting attribute: _QuestionClass__answers
22:24:50,492 C:\Users\ingov\PycharmProjects\ProjectR/Logs/2021-12-25_22-24-20 INFO Getting attribute: logger
22:24:50,492 C:\Users\ingov\PycharmProjects\ProjectR/Logs/2021-12-25_22-24-20 INFO This question is a multiple choice question with two answers: Checkboxes: value 2
22:24:50,492 C:\Users\ingov\PycharmProjects\ProjectR/Logs/2021-12-25_22-24-20 INFO Getting attribute: _QuestionClass__answers
22:24:50,492 C:\Users\ingov\PycharmProjects\ProjectR/Logs/2021-12-25_22-24-20 INFO Getting attribute: logger
22:24:50,492 C:\Users\ingov\PycharmProjects\ProjectR/Logs/2021-12-25_22-24-20 INFO Correct answers are ['Latvia', 'Malta']
22:24:50,492 C:\Users\ingov\PycharmProjects\ProjectR/Logs/2021-12-25_22-24-20 INFO Getting attribute: window
22:24:50,492 C:\Users\ingov\PycharmProjects\ProjectR/Logs/2021-12-25_22-24-20 INFO Getting attribute: question
22:24:50,492 C:\Users\ingov\PycharmProjects\ProjectR/Logs/2021-12-25_22-24-20 INFO Getting attribute: _QuestionClass__question
22:24:50,492 C:\Users\ingov\PycharmProjects\ProjectR/Logs/2021-12-25_22-24-20 INFO Getting attribute: question
22:24:50,492 C:\Users\ingov\PycharmProjects\ProjectR/Logs/2021-12-25_22-24-20 INFO Getting attribute: window
22:24:50,492 C:\Users\ingov\PycharmProjects\ProjectR/Logs/2021-12-25_22-24-20 INFO Getting attribute: window
22:24:50,492 C:\Users\ingov\PycharmProjects\ProjectR/Logs/2021-12-25_22-24-20 INFO Getting attribute: window
22:24:50,492 C:\Users\ingov\PycharmProjects\ProjectR/Logs/2021-12-25_22-24-20 INFO Getting attribute: window
22:24:50,492 C:\Users\ingov\PycharmProjects\ProjectR/Logs/2021-12-25_22-24-20 INFO Getting attribute: window
22:24:50,492 C:\Users\ingov\PycharmProjects\ProjectR/Logs/2021-12-25_22-24-20 INFO Getting attribute: window
