22:08:55,582 C:\Users\ingov\PycharmProjects\ProjectR/Logs/2021-12-25_22-08-55 INFO Log has been created and started
22:08:55,582 C:\Users\ingov\PycharmProjects\ProjectR/Logs/2021-12-25_22-08-55 INFO Metaclass MetaAbsLogger: Starting class MetaLogger
22:08:55,582 C:\Users\ingov\PycharmProjects\ProjectR/Logs/2021-12-25_22-08-55 INFO Metaclass MetaLogger: Starting class QuestionClass
22:08:55,592 C:\Users\ingov\PycharmProjects\ProjectR/Logs/2021-12-25_22-08-55 INFO Metaclass MetaLogger: Starting class QuestionnaireClass
22:08:55,592 C:\Users\ingov\PycharmProjects\ProjectR/Logs/2021-12-25_22-08-55 INFO Metaclass MetaAbsLogger: Starting class CurrentSession
22:08:55,618 C:\Users\ingov\PycharmProjects\ProjectR/Logs/2021-12-25_22-08-55 INFO Metaclass MetaAbsLogger: Starting class SimpleWindow
22:08:55,632 C:\Users\ingov\PycharmProjects\ProjectR/Logs/2021-12-25_22-08-55 INFO C:\Users\ingov\PycharmProjects\ProjectR/Config/config.cfg, exists so we will read it
22:08:55,632 C:\Users\ingov\PycharmProjects\ProjectR/Logs/2021-12-25_22-08-55 INFO Seconds to answer a question: 10
22:08:55,632 C:\Users\ingov\PycharmProjects\ProjectR/Logs/2021-12-25_22-08-55 INFO Seconds between questions: 30
22:08:55,632 C:\Users\ingov\PycharmProjects\ProjectR/Logs/2021-12-25_22-08-55 INFO C:\Users\ingov\PycharmProjects\ProjectR/Config/config.cfg is closed now
22:08:55,632 C:\Users\ingov\PycharmProjects\ProjectR/Logs/2021-12-25_22-08-55 INFO Metaclass MetaLogger: Starting class ConfigClass
22:08:55,632 C:\Users\ingov\PycharmProjects\ProjectR/Logs/2021-12-25_22-08-55 INFO Metaclass MetaAbsLogger: Starting class QuestionWindowAbs
22:08:55,632 C:\Users\ingov\PycharmProjects\ProjectR/Logs/2021-12-25_22-08-55 INFO Metaclass MetaAbsLogger: Starting class QuestionOneAnswer
22:08:55,632 C:\Users\ingov\PycharmProjects\ProjectR/Logs/2021-12-25_22-08-55 INFO Metaclass MetaAbsLogger: Starting class QuestionOneAnswerMultiple
22:08:55,632 C:\Users\ingov\PycharmProjects\ProjectR/Logs/2021-12-25_22-08-55 INFO Metaclass MetaAbsLogger: Starting class QuestionTwoAnswersMultiple
22:08:55,632 C:\Users\ingov\PycharmProjects\ProjectR/Logs/2021-12-25_22-08-55 INFO Getting into __init__ for class: QuestionClass
22:08:55,632 C:\Users\ingov\PycharmProjects\ProjectR/Logs/2021-12-25_22-08-55 INFO Attributes in args: ('What do you say to a person in the morning?', 'Good morning')
22:08:55,632 C:\Users\ingov\PycharmProjects\ProjectR/Logs/2021-12-25_22-08-55 INFO Attributes in kwargs: {}
22:08:55,632 C:\Users\ingov\PycharmProjects\ProjectR/Logs/2021-12-25_22-08-55 INFO Setting member: _QuestionClass__question to value=What do you say to a person in the morning?
22:08:55,632 C:\Users\ingov\PycharmProjects\ProjectR/Logs/2021-12-25_22-08-55 INFO Setting member: _QuestionClass__answers to value=Good morning
22:08:55,632 C:\Users\ingov\PycharmProjects\ProjectR/Logs/2021-12-25_22-08-55 INFO Getting into __init__ for class: QuestionOneAnswer
22:08:55,632 C:\Users\ingov\PycharmProjects\ProjectR/Logs/2021-12-25_22-08-55 INFO Attributes in args: ()
22:08:55,632 C:\Users\ingov\PycharmProjects\ProjectR/Logs/2021-12-25_22-08-55 INFO Attributes in kwargs: {'width': 600, 'height': 450, 'title': 'Question 3'}
22:08:55,722 C:\Users\ingov\PycharmProjects\ProjectR/Logs/2021-12-25_22-08-55 INFO Setting member: window to value=.
22:08:55,722 C:\Users\ingov\PycharmProjects\ProjectR/Logs/2021-12-25_22-08-55 INFO Getting attribute: window
22:08:55,722 C:\Users\ingov\PycharmProjects\ProjectR/Logs/2021-12-25_22-08-55 INFO Setting member: height to value=450
22:08:55,722 C:\Users\ingov\PycharmProjects\ProjectR/Logs/2021-12-25_22-08-55 INFO Setting member: width to value=600
22:08:55,722 C:\Users\ingov\PycharmProjects\ProjectR/Logs/2021-12-25_22-08-55 INFO Getting attribute: window
22:08:55,722 C:\Users\ingov\PycharmProjects\ProjectR/Logs/2021-12-25_22-08-55 INFO Getting attribute: window
22:08:55,722 C:\Users\ingov\PycharmProjects\ProjectR/Logs/2021-12-25_22-08-55 INFO Getting attribute: window
22:08:55,732 C:\Users\ingov\PycharmProjects\ProjectR/Logs/2021-12-25_22-08-55 INFO Setting member: menu to value=.!menu
22:08:55,732 C:\Users\ingov\PycharmProjects\ProjectR/Logs/2021-12-25_22-08-55 INFO Getting attribute: window
22:08:55,732 C:\Users\ingov\PycharmProjects\ProjectR/Logs/2021-12-25_22-08-55 INFO Getting attribute: menu
22:08:55,734 C:\Users\ingov\PycharmProjects\ProjectR/Logs/2021-12-25_22-08-55 INFO Getting attribute: menu
22:08:55,734 C:\Users\ingov\PycharmProjects\ProjectR/Logs/2021-12-25_22-08-55 INFO Getting method: go_back_to_main
22:08:55,734 C:\Users\ingov\PycharmProjects\ProjectR/Logs/2021-12-25_22-08-55 INFO Getting attribute: menu
22:08:55,734 C:\Users\ingov\PycharmProjects\ProjectR/Logs/2021-12-25_22-08-55 INFO Getting attribute: _QuestionClass__question
22:08:55,734 C:\Users\ingov\PycharmProjects\ProjectR/Logs/2021-12-25_22-08-55 INFO Getting attribute: question
22:08:55,734 C:\Users\ingov\PycharmProjects\ProjectR/Logs/2021-12-25_22-08-55 INFO Getting attribute: _QuestionClass__answers
22:08:55,734 C:\Users\ingov\PycharmProjects\ProjectR/Logs/2021-12-25_22-08-55 INFO Getting attribute: answers
22:08:55,734 C:\Users\ingov\PycharmProjects\ProjectR/Logs/2021-12-25_22-08-55 INFO Setting member: question to value=What do you say to a person in the morning?: Good morning
22:08:55,734 C:\Users\ingov\PycharmProjects\ProjectR/Logs/2021-12-25_22-08-55 INFO Getting attribute: window
22:08:55,734 C:\Users\ingov\PycharmProjects\ProjectR/Logs/2021-12-25_22-08-55 INFO Getting attribute: _QuestionClass__question
22:08:55,734 C:\Users\ingov\PycharmProjects\ProjectR/Logs/2021-12-25_22-08-55 INFO Getting attribute: question
22:08:55,734 C:\Users\ingov\PycharmProjects\ProjectR/Logs/2021-12-25_22-08-55 INFO Setting member: question_label to value=.!label
22:08:55,734 C:\Users\ingov\PycharmProjects\ProjectR/Logs/2021-12-25_22-08-55 INFO Getting attribute: question_label
22:08:55,734 C:\Users\ingov\PycharmProjects\ProjectR/Logs/2021-12-25_22-08-55 INFO Getting attribute: question_label
22:08:55,734 C:\Users\ingov\PycharmProjects\ProjectR/Logs/2021-12-25_22-08-55 INFO Getting attribute: window
22:08:55,734 C:\Users\ingov\PycharmProjects\ProjectR/Logs/2021-12-25_22-08-55 INFO Getting method: reveal_answer
22:08:55,734 C:\Users\ingov\PycharmProjects\ProjectR/Logs/2021-12-25_22-08-55 INFO Setting member: button_answer to value=.!button
22:08:55,734 C:\Users\ingov\PycharmProjects\ProjectR/Logs/2021-12-25_22-08-55 INFO Getting attribute: button_answer
22:08:55,734 C:\Users\ingov\PycharmProjects\ProjectR/Logs/2021-12-25_22-08-55 INFO Setting member: answer_label to value=None
22:08:55,734 C:\Users\ingov\PycharmProjects\ProjectR/Logs/2021-12-25_22-08-55 INFO Getting attribute: window
22:08:56,632 C:\Users\ingov\PycharmProjects\ProjectR/Logs/2021-12-25_22-08-55 INFO Getting attribute: button_answer
22:08:56,632 C:\Users\ingov\PycharmProjects\ProjectR/Logs/2021-12-25_22-08-55 INFO Getting attribute: question
22:08:56,632 C:\Users\ingov\PycharmProjects\ProjectR/Logs/2021-12-25_22-08-55 INFO Getting method: get_correct_answers
22:08:56,632 C:\Users\ingov\PycharmProjects\ProjectR/Logs/2021-12-25_22-08-55 INFO Getting method: get_question_type
22:08:56,632 C:\Users\ingov\PycharmProjects\ProjectR/Logs/2021-12-25_22-08-55 INFO Getting attribute: _QuestionClass__answers
22:08:56,632 C:\Users\ingov\PycharmProjects\ProjectR/Logs/2021-12-25_22-08-55 INFO Getting attribute: logger
22:08:56,632 C:\Users\ingov\PycharmProjects\ProjectR/Logs/2021-12-25_22-08-55 INFO This question is a single answer question: Text input: value 0
22:08:56,632 C:\Users\ingov\PycharmProjects\ProjectR/Logs/2021-12-25_22-08-55 INFO Getting attribute: logger
22:08:56,632 C:\Users\ingov\PycharmProjects\ProjectR/Logs/2021-12-25_22-08-55 INFO Getting attribute: _QuestionClass__answers
22:08:56,632 C:\Users\ingov\PycharmProjects\ProjectR/Logs/2021-12-25_22-08-55 INFO The correct answer is Good morning
22:08:56,632 C:\Users\ingov\PycharmProjects\ProjectR/Logs/2021-12-25_22-08-55 INFO Getting attribute: _QuestionClass__answers
22:08:56,632 C:\Users\ingov\PycharmProjects\ProjectR/Logs/2021-12-25_22-08-55 INFO Getting attribute: window
22:08:56,632 C:\Users\ingov\PycharmProjects\ProjectR/Logs/2021-12-25_22-08-55 INFO Getting attribute: question
22:08:56,635 C:\Users\ingov\PycharmProjects\ProjectR/Logs/2021-12-25_22-08-55 INFO Getting method: get_correct_answers
22:08:56,635 C:\Users\ingov\PycharmProjects\ProjectR/Logs/2021-12-25_22-08-55 INFO Getting method: get_question_type
22:08:56,635 C:\Users\ingov\PycharmProjects\ProjectR/Logs/2021-12-25_22-08-55 INFO Getting attribute: _QuestionClass__answers
22:08:56,635 C:\Users\ingov\PycharmProjects\ProjectR/Logs/2021-12-25_22-08-55 INFO Getting attribute: logger
22:08:56,635 C:\Users\ingov\PycharmProjects\ProjectR/Logs/2021-12-25_22-08-55 INFO This question is a single answer question: Text input: value 0
22:08:56,635 C:\Users\ingov\PycharmProjects\ProjectR/Logs/2021-12-25_22-08-55 INFO Getting attribute: logger
22:08:56,635 C:\Users\ingov\PycharmProjects\ProjectR/Logs/2021-12-25_22-08-55 INFO Getting attribute: _QuestionClass__answers
22:08:56,635 C:\Users\ingov\PycharmProjects\ProjectR/Logs/2021-12-25_22-08-55 INFO The correct answer is Good morning
22:08:56,635 C:\Users\ingov\PycharmProjects\ProjectR/Logs/2021-12-25_22-08-55 INFO Getting attribute: _QuestionClass__answers
22:08:56,635 C:\Users\ingov\PycharmProjects\ProjectR/Logs/2021-12-25_22-08-55 INFO Setting member: answer_label to value=.!label2
22:08:56,635 C:\Users\ingov\PycharmProjects\ProjectR/Logs/2021-12-25_22-08-55 INFO Getting attribute: answer_label
22:08:56,635 C:\Users\ingov\PycharmProjects\ProjectR/Logs/2021-12-25_22-08-55 INFO Getting attribute: window
22:08:56,635 C:\Users\ingov\PycharmProjects\ProjectR/Logs/2021-12-25_22-08-55 INFO Getting method: command_button_correct
22:08:56,635 C:\Users\ingov\PycharmProjects\ProjectR/Logs/2021-12-25_22-08-55 INFO Getting method: command_button_failed
22:08:56,635 C:\Users\ingov\PycharmProjects\ProjectR/Logs/2021-12-25_22-08-55 INFO Getting attribute: window
22:09:04,228 C:\Users\ingov\PycharmProjects\ProjectR/Logs/2021-12-25_22-08-55 INFO Getting into __init__ for class: QuestionClass
22:09:04,228 C:\Users\ingov\PycharmProjects\ProjectR/Logs/2021-12-25_22-08-55 INFO Attributes in args: ('What of the following ones are Python basic types?', [('Fire', False), ('Bool', True), ('Normal', False), ('Basic', False)])
22:09:04,228 C:\Users\ingov\PycharmProjects\ProjectR/Logs/2021-12-25_22-08-55 INFO Attributes in kwargs: {}
22:09:04,228 C:\Users\ingov\PycharmProjects\ProjectR/Logs/2021-12-25_22-08-55 INFO Setting member: _QuestionClass__question to value=What of the following ones are Python basic types?
22:09:04,228 C:\Users\ingov\PycharmProjects\ProjectR/Logs/2021-12-25_22-08-55 INFO Setting member: _QuestionClass__answers to value=[('Fire', False), ('Bool', True), ('Normal', False), ('Basic', False)]
22:09:04,228 C:\Users\ingov\PycharmProjects\ProjectR/Logs/2021-12-25_22-08-55 INFO Getting into __init__ for class: QuestionOneAnswerMultiple
22:09:04,228 C:\Users\ingov\PycharmProjects\ProjectR/Logs/2021-12-25_22-08-55 INFO Attributes in args: ()
22:09:04,228 C:\Users\ingov\PycharmProjects\ProjectR/Logs/2021-12-25_22-08-55 INFO Attributes in kwargs: {'width': 600, 'height': 550, 'title': 'Question 4'}
22:09:04,392 C:\Users\ingov\PycharmProjects\ProjectR/Logs/2021-12-25_22-08-55 INFO Setting member: window to value=.
22:09:04,392 C:\Users\ingov\PycharmProjects\ProjectR/Logs/2021-12-25_22-08-55 INFO Getting attribute: window
22:09:04,392 C:\Users\ingov\PycharmProjects\ProjectR/Logs/2021-12-25_22-08-55 INFO Setting member: height to value=550
22:09:04,392 C:\Users\ingov\PycharmProjects\ProjectR/Logs/2021-12-25_22-08-55 INFO Setting member: width to value=600
22:09:04,392 C:\Users\ingov\PycharmProjects\ProjectR/Logs/2021-12-25_22-08-55 INFO Getting attribute: window
22:09:04,392 C:\Users\ingov\PycharmProjects\ProjectR/Logs/2021-12-25_22-08-55 INFO Getting attribute: window
22:09:04,392 C:\Users\ingov\PycharmProjects\ProjectR/Logs/2021-12-25_22-08-55 INFO Getting attribute: window
22:09:04,392 C:\Users\ingov\PycharmProjects\ProjectR/Logs/2021-12-25_22-08-55 INFO Setting member: menu to value=.!menu
22:09:04,392 C:\Users\ingov\PycharmProjects\ProjectR/Logs/2021-12-25_22-08-55 INFO Getting attribute: window
22:09:04,392 C:\Users\ingov\PycharmProjects\ProjectR/Logs/2021-12-25_22-08-55 INFO Getting attribute: menu
22:09:04,407 C:\Users\ingov\PycharmProjects\ProjectR/Logs/2021-12-25_22-08-55 INFO Getting attribute: menu
22:09:04,407 C:\Users\ingov\PycharmProjects\ProjectR/Logs/2021-12-25_22-08-55 INFO Getting method: go_back_to_main
22:09:04,407 C:\Users\ingov\PycharmProjects\ProjectR/Logs/2021-12-25_22-08-55 INFO Getting attribute: menu
22:09:04,407 C:\Users\ingov\PycharmProjects\ProjectR/Logs/2021-12-25_22-08-55 INFO Getting attribute: _QuestionClass__question
22:09:04,407 C:\Users\ingov\PycharmProjects\ProjectR/Logs/2021-12-25_22-08-55 INFO Getting attribute: question
22:09:04,407 C:\Users\ingov\PycharmProjects\ProjectR/Logs/2021-12-25_22-08-55 INFO Getting attribute: _QuestionClass__answers
22:09:04,407 C:\Users\ingov\PycharmProjects\ProjectR/Logs/2021-12-25_22-08-55 INFO Getting attribute: answers
22:09:04,407 C:\Users\ingov\PycharmProjects\ProjectR/Logs/2021-12-25_22-08-55 INFO Setting member: question to value=What of the following ones are Python basic types?: [('Fire', False), ('Bool', True), ('Normal', False), ('Basic', False)]
22:09:04,407 C:\Users\ingov\PycharmProjects\ProjectR/Logs/2021-12-25_22-08-55 INFO Getting attribute: window
22:09:04,407 C:\Users\ingov\PycharmProjects\ProjectR/Logs/2021-12-25_22-08-55 INFO Getting attribute: _QuestionClass__question
22:09:04,407 C:\Users\ingov\PycharmProjects\ProjectR/Logs/2021-12-25_22-08-55 INFO Getting attribute: question
22:09:04,412 C:\Users\ingov\PycharmProjects\ProjectR/Logs/2021-12-25_22-08-55 INFO Setting member: question_label to value=.!label
22:09:04,412 C:\Users\ingov\PycharmProjects\ProjectR/Logs/2021-12-25_22-08-55 INFO Getting attribute: question_label
22:09:04,412 C:\Users\ingov\PycharmProjects\ProjectR/Logs/2021-12-25_22-08-55 INFO Getting attribute: question_label
22:09:04,412 C:\Users\ingov\PycharmProjects\ProjectR/Logs/2021-12-25_22-08-55 INFO Setting member: radio_buttons to value=[]
22:09:04,412 C:\Users\ingov\PycharmProjects\ProjectR/Logs/2021-12-25_22-08-55 INFO Setting member: answer_group to value=PY_VAR0
22:09:04,412 C:\Users\ingov\PycharmProjects\ProjectR/Logs/2021-12-25_22-08-55 INFO Setting member: radio_button_font to value=('TkDefaultFont', 12)
22:09:04,412 C:\Users\ingov\PycharmProjects\ProjectR/Logs/2021-12-25_22-08-55 INFO Getting attribute: question
22:09:04,412 C:\Users\ingov\PycharmProjects\ProjectR/Logs/2021-12-25_22-08-55 INFO Getting attribute: _QuestionClass__answers
22:09:04,412 C:\Users\ingov\PycharmProjects\ProjectR/Logs/2021-12-25_22-08-55 INFO Getting attribute: answers
22:09:04,412 C:\Users\ingov\PycharmProjects\ProjectR/Logs/2021-12-25_22-08-55 INFO Getting attribute: window
22:09:04,412 C:\Users\ingov\PycharmProjects\ProjectR/Logs/2021-12-25_22-08-55 INFO Getting attribute: answer_group
22:09:04,412 C:\Users\ingov\PycharmProjects\ProjectR/Logs/2021-12-25_22-08-55 INFO Getting method: reveal_result
22:09:04,412 C:\Users\ingov\PycharmProjects\ProjectR/Logs/2021-12-25_22-08-55 INFO Getting attribute: radio_button_font
22:09:04,412 C:\Users\ingov\PycharmProjects\ProjectR/Logs/2021-12-25_22-08-55 INFO Getting attribute: radio_buttons
22:09:04,412 C:\Users\ingov\PycharmProjects\ProjectR/Logs/2021-12-25_22-08-55 INFO Getting attribute: window
22:09:04,412 C:\Users\ingov\PycharmProjects\ProjectR/Logs/2021-12-25_22-08-55 INFO Getting attribute: answer_group
22:09:04,412 C:\Users\ingov\PycharmProjects\ProjectR/Logs/2021-12-25_22-08-55 INFO Getting method: reveal_result
22:09:04,412 C:\Users\ingov\PycharmProjects\ProjectR/Logs/2021-12-25_22-08-55 INFO Getting attribute: radio_button_font
22:09:04,412 C:\Users\ingov\PycharmProjects\ProjectR/Logs/2021-12-25_22-08-55 INFO Getting attribute: radio_buttons
22:09:04,412 C:\Users\ingov\PycharmProjects\ProjectR/Logs/2021-12-25_22-08-55 INFO Getting attribute: window
22:09:04,412 C:\Users\ingov\PycharmProjects\ProjectR/Logs/2021-12-25_22-08-55 INFO Getting attribute: answer_group
22:09:04,412 C:\Users\ingov\PycharmProjects\ProjectR/Logs/2021-12-25_22-08-55 INFO Getting method: reveal_result
22:09:04,412 C:\Users\ingov\PycharmProjects\ProjectR/Logs/2021-12-25_22-08-55 INFO Getting attribute: radio_button_font
22:09:04,412 C:\Users\ingov\PycharmProjects\ProjectR/Logs/2021-12-25_22-08-55 INFO Getting attribute: radio_buttons
22:09:04,412 C:\Users\ingov\PycharmProjects\ProjectR/Logs/2021-12-25_22-08-55 INFO Getting attribute: window
22:09:04,412 C:\Users\ingov\PycharmProjects\ProjectR/Logs/2021-12-25_22-08-55 INFO Getting attribute: answer_group
22:09:04,412 C:\Users\ingov\PycharmProjects\ProjectR/Logs/2021-12-25_22-08-55 INFO Getting method: reveal_result
22:09:04,412 C:\Users\ingov\PycharmProjects\ProjectR/Logs/2021-12-25_22-08-55 INFO Getting attribute: radio_button_font
22:09:04,412 C:\Users\ingov\PycharmProjects\ProjectR/Logs/2021-12-25_22-08-55 INFO Getting attribute: radio_buttons
22:09:04,412 C:\Users\ingov\PycharmProjects\ProjectR/Logs/2021-12-25_22-08-55 INFO Getting attribute: window
22:09:05,792 C:\Users\ingov\PycharmProjects\ProjectR/Logs/2021-12-25_22-08-55 INFO Getting into __init__ for class: QuestionClass
22:09:05,792 C:\Users\ingov\PycharmProjects\ProjectR/Logs/2021-12-25_22-08-55 INFO Attributes in args: ('Which of the following countries belong to the European Union', [('Serbia', False), ('Latvia', True), ('Norway', False), ('Malta', True)])
22:09:05,792 C:\Users\ingov\PycharmProjects\ProjectR/Logs/2021-12-25_22-08-55 INFO Attributes in kwargs: {}
22:09:05,792 C:\Users\ingov\PycharmProjects\ProjectR/Logs/2021-12-25_22-08-55 INFO Setting member: _QuestionClass__question to value=Which of the following countries belong to the European Union
22:09:05,792 C:\Users\ingov\PycharmProjects\ProjectR/Logs/2021-12-25_22-08-55 INFO Setting member: _QuestionClass__answers to value=[('Serbia', False), ('Latvia', True), ('Norway', False), ('Malta', True)]
22:09:05,792 C:\Users\ingov\PycharmProjects\ProjectR/Logs/2021-12-25_22-08-55 INFO Getting into __init__ for class: QuestionTwoAnswersMultiple
22:09:05,792 C:\Users\ingov\PycharmProjects\ProjectR/Logs/2021-12-25_22-08-55 INFO Attributes in args: ()
22:09:05,792 C:\Users\ingov\PycharmProjects\ProjectR/Logs/2021-12-25_22-08-55 INFO Attributes in kwargs: {'width': 600, 'height': 550, 'title': 'Question 5'}
22:09:05,942 C:\Users\ingov\PycharmProjects\ProjectR/Logs/2021-12-25_22-08-55 INFO Setting member: window to value=.
22:09:05,942 C:\Users\ingov\PycharmProjects\ProjectR/Logs/2021-12-25_22-08-55 INFO Getting attribute: window
22:09:05,942 C:\Users\ingov\PycharmProjects\ProjectR/Logs/2021-12-25_22-08-55 INFO Setting member: height to value=550
22:09:05,942 C:\Users\ingov\PycharmProjects\ProjectR/Logs/2021-12-25_22-08-55 INFO Setting member: width to value=600
22:09:05,942 C:\Users\ingov\PycharmProjects\ProjectR/Logs/2021-12-25_22-08-55 INFO Getting attribute: window
22:09:05,942 C:\Users\ingov\PycharmProjects\ProjectR/Logs/2021-12-25_22-08-55 INFO Getting attribute: window
22:09:05,942 C:\Users\ingov\PycharmProjects\ProjectR/Logs/2021-12-25_22-08-55 INFO Getting attribute: window
22:09:05,942 C:\Users\ingov\PycharmProjects\ProjectR/Logs/2021-12-25_22-08-55 INFO Setting member: menu to value=.!menu
22:09:05,942 C:\Users\ingov\PycharmProjects\ProjectR/Logs/2021-12-25_22-08-55 INFO Getting attribute: window
22:09:05,942 C:\Users\ingov\PycharmProjects\ProjectR/Logs/2021-12-25_22-08-55 INFO Getting attribute: menu
22:09:05,952 C:\Users\ingov\PycharmProjects\ProjectR/Logs/2021-12-25_22-08-55 INFO Getting attribute: menu
22:09:05,952 C:\Users\ingov\PycharmProjects\ProjectR/Logs/2021-12-25_22-08-55 INFO Getting method: go_back_to_main
22:09:05,952 C:\Users\ingov\PycharmProjects\ProjectR/Logs/2021-12-25_22-08-55 INFO Getting attribute: menu
22:09:05,952 C:\Users\ingov\PycharmProjects\ProjectR/Logs/2021-12-25_22-08-55 INFO Getting attribute: _QuestionClass__question
22:09:05,952 C:\Users\ingov\PycharmProjects\ProjectR/Logs/2021-12-25_22-08-55 INFO Getting attribute: question
22:09:05,952 C:\Users\ingov\PycharmProjects\ProjectR/Logs/2021-12-25_22-08-55 INFO Getting attribute: _QuestionClass__answers
22:09:05,952 C:\Users\ingov\PycharmProjects\ProjectR/Logs/2021-12-25_22-08-55 INFO Getting attribute: answers
22:09:05,952 C:\Users\ingov\PycharmProjects\ProjectR/Logs/2021-12-25_22-08-55 INFO Setting member: question to value=Which of the following countries belong to the European Union: [('Serbia', False), ('Latvia', True), ('Norway', False), ('Malta', True)]
22:09:05,952 C:\Users\ingov\PycharmProjects\ProjectR/Logs/2021-12-25_22-08-55 INFO Getting attribute: window
22:09:05,952 C:\Users\ingov\PycharmProjects\ProjectR/Logs/2021-12-25_22-08-55 INFO Getting attribute: _QuestionClass__question
22:09:05,952 C:\Users\ingov\PycharmProjects\ProjectR/Logs/2021-12-25_22-08-55 INFO Getting attribute: question
22:09:05,952 C:\Users\ingov\PycharmProjects\ProjectR/Logs/2021-12-25_22-08-55 INFO Setting member: question_label to value=.!label
22:09:05,952 C:\Users\ingov\PycharmProjects\ProjectR/Logs/2021-12-25_22-08-55 INFO Getting attribute: question_label
22:09:05,952 C:\Users\ingov\PycharmProjects\ProjectR/Logs/2021-12-25_22-08-55 INFO Getting attribute: question_label
22:09:05,952 C:\Users\ingov\PycharmProjects\ProjectR/Logs/2021-12-25_22-08-55 INFO Setting member: check_boxes to value=[]
22:09:05,952 C:\Users\ingov\PycharmProjects\ProjectR/Logs/2021-12-25_22-08-55 INFO Setting member: answer_group to value=PY_VAR1
22:09:05,952 C:\Users\ingov\PycharmProjects\ProjectR/Logs/2021-12-25_22-08-55 INFO Setting member: check_button_font to value=('TkDefaultFont', 12)
22:09:05,952 C:\Users\ingov\PycharmProjects\ProjectR/Logs/2021-12-25_22-08-55 INFO Setting member: checks_done to value=0
22:09:05,952 C:\Users\ingov\PycharmProjects\ProjectR/Logs/2021-12-25_22-08-55 INFO Setting member: vars_int to value=[]
22:09:05,952 C:\Users\ingov\PycharmProjects\ProjectR/Logs/2021-12-25_22-08-55 INFO Getting attribute: question
22:09:05,952 C:\Users\ingov\PycharmProjects\ProjectR/Logs/2021-12-25_22-08-55 INFO Getting attribute: _QuestionClass__answers
22:09:05,952 C:\Users\ingov\PycharmProjects\ProjectR/Logs/2021-12-25_22-08-55 INFO Getting attribute: answers
22:09:05,952 C:\Users\ingov\PycharmProjects\ProjectR/Logs/2021-12-25_22-08-55 INFO Getting attribute: window
22:09:05,952 C:\Users\ingov\PycharmProjects\ProjectR/Logs/2021-12-25_22-08-55 INFO Getting attribute: check_button_font
22:09:05,952 C:\Users\ingov\PycharmProjects\ProjectR/Logs/2021-12-25_22-08-55 INFO Getting method: checking_box
22:09:05,952 C:\Users\ingov\PycharmProjects\ProjectR/Logs/2021-12-25_22-08-55 INFO Getting attribute: vars_int
22:09:05,952 C:\Users\ingov\PycharmProjects\ProjectR/Logs/2021-12-25_22-08-55 INFO Getting attribute: check_boxes
22:09:05,952 C:\Users\ingov\PycharmProjects\ProjectR/Logs/2021-12-25_22-08-55 INFO Getting attribute: window
22:09:05,952 C:\Users\ingov\PycharmProjects\ProjectR/Logs/2021-12-25_22-08-55 INFO Getting attribute: check_button_font
22:09:05,952 C:\Users\ingov\PycharmProjects\ProjectR/Logs/2021-12-25_22-08-55 INFO Getting method: checking_box
22:09:05,952 C:\Users\ingov\PycharmProjects\ProjectR/Logs/2021-12-25_22-08-55 INFO Getting attribute: vars_int
22:09:05,952 C:\Users\ingov\PycharmProjects\ProjectR/Logs/2021-12-25_22-08-55 INFO Getting attribute: check_boxes
22:09:05,952 C:\Users\ingov\PycharmProjects\ProjectR/Logs/2021-12-25_22-08-55 INFO Getting attribute: window
22:09:05,952 C:\Users\ingov\PycharmProjects\ProjectR/Logs/2021-12-25_22-08-55 INFO Getting attribute: check_button_font
22:09:05,952 C:\Users\ingov\PycharmProjects\ProjectR/Logs/2021-12-25_22-08-55 INFO Getting method: checking_box
22:09:05,952 C:\Users\ingov\PycharmProjects\ProjectR/Logs/2021-12-25_22-08-55 INFO Getting attribute: vars_int
22:09:05,952 C:\Users\ingov\PycharmProjects\ProjectR/Logs/2021-12-25_22-08-55 INFO Getting attribute: check_boxes
22:09:05,952 C:\Users\ingov\PycharmProjects\ProjectR/Logs/2021-12-25_22-08-55 INFO Getting attribute: window
22:09:05,952 C:\Users\ingov\PycharmProjects\ProjectR/Logs/2021-12-25_22-08-55 INFO Getting attribute: check_button_font
22:09:05,952 C:\Users\ingov\PycharmProjects\ProjectR/Logs/2021-12-25_22-08-55 INFO Getting method: checking_box
22:09:05,952 C:\Users\ingov\PycharmProjects\ProjectR/Logs/2021-12-25_22-08-55 INFO Getting attribute: vars_int
22:09:05,952 C:\Users\ingov\PycharmProjects\ProjectR/Logs/2021-12-25_22-08-55 INFO Getting attribute: check_boxes
22:09:05,952 C:\Users\ingov\PycharmProjects\ProjectR/Logs/2021-12-25_22-08-55 INFO Getting attribute: window
