21:11:35,666 C:\Users\ingov\PycharmProjects\ProjectR/Logs/2021-12-20_21-11-35 INFO Log has been created and started
21:11:35,666 C:\Users\ingov\PycharmProjects\ProjectR/Logs/2021-12-20_21-11-35 INFO Metaclass MetaAbsLogger: Starting class MetaLogger
21:11:35,686 C:\Users\ingov\PycharmProjects\ProjectR/Logs/2021-12-20_21-11-35 INFO Metaclass MetaAbsLogger: Starting class SimpleWindow
21:11:35,686 C:\Users\ingov\PycharmProjects\ProjectR/Logs/2021-12-20_21-11-35 INFO Metaclass MetaAbsLogger: Starting class NewWindow
21:11:35,686 C:\Users\ingov\PycharmProjects\ProjectR/Logs/2021-12-20_21-11-35 INFO Getting into __init__ for class: NewWindow
21:11:35,686 C:\Users\ingov\PycharmProjects\ProjectR/Logs/2021-12-20_21-11-35 INFO Attributes in args: ()
21:11:35,686 C:\Users\ingov\PycharmProjects\ProjectR/Logs/2021-12-20_21-11-35 INFO Attributes in kwargs: {}
21:11:35,686 C:\Users\ingov\PycharmProjects\ProjectR/Logs/2021-12-20_21-11-35 INFO Getting into __init__ for class: NewWindow
21:11:35,686 C:\Users\ingov\PycharmProjects\ProjectR/Logs/2021-12-20_21-11-35 INFO Attributes in args: (300, 400, 'Example')
21:11:35,686 C:\Users\ingov\PycharmProjects\ProjectR/Logs/2021-12-20_21-11-35 INFO Attributes in kwargs: {}
21:11:35,761 C:\Users\ingov\PycharmProjects\ProjectR/Logs/2021-12-20_21-11-35 INFO Setting member: window to value=.
21:11:35,761 C:\Users\ingov\PycharmProjects\ProjectR/Logs/2021-12-20_21-11-35 INFO Setting member: window to value=.
21:11:35,761 C:\Users\ingov\PycharmProjects\ProjectR/Logs/2021-12-20_21-11-35 INFO Getting attribute: window
21:11:35,761 C:\Users\ingov\PycharmProjects\ProjectR/Logs/2021-12-20_21-11-35 INFO Getting attribute: window
21:11:35,761 C:\Users\ingov\PycharmProjects\ProjectR/Logs/2021-12-20_21-11-35 INFO Setting member: height to value=300
21:11:35,761 C:\Users\ingov\PycharmProjects\ProjectR/Logs/2021-12-20_21-11-35 INFO Setting member: height to value=300
21:11:35,761 C:\Users\ingov\PycharmProjects\ProjectR/Logs/2021-12-20_21-11-35 INFO Setting member: width to value=400
21:11:35,761 C:\Users\ingov\PycharmProjects\ProjectR/Logs/2021-12-20_21-11-35 INFO Setting member: width to value=400
21:11:35,761 C:\Users\ingov\PycharmProjects\ProjectR/Logs/2021-12-20_21-11-35 INFO Getting attribute: window
21:11:35,761 C:\Users\ingov\PycharmProjects\ProjectR/Logs/2021-12-20_21-11-35 INFO Getting attribute: window
21:11:35,761 C:\Users\ingov\PycharmProjects\ProjectR/Logs/2021-12-20_21-11-35 INFO Getting attribute: width
21:11:35,761 C:\Users\ingov\PycharmProjects\ProjectR/Logs/2021-12-20_21-11-35 INFO Getting attribute: width
21:11:35,761 C:\Users\ingov\PycharmProjects\ProjectR/Logs/2021-12-20_21-11-35 INFO Getting attribute: window
21:11:35,761 C:\Users\ingov\PycharmProjects\ProjectR/Logs/2021-12-20_21-11-35 INFO Getting attribute: window
