20:34:22,923 C:\Users\ingov\PycharmProjects\ProjectR/Logs/2021-12-25_20-34-22 INFO Log has been created and started
20:34:22,923 C:\Users\ingov\PycharmProjects\ProjectR/Logs/2021-12-25_20-34-22 INFO Metaclass MetaAbsLogger: Starting class MetaLogger
20:34:22,933 C:\Users\ingov\PycharmProjects\ProjectR/Logs/2021-12-25_20-34-22 INFO Metaclass MetaLogger: Starting class QuestionClass
20:34:30,678 C:\Users\ingov\PycharmProjects\ProjectR/Logs/2021-12-25_20-34-22 INFO Metaclass MetaLogger: Starting class QuestionnaireClass
20:34:30,703 C:\Users\ingov\PycharmProjects\ProjectR/Logs/2021-12-25_20-34-22 INFO Metaclass MetaAbsLogger: Starting class SimpleWindow
20:34:30,729 C:\Users\ingov\PycharmProjects\ProjectR/Logs/2021-12-25_20-34-22 INFO C:\Users\ingov\PycharmProjects\ProjectR/Config/config.cfg, exists so we will read it
20:34:30,733 C:\Users\ingov\PycharmProjects\ProjectR/Logs/2021-12-25_20-34-22 INFO Seconds to answer a question: 10
20:34:30,733 C:\Users\ingov\PycharmProjects\ProjectR/Logs/2021-12-25_20-34-22 INFO Seconds between questions: 30
20:34:30,733 C:\Users\ingov\PycharmProjects\ProjectR/Logs/2021-12-25_20-34-22 INFO C:\Users\ingov\PycharmProjects\ProjectR/Config/config.cfg is closed now
20:34:30,733 C:\Users\ingov\PycharmProjects\ProjectR/Logs/2021-12-25_20-34-22 INFO Metaclass MetaLogger: Starting class ConfigClass
20:34:30,738 C:\Users\ingov\PycharmProjects\ProjectR/Logs/2021-12-25_20-34-22 INFO Metaclass MetaAbsLogger: Starting class CurrentSession
20:34:30,738 C:\Users\ingov\PycharmProjects\ProjectR/Logs/2021-12-25_20-34-22 INFO Metaclass MetaAbsLogger: Starting class QuestionWindowAbs
20:34:30,738 C:\Users\ingov\PycharmProjects\ProjectR/Logs/2021-12-25_20-34-22 INFO Metaclass MetaAbsLogger: Starting class QuestionOneAnswer
20:34:30,738 C:\Users\ingov\PycharmProjects\ProjectR/Logs/2021-12-25_20-34-22 INFO Metaclass MetaAbsLogger: Starting class QuestionOneAnswerMultiple
20:34:32,622 C:\Users\ingov\PycharmProjects\ProjectR/Logs/2021-12-25_20-34-22 INFO Loading a questionnaire from file: C:\Users\ingov\PycharmProjects\ProjectR/Data/Questionnaires/QuestionnaireExample2.pickle
20:34:32,622 C:\Users\ingov\PycharmProjects\ProjectR/Logs/2021-12-25_20-34-22 INFO Getting attribute: __dict__
20:34:32,622 C:\Users\ingov\PycharmProjects\ProjectR/Logs/2021-12-25_20-34-22 INFO Getting attribute: __dict__
20:34:32,622 C:\Users\ingov\PycharmProjects\ProjectR/Logs/2021-12-25_20-34-22 INFO Getting attribute: __dict__
20:34:32,622 C:\Users\ingov\PycharmProjects\ProjectR/Logs/2021-12-25_20-34-22 INFO Calling get_secs_to_answer
20:34:32,622 C:\Users\ingov\PycharmProjects\ProjectR/Logs/2021-12-25_20-34-22 INFO Getting secs to answer a questions: 10
20:34:34,373 C:\Users\ingov\PycharmProjects\ProjectR/Logs/2021-12-25_20-34-22 INFO Getting method: __class__
20:34:34,373 C:\Users\ingov\PycharmProjects\ProjectR/Logs/2021-12-25_20-34-22 INFO Getting method: __class__
20:34:34,373 C:\Users\ingov\PycharmProjects\ProjectR/Logs/2021-12-25_20-34-22 INFO Getting method: __class__
20:34:34,373 C:\Users\ingov\PycharmProjects\ProjectR/Logs/2021-12-25_20-34-22 INFO Getting method: __class__
20:34:34,373 C:\Users\ingov\PycharmProjects\ProjectR/Logs/2021-12-25_20-34-22 INFO Getting method: __class__
20:34:34,373 C:\Users\ingov\PycharmProjects\ProjectR/Logs/2021-12-25_20-34-22 INFO Getting method: __class__
20:34:34,373 C:\Users\ingov\PycharmProjects\ProjectR/Logs/2021-12-25_20-34-22 INFO Getting method: __class__
20:34:34,373 C:\Users\ingov\PycharmProjects\ProjectR/Logs/2021-12-25_20-34-22 INFO Getting method: __class__
20:34:34,373 C:\Users\ingov\PycharmProjects\ProjectR/Logs/2021-12-25_20-34-22 INFO Getting method: __class__
20:34:34,373 C:\Users\ingov\PycharmProjects\ProjectR/Logs/2021-12-25_20-34-22 INFO Getting method: __class__
20:34:34,373 C:\Users\ingov\PycharmProjects\ProjectR/Logs/2021-12-25_20-34-22 INFO Getting method: __class__
20:34:34,373 C:\Users\ingov\PycharmProjects\ProjectR/Logs/2021-12-25_20-34-22 INFO Getting method: __class__
20:34:34,373 C:\Users\ingov\PycharmProjects\ProjectR/Logs/2021-12-25_20-34-22 INFO Getting method: __class__
20:34:34,373 C:\Users\ingov\PycharmProjects\ProjectR/Logs/2021-12-25_20-34-22 INFO Getting method: __class__
20:34:34,373 C:\Users\ingov\PycharmProjects\ProjectR/Logs/2021-12-25_20-34-22 INFO Getting method: __class__
20:34:34,388 C:\Users\ingov\PycharmProjects\ProjectR/Logs/2021-12-25_20-34-22 INFO Getting method: __class__
20:34:34,388 C:\Users\ingov\PycharmProjects\ProjectR/Logs/2021-12-25_20-34-22 INFO Getting method: __class__
20:34:34,388 C:\Users\ingov\PycharmProjects\ProjectR/Logs/2021-12-25_20-34-22 INFO Getting method: __class__
20:34:34,388 C:\Users\ingov\PycharmProjects\ProjectR/Logs/2021-12-25_20-34-22 INFO Getting method: __class__
20:34:34,388 C:\Users\ingov\PycharmProjects\ProjectR/Logs/2021-12-25_20-34-22 INFO Getting method: __class__
20:34:34,388 C:\Users\ingov\PycharmProjects\ProjectR/Logs/2021-12-25_20-34-22 INFO Getting attribute: _QuestionClass__question
20:34:34,388 C:\Users\ingov\PycharmProjects\ProjectR/Logs/2021-12-25_20-34-22 INFO Getting attribute: question
20:34:34,388 C:\Users\ingov\PycharmProjects\ProjectR/Logs/2021-12-25_20-34-22 INFO Getting attribute: _QuestionClass__answers
20:34:34,388 C:\Users\ingov\PycharmProjects\ProjectR/Logs/2021-12-25_20-34-22 INFO Getting attribute: answers
20:34:34,989 C:\Users\ingov\PycharmProjects\ProjectR/Logs/2021-12-25_20-34-22 INFO Getting method: get_question_type
20:34:34,989 C:\Users\ingov\PycharmProjects\ProjectR/Logs/2021-12-25_20-34-22 INFO Getting attribute: _QuestionClass__answers
20:34:34,989 C:\Users\ingov\PycharmProjects\ProjectR/Logs/2021-12-25_20-34-22 INFO Getting attribute: _QuestionClass__answers
20:34:34,989 C:\Users\ingov\PycharmProjects\ProjectR/Logs/2021-12-25_20-34-22 INFO Getting attribute: logger
20:34:34,989 C:\Users\ingov\PycharmProjects\ProjectR/Logs/2021-12-25_20-34-22 INFO This question is a multiple choice question with a single answer: Radio button: value 1
20:34:35,5 C:\Users\ingov\PycharmProjects\ProjectR/Logs/2021-12-25_20-34-22 INFO Getting method: __class__
20:34:35,5 C:\Users\ingov\PycharmProjects\ProjectR/Logs/2021-12-25_20-34-22 INFO Getting method: __class__
20:34:35,23 C:\Users\ingov\PycharmProjects\ProjectR/Logs/2021-12-25_20-34-22 INFO Getting method: __class__
20:34:35,23 C:\Users\ingov\PycharmProjects\ProjectR/Logs/2021-12-25_20-34-22 INFO Getting method: __class__
20:34:35,23 C:\Users\ingov\PycharmProjects\ProjectR/Logs/2021-12-25_20-34-22 INFO Getting method: __class__
20:34:35,23 C:\Users\ingov\PycharmProjects\ProjectR/Logs/2021-12-25_20-34-22 INFO Getting method: __class__
20:34:35,23 C:\Users\ingov\PycharmProjects\ProjectR/Logs/2021-12-25_20-34-22 INFO Getting method: __class__
20:34:35,23 C:\Users\ingov\PycharmProjects\ProjectR/Logs/2021-12-25_20-34-22 INFO Getting attribute: _QuestionClass__question
20:34:35,23 C:\Users\ingov\PycharmProjects\ProjectR/Logs/2021-12-25_20-34-22 INFO Getting attribute: question
20:34:35,23 C:\Users\ingov\PycharmProjects\ProjectR/Logs/2021-12-25_20-34-22 INFO Getting attribute: _QuestionClass__answers
20:34:35,23 C:\Users\ingov\PycharmProjects\ProjectR/Logs/2021-12-25_20-34-22 INFO Getting attribute: answers
20:34:35,672 C:\Users\ingov\PycharmProjects\ProjectR/Logs/2021-12-25_20-34-22 INFO Getting method: get_question_type
20:34:35,672 C:\Users\ingov\PycharmProjects\ProjectR/Logs/2021-12-25_20-34-22 INFO Getting attribute: _QuestionClass__answers
20:34:35,672 C:\Users\ingov\PycharmProjects\ProjectR/Logs/2021-12-25_20-34-22 INFO Getting attribute: _QuestionClass__answers
20:34:35,672 C:\Users\ingov\PycharmProjects\ProjectR/Logs/2021-12-25_20-34-22 INFO Getting attribute: logger
20:34:35,672 C:\Users\ingov\PycharmProjects\ProjectR/Logs/2021-12-25_20-34-22 INFO This question is a multiple choice question with a single answer: Radio button: value 1
20:34:35,693 C:\Users\ingov\PycharmProjects\ProjectR/Logs/2021-12-25_20-34-22 INFO Getting method: __class__
20:34:35,693 C:\Users\ingov\PycharmProjects\ProjectR/Logs/2021-12-25_20-34-22 INFO Getting method: __class__
20:34:35,712 C:\Users\ingov\PycharmProjects\ProjectR/Logs/2021-12-25_20-34-22 INFO Getting method: __class__
20:34:35,712 C:\Users\ingov\PycharmProjects\ProjectR/Logs/2021-12-25_20-34-22 INFO Getting method: __class__
20:34:35,712 C:\Users\ingov\PycharmProjects\ProjectR/Logs/2021-12-25_20-34-22 INFO Getting method: __class__
20:34:35,712 C:\Users\ingov\PycharmProjects\ProjectR/Logs/2021-12-25_20-34-22 INFO Getting method: __class__
20:34:35,712 C:\Users\ingov\PycharmProjects\ProjectR/Logs/2021-12-25_20-34-22 INFO Getting method: __class__
20:34:35,712 C:\Users\ingov\PycharmProjects\ProjectR/Logs/2021-12-25_20-34-22 INFO Getting attribute: _QuestionClass__question
20:34:35,712 C:\Users\ingov\PycharmProjects\ProjectR/Logs/2021-12-25_20-34-22 INFO Getting attribute: question
20:34:35,712 C:\Users\ingov\PycharmProjects\ProjectR/Logs/2021-12-25_20-34-22 INFO Getting attribute: _QuestionClass__answers
20:34:35,712 C:\Users\ingov\PycharmProjects\ProjectR/Logs/2021-12-25_20-34-22 INFO Getting attribute: answers
20:34:37,222 C:\Users\ingov\PycharmProjects\ProjectR/Logs/2021-12-25_20-34-22 INFO Getting into __init__ for class: QuestionOneAnswerMultiple
20:34:37,222 C:\Users\ingov\PycharmProjects\ProjectR/Logs/2021-12-25_20-34-22 INFO Attributes in args: ()
20:34:37,222 C:\Users\ingov\PycharmProjects\ProjectR/Logs/2021-12-25_20-34-22 INFO Attributes in kwargs: {'width': 600, 'height': 550, 'title': 'Question 0'}
20:34:37,303 C:\Users\ingov\PycharmProjects\ProjectR/Logs/2021-12-25_20-34-22 INFO Setting member: window to value=.
20:34:37,303 C:\Users\ingov\PycharmProjects\ProjectR/Logs/2021-12-25_20-34-22 INFO Getting attribute: window
20:34:37,303 C:\Users\ingov\PycharmProjects\ProjectR/Logs/2021-12-25_20-34-22 INFO Setting member: height to value=550
20:34:37,303 C:\Users\ingov\PycharmProjects\ProjectR/Logs/2021-12-25_20-34-22 INFO Setting member: width to value=600
20:34:37,303 C:\Users\ingov\PycharmProjects\ProjectR/Logs/2021-12-25_20-34-22 INFO Getting attribute: window
20:34:37,303 C:\Users\ingov\PycharmProjects\ProjectR/Logs/2021-12-25_20-34-22 INFO Getting attribute: window
20:34:37,303 C:\Users\ingov\PycharmProjects\ProjectR/Logs/2021-12-25_20-34-22 INFO Getting attribute: window
20:34:37,303 C:\Users\ingov\PycharmProjects\ProjectR/Logs/2021-12-25_20-34-22 INFO Setting member: menu to value=.!menu
20:34:37,303 C:\Users\ingov\PycharmProjects\ProjectR/Logs/2021-12-25_20-34-22 INFO Getting attribute: window
20:34:37,303 C:\Users\ingov\PycharmProjects\ProjectR/Logs/2021-12-25_20-34-22 INFO Getting attribute: menu
20:34:37,313 C:\Users\ingov\PycharmProjects\ProjectR/Logs/2021-12-25_20-34-22 INFO Getting attribute: menu
20:34:37,313 C:\Users\ingov\PycharmProjects\ProjectR/Logs/2021-12-25_20-34-22 INFO Getting method: go_back_to_main
20:34:37,313 C:\Users\ingov\PycharmProjects\ProjectR/Logs/2021-12-25_20-34-22 INFO Getting attribute: menu
20:34:37,313 C:\Users\ingov\PycharmProjects\ProjectR/Logs/2021-12-25_20-34-22 INFO Getting attribute: _QuestionClass__question
20:34:37,313 C:\Users\ingov\PycharmProjects\ProjectR/Logs/2021-12-25_20-34-22 INFO Getting attribute: question
20:34:37,313 C:\Users\ingov\PycharmProjects\ProjectR/Logs/2021-12-25_20-34-22 INFO Getting attribute: _QuestionClass__answers
20:34:37,313 C:\Users\ingov\PycharmProjects\ProjectR/Logs/2021-12-25_20-34-22 INFO Getting attribute: answers
20:34:37,313 C:\Users\ingov\PycharmProjects\ProjectR/Logs/2021-12-25_20-34-22 INFO Setting member: question to value=What of the following ones are Python basic types?: [('Fire', False), ('Bool', True), ('Normal', False), ('Basic', False)]
20:34:37,313 C:\Users\ingov\PycharmProjects\ProjectR/Logs/2021-12-25_20-34-22 INFO Getting attribute: window
20:34:37,313 C:\Users\ingov\PycharmProjects\ProjectR/Logs/2021-12-25_20-34-22 INFO Getting attribute: _QuestionClass__question
20:34:37,313 C:\Users\ingov\PycharmProjects\ProjectR/Logs/2021-12-25_20-34-22 INFO Getting attribute: question
20:34:37,313 C:\Users\ingov\PycharmProjects\ProjectR/Logs/2021-12-25_20-34-22 INFO Setting member: question_label to value=.!label
20:34:37,313 C:\Users\ingov\PycharmProjects\ProjectR/Logs/2021-12-25_20-34-22 INFO Getting attribute: question_label
20:34:37,313 C:\Users\ingov\PycharmProjects\ProjectR/Logs/2021-12-25_20-34-22 INFO Getting attribute: question_label
20:34:37,313 C:\Users\ingov\PycharmProjects\ProjectR/Logs/2021-12-25_20-34-22 INFO Setting member: radio_buttons to value=[]
20:34:37,313 C:\Users\ingov\PycharmProjects\ProjectR/Logs/2021-12-25_20-34-22 INFO Setting member: answer_group to value=PY_VAR0
20:34:37,313 C:\Users\ingov\PycharmProjects\ProjectR/Logs/2021-12-25_20-34-22 INFO Setting member: radio_button_font to value=('TkDefaultFont', 12)
20:34:37,313 C:\Users\ingov\PycharmProjects\ProjectR/Logs/2021-12-25_20-34-22 INFO Getting attribute: question
20:34:37,313 C:\Users\ingov\PycharmProjects\ProjectR/Logs/2021-12-25_20-34-22 INFO Getting attribute: _QuestionClass__answers
20:34:37,313 C:\Users\ingov\PycharmProjects\ProjectR/Logs/2021-12-25_20-34-22 INFO Getting attribute: answers
20:34:37,313 C:\Users\ingov\PycharmProjects\ProjectR/Logs/2021-12-25_20-34-22 INFO Getting attribute: window
20:34:37,313 C:\Users\ingov\PycharmProjects\ProjectR/Logs/2021-12-25_20-34-22 INFO Getting attribute: answer_group
20:34:37,313 C:\Users\ingov\PycharmProjects\ProjectR/Logs/2021-12-25_20-34-22 INFO Getting method: reveal_result
20:34:37,313 C:\Users\ingov\PycharmProjects\ProjectR/Logs/2021-12-25_20-34-22 INFO Getting attribute: radio_button_font
20:34:37,313 C:\Users\ingov\PycharmProjects\ProjectR/Logs/2021-12-25_20-34-22 INFO Getting attribute: radio_buttons
20:34:37,313 C:\Users\ingov\PycharmProjects\ProjectR/Logs/2021-12-25_20-34-22 INFO Getting attribute: window
20:34:37,313 C:\Users\ingov\PycharmProjects\ProjectR/Logs/2021-12-25_20-34-22 INFO Getting attribute: answer_group
20:34:37,313 C:\Users\ingov\PycharmProjects\ProjectR/Logs/2021-12-25_20-34-22 INFO Getting method: reveal_result
20:34:37,313 C:\Users\ingov\PycharmProjects\ProjectR/Logs/2021-12-25_20-34-22 INFO Getting attribute: radio_button_font
20:34:37,323 C:\Users\ingov\PycharmProjects\ProjectR/Logs/2021-12-25_20-34-22 INFO Getting attribute: radio_buttons
20:34:37,323 C:\Users\ingov\PycharmProjects\ProjectR/Logs/2021-12-25_20-34-22 INFO Getting attribute: window
20:34:37,323 C:\Users\ingov\PycharmProjects\ProjectR/Logs/2021-12-25_20-34-22 INFO Getting attribute: answer_group
20:34:37,323 C:\Users\ingov\PycharmProjects\ProjectR/Logs/2021-12-25_20-34-22 INFO Getting method: reveal_result
20:34:37,323 C:\Users\ingov\PycharmProjects\ProjectR/Logs/2021-12-25_20-34-22 INFO Getting attribute: radio_button_font
20:34:37,323 C:\Users\ingov\PycharmProjects\ProjectR/Logs/2021-12-25_20-34-22 INFO Getting attribute: radio_buttons
20:34:37,323 C:\Users\ingov\PycharmProjects\ProjectR/Logs/2021-12-25_20-34-22 INFO Getting attribute: window
20:34:37,323 C:\Users\ingov\PycharmProjects\ProjectR/Logs/2021-12-25_20-34-22 INFO Getting attribute: answer_group
20:34:37,323 C:\Users\ingov\PycharmProjects\ProjectR/Logs/2021-12-25_20-34-22 INFO Getting method: reveal_result
20:34:37,323 C:\Users\ingov\PycharmProjects\ProjectR/Logs/2021-12-25_20-34-22 INFO Getting attribute: radio_button_font
20:34:37,323 C:\Users\ingov\PycharmProjects\ProjectR/Logs/2021-12-25_20-34-22 INFO Getting attribute: radio_buttons
20:34:37,343 C:\Users\ingov\PycharmProjects\ProjectR/Logs/2021-12-25_20-34-22 INFO Getting method: __class__
20:34:37,343 C:\Users\ingov\PycharmProjects\ProjectR/Logs/2021-12-25_20-34-22 INFO Getting method: __class__
20:34:37,363 C:\Users\ingov\PycharmProjects\ProjectR/Logs/2021-12-25_20-34-22 INFO Getting method: __class__
20:34:37,363 C:\Users\ingov\PycharmProjects\ProjectR/Logs/2021-12-25_20-34-22 INFO Getting method: __class__
20:34:37,363 C:\Users\ingov\PycharmProjects\ProjectR/Logs/2021-12-25_20-34-22 INFO Getting method: __class__
20:34:37,363 C:\Users\ingov\PycharmProjects\ProjectR/Logs/2021-12-25_20-34-22 INFO Getting method: __class__
20:34:37,363 C:\Users\ingov\PycharmProjects\ProjectR/Logs/2021-12-25_20-34-22 INFO Getting method: __class__
20:34:37,363 C:\Users\ingov\PycharmProjects\ProjectR/Logs/2021-12-25_20-34-22 INFO Getting attribute: _QuestionClass__question
20:34:37,363 C:\Users\ingov\PycharmProjects\ProjectR/Logs/2021-12-25_20-34-22 INFO Getting attribute: question
20:34:37,363 C:\Users\ingov\PycharmProjects\ProjectR/Logs/2021-12-25_20-34-22 INFO Getting attribute: _QuestionClass__answers
20:34:37,363 C:\Users\ingov\PycharmProjects\ProjectR/Logs/2021-12-25_20-34-22 INFO Getting attribute: answers
20:34:39,152 C:\Users\ingov\PycharmProjects\ProjectR/Logs/2021-12-25_20-34-22 INFO Getting method: __class__
20:34:39,152 C:\Users\ingov\PycharmProjects\ProjectR/Logs/2021-12-25_20-34-22 INFO Getting method: __class__
20:34:39,172 C:\Users\ingov\PycharmProjects\ProjectR/Logs/2021-12-25_20-34-22 INFO Getting method: __class__
20:34:39,172 C:\Users\ingov\PycharmProjects\ProjectR/Logs/2021-12-25_20-34-22 INFO Getting method: __class__
20:34:39,172 C:\Users\ingov\PycharmProjects\ProjectR/Logs/2021-12-25_20-34-22 INFO Getting method: __class__
20:34:39,172 C:\Users\ingov\PycharmProjects\ProjectR/Logs/2021-12-25_20-34-22 INFO Getting method: __class__
20:34:39,172 C:\Users\ingov\PycharmProjects\ProjectR/Logs/2021-12-25_20-34-22 INFO Getting method: __class__
20:34:39,172 C:\Users\ingov\PycharmProjects\ProjectR/Logs/2021-12-25_20-34-22 INFO Getting attribute: _QuestionClass__question
20:34:39,172 C:\Users\ingov\PycharmProjects\ProjectR/Logs/2021-12-25_20-34-22 INFO Getting attribute: question
20:34:39,172 C:\Users\ingov\PycharmProjects\ProjectR/Logs/2021-12-25_20-34-22 INFO Getting attribute: _QuestionClass__answers
20:34:39,172 C:\Users\ingov\PycharmProjects\ProjectR/Logs/2021-12-25_20-34-22 INFO Getting attribute: answers
20:34:39,963 C:\Users\ingov\PycharmProjects\ProjectR/Logs/2021-12-25_20-34-22 INFO Getting attribute: window
20:34:39,982 C:\Users\ingov\PycharmProjects\ProjectR/Logs/2021-12-25_20-34-22 INFO Getting method: __class__
20:34:39,982 C:\Users\ingov\PycharmProjects\ProjectR/Logs/2021-12-25_20-34-22 INFO Getting method: __class__
20:34:40,3 C:\Users\ingov\PycharmProjects\ProjectR/Logs/2021-12-25_20-34-22 INFO Getting method: __class__
20:34:40,3 C:\Users\ingov\PycharmProjects\ProjectR/Logs/2021-12-25_20-34-22 INFO Getting method: __class__
20:34:40,3 C:\Users\ingov\PycharmProjects\ProjectR/Logs/2021-12-25_20-34-22 INFO Getting method: __class__
20:34:40,3 C:\Users\ingov\PycharmProjects\ProjectR/Logs/2021-12-25_20-34-22 INFO Getting method: __class__
20:34:40,3 C:\Users\ingov\PycharmProjects\ProjectR/Logs/2021-12-25_20-34-22 INFO Getting method: __class__
20:34:40,3 C:\Users\ingov\PycharmProjects\ProjectR/Logs/2021-12-25_20-34-22 INFO Getting attribute: _QuestionClass__question
20:34:40,3 C:\Users\ingov\PycharmProjects\ProjectR/Logs/2021-12-25_20-34-22 INFO Getting attribute: question
20:34:40,3 C:\Users\ingov\PycharmProjects\ProjectR/Logs/2021-12-25_20-34-22 INFO Getting attribute: _QuestionClass__answers
20:34:40,3 C:\Users\ingov\PycharmProjects\ProjectR/Logs/2021-12-25_20-34-22 INFO Getting attribute: answers
20:34:40,442 C:\Users\ingov\PycharmProjects\ProjectR/Logs/2021-12-25_20-34-22 INFO Getting attribute: window
20:34:40,462 C:\Users\ingov\PycharmProjects\ProjectR/Logs/2021-12-25_20-34-22 INFO Getting method: __class__
20:34:40,462 C:\Users\ingov\PycharmProjects\ProjectR/Logs/2021-12-25_20-34-22 INFO Getting method: __class__
20:34:40,483 C:\Users\ingov\PycharmProjects\ProjectR/Logs/2021-12-25_20-34-22 INFO Getting method: __class__
20:34:40,483 C:\Users\ingov\PycharmProjects\ProjectR/Logs/2021-12-25_20-34-22 INFO Getting method: __class__
20:34:40,483 C:\Users\ingov\PycharmProjects\ProjectR/Logs/2021-12-25_20-34-22 INFO Getting method: __class__
20:34:40,483 C:\Users\ingov\PycharmProjects\ProjectR/Logs/2021-12-25_20-34-22 INFO Getting method: __class__
20:34:40,483 C:\Users\ingov\PycharmProjects\ProjectR/Logs/2021-12-25_20-34-22 INFO Getting method: __class__
20:34:40,483 C:\Users\ingov\PycharmProjects\ProjectR/Logs/2021-12-25_20-34-22 INFO Getting attribute: _QuestionClass__question
20:34:40,483 C:\Users\ingov\PycharmProjects\ProjectR/Logs/2021-12-25_20-34-22 INFO Getting attribute: question
20:34:40,483 C:\Users\ingov\PycharmProjects\ProjectR/Logs/2021-12-25_20-34-22 INFO Getting attribute: _QuestionClass__answers
20:34:40,483 C:\Users\ingov\PycharmProjects\ProjectR/Logs/2021-12-25_20-34-22 INFO Getting attribute: answers
20:34:41,822 C:\Users\ingov\PycharmProjects\ProjectR/Logs/2021-12-25_20-34-22 INFO Getting method: __class__
20:34:41,822 C:\Users\ingov\PycharmProjects\ProjectR/Logs/2021-12-25_20-34-22 INFO Getting method: __class__
20:34:41,843 C:\Users\ingov\PycharmProjects\ProjectR/Logs/2021-12-25_20-34-22 INFO Getting method: __class__
20:34:41,843 C:\Users\ingov\PycharmProjects\ProjectR/Logs/2021-12-25_20-34-22 INFO Getting method: __class__
20:34:41,843 C:\Users\ingov\PycharmProjects\ProjectR/Logs/2021-12-25_20-34-22 INFO Getting method: __class__
20:34:41,843 C:\Users\ingov\PycharmProjects\ProjectR/Logs/2021-12-25_20-34-22 INFO Getting method: __class__
20:34:41,843 C:\Users\ingov\PycharmProjects\ProjectR/Logs/2021-12-25_20-34-22 INFO Getting method: __class__
20:34:41,843 C:\Users\ingov\PycharmProjects\ProjectR/Logs/2021-12-25_20-34-22 INFO Getting attribute: _QuestionClass__question
20:34:41,843 C:\Users\ingov\PycharmProjects\ProjectR/Logs/2021-12-25_20-34-22 INFO Getting attribute: question
20:34:41,843 C:\Users\ingov\PycharmProjects\ProjectR/Logs/2021-12-25_20-34-22 INFO Getting attribute: _QuestionClass__answers
20:34:41,843 C:\Users\ingov\PycharmProjects\ProjectR/Logs/2021-12-25_20-34-22 INFO Getting attribute: answers
20:34:42,262 C:\Users\ingov\PycharmProjects\ProjectR/Logs/2021-12-25_20-34-22 INFO Calling get_secs_between_questions
20:34:42,262 C:\Users\ingov\PycharmProjects\ProjectR/Logs/2021-12-25_20-34-22 INFO Getting secs between questions: 10
