20:49:01,441 C:\Users\ingov\PycharmProjects\ProjectR/Logs/2021-12-20_20-49-01 INFO Log has been created and started
20:49:01,441 C:\Users\ingov\PycharmProjects\ProjectR/Logs/2021-12-20_20-49-01 INFO Metaclass MetaAbsLogger: Starting class MetaLogger
20:49:01,461 C:\Users\ingov\PycharmProjects\ProjectR/Logs/2021-12-20_20-49-01 INFO Metaclass MetaAbsLogger: Starting class SimpleWindow
20:49:01,461 C:\Users\ingov\PycharmProjects\ProjectR/Logs/2021-12-20_20-49-01 INFO Metaclass MetaLogger: Starting class QuestionClass
20:49:01,471 C:\Users\ingov\PycharmProjects\ProjectR/Logs/2021-12-20_20-49-01 INFO Metaclass MetaLogger: Starting class QuestionnaireClass
20:49:01,491 C:\Users\ingov\PycharmProjects\ProjectR/Logs/2021-12-20_20-49-01 INFO C:\Users\ingov\PycharmProjects\ProjectR/Config/config.cfg, exists so we will read it
20:49:01,491 C:\Users\ingov\PycharmProjects\ProjectR/Logs/2021-12-20_20-49-01 INFO Seconds to answer a question: 10
20:49:01,491 C:\Users\ingov\PycharmProjects\ProjectR/Logs/2021-12-20_20-49-01 INFO Seconds between questions: 30
20:49:01,491 C:\Users\ingov\PycharmProjects\ProjectR/Logs/2021-12-20_20-49-01 INFO C:\Users\ingov\PycharmProjects\ProjectR/Config/config.cfg is closed now
20:49:01,491 C:\Users\ingov\PycharmProjects\ProjectR/Logs/2021-12-20_20-49-01 INFO Metaclass MetaLogger: Starting class ConfigClass
20:49:01,491 C:\Users\ingov\PycharmProjects\ProjectR/Logs/2021-12-20_20-49-01 INFO Metaclass MetaAbsLogger: Starting class QuestionAbs
20:49:01,491 C:\Users\ingov\PycharmProjects\ProjectR/Logs/2021-12-20_20-49-01 INFO Metaclass MetaAbsLogger: Starting class LoadQuestionnaire
20:49:01,491 C:\Users\ingov\PycharmProjects\ProjectR/Logs/2021-12-20_20-49-01 INFO Getting into __init__ for class: LoadQuestionnaire
20:49:01,491 C:\Users\ingov\PycharmProjects\ProjectR/Logs/2021-12-20_20-49-01 INFO Attributes in args: (60, 150, 'New Window')
20:49:01,491 C:\Users\ingov\PycharmProjects\ProjectR/Logs/2021-12-20_20-49-01 INFO Attributes in kwargs: {}
20:49:01,571 C:\Users\ingov\PycharmProjects\ProjectR/Logs/2021-12-20_20-49-01 INFO Setting member: window to value=.
20:49:01,571 C:\Users\ingov\PycharmProjects\ProjectR/Logs/2021-12-20_20-49-01 INFO Getting attribute: window
20:49:01,571 C:\Users\ingov\PycharmProjects\ProjectR/Logs/2021-12-20_20-49-01 INFO Setting member: height to value=60
20:49:01,571 C:\Users\ingov\PycharmProjects\ProjectR/Logs/2021-12-20_20-49-01 INFO Setting member: width to value=150
20:49:01,571 C:\Users\ingov\PycharmProjects\ProjectR/Logs/2021-12-20_20-49-01 INFO Getting attribute: window
20:49:01,571 C:\Users\ingov\PycharmProjects\ProjectR/Logs/2021-12-20_20-49-01 INFO Setting member: project_folder to value=C:\Users\ingov\PycharmProjects\ProjectR/Data/Questionnaires
20:49:01,571 C:\Users\ingov\PycharmProjects\ProjectR/Logs/2021-12-20_20-49-01 INFO Getting attribute: project_folder
20:49:01,571 C:\Users\ingov\PycharmProjects\ProjectR/Logs/2021-12-20_20-49-01 INFO Getting attribute: project_folder
20:49:01,571 C:\Users\ingov\PycharmProjects\ProjectR/Logs/2021-12-20_20-49-01 INFO Getting attribute: project_folder
20:49:01,571 C:\Users\ingov\PycharmProjects\ProjectR/Logs/2021-12-20_20-49-01 INFO Getting attribute: project_folder
20:49:01,571 C:\Users\ingov\PycharmProjects\ProjectR/Logs/2021-12-20_20-49-01 INFO Setting member: dirs to value=['QuestionnaireExample.pickle', 'QuestionnaireExample2.pickle']
20:49:01,571 C:\Users\ingov\PycharmProjects\ProjectR/Logs/2021-12-20_20-49-01 INFO Getting attribute: dirs
20:49:01,571 C:\Users\ingov\PycharmProjects\ProjectR/Logs/2021-12-20_20-49-01 INFO Getting attribute: window
20:49:01,571 C:\Users\ingov\PycharmProjects\ProjectR/Logs/2021-12-20_20-49-01 INFO Getting attribute: dirs
20:49:01,576 C:\Users\ingov\PycharmProjects\ProjectR/Logs/2021-12-20_20-49-01 INFO Setting member: combo to value=.!combobox
20:49:01,576 C:\Users\ingov\PycharmProjects\ProjectR/Logs/2021-12-20_20-49-01 INFO Getting attribute: combo
20:49:01,576 C:\Users\ingov\PycharmProjects\ProjectR/Logs/2021-12-20_20-49-01 INFO Getting attribute: combo
20:49:01,576 C:\Users\ingov\PycharmProjects\ProjectR/Logs/2021-12-20_20-49-01 INFO Getting attribute: window
20:49:01,576 C:\Users\ingov\PycharmProjects\ProjectR/Logs/2021-12-20_20-49-01 INFO Getting method: command
20:49:01,580 C:\Users\ingov\PycharmProjects\ProjectR/Logs/2021-12-20_20-49-01 INFO Setting member: button to value=.!button
20:49:01,580 C:\Users\ingov\PycharmProjects\ProjectR/Logs/2021-12-20_20-49-01 INFO Getting attribute: button
20:49:01,580 C:\Users\ingov\PycharmProjects\ProjectR/Logs/2021-12-20_20-49-01 INFO Getting attribute: window
20:49:05,751 C:\Users\ingov\PycharmProjects\ProjectR/Logs/2021-12-20_20-49-01 INFO Getting attribute: combo
20:49:05,751 C:\Users\ingov\PycharmProjects\ProjectR/Logs/2021-12-20_20-49-01 INFO Getting attribute: window
20:49:05,761 C:\Users\ingov\PycharmProjects\ProjectR/Logs/2021-12-20_20-49-01 INFO Loading a questionnaire from file: C:\Users\ingov\PycharmProjects\ProjectR/Data/Questionnaires/QuestionnaireExample2.pickle
20:49:05,761 C:\Users\ingov\PycharmProjects\ProjectR/Logs/2021-12-20_20-49-01 INFO Getting attribute: __dict__
20:49:05,761 C:\Users\ingov\PycharmProjects\ProjectR/Logs/2021-12-20_20-49-01 INFO Getting attribute: __dict__
20:49:05,771 C:\Users\ingov\PycharmProjects\ProjectR/Logs/2021-12-20_20-49-01 INFO Getting attribute: __dict__
20:49:05,771 C:\Users\ingov\PycharmProjects\ProjectR/Logs/2021-12-20_20-49-01 INFO Calling get_secs_to_answer
20:49:05,771 C:\Users\ingov\PycharmProjects\ProjectR/Logs/2021-12-20_20-49-01 INFO Getting secs to answer a questions: 10
20:49:05,771 C:\Users\ingov\PycharmProjects\ProjectR/Logs/2021-12-20_20-49-01 INFO Getting into __init__ for class: QuestionAbs
20:49:05,771 C:\Users\ingov\PycharmProjects\ProjectR/Logs/2021-12-20_20-49-01 INFO Attributes in args: (200, 300, 'Hello')
20:49:05,771 C:\Users\ingov\PycharmProjects\ProjectR/Logs/2021-12-20_20-49-01 INFO Attributes in kwargs: {}
20:49:05,961 C:\Users\ingov\PycharmProjects\ProjectR/Logs/2021-12-20_20-49-01 INFO Setting member: window to value=.
20:49:05,961 C:\Users\ingov\PycharmProjects\ProjectR/Logs/2021-12-20_20-49-01 INFO Getting attribute: window
20:49:05,961 C:\Users\ingov\PycharmProjects\ProjectR/Logs/2021-12-20_20-49-01 INFO Setting member: height to value=200
20:49:05,961 C:\Users\ingov\PycharmProjects\ProjectR/Logs/2021-12-20_20-49-01 INFO Setting member: width to value=300
20:49:05,961 C:\Users\ingov\PycharmProjects\ProjectR/Logs/2021-12-20_20-49-01 INFO Getting attribute: window
20:49:05,961 C:\Users\ingov\PycharmProjects\ProjectR/Logs/2021-12-20_20-49-01 INFO Getting attribute: window
20:49:05,961 C:\Users\ingov\PycharmProjects\ProjectR/Logs/2021-12-20_20-49-01 INFO Getting attribute: window
20:49:15,981 C:\Users\ingov\PycharmProjects\ProjectR/Logs/2021-12-20_20-49-01 INFO Getting attribute: window
20:49:15,981 C:\Users\ingov\PycharmProjects\ProjectR/Logs/2021-12-20_20-49-01 INFO Calling get_secs_between_questions
20:49:15,981 C:\Users\ingov\PycharmProjects\ProjectR/Logs/2021-12-20_20-49-01 INFO Getting secs between questions: 10
20:49:45,983 C:\Users\ingov\PycharmProjects\ProjectR/Logs/2021-12-20_20-49-01 INFO Getting into __init__ for class: QuestionAbs
20:49:45,983 C:\Users\ingov\PycharmProjects\ProjectR/Logs/2021-12-20_20-49-01 INFO Attributes in args: (200, 300, 'Hello')
20:49:45,983 C:\Users\ingov\PycharmProjects\ProjectR/Logs/2021-12-20_20-49-01 INFO Attributes in kwargs: {}
20:49:46,121 C:\Users\ingov\PycharmProjects\ProjectR/Logs/2021-12-20_20-49-01 INFO Setting member: window to value=.
20:49:46,121 C:\Users\ingov\PycharmProjects\ProjectR/Logs/2021-12-20_20-49-01 INFO Getting attribute: window
20:49:46,121 C:\Users\ingov\PycharmProjects\ProjectR/Logs/2021-12-20_20-49-01 INFO Setting member: height to value=200
20:49:46,121 C:\Users\ingov\PycharmProjects\ProjectR/Logs/2021-12-20_20-49-01 INFO Setting member: width to value=300
20:49:46,121 C:\Users\ingov\PycharmProjects\ProjectR/Logs/2021-12-20_20-49-01 INFO Getting attribute: window
20:49:46,121 C:\Users\ingov\PycharmProjects\ProjectR/Logs/2021-12-20_20-49-01 INFO Getting attribute: window
20:49:46,121 C:\Users\ingov\PycharmProjects\ProjectR/Logs/2021-12-20_20-49-01 INFO Getting attribute: window
20:49:56,131 C:\Users\ingov\PycharmProjects\ProjectR/Logs/2021-12-20_20-49-01 INFO Getting attribute: window
20:49:56,131 C:\Users\ingov\PycharmProjects\ProjectR/Logs/2021-12-20_20-49-01 INFO Calling get_secs_between_questions
20:49:56,131 C:\Users\ingov\PycharmProjects\ProjectR/Logs/2021-12-20_20-49-01 INFO Getting secs between questions: 10
20:50:26,141 C:\Users\ingov\PycharmProjects\ProjectR/Logs/2021-12-20_20-49-01 INFO Getting into __init__ for class: QuestionAbs
20:50:26,141 C:\Users\ingov\PycharmProjects\ProjectR/Logs/2021-12-20_20-49-01 INFO Attributes in args: (200, 300, 'Hello')
20:50:26,141 C:\Users\ingov\PycharmProjects\ProjectR/Logs/2021-12-20_20-49-01 INFO Attributes in kwargs: {}
20:50:26,207 C:\Users\ingov\PycharmProjects\ProjectR/Logs/2021-12-20_20-49-01 INFO Setting member: window to value=.
20:50:26,207 C:\Users\ingov\PycharmProjects\ProjectR/Logs/2021-12-20_20-49-01 INFO Getting attribute: window
20:50:26,207 C:\Users\ingov\PycharmProjects\ProjectR/Logs/2021-12-20_20-49-01 INFO Setting member: height to value=200
20:50:26,207 C:\Users\ingov\PycharmProjects\ProjectR/Logs/2021-12-20_20-49-01 INFO Setting member: width to value=300
20:50:26,207 C:\Users\ingov\PycharmProjects\ProjectR/Logs/2021-12-20_20-49-01 INFO Getting attribute: window
20:50:26,207 C:\Users\ingov\PycharmProjects\ProjectR/Logs/2021-12-20_20-49-01 INFO Getting attribute: window
20:50:26,207 C:\Users\ingov\PycharmProjects\ProjectR/Logs/2021-12-20_20-49-01 INFO Getting attribute: window
20:50:36,223 C:\Users\ingov\PycharmProjects\ProjectR/Logs/2021-12-20_20-49-01 INFO Getting attribute: window
20:50:36,223 C:\Users\ingov\PycharmProjects\ProjectR/Logs/2021-12-20_20-49-01 INFO Calling get_secs_between_questions
20:50:36,223 C:\Users\ingov\PycharmProjects\ProjectR/Logs/2021-12-20_20-49-01 INFO Getting secs between questions: 10
