20:37:59,428 C:\Users\ingov\PycharmProjects\ProjectR/Logs/2021-12-24_20-37-59 INFO Log has been created and started
20:37:59,428 C:\Users\ingov\PycharmProjects\ProjectR/Logs/2021-12-24_20-37-59 INFO Metaclass MetaAbsLogger: Starting class MetaLogger
20:37:59,431 C:\Users\ingov\PycharmProjects\ProjectR/Logs/2021-12-24_20-37-59 INFO Metaclass MetaLogger: Starting class QuestionClass
20:37:59,441 C:\Users\ingov\PycharmProjects\ProjectR/Logs/2021-12-24_20-37-59 INFO Metaclass MetaLogger: Starting class QuestionnaireClass
20:37:59,459 C:\Users\ingov\PycharmProjects\ProjectR/Logs/2021-12-24_20-37-59 INFO Metaclass MetaAbsLogger: Starting class SimpleWindow
20:37:59,483 C:\Users\ingov\PycharmProjects\ProjectR/Logs/2021-12-24_20-37-59 INFO C:\Users\ingov\PycharmProjects\ProjectR/Config/config.cfg, exists so we will read it
20:37:59,484 C:\Users\ingov\PycharmProjects\ProjectR/Logs/2021-12-24_20-37-59 INFO Seconds to answer a question: 10
20:37:59,484 C:\Users\ingov\PycharmProjects\ProjectR/Logs/2021-12-24_20-37-59 INFO Seconds between questions: 30
20:37:59,484 C:\Users\ingov\PycharmProjects\ProjectR/Logs/2021-12-24_20-37-59 INFO C:\Users\ingov\PycharmProjects\ProjectR/Config/config.cfg is closed now
20:37:59,485 C:\Users\ingov\PycharmProjects\ProjectR/Logs/2021-12-24_20-37-59 INFO Metaclass MetaLogger: Starting class ConfigClass
20:37:59,485 C:\Users\ingov\PycharmProjects\ProjectR/Logs/2021-12-24_20-37-59 INFO Metaclass MetaAbsLogger: Starting class QuestionAbs
20:37:59,485 C:\Users\ingov\PycharmProjects\ProjectR/Logs/2021-12-24_20-37-59 INFO Loading a questionnaire from file: C:\Users\ingov\PycharmProjects\ProjectR/Data/Questionnaires/QuestionnaireExample2.pickle
20:37:59,485 C:\Users\ingov\PycharmProjects\ProjectR/Logs/2021-12-24_20-37-59 INFO Getting attribute: __dict__
20:37:59,485 C:\Users\ingov\PycharmProjects\ProjectR/Logs/2021-12-24_20-37-59 INFO Getting attribute: __dict__
20:37:59,485 C:\Users\ingov\PycharmProjects\ProjectR/Logs/2021-12-24_20-37-59 INFO Getting attribute: __dict__
20:37:59,485 C:\Users\ingov\PycharmProjects\ProjectR/Logs/2021-12-24_20-37-59 INFO Calling get_secs_to_answer
20:37:59,485 C:\Users\ingov\PycharmProjects\ProjectR/Logs/2021-12-24_20-37-59 INFO Getting secs to answer a questions: 10
20:37:59,485 C:\Users\ingov\PycharmProjects\ProjectR/Logs/2021-12-24_20-37-59 INFO Getting into __init__ for class: QuestionAbs
20:37:59,485 C:\Users\ingov\PycharmProjects\ProjectR/Logs/2021-12-24_20-37-59 INFO Attributes in args: (200, 300, 'Hello')
20:37:59,485 C:\Users\ingov\PycharmProjects\ProjectR/Logs/2021-12-24_20-37-59 INFO Attributes in kwargs: {}
20:37:59,561 C:\Users\ingov\PycharmProjects\ProjectR/Logs/2021-12-24_20-37-59 INFO Setting member: window to value=.
20:37:59,561 C:\Users\ingov\PycharmProjects\ProjectR/Logs/2021-12-24_20-37-59 INFO Getting attribute: window
20:37:59,561 C:\Users\ingov\PycharmProjects\ProjectR/Logs/2021-12-24_20-37-59 INFO Setting member: height to value=200
20:37:59,561 C:\Users\ingov\PycharmProjects\ProjectR/Logs/2021-12-24_20-37-59 INFO Setting member: width to value=300
20:37:59,561 C:\Users\ingov\PycharmProjects\ProjectR/Logs/2021-12-24_20-37-59 INFO Getting attribute: window
20:37:59,561 C:\Users\ingov\PycharmProjects\ProjectR/Logs/2021-12-24_20-37-59 INFO Getting attribute: window
20:37:59,562 C:\Users\ingov\PycharmProjects\ProjectR/Logs/2021-12-24_20-37-59 INFO Getting attribute: window
20:38:02,17 C:\Users\ingov\PycharmProjects\ProjectR/Logs/2021-12-24_20-37-59 INFO Getting into __init__ for class: QuestionAbs
20:38:02,17 C:\Users\ingov\PycharmProjects\ProjectR/Logs/2021-12-24_20-37-59 INFO Attributes in args: (200, 300, 'Hello')
20:38:02,17 C:\Users\ingov\PycharmProjects\ProjectR/Logs/2021-12-24_20-37-59 INFO Attributes in kwargs: {}
20:38:02,177 C:\Users\ingov\PycharmProjects\ProjectR/Logs/2021-12-24_20-37-59 INFO Setting member: window to value=.
20:38:02,177 C:\Users\ingov\PycharmProjects\ProjectR/Logs/2021-12-24_20-37-59 INFO Getting attribute: window
20:38:02,177 C:\Users\ingov\PycharmProjects\ProjectR/Logs/2021-12-24_20-37-59 INFO Setting member: height to value=200
20:38:02,177 C:\Users\ingov\PycharmProjects\ProjectR/Logs/2021-12-24_20-37-59 INFO Setting member: width to value=300
20:38:02,177 C:\Users\ingov\PycharmProjects\ProjectR/Logs/2021-12-24_20-37-59 INFO Getting attribute: window
20:38:02,177 C:\Users\ingov\PycharmProjects\ProjectR/Logs/2021-12-24_20-37-59 INFO Getting attribute: window
20:38:02,177 C:\Users\ingov\PycharmProjects\ProjectR/Logs/2021-12-24_20-37-59 INFO Getting attribute: window
20:38:05,797 C:\Users\ingov\PycharmProjects\ProjectR/Logs/2021-12-24_20-37-59 INFO Getting into __init__ for class: QuestionAbs
20:38:05,797 C:\Users\ingov\PycharmProjects\ProjectR/Logs/2021-12-24_20-37-59 INFO Attributes in args: (200, 300, 'Hello')
20:38:05,797 C:\Users\ingov\PycharmProjects\ProjectR/Logs/2021-12-24_20-37-59 INFO Attributes in kwargs: {}
20:38:05,867 C:\Users\ingov\PycharmProjects\ProjectR/Logs/2021-12-24_20-37-59 INFO Setting member: window to value=.
20:38:05,867 C:\Users\ingov\PycharmProjects\ProjectR/Logs/2021-12-24_20-37-59 INFO Getting attribute: window
20:38:05,867 C:\Users\ingov\PycharmProjects\ProjectR/Logs/2021-12-24_20-37-59 INFO Setting member: height to value=200
20:38:05,872 C:\Users\ingov\PycharmProjects\ProjectR/Logs/2021-12-24_20-37-59 INFO Setting member: width to value=300
20:38:05,872 C:\Users\ingov\PycharmProjects\ProjectR/Logs/2021-12-24_20-37-59 INFO Getting attribute: window
20:38:05,872 C:\Users\ingov\PycharmProjects\ProjectR/Logs/2021-12-24_20-37-59 INFO Getting attribute: window
20:38:05,872 C:\Users\ingov\PycharmProjects\ProjectR/Logs/2021-12-24_20-37-59 INFO Getting attribute: window
20:38:05,872 C:\Users\ingov\PycharmProjects\ProjectR/Logs/2021-12-24_20-37-59 INFO Getting attribute: window
