21:03:00,241 C:\Users\ingov\PycharmProjects\ProjectR/Logs/2021-12-20_21-03-00 INFO Log has been created and started
21:03:00,241 C:\Users\ingov\PycharmProjects\ProjectR/Logs/2021-12-20_21-03-00 INFO Metaclass MetaAbsLogger: Starting class MetaLogger
21:03:00,247 C:\Users\ingov\PycharmProjects\ProjectR/Logs/2021-12-20_21-03-00 INFO Metaclass MetaLogger: Starting class QuestionClass
21:03:00,251 C:\Users\ingov\PycharmProjects\ProjectR/Logs/2021-12-20_21-03-00 INFO Metaclass MetaLogger: Starting class QuestionnaireClass
21:03:00,271 C:\Users\ingov\PycharmProjects\ProjectR/Logs/2021-12-20_21-03-00 INFO Metaclass MetaAbsLogger: Starting class SimpleWindow
21:03:00,286 C:\Users\ingov\PycharmProjects\ProjectR/Logs/2021-12-20_21-03-00 INFO C:\Users\ingov\PycharmProjects\ProjectR/Config/config.cfg, exists so we will read it
21:03:00,291 C:\Users\ingov\PycharmProjects\ProjectR/Logs/2021-12-20_21-03-00 INFO Seconds to answer a question: 10
21:03:00,291 C:\Users\ingov\PycharmProjects\ProjectR/Logs/2021-12-20_21-03-00 INFO Seconds between questions: 30
21:03:00,291 C:\Users\ingov\PycharmProjects\ProjectR/Logs/2021-12-20_21-03-00 INFO C:\Users\ingov\PycharmProjects\ProjectR/Config/config.cfg is closed now
21:03:00,291 C:\Users\ingov\PycharmProjects\ProjectR/Logs/2021-12-20_21-03-00 INFO Metaclass MetaLogger: Starting class ConfigClass
21:03:00,291 C:\Users\ingov\PycharmProjects\ProjectR/Logs/2021-12-20_21-03-00 INFO Metaclass MetaAbsLogger: Starting class QuestionAbs
21:03:00,291 C:\Users\ingov\PycharmProjects\ProjectR/Logs/2021-12-20_21-03-00 INFO Loading a questionnaire from file: C:\Users\ingov\PycharmProjects\ProjectR/Data/Questionnaires/QuestionnaireExample2.pickle
21:03:00,291 C:\Users\ingov\PycharmProjects\ProjectR/Logs/2021-12-20_21-03-00 INFO Getting attribute: __dict__
21:03:00,292 C:\Users\ingov\PycharmProjects\ProjectR/Logs/2021-12-20_21-03-00 INFO Getting attribute: __dict__
21:03:00,292 C:\Users\ingov\PycharmProjects\ProjectR/Logs/2021-12-20_21-03-00 INFO Getting attribute: __dict__
21:03:00,292 C:\Users\ingov\PycharmProjects\ProjectR/Logs/2021-12-20_21-03-00 INFO Calling get_secs_to_answer
21:03:00,292 C:\Users\ingov\PycharmProjects\ProjectR/Logs/2021-12-20_21-03-00 INFO Getting secs to answer a questions: 10
21:03:00,292 C:\Users\ingov\PycharmProjects\ProjectR/Logs/2021-12-20_21-03-00 INFO Getting into __init__ for class: QuestionAbs
21:03:00,292 C:\Users\ingov\PycharmProjects\ProjectR/Logs/2021-12-20_21-03-00 INFO Attributes in args: (200, 300, 'Hello')
21:03:00,292 C:\Users\ingov\PycharmProjects\ProjectR/Logs/2021-12-20_21-03-00 INFO Attributes in kwargs: {}
21:03:00,371 C:\Users\ingov\PycharmProjects\ProjectR/Logs/2021-12-20_21-03-00 INFO Setting member: window to value=.
21:03:00,371 C:\Users\ingov\PycharmProjects\ProjectR/Logs/2021-12-20_21-03-00 INFO Getting attribute: window
21:03:00,371 C:\Users\ingov\PycharmProjects\ProjectR/Logs/2021-12-20_21-03-00 INFO Setting member: height to value=200
21:03:00,371 C:\Users\ingov\PycharmProjects\ProjectR/Logs/2021-12-20_21-03-00 INFO Setting member: width to value=300
21:03:00,371 C:\Users\ingov\PycharmProjects\ProjectR/Logs/2021-12-20_21-03-00 INFO Getting attribute: window
21:03:00,371 C:\Users\ingov\PycharmProjects\ProjectR/Logs/2021-12-20_21-03-00 INFO Getting attribute: window
21:03:00,371 C:\Users\ingov\PycharmProjects\ProjectR/Logs/2021-12-20_21-03-00 INFO Getting attribute: window
