21:38:42,357 C:\Users\ingov\PycharmProjects\ProjectR/Logs/2021-12-25_21-38-42 INFO Log has been created and started
21:38:42,357 C:\Users\ingov\PycharmProjects\ProjectR/Logs/2021-12-25_21-38-42 INFO Metaclass MetaAbsLogger: Starting class MetaLogger
21:38:42,366 C:\Users\ingov\PycharmProjects\ProjectR/Logs/2021-12-25_21-38-42 INFO Metaclass MetaLogger: Starting class QuestionClass
21:38:42,400 C:\Users\ingov\PycharmProjects\ProjectR/Logs/2021-12-25_21-38-42 INFO Metaclass MetaLogger: Starting class QuestionnaireClass
21:38:42,405 C:\Users\ingov\PycharmProjects\ProjectR/Logs/2021-12-25_21-38-42 INFO Metaclass MetaAbsLogger: Starting class CurrentSession
21:38:42,470 C:\Users\ingov\PycharmProjects\ProjectR/Logs/2021-12-25_21-38-42 INFO Metaclass MetaAbsLogger: Starting class SimpleWindow
21:38:42,529 C:\Users\ingov\PycharmProjects\ProjectR/Logs/2021-12-25_21-38-42 INFO C:\Users\ingov\PycharmProjects\ProjectR/Config/config.cfg, exists so we will read it
21:38:42,534 C:\Users\ingov\PycharmProjects\ProjectR/Logs/2021-12-25_21-38-42 INFO Seconds to answer a question: 10
21:38:42,534 C:\Users\ingov\PycharmProjects\ProjectR/Logs/2021-12-25_21-38-42 INFO Seconds between questions: 30
21:38:42,535 C:\Users\ingov\PycharmProjects\ProjectR/Logs/2021-12-25_21-38-42 INFO C:\Users\ingov\PycharmProjects\ProjectR/Config/config.cfg is closed now
21:38:42,535 C:\Users\ingov\PycharmProjects\ProjectR/Logs/2021-12-25_21-38-42 INFO Metaclass MetaLogger: Starting class ConfigClass
21:38:42,535 C:\Users\ingov\PycharmProjects\ProjectR/Logs/2021-12-25_21-38-42 INFO Metaclass MetaAbsLogger: Starting class QuestionWindowAbs
21:38:42,536 C:\Users\ingov\PycharmProjects\ProjectR/Logs/2021-12-25_21-38-42 INFO Metaclass MetaAbsLogger: Starting class QuestionOneAnswer
21:38:42,536 C:\Users\ingov\PycharmProjects\ProjectR/Logs/2021-12-25_21-38-42 INFO Metaclass MetaAbsLogger: Starting class QuestionOneAnswerMultiple
21:38:42,536 C:\Users\ingov\PycharmProjects\ProjectR/Logs/2021-12-25_21-38-42 INFO Metaclass MetaAbsLogger: Starting class QuestionTwoAnswersMultiple
21:38:42,537 C:\Users\ingov\PycharmProjects\ProjectR/Logs/2021-12-25_21-38-42 INFO Getting into __init__ for class: QuestionClass
21:38:42,537 C:\Users\ingov\PycharmProjects\ProjectR/Logs/2021-12-25_21-38-42 INFO Attributes in args: ('What do you say to a person in the morning?', 'Good morning')
21:38:42,537 C:\Users\ingov\PycharmProjects\ProjectR/Logs/2021-12-25_21-38-42 INFO Attributes in kwargs: {}
21:38:42,537 C:\Users\ingov\PycharmProjects\ProjectR/Logs/2021-12-25_21-38-42 INFO Setting member: _QuestionClass__question to value=What do you say to a person in the morning?
21:38:42,537 C:\Users\ingov\PycharmProjects\ProjectR/Logs/2021-12-25_21-38-42 INFO Setting member: _QuestionClass__answers to value=Good morning
21:38:42,538 C:\Users\ingov\PycharmProjects\ProjectR/Logs/2021-12-25_21-38-42 INFO Getting into __init__ for class: QuestionOneAnswer
21:38:42,538 C:\Users\ingov\PycharmProjects\ProjectR/Logs/2021-12-25_21-38-42 INFO Attributes in args: ()
21:38:42,538 C:\Users\ingov\PycharmProjects\ProjectR/Logs/2021-12-25_21-38-42 INFO Attributes in kwargs: {'width': 600, 'height': 450, 'title': 'Question 3'}
21:38:42,804 C:\Users\ingov\PycharmProjects\ProjectR/Logs/2021-12-25_21-38-42 INFO Setting member: window to value=.
21:38:42,804 C:\Users\ingov\PycharmProjects\ProjectR/Logs/2021-12-25_21-38-42 INFO Getting attribute: window
21:38:42,805 C:\Users\ingov\PycharmProjects\ProjectR/Logs/2021-12-25_21-38-42 INFO Setting member: height to value=450
21:38:42,805 C:\Users\ingov\PycharmProjects\ProjectR/Logs/2021-12-25_21-38-42 INFO Setting member: width to value=600
21:38:42,805 C:\Users\ingov\PycharmProjects\ProjectR/Logs/2021-12-25_21-38-42 INFO Getting attribute: window
21:38:42,805 C:\Users\ingov\PycharmProjects\ProjectR/Logs/2021-12-25_21-38-42 INFO Getting attribute: window
21:38:42,806 C:\Users\ingov\PycharmProjects\ProjectR/Logs/2021-12-25_21-38-42 INFO Getting attribute: window
21:38:42,822 C:\Users\ingov\PycharmProjects\ProjectR/Logs/2021-12-25_21-38-42 INFO Setting member: menu to value=.!menu
21:38:42,823 C:\Users\ingov\PycharmProjects\ProjectR/Logs/2021-12-25_21-38-42 INFO Getting attribute: window
21:38:42,823 C:\Users\ingov\PycharmProjects\ProjectR/Logs/2021-12-25_21-38-42 INFO Getting attribute: menu
21:38:42,838 C:\Users\ingov\PycharmProjects\ProjectR/Logs/2021-12-25_21-38-42 INFO Getting attribute: menu
21:38:42,839 C:\Users\ingov\PycharmProjects\ProjectR/Logs/2021-12-25_21-38-42 INFO Getting method: go_back_to_main
21:38:42,839 C:\Users\ingov\PycharmProjects\ProjectR/Logs/2021-12-25_21-38-42 INFO Getting attribute: menu
21:38:42,839 C:\Users\ingov\PycharmProjects\ProjectR/Logs/2021-12-25_21-38-42 INFO Getting attribute: _QuestionClass__question
21:38:42,840 C:\Users\ingov\PycharmProjects\ProjectR/Logs/2021-12-25_21-38-42 INFO Getting attribute: question
21:38:42,840 C:\Users\ingov\PycharmProjects\ProjectR/Logs/2021-12-25_21-38-42 INFO Getting attribute: _QuestionClass__answers
21:38:42,840 C:\Users\ingov\PycharmProjects\ProjectR/Logs/2021-12-25_21-38-42 INFO Getting attribute: answers
21:38:42,840 C:\Users\ingov\PycharmProjects\ProjectR/Logs/2021-12-25_21-38-42 INFO Setting member: question to value=What do you say to a person in the morning?: Good morning
21:38:42,840 C:\Users\ingov\PycharmProjects\ProjectR/Logs/2021-12-25_21-38-42 INFO Getting attribute: window
21:38:42,841 C:\Users\ingov\PycharmProjects\ProjectR/Logs/2021-12-25_21-38-42 INFO Getting attribute: _QuestionClass__question
21:38:42,841 C:\Users\ingov\PycharmProjects\ProjectR/Logs/2021-12-25_21-38-42 INFO Getting attribute: question
21:38:42,843 C:\Users\ingov\PycharmProjects\ProjectR/Logs/2021-12-25_21-38-42 INFO Setting member: question_label to value=.!label
21:38:42,843 C:\Users\ingov\PycharmProjects\ProjectR/Logs/2021-12-25_21-38-42 INFO Getting attribute: question_label
21:38:42,844 C:\Users\ingov\PycharmProjects\ProjectR/Logs/2021-12-25_21-38-42 INFO Getting attribute: question_label
21:38:42,844 C:\Users\ingov\PycharmProjects\ProjectR/Logs/2021-12-25_21-38-42 INFO Getting attribute: window
21:38:42,844 C:\Users\ingov\PycharmProjects\ProjectR/Logs/2021-12-25_21-38-42 INFO Getting method: reveal_answer
21:38:42,845 C:\Users\ingov\PycharmProjects\ProjectR/Logs/2021-12-25_21-38-42 INFO Setting member: button_answer to value=.!button
21:38:42,846 C:\Users\ingov\PycharmProjects\ProjectR/Logs/2021-12-25_21-38-42 INFO Getting attribute: button_answer
21:38:42,846 C:\Users\ingov\PycharmProjects\ProjectR/Logs/2021-12-25_21-38-42 INFO Setting member: answer_label to value=None
21:38:42,846 C:\Users\ingov\PycharmProjects\ProjectR/Logs/2021-12-25_21-38-42 INFO Getting attribute: window
21:38:44,557 C:\Users\ingov\PycharmProjects\ProjectR/Logs/2021-12-25_21-38-42 INFO Getting into __init__ for class: QuestionClass
21:38:44,557 C:\Users\ingov\PycharmProjects\ProjectR/Logs/2021-12-25_21-38-42 INFO Attributes in args: ('What of the following ones are Python basic types?', [('Fire', False), ('Bool', True), ('Normal', False), ('Basic', False)])
21:38:44,557 C:\Users\ingov\PycharmProjects\ProjectR/Logs/2021-12-25_21-38-42 INFO Attributes in kwargs: {}
21:38:44,558 C:\Users\ingov\PycharmProjects\ProjectR/Logs/2021-12-25_21-38-42 INFO Setting member: _QuestionClass__question to value=What of the following ones are Python basic types?
21:38:44,558 C:\Users\ingov\PycharmProjects\ProjectR/Logs/2021-12-25_21-38-42 INFO Setting member: _QuestionClass__answers to value=[('Fire', False), ('Bool', True), ('Normal', False), ('Basic', False)]
21:38:44,559 C:\Users\ingov\PycharmProjects\ProjectR/Logs/2021-12-25_21-38-42 INFO Getting into __init__ for class: QuestionOneAnswerMultiple
21:38:44,559 C:\Users\ingov\PycharmProjects\ProjectR/Logs/2021-12-25_21-38-42 INFO Attributes in args: ()
21:38:44,559 C:\Users\ingov\PycharmProjects\ProjectR/Logs/2021-12-25_21-38-42 INFO Attributes in kwargs: {'width': 600, 'height': 550, 'title': 'Question 4'}
21:38:44,724 C:\Users\ingov\PycharmProjects\ProjectR/Logs/2021-12-25_21-38-42 INFO Setting member: window to value=.
21:38:44,724 C:\Users\ingov\PycharmProjects\ProjectR/Logs/2021-12-25_21-38-42 INFO Getting attribute: window
21:38:44,725 C:\Users\ingov\PycharmProjects\ProjectR/Logs/2021-12-25_21-38-42 INFO Setting member: height to value=550
21:38:44,725 C:\Users\ingov\PycharmProjects\ProjectR/Logs/2021-12-25_21-38-42 INFO Setting member: width to value=600
21:38:44,725 C:\Users\ingov\PycharmProjects\ProjectR/Logs/2021-12-25_21-38-42 INFO Getting attribute: window
21:38:44,725 C:\Users\ingov\PycharmProjects\ProjectR/Logs/2021-12-25_21-38-42 INFO Getting attribute: window
21:38:44,725 C:\Users\ingov\PycharmProjects\ProjectR/Logs/2021-12-25_21-38-42 INFO Getting attribute: window
21:38:44,726 C:\Users\ingov\PycharmProjects\ProjectR/Logs/2021-12-25_21-38-42 INFO Setting member: menu to value=.!menu
21:38:44,727 C:\Users\ingov\PycharmProjects\ProjectR/Logs/2021-12-25_21-38-42 INFO Getting attribute: window
21:38:44,727 C:\Users\ingov\PycharmProjects\ProjectR/Logs/2021-12-25_21-38-42 INFO Getting attribute: menu
21:38:44,736 C:\Users\ingov\PycharmProjects\ProjectR/Logs/2021-12-25_21-38-42 INFO Getting attribute: menu
21:38:44,736 C:\Users\ingov\PycharmProjects\ProjectR/Logs/2021-12-25_21-38-42 INFO Getting method: go_back_to_main
21:38:44,736 C:\Users\ingov\PycharmProjects\ProjectR/Logs/2021-12-25_21-38-42 INFO Getting attribute: menu
21:38:44,736 C:\Users\ingov\PycharmProjects\ProjectR/Logs/2021-12-25_21-38-42 INFO Getting attribute: _QuestionClass__question
21:38:44,737 C:\Users\ingov\PycharmProjects\ProjectR/Logs/2021-12-25_21-38-42 INFO Getting attribute: question
21:38:44,737 C:\Users\ingov\PycharmProjects\ProjectR/Logs/2021-12-25_21-38-42 INFO Getting attribute: _QuestionClass__answers
21:38:44,737 C:\Users\ingov\PycharmProjects\ProjectR/Logs/2021-12-25_21-38-42 INFO Getting attribute: answers
21:38:44,737 C:\Users\ingov\PycharmProjects\ProjectR/Logs/2021-12-25_21-38-42 INFO Setting member: question to value=What of the following ones are Python basic types?: [('Fire', False), ('Bool', True), ('Normal', False), ('Basic', False)]
21:38:44,737 C:\Users\ingov\PycharmProjects\ProjectR/Logs/2021-12-25_21-38-42 INFO Getting attribute: window
21:38:44,737 C:\Users\ingov\PycharmProjects\ProjectR/Logs/2021-12-25_21-38-42 INFO Getting attribute: _QuestionClass__question
21:38:44,737 C:\Users\ingov\PycharmProjects\ProjectR/Logs/2021-12-25_21-38-42 INFO Getting attribute: question
21:38:44,739 C:\Users\ingov\PycharmProjects\ProjectR/Logs/2021-12-25_21-38-42 INFO Setting member: question_label to value=.!label
21:38:44,739 C:\Users\ingov\PycharmProjects\ProjectR/Logs/2021-12-25_21-38-42 INFO Getting attribute: question_label
21:38:44,739 C:\Users\ingov\PycharmProjects\ProjectR/Logs/2021-12-25_21-38-42 INFO Getting attribute: question_label
21:38:44,739 C:\Users\ingov\PycharmProjects\ProjectR/Logs/2021-12-25_21-38-42 INFO Setting member: radio_buttons to value=[]
21:38:44,740 C:\Users\ingov\PycharmProjects\ProjectR/Logs/2021-12-25_21-38-42 INFO Setting member: answer_group to value=PY_VAR0
21:38:44,740 C:\Users\ingov\PycharmProjects\ProjectR/Logs/2021-12-25_21-38-42 INFO Setting member: radio_button_font to value=('TkDefaultFont', 12)
21:38:44,740 C:\Users\ingov\PycharmProjects\ProjectR/Logs/2021-12-25_21-38-42 INFO Getting attribute: question
21:38:44,740 C:\Users\ingov\PycharmProjects\ProjectR/Logs/2021-12-25_21-38-42 INFO Getting attribute: _QuestionClass__answers
21:38:44,740 C:\Users\ingov\PycharmProjects\ProjectR/Logs/2021-12-25_21-38-42 INFO Getting attribute: answers
21:38:44,740 C:\Users\ingov\PycharmProjects\ProjectR/Logs/2021-12-25_21-38-42 INFO Getting attribute: window
21:38:44,740 C:\Users\ingov\PycharmProjects\ProjectR/Logs/2021-12-25_21-38-42 INFO Getting attribute: answer_group
21:38:44,740 C:\Users\ingov\PycharmProjects\ProjectR/Logs/2021-12-25_21-38-42 INFO Getting method: reveal_result
21:38:44,740 C:\Users\ingov\PycharmProjects\ProjectR/Logs/2021-12-25_21-38-42 INFO Getting attribute: radio_button_font
21:38:44,742 C:\Users\ingov\PycharmProjects\ProjectR/Logs/2021-12-25_21-38-42 INFO Getting attribute: radio_buttons
21:38:44,742 C:\Users\ingov\PycharmProjects\ProjectR/Logs/2021-12-25_21-38-42 INFO Getting attribute: window
21:38:44,742 C:\Users\ingov\PycharmProjects\ProjectR/Logs/2021-12-25_21-38-42 INFO Getting attribute: answer_group
21:38:44,743 C:\Users\ingov\PycharmProjects\ProjectR/Logs/2021-12-25_21-38-42 INFO Getting method: reveal_result
21:38:44,743 C:\Users\ingov\PycharmProjects\ProjectR/Logs/2021-12-25_21-38-42 INFO Getting attribute: radio_button_font
21:38:44,744 C:\Users\ingov\PycharmProjects\ProjectR/Logs/2021-12-25_21-38-42 INFO Getting attribute: radio_buttons
21:38:44,744 C:\Users\ingov\PycharmProjects\ProjectR/Logs/2021-12-25_21-38-42 INFO Getting attribute: window
21:38:44,744 C:\Users\ingov\PycharmProjects\ProjectR/Logs/2021-12-25_21-38-42 INFO Getting attribute: answer_group
21:38:44,744 C:\Users\ingov\PycharmProjects\ProjectR/Logs/2021-12-25_21-38-42 INFO Getting method: reveal_result
21:38:44,744 C:\Users\ingov\PycharmProjects\ProjectR/Logs/2021-12-25_21-38-42 INFO Getting attribute: radio_button_font
21:38:44,746 C:\Users\ingov\PycharmProjects\ProjectR/Logs/2021-12-25_21-38-42 INFO Getting attribute: radio_buttons
21:38:44,746 C:\Users\ingov\PycharmProjects\ProjectR/Logs/2021-12-25_21-38-42 INFO Getting attribute: window
21:38:44,746 C:\Users\ingov\PycharmProjects\ProjectR/Logs/2021-12-25_21-38-42 INFO Getting attribute: answer_group
21:38:44,746 C:\Users\ingov\PycharmProjects\ProjectR/Logs/2021-12-25_21-38-42 INFO Getting method: reveal_result
21:38:44,746 C:\Users\ingov\PycharmProjects\ProjectR/Logs/2021-12-25_21-38-42 INFO Getting attribute: radio_button_font
21:38:44,747 C:\Users\ingov\PycharmProjects\ProjectR/Logs/2021-12-25_21-38-42 INFO Getting attribute: radio_buttons
21:38:44,747 C:\Users\ingov\PycharmProjects\ProjectR/Logs/2021-12-25_21-38-42 INFO Getting attribute: window
21:38:45,664 C:\Users\ingov\PycharmProjects\ProjectR/Logs/2021-12-25_21-38-42 INFO Getting into __init__ for class: QuestionClass
21:38:45,664 C:\Users\ingov\PycharmProjects\ProjectR/Logs/2021-12-25_21-38-42 INFO Attributes in args: ('Which of the following countries belong to the European Union', [('Serbia', False), ('Latvia', True), ('Norway', False), ('Malta', True)])
21:38:45,664 C:\Users\ingov\PycharmProjects\ProjectR/Logs/2021-12-25_21-38-42 INFO Attributes in kwargs: {}
21:38:45,664 C:\Users\ingov\PycharmProjects\ProjectR/Logs/2021-12-25_21-38-42 INFO Setting member: _QuestionClass__question to value=Which of the following countries belong to the European Union
21:38:45,665 C:\Users\ingov\PycharmProjects\ProjectR/Logs/2021-12-25_21-38-42 INFO Setting member: _QuestionClass__answers to value=[('Serbia', False), ('Latvia', True), ('Norway', False), ('Malta', True)]
21:38:45,665 C:\Users\ingov\PycharmProjects\ProjectR/Logs/2021-12-25_21-38-42 INFO Getting into __init__ for class: QuestionTwoAnswersMultiple
21:38:45,665 C:\Users\ingov\PycharmProjects\ProjectR/Logs/2021-12-25_21-38-42 INFO Attributes in args: ()
21:38:45,665 C:\Users\ingov\PycharmProjects\ProjectR/Logs/2021-12-25_21-38-42 INFO Attributes in kwargs: {'width': 600, 'height': 550, 'title': 'Question 5'}
21:38:45,869 C:\Users\ingov\PycharmProjects\ProjectR/Logs/2021-12-25_21-38-42 INFO Setting member: window to value=.
21:38:45,869 C:\Users\ingov\PycharmProjects\ProjectR/Logs/2021-12-25_21-38-42 INFO Getting attribute: window
21:38:45,869 C:\Users\ingov\PycharmProjects\ProjectR/Logs/2021-12-25_21-38-42 INFO Setting member: height to value=550
21:38:45,870 C:\Users\ingov\PycharmProjects\ProjectR/Logs/2021-12-25_21-38-42 INFO Setting member: width to value=600
21:38:45,871 C:\Users\ingov\PycharmProjects\ProjectR/Logs/2021-12-25_21-38-42 INFO Getting attribute: window
21:38:45,871 C:\Users\ingov\PycharmProjects\ProjectR/Logs/2021-12-25_21-38-42 INFO Getting attribute: window
21:38:45,871 C:\Users\ingov\PycharmProjects\ProjectR/Logs/2021-12-25_21-38-42 INFO Getting attribute: window
21:38:45,872 C:\Users\ingov\PycharmProjects\ProjectR/Logs/2021-12-25_21-38-42 INFO Setting member: menu to value=.!menu
21:38:45,873 C:\Users\ingov\PycharmProjects\ProjectR/Logs/2021-12-25_21-38-42 INFO Getting attribute: window
21:38:45,873 C:\Users\ingov\PycharmProjects\ProjectR/Logs/2021-12-25_21-38-42 INFO Getting attribute: menu
21:38:45,879 C:\Users\ingov\PycharmProjects\ProjectR/Logs/2021-12-25_21-38-42 INFO Getting attribute: menu
21:38:45,879 C:\Users\ingov\PycharmProjects\ProjectR/Logs/2021-12-25_21-38-42 INFO Getting method: go_back_to_main
21:38:45,879 C:\Users\ingov\PycharmProjects\ProjectR/Logs/2021-12-25_21-38-42 INFO Getting attribute: menu
21:38:45,879 C:\Users\ingov\PycharmProjects\ProjectR/Logs/2021-12-25_21-38-42 INFO Getting attribute: _QuestionClass__question
21:38:45,879 C:\Users\ingov\PycharmProjects\ProjectR/Logs/2021-12-25_21-38-42 INFO Getting attribute: question
21:38:45,879 C:\Users\ingov\PycharmProjects\ProjectR/Logs/2021-12-25_21-38-42 INFO Getting attribute: _QuestionClass__answers
21:38:45,879 C:\Users\ingov\PycharmProjects\ProjectR/Logs/2021-12-25_21-38-42 INFO Getting attribute: answers
21:38:45,879 C:\Users\ingov\PycharmProjects\ProjectR/Logs/2021-12-25_21-38-42 INFO Setting member: question to value=Which of the following countries belong to the European Union: [('Serbia', False), ('Latvia', True), ('Norway', False), ('Malta', True)]
21:38:45,879 C:\Users\ingov\PycharmProjects\ProjectR/Logs/2021-12-25_21-38-42 INFO Getting attribute: window
21:38:45,879 C:\Users\ingov\PycharmProjects\ProjectR/Logs/2021-12-25_21-38-42 INFO Getting attribute: _QuestionClass__question
21:38:45,879 C:\Users\ingov\PycharmProjects\ProjectR/Logs/2021-12-25_21-38-42 INFO Getting attribute: question
21:38:45,880 C:\Users\ingov\PycharmProjects\ProjectR/Logs/2021-12-25_21-38-42 INFO Setting member: question_label to value=.!label
21:38:45,880 C:\Users\ingov\PycharmProjects\ProjectR/Logs/2021-12-25_21-38-42 INFO Getting attribute: question_label
21:38:45,880 C:\Users\ingov\PycharmProjects\ProjectR/Logs/2021-12-25_21-38-42 INFO Getting attribute: question_label
21:38:45,880 C:\Users\ingov\PycharmProjects\ProjectR/Logs/2021-12-25_21-38-42 INFO Setting member: check_boxes to value=[]
21:38:45,880 C:\Users\ingov\PycharmProjects\ProjectR/Logs/2021-12-25_21-38-42 INFO Setting member: answer_group to value=PY_VAR1
21:38:45,880 C:\Users\ingov\PycharmProjects\ProjectR/Logs/2021-12-25_21-38-42 INFO Setting member: check_button_font to value=('TkDefaultFont', 12)
21:38:45,881 C:\Users\ingov\PycharmProjects\ProjectR/Logs/2021-12-25_21-38-42 INFO Setting member: checks_done to value=0
21:38:45,881 C:\Users\ingov\PycharmProjects\ProjectR/Logs/2021-12-25_21-38-42 INFO Setting member: vars_int to value=[]
21:38:45,881 C:\Users\ingov\PycharmProjects\ProjectR/Logs/2021-12-25_21-38-42 INFO Getting attribute: question
21:38:45,881 C:\Users\ingov\PycharmProjects\ProjectR/Logs/2021-12-25_21-38-42 INFO Getting attribute: _QuestionClass__answers
21:38:45,881 C:\Users\ingov\PycharmProjects\ProjectR/Logs/2021-12-25_21-38-42 INFO Getting attribute: answers
21:38:45,881 C:\Users\ingov\PycharmProjects\ProjectR/Logs/2021-12-25_21-38-42 INFO Getting attribute: window
21:38:45,881 C:\Users\ingov\PycharmProjects\ProjectR/Logs/2021-12-25_21-38-42 INFO Getting attribute: check_button_font
21:38:45,881 C:\Users\ingov\PycharmProjects\ProjectR/Logs/2021-12-25_21-38-42 INFO Getting method: checking_box
21:38:45,882 C:\Users\ingov\PycharmProjects\ProjectR/Logs/2021-12-25_21-38-42 INFO Getting attribute: vars_int
21:38:45,882 C:\Users\ingov\PycharmProjects\ProjectR/Logs/2021-12-25_21-38-42 INFO Getting attribute: check_boxes
21:38:45,882 C:\Users\ingov\PycharmProjects\ProjectR/Logs/2021-12-25_21-38-42 INFO Getting attribute: window
21:38:45,882 C:\Users\ingov\PycharmProjects\ProjectR/Logs/2021-12-25_21-38-42 INFO Getting attribute: check_button_font
21:38:45,882 C:\Users\ingov\PycharmProjects\ProjectR/Logs/2021-12-25_21-38-42 INFO Getting method: checking_box
21:38:45,882 C:\Users\ingov\PycharmProjects\ProjectR/Logs/2021-12-25_21-38-42 INFO Getting attribute: vars_int
21:38:45,882 C:\Users\ingov\PycharmProjects\ProjectR/Logs/2021-12-25_21-38-42 INFO Getting attribute: check_boxes
21:38:45,882 C:\Users\ingov\PycharmProjects\ProjectR/Logs/2021-12-25_21-38-42 INFO Getting attribute: window
21:38:45,882 C:\Users\ingov\PycharmProjects\ProjectR/Logs/2021-12-25_21-38-42 INFO Getting attribute: check_button_font
21:38:45,882 C:\Users\ingov\PycharmProjects\ProjectR/Logs/2021-12-25_21-38-42 INFO Getting method: checking_box
21:38:45,883 C:\Users\ingov\PycharmProjects\ProjectR/Logs/2021-12-25_21-38-42 INFO Getting attribute: vars_int
21:38:45,883 C:\Users\ingov\PycharmProjects\ProjectR/Logs/2021-12-25_21-38-42 INFO Getting attribute: check_boxes
21:38:45,883 C:\Users\ingov\PycharmProjects\ProjectR/Logs/2021-12-25_21-38-42 INFO Getting attribute: window
21:38:45,883 C:\Users\ingov\PycharmProjects\ProjectR/Logs/2021-12-25_21-38-42 INFO Getting attribute: check_button_font
21:38:45,883 C:\Users\ingov\PycharmProjects\ProjectR/Logs/2021-12-25_21-38-42 INFO Getting method: checking_box
21:38:45,883 C:\Users\ingov\PycharmProjects\ProjectR/Logs/2021-12-25_21-38-42 INFO Getting attribute: vars_int
21:38:45,884 C:\Users\ingov\PycharmProjects\ProjectR/Logs/2021-12-25_21-38-42 INFO Getting attribute: check_boxes
21:38:45,884 C:\Users\ingov\PycharmProjects\ProjectR/Logs/2021-12-25_21-38-42 INFO Getting attribute: window
21:38:47,510 C:\Users\ingov\PycharmProjects\ProjectR/Logs/2021-12-25_21-38-42 INFO Getting attribute: checks_done
21:38:47,510 C:\Users\ingov\PycharmProjects\ProjectR/Logs/2021-12-25_21-38-42 INFO Setting member: checks_done to value=1
21:38:47,511 C:\Users\ingov\PycharmProjects\ProjectR/Logs/2021-12-25_21-38-42 INFO Getting attribute: checks_done
21:38:48,157 C:\Users\ingov\PycharmProjects\ProjectR/Logs/2021-12-25_21-38-42 INFO Getting attribute: checks_done
21:38:48,157 C:\Users\ingov\PycharmProjects\ProjectR/Logs/2021-12-25_21-38-42 INFO Setting member: checks_done to value=2
21:38:48,157 C:\Users\ingov\PycharmProjects\ProjectR/Logs/2021-12-25_21-38-42 INFO Getting attribute: checks_done
21:38:48,157 C:\Users\ingov\PycharmProjects\ProjectR/Logs/2021-12-25_21-38-42 INFO Getting attribute: check_boxes
21:38:48,158 C:\Users\ingov\PycharmProjects\ProjectR/Logs/2021-12-25_21-38-42 INFO Getting attribute: vars_int
21:38:48,158 C:\Users\ingov\PycharmProjects\ProjectR/Logs/2021-12-25_21-38-42 INFO Getting attribute: vars_int
21:38:48,158 C:\Users\ingov\PycharmProjects\ProjectR/Logs/2021-12-25_21-38-42 INFO Getting attribute: vars_int
21:38:48,159 C:\Users\ingov\PycharmProjects\ProjectR/Logs/2021-12-25_21-38-42 INFO Getting attribute: vars_int
