19:46:20,618 C:\Users\ingov\PycharmProjects\ProjectR/Logs/2021-12-25_19-46-20 INFO Log has been created and started
19:46:20,618 C:\Users\ingov\PycharmProjects\ProjectR/Logs/2021-12-25_19-46-20 INFO Metaclass MetaAbsLogger: Starting class MetaLogger
19:46:20,624 C:\Users\ingov\PycharmProjects\ProjectR/Logs/2021-12-25_19-46-20 INFO Metaclass MetaLogger: Starting class QuestionClass
19:46:20,648 C:\Users\ingov\PycharmProjects\ProjectR/Logs/2021-12-25_19-46-20 INFO Metaclass MetaLogger: Starting class QuestionnaireClass
19:46:20,660 C:\Users\ingov\PycharmProjects\ProjectR/Logs/2021-12-25_19-46-20 INFO Metaclass MetaAbsLogger: Starting class CurrentSession
19:46:20,698 C:\Users\ingov\PycharmProjects\ProjectR/Logs/2021-12-25_19-46-20 INFO Metaclass MetaAbsLogger: Starting class SimpleWindow
19:46:20,713 C:\Users\ingov\PycharmProjects\ProjectR/Logs/2021-12-25_19-46-20 INFO C:\Users\ingov\PycharmProjects\ProjectR/Config/config.cfg, exists so we will read it
19:46:20,718 C:\Users\ingov\PycharmProjects\ProjectR/Logs/2021-12-25_19-46-20 INFO Seconds to answer a question: 10
19:46:20,718 C:\Users\ingov\PycharmProjects\ProjectR/Logs/2021-12-25_19-46-20 INFO Seconds between questions: 30
19:46:20,718 C:\Users\ingov\PycharmProjects\ProjectR/Logs/2021-12-25_19-46-20 INFO C:\Users\ingov\PycharmProjects\ProjectR/Config/config.cfg is closed now
19:46:20,718 C:\Users\ingov\PycharmProjects\ProjectR/Logs/2021-12-25_19-46-20 INFO Metaclass MetaLogger: Starting class ConfigClass
19:46:20,718 C:\Users\ingov\PycharmProjects\ProjectR/Logs/2021-12-25_19-46-20 INFO Metaclass MetaAbsLogger: Starting class QuestionWindowAbs
19:46:20,718 C:\Users\ingov\PycharmProjects\ProjectR/Logs/2021-12-25_19-46-20 INFO Metaclass MetaAbsLogger: Starting class QuestionOneAnswer
19:46:20,718 C:\Users\ingov\PycharmProjects\ProjectR/Logs/2021-12-25_19-46-20 INFO Metaclass MetaAbsLogger: Starting class QuestionOneAnswerMultiple
19:46:20,718 C:\Users\ingov\PycharmProjects\ProjectR/Logs/2021-12-25_19-46-20 INFO Getting into __init__ for class: QuestionClass
19:46:20,718 C:\Users\ingov\PycharmProjects\ProjectR/Logs/2021-12-25_19-46-20 INFO Attributes in args: ('What do you say to a person in the morning?', 'Good morning')
19:46:20,718 C:\Users\ingov\PycharmProjects\ProjectR/Logs/2021-12-25_19-46-20 INFO Attributes in kwargs: {}
19:46:20,718 C:\Users\ingov\PycharmProjects\ProjectR/Logs/2021-12-25_19-46-20 INFO Setting member: _QuestionClass__question to value=What do you say to a person in the morning?
19:46:20,718 C:\Users\ingov\PycharmProjects\ProjectR/Logs/2021-12-25_19-46-20 INFO Setting member: _QuestionClass__answers to value=Good morning
19:46:20,718 C:\Users\ingov\PycharmProjects\ProjectR/Logs/2021-12-25_19-46-20 INFO Getting into __init__ for class: QuestionOneAnswer
19:46:20,718 C:\Users\ingov\PycharmProjects\ProjectR/Logs/2021-12-25_19-46-20 INFO Attributes in args: ()
19:46:20,718 C:\Users\ingov\PycharmProjects\ProjectR/Logs/2021-12-25_19-46-20 INFO Attributes in kwargs: {'width': 600, 'height': 450, 'title': 'Question 3'}
19:46:20,798 C:\Users\ingov\PycharmProjects\ProjectR/Logs/2021-12-25_19-46-20 INFO Setting member: window to value=.
19:46:20,798 C:\Users\ingov\PycharmProjects\ProjectR/Logs/2021-12-25_19-46-20 INFO Getting attribute: window
19:46:20,798 C:\Users\ingov\PycharmProjects\ProjectR/Logs/2021-12-25_19-46-20 INFO Setting member: height to value=450
19:46:20,798 C:\Users\ingov\PycharmProjects\ProjectR/Logs/2021-12-25_19-46-20 INFO Setting member: width to value=600
19:46:20,798 C:\Users\ingov\PycharmProjects\ProjectR/Logs/2021-12-25_19-46-20 INFO Getting attribute: window
19:46:20,798 C:\Users\ingov\PycharmProjects\ProjectR/Logs/2021-12-25_19-46-20 INFO Getting attribute: window
19:46:20,798 C:\Users\ingov\PycharmProjects\ProjectR/Logs/2021-12-25_19-46-20 INFO Getting attribute: window
19:46:20,798 C:\Users\ingov\PycharmProjects\ProjectR/Logs/2021-12-25_19-46-20 INFO Setting member: menu to value=.!menu
19:46:20,798 C:\Users\ingov\PycharmProjects\ProjectR/Logs/2021-12-25_19-46-20 INFO Getting attribute: window
19:46:20,798 C:\Users\ingov\PycharmProjects\ProjectR/Logs/2021-12-25_19-46-20 INFO Getting attribute: menu
19:46:20,808 C:\Users\ingov\PycharmProjects\ProjectR/Logs/2021-12-25_19-46-20 INFO Getting attribute: menu
19:46:20,808 C:\Users\ingov\PycharmProjects\ProjectR/Logs/2021-12-25_19-46-20 INFO Getting method: go_back_to_main
19:46:20,808 C:\Users\ingov\PycharmProjects\ProjectR/Logs/2021-12-25_19-46-20 INFO Getting attribute: menu
19:46:20,808 C:\Users\ingov\PycharmProjects\ProjectR/Logs/2021-12-25_19-46-20 INFO Getting attribute: _QuestionClass__question
19:46:20,808 C:\Users\ingov\PycharmProjects\ProjectR/Logs/2021-12-25_19-46-20 INFO Getting attribute: question
19:46:20,808 C:\Users\ingov\PycharmProjects\ProjectR/Logs/2021-12-25_19-46-20 INFO Getting attribute: _QuestionClass__answers
19:46:20,808 C:\Users\ingov\PycharmProjects\ProjectR/Logs/2021-12-25_19-46-20 INFO Getting attribute: answers
19:46:20,808 C:\Users\ingov\PycharmProjects\ProjectR/Logs/2021-12-25_19-46-20 INFO Setting member: question to value=What do you say to a person in the morning?: Good morning
19:46:20,808 C:\Users\ingov\PycharmProjects\ProjectR/Logs/2021-12-25_19-46-20 INFO Getting attribute: window
19:46:20,808 C:\Users\ingov\PycharmProjects\ProjectR/Logs/2021-12-25_19-46-20 INFO Getting attribute: _QuestionClass__question
19:46:20,808 C:\Users\ingov\PycharmProjects\ProjectR/Logs/2021-12-25_19-46-20 INFO Getting attribute: question
19:46:20,808 C:\Users\ingov\PycharmProjects\ProjectR/Logs/2021-12-25_19-46-20 INFO Setting member: question_label to value=.!label
19:46:20,808 C:\Users\ingov\PycharmProjects\ProjectR/Logs/2021-12-25_19-46-20 INFO Getting attribute: question_label
19:46:20,808 C:\Users\ingov\PycharmProjects\ProjectR/Logs/2021-12-25_19-46-20 INFO Getting attribute: question_label
19:46:20,808 C:\Users\ingov\PycharmProjects\ProjectR/Logs/2021-12-25_19-46-20 INFO Getting attribute: window
19:46:20,808 C:\Users\ingov\PycharmProjects\ProjectR/Logs/2021-12-25_19-46-20 INFO Getting method: reveal_answer
19:46:20,808 C:\Users\ingov\PycharmProjects\ProjectR/Logs/2021-12-25_19-46-20 INFO Setting member: button_answer to value=.!button
19:46:20,808 C:\Users\ingov\PycharmProjects\ProjectR/Logs/2021-12-25_19-46-20 INFO Getting attribute: button_answer
19:46:20,808 C:\Users\ingov\PycharmProjects\ProjectR/Logs/2021-12-25_19-46-20 INFO Setting member: answer_label to value=None
19:46:20,808 C:\Users\ingov\PycharmProjects\ProjectR/Logs/2021-12-25_19-46-20 INFO Getting attribute: window
19:46:22,218 C:\Users\ingov\PycharmProjects\ProjectR/Logs/2021-12-25_19-46-20 INFO Getting into __init__ for class: QuestionClass
19:46:22,218 C:\Users\ingov\PycharmProjects\ProjectR/Logs/2021-12-25_19-46-20 INFO Attributes in args: ('What of the following ones are Python basic types?', [('Fire', False), ('Bool', True), ('Normal', False), ('Basic', False)])
19:46:22,218 C:\Users\ingov\PycharmProjects\ProjectR/Logs/2021-12-25_19-46-20 INFO Attributes in kwargs: {}
19:46:22,218 C:\Users\ingov\PycharmProjects\ProjectR/Logs/2021-12-25_19-46-20 INFO Setting member: _QuestionClass__question to value=What of the following ones are Python basic types?
19:46:22,218 C:\Users\ingov\PycharmProjects\ProjectR/Logs/2021-12-25_19-46-20 INFO Setting member: _QuestionClass__answers to value=[('Fire', False), ('Bool', True), ('Normal', False), ('Basic', False)]
19:46:22,218 C:\Users\ingov\PycharmProjects\ProjectR/Logs/2021-12-25_19-46-20 INFO Getting into __init__ for class: QuestionOneAnswerMultiple
19:46:22,218 C:\Users\ingov\PycharmProjects\ProjectR/Logs/2021-12-25_19-46-20 INFO Attributes in args: ()
19:46:22,218 C:\Users\ingov\PycharmProjects\ProjectR/Logs/2021-12-25_19-46-20 INFO Attributes in kwargs: {'width': 600, 'height': 650, 'title': 'Question 4'}
19:46:22,298 C:\Users\ingov\PycharmProjects\ProjectR/Logs/2021-12-25_19-46-20 INFO Setting member: window to value=.
19:46:22,298 C:\Users\ingov\PycharmProjects\ProjectR/Logs/2021-12-25_19-46-20 INFO Getting attribute: window
19:46:22,298 C:\Users\ingov\PycharmProjects\ProjectR/Logs/2021-12-25_19-46-20 INFO Setting member: height to value=650
19:46:22,298 C:\Users\ingov\PycharmProjects\ProjectR/Logs/2021-12-25_19-46-20 INFO Setting member: width to value=600
19:46:22,298 C:\Users\ingov\PycharmProjects\ProjectR/Logs/2021-12-25_19-46-20 INFO Getting attribute: window
19:46:22,298 C:\Users\ingov\PycharmProjects\ProjectR/Logs/2021-12-25_19-46-20 INFO Getting attribute: window
19:46:22,298 C:\Users\ingov\PycharmProjects\ProjectR/Logs/2021-12-25_19-46-20 INFO Getting attribute: window
19:46:22,298 C:\Users\ingov\PycharmProjects\ProjectR/Logs/2021-12-25_19-46-20 INFO Setting member: menu to value=.!menu
19:46:22,298 C:\Users\ingov\PycharmProjects\ProjectR/Logs/2021-12-25_19-46-20 INFO Getting attribute: window
19:46:22,298 C:\Users\ingov\PycharmProjects\ProjectR/Logs/2021-12-25_19-46-20 INFO Getting attribute: menu
19:46:22,308 C:\Users\ingov\PycharmProjects\ProjectR/Logs/2021-12-25_19-46-20 INFO Getting attribute: menu
19:46:22,308 C:\Users\ingov\PycharmProjects\ProjectR/Logs/2021-12-25_19-46-20 INFO Getting method: go_back_to_main
19:46:22,308 C:\Users\ingov\PycharmProjects\ProjectR/Logs/2021-12-25_19-46-20 INFO Getting attribute: menu
19:46:22,308 C:\Users\ingov\PycharmProjects\ProjectR/Logs/2021-12-25_19-46-20 INFO Getting attribute: _QuestionClass__question
19:46:22,308 C:\Users\ingov\PycharmProjects\ProjectR/Logs/2021-12-25_19-46-20 INFO Getting attribute: question
19:46:22,308 C:\Users\ingov\PycharmProjects\ProjectR/Logs/2021-12-25_19-46-20 INFO Getting attribute: _QuestionClass__answers
19:46:22,308 C:\Users\ingov\PycharmProjects\ProjectR/Logs/2021-12-25_19-46-20 INFO Getting attribute: answers
19:46:22,308 C:\Users\ingov\PycharmProjects\ProjectR/Logs/2021-12-25_19-46-20 INFO Setting member: question to value=What of the following ones are Python basic types?: [('Fire', False), ('Bool', True), ('Normal', False), ('Basic', False)]
19:46:22,308 C:\Users\ingov\PycharmProjects\ProjectR/Logs/2021-12-25_19-46-20 INFO Getting attribute: window
19:46:22,308 C:\Users\ingov\PycharmProjects\ProjectR/Logs/2021-12-25_19-46-20 INFO Getting attribute: _QuestionClass__question
19:46:22,308 C:\Users\ingov\PycharmProjects\ProjectR/Logs/2021-12-25_19-46-20 INFO Getting attribute: question
19:46:22,308 C:\Users\ingov\PycharmProjects\ProjectR/Logs/2021-12-25_19-46-20 INFO Setting member: question_label to value=.!label
19:46:22,308 C:\Users\ingov\PycharmProjects\ProjectR/Logs/2021-12-25_19-46-20 INFO Getting attribute: question_label
19:46:22,308 C:\Users\ingov\PycharmProjects\ProjectR/Logs/2021-12-25_19-46-20 INFO Getting attribute: question_label
19:46:22,308 C:\Users\ingov\PycharmProjects\ProjectR/Logs/2021-12-25_19-46-20 INFO Setting member: radio_buttons to value=[]
19:46:22,308 C:\Users\ingov\PycharmProjects\ProjectR/Logs/2021-12-25_19-46-20 INFO Setting member: answer_group to value=PY_VAR0
19:46:22,308 C:\Users\ingov\PycharmProjects\ProjectR/Logs/2021-12-25_19-46-20 INFO Setting member: radio_button_font to value=('TkDefaultFont', 12)
19:46:22,308 C:\Users\ingov\PycharmProjects\ProjectR/Logs/2021-12-25_19-46-20 INFO Getting attribute: question
19:46:22,308 C:\Users\ingov\PycharmProjects\ProjectR/Logs/2021-12-25_19-46-20 INFO Getting attribute: _QuestionClass__answers
19:46:22,308 C:\Users\ingov\PycharmProjects\ProjectR/Logs/2021-12-25_19-46-20 INFO Getting attribute: answers
19:46:22,308 C:\Users\ingov\PycharmProjects\ProjectR/Logs/2021-12-25_19-46-20 INFO Getting attribute: window
19:46:22,308 C:\Users\ingov\PycharmProjects\ProjectR/Logs/2021-12-25_19-46-20 INFO Getting attribute: answer_group
19:46:22,308 C:\Users\ingov\PycharmProjects\ProjectR/Logs/2021-12-25_19-46-20 INFO Getting method: reveal_result
19:46:22,308 C:\Users\ingov\PycharmProjects\ProjectR/Logs/2021-12-25_19-46-20 INFO Getting attribute: radio_button_font
19:46:22,308 C:\Users\ingov\PycharmProjects\ProjectR/Logs/2021-12-25_19-46-20 INFO Getting attribute: radio_buttons
19:46:22,308 C:\Users\ingov\PycharmProjects\ProjectR/Logs/2021-12-25_19-46-20 INFO Getting attribute: window
19:46:22,308 C:\Users\ingov\PycharmProjects\ProjectR/Logs/2021-12-25_19-46-20 INFO Getting attribute: answer_group
19:46:22,308 C:\Users\ingov\PycharmProjects\ProjectR/Logs/2021-12-25_19-46-20 INFO Getting method: reveal_result
19:46:22,308 C:\Users\ingov\PycharmProjects\ProjectR/Logs/2021-12-25_19-46-20 INFO Getting attribute: radio_button_font
19:46:22,308 C:\Users\ingov\PycharmProjects\ProjectR/Logs/2021-12-25_19-46-20 INFO Getting attribute: radio_buttons
19:46:22,308 C:\Users\ingov\PycharmProjects\ProjectR/Logs/2021-12-25_19-46-20 INFO Getting attribute: window
19:46:22,308 C:\Users\ingov\PycharmProjects\ProjectR/Logs/2021-12-25_19-46-20 INFO Getting attribute: answer_group
19:46:22,308 C:\Users\ingov\PycharmProjects\ProjectR/Logs/2021-12-25_19-46-20 INFO Getting method: reveal_result
19:46:22,308 C:\Users\ingov\PycharmProjects\ProjectR/Logs/2021-12-25_19-46-20 INFO Getting attribute: radio_button_font
19:46:22,308 C:\Users\ingov\PycharmProjects\ProjectR/Logs/2021-12-25_19-46-20 INFO Getting attribute: radio_buttons
19:46:22,308 C:\Users\ingov\PycharmProjects\ProjectR/Logs/2021-12-25_19-46-20 INFO Getting attribute: window
19:46:22,308 C:\Users\ingov\PycharmProjects\ProjectR/Logs/2021-12-25_19-46-20 INFO Getting attribute: answer_group
19:46:22,308 C:\Users\ingov\PycharmProjects\ProjectR/Logs/2021-12-25_19-46-20 INFO Getting method: reveal_result
19:46:22,308 C:\Users\ingov\PycharmProjects\ProjectR/Logs/2021-12-25_19-46-20 INFO Getting attribute: radio_button_font
19:46:22,308 C:\Users\ingov\PycharmProjects\ProjectR/Logs/2021-12-25_19-46-20 INFO Getting attribute: radio_buttons
19:46:22,308 C:\Users\ingov\PycharmProjects\ProjectR/Logs/2021-12-25_19-46-20 INFO Getting attribute: window
19:46:23,538 C:\Users\ingov\PycharmProjects\ProjectR/Logs/2021-12-25_19-46-20 INFO Getting attribute: radio_buttons
19:46:23,538 C:\Users\ingov\PycharmProjects\ProjectR/Logs/2021-12-25_19-46-20 INFO Getting attribute: answer_group
19:46:23,538 C:\Users\ingov\PycharmProjects\ProjectR/Logs/2021-12-25_19-46-20 INFO Getting attribute: question
19:46:23,538 C:\Users\ingov\PycharmProjects\ProjectR/Logs/2021-12-25_19-46-20 INFO Getting attribute: _QuestionClass__question
19:46:23,538 C:\Users\ingov\PycharmProjects\ProjectR/Logs/2021-12-25_19-46-20 INFO Getting attribute: question
19:46:23,538 C:\Users\ingov\PycharmProjects\ProjectR/Logs/2021-12-25_19-46-20 INFO Getting attribute: window
19:46:23,538 C:\Users\ingov\PycharmProjects\ProjectR/Logs/2021-12-25_19-46-20 INFO Getting attribute: window
