20:55:44,689 C:\Users\ingov\PycharmProjects\ProjectR/Logs/2021-12-22_20-55-44 INFO Log has been created and started
20:55:44,689 C:\Users\ingov\PycharmProjects\ProjectR/Logs/2021-12-22_20-55-44 INFO Metaclass MetaAbsLogger: Starting class MetaLogger
20:55:44,694 C:\Users\ingov\PycharmProjects\ProjectR/Logs/2021-12-22_20-55-44 INFO Metaclass MetaLogger: Starting class QuestionClass
20:55:44,704 C:\Users\ingov\PycharmProjects\ProjectR/Logs/2021-12-22_20-55-44 INFO Metaclass MetaLogger: Starting class QuestionnaireClass
20:55:44,734 C:\Users\ingov\PycharmProjects\ProjectR/Logs/2021-12-22_20-55-44 INFO Metaclass MetaAbsLogger: Starting class SimpleWindow
20:55:44,749 C:\Users\ingov\PycharmProjects\ProjectR/Logs/2021-12-22_20-55-44 INFO C:\Users\ingov\PycharmProjects\ProjectR/Config/config.cfg, exists so we will read it
20:55:44,749 C:\Users\ingov\PycharmProjects\ProjectR/Logs/2021-12-22_20-55-44 INFO Seconds to answer a question: 10
20:55:44,749 C:\Users\ingov\PycharmProjects\ProjectR/Logs/2021-12-22_20-55-44 INFO Seconds between questions: 30
20:55:44,749 C:\Users\ingov\PycharmProjects\ProjectR/Logs/2021-12-22_20-55-44 INFO C:\Users\ingov\PycharmProjects\ProjectR/Config/config.cfg is closed now
20:55:44,749 C:\Users\ingov\PycharmProjects\ProjectR/Logs/2021-12-22_20-55-44 INFO Metaclass MetaLogger: Starting class ConfigClass
20:55:44,749 C:\Users\ingov\PycharmProjects\ProjectR/Logs/2021-12-22_20-55-44 INFO Metaclass MetaAbsLogger: Starting class QuestionWindowAbs
20:55:44,749 C:\Users\ingov\PycharmProjects\ProjectR/Logs/2021-12-22_20-55-44 INFO Metaclass MetaAbsLogger: Starting class QuestionOneAnswer
20:55:44,749 C:\Users\ingov\PycharmProjects\ProjectR/Logs/2021-12-22_20-55-44 INFO Getting into __init__ for class: QuestionClass
20:55:44,749 C:\Users\ingov\PycharmProjects\ProjectR/Logs/2021-12-22_20-55-44 INFO Attributes in args: ('What do you say to a person in the morning?', 'Good morning')
20:55:44,749 C:\Users\ingov\PycharmProjects\ProjectR/Logs/2021-12-22_20-55-44 INFO Attributes in kwargs: {}
20:55:44,749 C:\Users\ingov\PycharmProjects\ProjectR/Logs/2021-12-22_20-55-44 INFO Setting member: _QuestionClass__question to value=What do you say to a person in the morning?
20:55:44,749 C:\Users\ingov\PycharmProjects\ProjectR/Logs/2021-12-22_20-55-44 INFO Setting member: _QuestionClass__answers to value=Good morning
20:55:44,749 C:\Users\ingov\PycharmProjects\ProjectR/Logs/2021-12-22_20-55-44 INFO Getting into __init__ for class: QuestionOneAnswer
20:55:44,749 C:\Users\ingov\PycharmProjects\ProjectR/Logs/2021-12-22_20-55-44 INFO Attributes in args: (500, 600, 'Question 3')
20:55:44,749 C:\Users\ingov\PycharmProjects\ProjectR/Logs/2021-12-22_20-55-44 INFO Attributes in kwargs: {}
20:55:44,884 C:\Users\ingov\PycharmProjects\ProjectR/Logs/2021-12-22_20-55-44 INFO Setting member: window to value=.
20:55:44,884 C:\Users\ingov\PycharmProjects\ProjectR/Logs/2021-12-22_20-55-44 INFO Getting attribute: window
20:55:44,884 C:\Users\ingov\PycharmProjects\ProjectR/Logs/2021-12-22_20-55-44 INFO Setting member: height to value=500
20:55:44,884 C:\Users\ingov\PycharmProjects\ProjectR/Logs/2021-12-22_20-55-44 INFO Setting member: width to value=600
20:55:44,884 C:\Users\ingov\PycharmProjects\ProjectR/Logs/2021-12-22_20-55-44 INFO Getting attribute: window
20:55:44,884 C:\Users\ingov\PycharmProjects\ProjectR/Logs/2021-12-22_20-55-44 INFO Getting attribute: window
20:55:44,884 C:\Users\ingov\PycharmProjects\ProjectR/Logs/2021-12-22_20-55-44 INFO Getting attribute: _QuestionClass__question
20:55:44,884 C:\Users\ingov\PycharmProjects\ProjectR/Logs/2021-12-22_20-55-44 INFO Getting attribute: question
