22:23:53,597 C:\Users\ingov\PycharmProjects\ProjectR/Logs/2021-12-25_22-23-53 INFO Log has been created and started
22:23:53,597 C:\Users\ingov\PycharmProjects\ProjectR/Logs/2021-12-25_22-23-53 INFO Metaclass MetaAbsLogger: Starting class MetaLogger
22:23:53,600 C:\Users\ingov\PycharmProjects\ProjectR/Logs/2021-12-25_22-23-53 INFO Metaclass MetaLogger: Starting class QuestionClass
22:23:53,612 C:\Users\ingov\PycharmProjects\ProjectR/Logs/2021-12-25_22-23-53 INFO Metaclass MetaLogger: Starting class QuestionnaireClass
22:23:53,616 C:\Users\ingov\PycharmProjects\ProjectR/Logs/2021-12-25_22-23-53 INFO Metaclass MetaAbsLogger: Starting class CurrentSession
22:23:53,642 C:\Users\ingov\PycharmProjects\ProjectR/Logs/2021-12-25_22-23-53 INFO Metaclass MetaAbsLogger: Starting class SimpleWindow
22:23:53,692 C:\Users\ingov\PycharmProjects\ProjectR/Logs/2021-12-25_22-23-53 INFO C:\Users\ingov\PycharmProjects\ProjectR/Config/config.cfg, exists so we will read it
22:23:53,692 C:\Users\ingov\PycharmProjects\ProjectR/Logs/2021-12-25_22-23-53 INFO Seconds to answer a question: 10
22:23:53,692 C:\Users\ingov\PycharmProjects\ProjectR/Logs/2021-12-25_22-23-53 INFO Seconds between questions: 30
22:23:53,702 C:\Users\ingov\PycharmProjects\ProjectR/Logs/2021-12-25_22-23-53 INFO C:\Users\ingov\PycharmProjects\ProjectR/Config/config.cfg is closed now
22:23:53,702 C:\Users\ingov\PycharmProjects\ProjectR/Logs/2021-12-25_22-23-53 INFO Metaclass MetaLogger: Starting class ConfigClass
22:23:53,702 C:\Users\ingov\PycharmProjects\ProjectR/Logs/2021-12-25_22-23-53 INFO Metaclass MetaAbsLogger: Starting class QuestionWindowAbs
22:23:53,702 C:\Users\ingov\PycharmProjects\ProjectR/Logs/2021-12-25_22-23-53 INFO Metaclass MetaAbsLogger: Starting class QuestionOneAnswer
22:23:53,702 C:\Users\ingov\PycharmProjects\ProjectR/Logs/2021-12-25_22-23-53 INFO Metaclass MetaAbsLogger: Starting class QuestionOneAnswerMultiple
22:23:53,702 C:\Users\ingov\PycharmProjects\ProjectR/Logs/2021-12-25_22-23-53 INFO Metaclass MetaAbsLogger: Starting class QuestionTwoAnswersMultiple
22:23:53,702 C:\Users\ingov\PycharmProjects\ProjectR/Logs/2021-12-25_22-23-53 INFO Getting into __init__ for class: QuestionClass
22:23:53,702 C:\Users\ingov\PycharmProjects\ProjectR/Logs/2021-12-25_22-23-53 INFO Attributes in args: ('What do you say to a person in the morning?', 'Good morning')
22:23:53,702 C:\Users\ingov\PycharmProjects\ProjectR/Logs/2021-12-25_22-23-53 INFO Attributes in kwargs: {}
22:23:53,702 C:\Users\ingov\PycharmProjects\ProjectR/Logs/2021-12-25_22-23-53 INFO Setting member: _QuestionClass__question to value=What do you say to a person in the morning?
22:23:53,702 C:\Users\ingov\PycharmProjects\ProjectR/Logs/2021-12-25_22-23-53 INFO Setting member: _QuestionClass__answers to value=Good morning
22:23:53,702 C:\Users\ingov\PycharmProjects\ProjectR/Logs/2021-12-25_22-23-53 INFO Getting into __init__ for class: QuestionOneAnswer
22:23:53,702 C:\Users\ingov\PycharmProjects\ProjectR/Logs/2021-12-25_22-23-53 INFO Attributes in args: ()
22:23:53,702 C:\Users\ingov\PycharmProjects\ProjectR/Logs/2021-12-25_22-23-53 INFO Attributes in kwargs: {'width': 600, 'height': 450, 'title': 'Question 3'}
22:23:53,917 C:\Users\ingov\PycharmProjects\ProjectR/Logs/2021-12-25_22-23-53 INFO Setting member: window to value=.
22:23:53,917 C:\Users\ingov\PycharmProjects\ProjectR/Logs/2021-12-25_22-23-53 INFO Getting attribute: window
22:23:53,917 C:\Users\ingov\PycharmProjects\ProjectR/Logs/2021-12-25_22-23-53 INFO Setting member: height to value=450
22:23:53,922 C:\Users\ingov\PycharmProjects\ProjectR/Logs/2021-12-25_22-23-53 INFO Setting member: width to value=600
22:23:53,922 C:\Users\ingov\PycharmProjects\ProjectR/Logs/2021-12-25_22-23-53 INFO Getting attribute: window
22:23:53,922 C:\Users\ingov\PycharmProjects\ProjectR/Logs/2021-12-25_22-23-53 INFO Getting attribute: window
22:23:53,922 C:\Users\ingov\PycharmProjects\ProjectR/Logs/2021-12-25_22-23-53 INFO Getting attribute: window
22:23:53,932 C:\Users\ingov\PycharmProjects\ProjectR/Logs/2021-12-25_22-23-53 INFO Setting member: menu to value=.!menu
22:23:53,932 C:\Users\ingov\PycharmProjects\ProjectR/Logs/2021-12-25_22-23-53 INFO Getting attribute: window
22:23:53,932 C:\Users\ingov\PycharmProjects\ProjectR/Logs/2021-12-25_22-23-53 INFO Getting attribute: menu
22:23:53,942 C:\Users\ingov\PycharmProjects\ProjectR/Logs/2021-12-25_22-23-53 INFO Getting attribute: menu
22:23:53,947 C:\Users\ingov\PycharmProjects\ProjectR/Logs/2021-12-25_22-23-53 INFO Getting method: go_back_to_main
22:23:53,947 C:\Users\ingov\PycharmProjects\ProjectR/Logs/2021-12-25_22-23-53 INFO Getting attribute: menu
22:23:53,947 C:\Users\ingov\PycharmProjects\ProjectR/Logs/2021-12-25_22-23-53 INFO Getting attribute: _QuestionClass__question
22:23:53,947 C:\Users\ingov\PycharmProjects\ProjectR/Logs/2021-12-25_22-23-53 INFO Getting attribute: question
22:23:53,947 C:\Users\ingov\PycharmProjects\ProjectR/Logs/2021-12-25_22-23-53 INFO Getting attribute: _QuestionClass__answers
22:23:53,947 C:\Users\ingov\PycharmProjects\ProjectR/Logs/2021-12-25_22-23-53 INFO Getting attribute: answers
22:23:53,947 C:\Users\ingov\PycharmProjects\ProjectR/Logs/2021-12-25_22-23-53 INFO Setting member: question to value=What do you say to a person in the morning?: Good morning
22:23:53,947 C:\Users\ingov\PycharmProjects\ProjectR/Logs/2021-12-25_22-23-53 INFO Getting attribute: window
22:23:53,947 C:\Users\ingov\PycharmProjects\ProjectR/Logs/2021-12-25_22-23-53 INFO Getting attribute: _QuestionClass__question
22:23:53,947 C:\Users\ingov\PycharmProjects\ProjectR/Logs/2021-12-25_22-23-53 INFO Getting attribute: question
22:23:53,947 C:\Users\ingov\PycharmProjects\ProjectR/Logs/2021-12-25_22-23-53 INFO Setting member: question_label to value=.!label
22:23:53,947 C:\Users\ingov\PycharmProjects\ProjectR/Logs/2021-12-25_22-23-53 INFO Getting attribute: question_label
22:23:53,947 C:\Users\ingov\PycharmProjects\ProjectR/Logs/2021-12-25_22-23-53 INFO Getting attribute: question_label
22:23:53,947 C:\Users\ingov\PycharmProjects\ProjectR/Logs/2021-12-25_22-23-53 INFO Getting attribute: window
22:23:53,947 C:\Users\ingov\PycharmProjects\ProjectR/Logs/2021-12-25_22-23-53 INFO Getting method: reveal_answer
22:23:53,952 C:\Users\ingov\PycharmProjects\ProjectR/Logs/2021-12-25_22-23-53 INFO Setting member: button_answer to value=.!button
22:23:53,952 C:\Users\ingov\PycharmProjects\ProjectR/Logs/2021-12-25_22-23-53 INFO Getting attribute: button_answer
22:23:53,952 C:\Users\ingov\PycharmProjects\ProjectR/Logs/2021-12-25_22-23-53 INFO Setting member: answer_label to value=None
22:23:53,952 C:\Users\ingov\PycharmProjects\ProjectR/Logs/2021-12-25_22-23-53 INFO Setting member: button_correct to value=None
22:23:53,952 C:\Users\ingov\PycharmProjects\ProjectR/Logs/2021-12-25_22-23-53 INFO Setting member: button_failed to value=None
22:23:53,952 C:\Users\ingov\PycharmProjects\ProjectR/Logs/2021-12-25_22-23-53 INFO Getting attribute: window
22:23:54,967 C:\Users\ingov\PycharmProjects\ProjectR/Logs/2021-12-25_22-23-53 INFO Getting attribute: button_answer
22:23:54,969 C:\Users\ingov\PycharmProjects\ProjectR/Logs/2021-12-25_22-23-53 INFO Getting attribute: question
22:23:54,969 C:\Users\ingov\PycharmProjects\ProjectR/Logs/2021-12-25_22-23-53 INFO Getting method: get_correct_answers
22:23:54,969 C:\Users\ingov\PycharmProjects\ProjectR/Logs/2021-12-25_22-23-53 INFO Getting method: get_question_type
22:23:54,969 C:\Users\ingov\PycharmProjects\ProjectR/Logs/2021-12-25_22-23-53 INFO Getting attribute: _QuestionClass__answers
22:23:54,969 C:\Users\ingov\PycharmProjects\ProjectR/Logs/2021-12-25_22-23-53 INFO Getting attribute: logger
22:23:54,969 C:\Users\ingov\PycharmProjects\ProjectR/Logs/2021-12-25_22-23-53 INFO This question is a single answer question: Text input: value 0
22:23:54,969 C:\Users\ingov\PycharmProjects\ProjectR/Logs/2021-12-25_22-23-53 INFO Getting attribute: logger
22:23:54,969 C:\Users\ingov\PycharmProjects\ProjectR/Logs/2021-12-25_22-23-53 INFO Getting attribute: _QuestionClass__answers
22:23:54,969 C:\Users\ingov\PycharmProjects\ProjectR/Logs/2021-12-25_22-23-53 INFO The correct answer is Good morning
22:23:54,969 C:\Users\ingov\PycharmProjects\ProjectR/Logs/2021-12-25_22-23-53 INFO Getting attribute: _QuestionClass__answers
22:23:54,969 C:\Users\ingov\PycharmProjects\ProjectR/Logs/2021-12-25_22-23-53 INFO Getting attribute: window
22:23:54,969 C:\Users\ingov\PycharmProjects\ProjectR/Logs/2021-12-25_22-23-53 INFO Getting attribute: question
22:23:54,969 C:\Users\ingov\PycharmProjects\ProjectR/Logs/2021-12-25_22-23-53 INFO Getting method: get_correct_answers
22:23:54,969 C:\Users\ingov\PycharmProjects\ProjectR/Logs/2021-12-25_22-23-53 INFO Getting method: get_question_type
22:23:54,969 C:\Users\ingov\PycharmProjects\ProjectR/Logs/2021-12-25_22-23-53 INFO Getting attribute: _QuestionClass__answers
22:23:54,969 C:\Users\ingov\PycharmProjects\ProjectR/Logs/2021-12-25_22-23-53 INFO Getting attribute: logger
22:23:54,969 C:\Users\ingov\PycharmProjects\ProjectR/Logs/2021-12-25_22-23-53 INFO This question is a single answer question: Text input: value 0
22:23:54,969 C:\Users\ingov\PycharmProjects\ProjectR/Logs/2021-12-25_22-23-53 INFO Getting attribute: logger
22:23:54,969 C:\Users\ingov\PycharmProjects\ProjectR/Logs/2021-12-25_22-23-53 INFO Getting attribute: _QuestionClass__answers
22:23:54,972 C:\Users\ingov\PycharmProjects\ProjectR/Logs/2021-12-25_22-23-53 INFO The correct answer is Good morning
22:23:54,972 C:\Users\ingov\PycharmProjects\ProjectR/Logs/2021-12-25_22-23-53 INFO Getting attribute: _QuestionClass__answers
22:23:54,972 C:\Users\ingov\PycharmProjects\ProjectR/Logs/2021-12-25_22-23-53 INFO Setting member: answer_label to value=.!label2
22:23:54,972 C:\Users\ingov\PycharmProjects\ProjectR/Logs/2021-12-25_22-23-53 INFO Getting attribute: answer_label
22:23:54,972 C:\Users\ingov\PycharmProjects\ProjectR/Logs/2021-12-25_22-23-53 INFO Getting attribute: window
22:23:54,972 C:\Users\ingov\PycharmProjects\ProjectR/Logs/2021-12-25_22-23-53 INFO Getting method: command_button_correct
22:23:54,972 C:\Users\ingov\PycharmProjects\ProjectR/Logs/2021-12-25_22-23-53 INFO Setting member: button_correct to value=.!frame.!button
22:23:54,972 C:\Users\ingov\PycharmProjects\ProjectR/Logs/2021-12-25_22-23-53 INFO Getting method: command_button_failed
22:23:54,972 C:\Users\ingov\PycharmProjects\ProjectR/Logs/2021-12-25_22-23-53 INFO Setting member: button_failed to value=.!frame.!button2
22:23:54,972 C:\Users\ingov\PycharmProjects\ProjectR/Logs/2021-12-25_22-23-53 INFO Getting attribute: button_correct
22:23:54,977 C:\Users\ingov\PycharmProjects\ProjectR/Logs/2021-12-25_22-23-53 INFO Getting attribute: button_failed
22:23:54,977 C:\Users\ingov\PycharmProjects\ProjectR/Logs/2021-12-25_22-23-53 INFO Getting attribute: window
22:23:56,52 C:\Users\ingov\PycharmProjects\ProjectR/Logs/2021-12-25_22-23-53 INFO Getting method: add_result
22:23:56,52 C:\Users\ingov\PycharmProjects\ProjectR/Logs/2021-12-25_22-23-53 INFO Getting attribute: question
22:23:56,52 C:\Users\ingov\PycharmProjects\ProjectR/Logs/2021-12-25_22-23-53 INFO Getting attribute: _QuestionClass__question
22:23:56,52 C:\Users\ingov\PycharmProjects\ProjectR/Logs/2021-12-25_22-23-53 INFO Getting attribute: question
22:23:56,52 C:\Users\ingov\PycharmProjects\ProjectR/Logs/2021-12-25_22-23-53 INFO Getting attribute: button_correct
22:23:56,52 C:\Users\ingov\PycharmProjects\ProjectR/Logs/2021-12-25_22-23-53 INFO Getting attribute: button_correct
22:23:56,52 C:\Users\ingov\PycharmProjects\ProjectR/Logs/2021-12-25_22-23-53 INFO Getting attribute: button_failed
22:23:56,52 C:\Users\ingov\PycharmProjects\ProjectR/Logs/2021-12-25_22-23-53 INFO Getting attribute: button_failed
22:23:56,52 C:\Users\ingov\PycharmProjects\ProjectR/Logs/2021-12-25_22-23-53 INFO Getting attribute: window
22:23:56,52 C:\Users\ingov\PycharmProjects\ProjectR/Logs/2021-12-25_22-23-53 INFO Getting attribute: window
22:23:56,52 C:\Users\ingov\PycharmProjects\ProjectR/Logs/2021-12-25_22-23-53 INFO Getting attribute: window
22:23:56,62 C:\Users\ingov\PycharmProjects\ProjectR/Logs/2021-12-25_22-23-53 INFO Getting attribute: window
22:23:59,242 C:\Users\ingov\PycharmProjects\ProjectR/Logs/2021-12-25_22-23-53 INFO Getting into __init__ for class: QuestionClass
22:23:59,242 C:\Users\ingov\PycharmProjects\ProjectR/Logs/2021-12-25_22-23-53 INFO Attributes in args: ('What of the following ones are Python basic types?', [('Fire', False), ('Bool', True), ('Normal', False), ('Basic', False)])
22:23:59,242 C:\Users\ingov\PycharmProjects\ProjectR/Logs/2021-12-25_22-23-53 INFO Attributes in kwargs: {}
22:23:59,242 C:\Users\ingov\PycharmProjects\ProjectR/Logs/2021-12-25_22-23-53 INFO Setting member: _QuestionClass__question to value=What of the following ones are Python basic types?
22:23:59,242 C:\Users\ingov\PycharmProjects\ProjectR/Logs/2021-12-25_22-23-53 INFO Setting member: _QuestionClass__answers to value=[('Fire', False), ('Bool', True), ('Normal', False), ('Basic', False)]
22:23:59,242 C:\Users\ingov\PycharmProjects\ProjectR/Logs/2021-12-25_22-23-53 INFO Getting into __init__ for class: QuestionOneAnswerMultiple
22:23:59,242 C:\Users\ingov\PycharmProjects\ProjectR/Logs/2021-12-25_22-23-53 INFO Attributes in args: ()
22:23:59,242 C:\Users\ingov\PycharmProjects\ProjectR/Logs/2021-12-25_22-23-53 INFO Attributes in kwargs: {'width': 600, 'height': 550, 'title': 'Question 4'}
22:23:59,357 C:\Users\ingov\PycharmProjects\ProjectR/Logs/2021-12-25_22-23-53 INFO Setting member: window to value=.
22:23:59,357 C:\Users\ingov\PycharmProjects\ProjectR/Logs/2021-12-25_22-23-53 INFO Getting attribute: window
22:23:59,357 C:\Users\ingov\PycharmProjects\ProjectR/Logs/2021-12-25_22-23-53 INFO Setting member: height to value=550
22:23:59,357 C:\Users\ingov\PycharmProjects\ProjectR/Logs/2021-12-25_22-23-53 INFO Setting member: width to value=600
22:23:59,357 C:\Users\ingov\PycharmProjects\ProjectR/Logs/2021-12-25_22-23-53 INFO Getting attribute: window
22:23:59,357 C:\Users\ingov\PycharmProjects\ProjectR/Logs/2021-12-25_22-23-53 INFO Getting attribute: window
22:23:59,357 C:\Users\ingov\PycharmProjects\ProjectR/Logs/2021-12-25_22-23-53 INFO Getting attribute: window
22:23:59,357 C:\Users\ingov\PycharmProjects\ProjectR/Logs/2021-12-25_22-23-53 INFO Setting member: menu to value=.!menu
22:23:59,357 C:\Users\ingov\PycharmProjects\ProjectR/Logs/2021-12-25_22-23-53 INFO Getting attribute: window
22:23:59,357 C:\Users\ingov\PycharmProjects\ProjectR/Logs/2021-12-25_22-23-53 INFO Getting attribute: menu
22:23:59,364 C:\Users\ingov\PycharmProjects\ProjectR/Logs/2021-12-25_22-23-53 INFO Getting attribute: menu
22:23:59,364 C:\Users\ingov\PycharmProjects\ProjectR/Logs/2021-12-25_22-23-53 INFO Getting method: go_back_to_main
22:23:59,364 C:\Users\ingov\PycharmProjects\ProjectR/Logs/2021-12-25_22-23-53 INFO Getting attribute: menu
22:23:59,364 C:\Users\ingov\PycharmProjects\ProjectR/Logs/2021-12-25_22-23-53 INFO Getting attribute: _QuestionClass__question
22:23:59,364 C:\Users\ingov\PycharmProjects\ProjectR/Logs/2021-12-25_22-23-53 INFO Getting attribute: question
22:23:59,364 C:\Users\ingov\PycharmProjects\ProjectR/Logs/2021-12-25_22-23-53 INFO Getting attribute: _QuestionClass__answers
22:23:59,364 C:\Users\ingov\PycharmProjects\ProjectR/Logs/2021-12-25_22-23-53 INFO Getting attribute: answers
22:23:59,364 C:\Users\ingov\PycharmProjects\ProjectR/Logs/2021-12-25_22-23-53 INFO Setting member: question to value=What of the following ones are Python basic types?: [('Fire', False), ('Bool', True), ('Normal', False), ('Basic', False)]
22:23:59,364 C:\Users\ingov\PycharmProjects\ProjectR/Logs/2021-12-25_22-23-53 INFO Getting attribute: window
22:23:59,364 C:\Users\ingov\PycharmProjects\ProjectR/Logs/2021-12-25_22-23-53 INFO Getting attribute: _QuestionClass__question
22:23:59,364 C:\Users\ingov\PycharmProjects\ProjectR/Logs/2021-12-25_22-23-53 INFO Getting attribute: question
22:23:59,364 C:\Users\ingov\PycharmProjects\ProjectR/Logs/2021-12-25_22-23-53 INFO Setting member: question_label to value=.!label
22:23:59,364 C:\Users\ingov\PycharmProjects\ProjectR/Logs/2021-12-25_22-23-53 INFO Getting attribute: question_label
22:23:59,364 C:\Users\ingov\PycharmProjects\ProjectR/Logs/2021-12-25_22-23-53 INFO Getting attribute: question_label
22:23:59,364 C:\Users\ingov\PycharmProjects\ProjectR/Logs/2021-12-25_22-23-53 INFO Setting member: radio_buttons to value=[]
22:23:59,364 C:\Users\ingov\PycharmProjects\ProjectR/Logs/2021-12-25_22-23-53 INFO Setting member: answer_group to value=PY_VAR0
22:23:59,364 C:\Users\ingov\PycharmProjects\ProjectR/Logs/2021-12-25_22-23-53 INFO Setting member: radio_button_font to value=('TkDefaultFont', 12)
22:23:59,364 C:\Users\ingov\PycharmProjects\ProjectR/Logs/2021-12-25_22-23-53 INFO Getting attribute: question
22:23:59,364 C:\Users\ingov\PycharmProjects\ProjectR/Logs/2021-12-25_22-23-53 INFO Getting attribute: _QuestionClass__answers
22:23:59,364 C:\Users\ingov\PycharmProjects\ProjectR/Logs/2021-12-25_22-23-53 INFO Getting attribute: answers
22:23:59,364 C:\Users\ingov\PycharmProjects\ProjectR/Logs/2021-12-25_22-23-53 INFO Getting attribute: window
22:23:59,364 C:\Users\ingov\PycharmProjects\ProjectR/Logs/2021-12-25_22-23-53 INFO Getting attribute: answer_group
22:23:59,364 C:\Users\ingov\PycharmProjects\ProjectR/Logs/2021-12-25_22-23-53 INFO Getting method: reveal_result
22:23:59,364 C:\Users\ingov\PycharmProjects\ProjectR/Logs/2021-12-25_22-23-53 INFO Getting attribute: radio_button_font
22:23:59,364 C:\Users\ingov\PycharmProjects\ProjectR/Logs/2021-12-25_22-23-53 INFO Getting attribute: radio_buttons
22:23:59,364 C:\Users\ingov\PycharmProjects\ProjectR/Logs/2021-12-25_22-23-53 INFO Getting attribute: window
22:23:59,364 C:\Users\ingov\PycharmProjects\ProjectR/Logs/2021-12-25_22-23-53 INFO Getting attribute: answer_group
22:23:59,364 C:\Users\ingov\PycharmProjects\ProjectR/Logs/2021-12-25_22-23-53 INFO Getting method: reveal_result
22:23:59,364 C:\Users\ingov\PycharmProjects\ProjectR/Logs/2021-12-25_22-23-53 INFO Getting attribute: radio_button_font
22:23:59,364 C:\Users\ingov\PycharmProjects\ProjectR/Logs/2021-12-25_22-23-53 INFO Getting attribute: radio_buttons
22:23:59,364 C:\Users\ingov\PycharmProjects\ProjectR/Logs/2021-12-25_22-23-53 INFO Getting attribute: window
22:23:59,364 C:\Users\ingov\PycharmProjects\ProjectR/Logs/2021-12-25_22-23-53 INFO Getting attribute: answer_group
22:23:59,364 C:\Users\ingov\PycharmProjects\ProjectR/Logs/2021-12-25_22-23-53 INFO Getting method: reveal_result
22:23:59,364 C:\Users\ingov\PycharmProjects\ProjectR/Logs/2021-12-25_22-23-53 INFO Getting attribute: radio_button_font
22:23:59,364 C:\Users\ingov\PycharmProjects\ProjectR/Logs/2021-12-25_22-23-53 INFO Getting attribute: radio_buttons
22:23:59,364 C:\Users\ingov\PycharmProjects\ProjectR/Logs/2021-12-25_22-23-53 INFO Getting attribute: window
22:23:59,364 C:\Users\ingov\PycharmProjects\ProjectR/Logs/2021-12-25_22-23-53 INFO Getting attribute: answer_group
22:23:59,364 C:\Users\ingov\PycharmProjects\ProjectR/Logs/2021-12-25_22-23-53 INFO Getting method: reveal_result
22:23:59,364 C:\Users\ingov\PycharmProjects\ProjectR/Logs/2021-12-25_22-23-53 INFO Getting attribute: radio_button_font
22:23:59,364 C:\Users\ingov\PycharmProjects\ProjectR/Logs/2021-12-25_22-23-53 INFO Getting attribute: radio_buttons
22:23:59,364 C:\Users\ingov\PycharmProjects\ProjectR/Logs/2021-12-25_22-23-53 INFO Getting attribute: window
