21:08:19,877 C:\Users\ingov\PycharmProjects\ProjectR/Logs/2021-12-22_21-08-19 INFO Log has been created and started
21:08:19,877 C:\Users\ingov\PycharmProjects\ProjectR/Logs/2021-12-22_21-08-19 INFO Metaclass MetaAbsLogger: Starting class MetaLogger
21:08:19,887 C:\Users\ingov\PycharmProjects\ProjectR/Logs/2021-12-22_21-08-19 INFO Metaclass MetaLogger: Starting class QuestionClass
21:08:19,909 C:\Users\ingov\PycharmProjects\ProjectR/Logs/2021-12-22_21-08-19 INFO Metaclass MetaLogger: Starting class QuestionnaireClass
21:08:19,947 C:\Users\ingov\PycharmProjects\ProjectR/Logs/2021-12-22_21-08-19 INFO Metaclass MetaAbsLogger: Starting class SimpleWindow
21:08:19,979 C:\Users\ingov\PycharmProjects\ProjectR/Logs/2021-12-22_21-08-19 INFO C:\Users\ingov\PycharmProjects\ProjectR/Config/config.cfg, exists so we will read it
21:08:19,979 C:\Users\ingov\PycharmProjects\ProjectR/Logs/2021-12-22_21-08-19 INFO Seconds to answer a question: 10
21:08:19,979 C:\Users\ingov\PycharmProjects\ProjectR/Logs/2021-12-22_21-08-19 INFO Seconds between questions: 30
21:08:19,987 C:\Users\ingov\PycharmProjects\ProjectR/Logs/2021-12-22_21-08-19 INFO C:\Users\ingov\PycharmProjects\ProjectR/Config/config.cfg is closed now
21:08:19,987 C:\Users\ingov\PycharmProjects\ProjectR/Logs/2021-12-22_21-08-19 INFO Metaclass MetaLogger: Starting class ConfigClass
21:08:19,987 C:\Users\ingov\PycharmProjects\ProjectR/Logs/2021-12-22_21-08-19 INFO Metaclass MetaAbsLogger: Starting class QuestionWindowAbs
21:08:19,987 C:\Users\ingov\PycharmProjects\ProjectR/Logs/2021-12-22_21-08-19 INFO Metaclass MetaAbsLogger: Starting class QuestionOneAnswer
21:08:19,987 C:\Users\ingov\PycharmProjects\ProjectR/Logs/2021-12-22_21-08-19 INFO Getting into __init__ for class: QuestionClass
21:08:19,987 C:\Users\ingov\PycharmProjects\ProjectR/Logs/2021-12-22_21-08-19 INFO Attributes in args: ('What do you say to a person in the morning?', 'Good morning')
21:08:19,987 C:\Users\ingov\PycharmProjects\ProjectR/Logs/2021-12-22_21-08-19 INFO Attributes in kwargs: {}
21:08:19,987 C:\Users\ingov\PycharmProjects\ProjectR/Logs/2021-12-22_21-08-19 INFO Setting member: _QuestionClass__question to value=What do you say to a person in the morning?
21:08:19,987 C:\Users\ingov\PycharmProjects\ProjectR/Logs/2021-12-22_21-08-19 INFO Setting member: _QuestionClass__answers to value=Good morning
21:08:19,987 C:\Users\ingov\PycharmProjects\ProjectR/Logs/2021-12-22_21-08-19 INFO Getting into __init__ for class: QuestionOneAnswer
21:08:19,987 C:\Users\ingov\PycharmProjects\ProjectR/Logs/2021-12-22_21-08-19 INFO Attributes in args: (500, 600, 'Question 3')
21:08:19,987 C:\Users\ingov\PycharmProjects\ProjectR/Logs/2021-12-22_21-08-19 INFO Attributes in kwargs: {}
21:08:20,147 C:\Users\ingov\PycharmProjects\ProjectR/Logs/2021-12-22_21-08-19 INFO Setting member: window to value=.
21:08:20,147 C:\Users\ingov\PycharmProjects\ProjectR/Logs/2021-12-22_21-08-19 INFO Getting attribute: window
21:08:20,147 C:\Users\ingov\PycharmProjects\ProjectR/Logs/2021-12-22_21-08-19 INFO Setting member: height to value=500
21:08:20,147 C:\Users\ingov\PycharmProjects\ProjectR/Logs/2021-12-22_21-08-19 INFO Setting member: width to value=600
21:08:20,147 C:\Users\ingov\PycharmProjects\ProjectR/Logs/2021-12-22_21-08-19 INFO Getting attribute: window
21:08:20,152 C:\Users\ingov\PycharmProjects\ProjectR/Logs/2021-12-22_21-08-19 INFO Getting attribute: window
21:08:20,152 C:\Users\ingov\PycharmProjects\ProjectR/Logs/2021-12-22_21-08-19 INFO Getting attribute: _QuestionClass__question
21:08:20,152 C:\Users\ingov\PycharmProjects\ProjectR/Logs/2021-12-22_21-08-19 INFO Getting attribute: question
21:08:20,152 C:\Users\ingov\PycharmProjects\ProjectR/Logs/2021-12-22_21-08-19 INFO Setting member: question_label to value=.!label
21:08:20,155 C:\Users\ingov\PycharmProjects\ProjectR/Logs/2021-12-22_21-08-19 INFO Getting attribute: question_label
21:08:20,155 C:\Users\ingov\PycharmProjects\ProjectR/Logs/2021-12-22_21-08-19 INFO Getting attribute: window
21:08:20,155 C:\Users\ingov\PycharmProjects\ProjectR/Logs/2021-12-22_21-08-19 INFO Setting member: button_answer to value=.!button
21:08:20,155 C:\Users\ingov\PycharmProjects\ProjectR/Logs/2021-12-22_21-08-19 INFO Getting attribute: button_answer
21:08:20,155 C:\Users\ingov\PycharmProjects\ProjectR/Logs/2021-12-22_21-08-19 INFO Getting attribute: window
