22:08:08,442 C:\Users\ingov\PycharmProjects\ProjectR/Logs/2021-12-25_22-08-08 INFO Log has been created and started
22:08:08,442 C:\Users\ingov\PycharmProjects\ProjectR/Logs/2021-12-25_22-08-08 INFO Metaclass MetaAbsLogger: Starting class MetaLogger
22:08:08,452 C:\Users\ingov\PycharmProjects\ProjectR/Logs/2021-12-25_22-08-08 INFO Metaclass MetaLogger: Starting class QuestionClass
22:08:08,462 C:\Users\ingov\PycharmProjects\ProjectR/Logs/2021-12-25_22-08-08 INFO Metaclass MetaLogger: Starting class QuestionnaireClass
22:08:08,467 C:\Users\ingov\PycharmProjects\ProjectR/Logs/2021-12-25_22-08-08 INFO Metaclass MetaAbsLogger: Starting class CurrentSession
22:08:08,484 C:\Users\ingov\PycharmProjects\ProjectR/Logs/2021-12-25_22-08-08 INFO Metaclass MetaAbsLogger: Starting class SimpleWindow
22:08:08,502 C:\Users\ingov\PycharmProjects\ProjectR/Logs/2021-12-25_22-08-08 INFO C:\Users\ingov\PycharmProjects\ProjectR/Config/config.cfg, exists so we will read it
22:08:08,502 C:\Users\ingov\PycharmProjects\ProjectR/Logs/2021-12-25_22-08-08 INFO Seconds to answer a question: 10
22:08:08,502 C:\Users\ingov\PycharmProjects\ProjectR/Logs/2021-12-25_22-08-08 INFO Seconds between questions: 30
22:08:08,502 C:\Users\ingov\PycharmProjects\ProjectR/Logs/2021-12-25_22-08-08 INFO C:\Users\ingov\PycharmProjects\ProjectR/Config/config.cfg is closed now
22:08:08,502 C:\Users\ingov\PycharmProjects\ProjectR/Logs/2021-12-25_22-08-08 INFO Metaclass MetaLogger: Starting class ConfigClass
22:08:08,502 C:\Users\ingov\PycharmProjects\ProjectR/Logs/2021-12-25_22-08-08 INFO Metaclass MetaAbsLogger: Starting class QuestionWindowAbs
22:08:08,502 C:\Users\ingov\PycharmProjects\ProjectR/Logs/2021-12-25_22-08-08 INFO Metaclass MetaAbsLogger: Starting class QuestionOneAnswer
22:08:08,502 C:\Users\ingov\PycharmProjects\ProjectR/Logs/2021-12-25_22-08-08 INFO Metaclass MetaAbsLogger: Starting class QuestionOneAnswerMultiple
22:08:08,502 C:\Users\ingov\PycharmProjects\ProjectR/Logs/2021-12-25_22-08-08 INFO Metaclass MetaAbsLogger: Starting class QuestionTwoAnswersMultiple
22:08:08,502 C:\Users\ingov\PycharmProjects\ProjectR/Logs/2021-12-25_22-08-08 INFO Getting into __init__ for class: QuestionClass
22:08:08,502 C:\Users\ingov\PycharmProjects\ProjectR/Logs/2021-12-25_22-08-08 INFO Attributes in args: ('What do you say to a person in the morning?', 'Good morning')
22:08:08,502 C:\Users\ingov\PycharmProjects\ProjectR/Logs/2021-12-25_22-08-08 INFO Attributes in kwargs: {}
22:08:08,502 C:\Users\ingov\PycharmProjects\ProjectR/Logs/2021-12-25_22-08-08 INFO Setting member: _QuestionClass__question to value=What do you say to a person in the morning?
22:08:08,502 C:\Users\ingov\PycharmProjects\ProjectR/Logs/2021-12-25_22-08-08 INFO Setting member: _QuestionClass__answers to value=Good morning
22:08:08,502 C:\Users\ingov\PycharmProjects\ProjectR/Logs/2021-12-25_22-08-08 INFO Getting into __init__ for class: QuestionOneAnswer
22:08:08,502 C:\Users\ingov\PycharmProjects\ProjectR/Logs/2021-12-25_22-08-08 INFO Attributes in args: ()
22:08:08,512 C:\Users\ingov\PycharmProjects\ProjectR/Logs/2021-12-25_22-08-08 INFO Attributes in kwargs: {'width': 600, 'height': 450, 'title': 'Question 3'}
22:08:08,582 C:\Users\ingov\PycharmProjects\ProjectR/Logs/2021-12-25_22-08-08 INFO Setting member: window to value=.
22:08:08,582 C:\Users\ingov\PycharmProjects\ProjectR/Logs/2021-12-25_22-08-08 INFO Getting attribute: window
22:08:08,582 C:\Users\ingov\PycharmProjects\ProjectR/Logs/2021-12-25_22-08-08 INFO Setting member: height to value=450
22:08:08,582 C:\Users\ingov\PycharmProjects\ProjectR/Logs/2021-12-25_22-08-08 INFO Setting member: width to value=600
22:08:08,582 C:\Users\ingov\PycharmProjects\ProjectR/Logs/2021-12-25_22-08-08 INFO Getting attribute: window
22:08:08,582 C:\Users\ingov\PycharmProjects\ProjectR/Logs/2021-12-25_22-08-08 INFO Getting attribute: window
22:08:08,582 C:\Users\ingov\PycharmProjects\ProjectR/Logs/2021-12-25_22-08-08 INFO Getting attribute: window
22:08:08,594 C:\Users\ingov\PycharmProjects\ProjectR/Logs/2021-12-25_22-08-08 INFO Setting member: menu to value=.!menu
22:08:08,594 C:\Users\ingov\PycharmProjects\ProjectR/Logs/2021-12-25_22-08-08 INFO Getting attribute: window
22:08:08,594 C:\Users\ingov\PycharmProjects\ProjectR/Logs/2021-12-25_22-08-08 INFO Getting attribute: menu
22:08:08,594 C:\Users\ingov\PycharmProjects\ProjectR/Logs/2021-12-25_22-08-08 INFO Getting attribute: menu
22:08:08,594 C:\Users\ingov\PycharmProjects\ProjectR/Logs/2021-12-25_22-08-08 INFO Getting method: go_back_to_main
22:08:08,594 C:\Users\ingov\PycharmProjects\ProjectR/Logs/2021-12-25_22-08-08 INFO Getting attribute: menu
22:08:08,594 C:\Users\ingov\PycharmProjects\ProjectR/Logs/2021-12-25_22-08-08 INFO Getting attribute: _QuestionClass__question
22:08:08,594 C:\Users\ingov\PycharmProjects\ProjectR/Logs/2021-12-25_22-08-08 INFO Getting attribute: question
22:08:08,594 C:\Users\ingov\PycharmProjects\ProjectR/Logs/2021-12-25_22-08-08 INFO Getting attribute: _QuestionClass__answers
22:08:08,594 C:\Users\ingov\PycharmProjects\ProjectR/Logs/2021-12-25_22-08-08 INFO Getting attribute: answers
22:08:08,602 C:\Users\ingov\PycharmProjects\ProjectR/Logs/2021-12-25_22-08-08 INFO Setting member: question to value=What do you say to a person in the morning?: Good morning
22:08:08,602 C:\Users\ingov\PycharmProjects\ProjectR/Logs/2021-12-25_22-08-08 INFO Getting attribute: window
22:08:08,602 C:\Users\ingov\PycharmProjects\ProjectR/Logs/2021-12-25_22-08-08 INFO Getting attribute: _QuestionClass__question
22:08:08,602 C:\Users\ingov\PycharmProjects\ProjectR/Logs/2021-12-25_22-08-08 INFO Getting attribute: question
22:08:08,602 C:\Users\ingov\PycharmProjects\ProjectR/Logs/2021-12-25_22-08-08 INFO Setting member: question_label to value=.!label
22:08:08,602 C:\Users\ingov\PycharmProjects\ProjectR/Logs/2021-12-25_22-08-08 INFO Getting attribute: question_label
22:08:08,602 C:\Users\ingov\PycharmProjects\ProjectR/Logs/2021-12-25_22-08-08 INFO Getting attribute: question_label
22:08:08,602 C:\Users\ingov\PycharmProjects\ProjectR/Logs/2021-12-25_22-08-08 INFO Getting attribute: window
22:08:08,602 C:\Users\ingov\PycharmProjects\ProjectR/Logs/2021-12-25_22-08-08 INFO Getting method: reveal_answer
22:08:08,602 C:\Users\ingov\PycharmProjects\ProjectR/Logs/2021-12-25_22-08-08 INFO Setting member: button_answer to value=.!button
22:08:08,602 C:\Users\ingov\PycharmProjects\ProjectR/Logs/2021-12-25_22-08-08 INFO Getting attribute: button_answer
22:08:08,602 C:\Users\ingov\PycharmProjects\ProjectR/Logs/2021-12-25_22-08-08 INFO Setting member: answer_label to value=None
22:08:08,602 C:\Users\ingov\PycharmProjects\ProjectR/Logs/2021-12-25_22-08-08 INFO Getting attribute: window
22:08:09,792 C:\Users\ingov\PycharmProjects\ProjectR/Logs/2021-12-25_22-08-08 INFO Getting attribute: question
22:08:09,792 C:\Users\ingov\PycharmProjects\ProjectR/Logs/2021-12-25_22-08-08 INFO Getting method: get_correct_answers
22:08:09,792 C:\Users\ingov\PycharmProjects\ProjectR/Logs/2021-12-25_22-08-08 INFO Getting method: get_question_type
22:08:09,792 C:\Users\ingov\PycharmProjects\ProjectR/Logs/2021-12-25_22-08-08 INFO Getting attribute: _QuestionClass__answers
22:08:09,792 C:\Users\ingov\PycharmProjects\ProjectR/Logs/2021-12-25_22-08-08 INFO Getting attribute: logger
22:08:09,792 C:\Users\ingov\PycharmProjects\ProjectR/Logs/2021-12-25_22-08-08 INFO This question is a single answer question: Text input: value 0
22:08:09,792 C:\Users\ingov\PycharmProjects\ProjectR/Logs/2021-12-25_22-08-08 INFO Getting attribute: logger
22:08:09,792 C:\Users\ingov\PycharmProjects\ProjectR/Logs/2021-12-25_22-08-08 INFO Getting attribute: _QuestionClass__answers
22:08:09,792 C:\Users\ingov\PycharmProjects\ProjectR/Logs/2021-12-25_22-08-08 INFO The correct answer is Good morning
22:08:09,792 C:\Users\ingov\PycharmProjects\ProjectR/Logs/2021-12-25_22-08-08 INFO Getting attribute: _QuestionClass__answers
22:08:09,792 C:\Users\ingov\PycharmProjects\ProjectR/Logs/2021-12-25_22-08-08 INFO Getting attribute: window
22:08:09,792 C:\Users\ingov\PycharmProjects\ProjectR/Logs/2021-12-25_22-08-08 INFO Getting attribute: question
22:08:09,792 C:\Users\ingov\PycharmProjects\ProjectR/Logs/2021-12-25_22-08-08 INFO Getting method: get_correct_answers
22:08:09,792 C:\Users\ingov\PycharmProjects\ProjectR/Logs/2021-12-25_22-08-08 INFO Getting method: get_question_type
22:08:09,792 C:\Users\ingov\PycharmProjects\ProjectR/Logs/2021-12-25_22-08-08 INFO Getting attribute: _QuestionClass__answers
22:08:09,792 C:\Users\ingov\PycharmProjects\ProjectR/Logs/2021-12-25_22-08-08 INFO Getting attribute: logger
22:08:09,792 C:\Users\ingov\PycharmProjects\ProjectR/Logs/2021-12-25_22-08-08 INFO This question is a single answer question: Text input: value 0
22:08:09,792 C:\Users\ingov\PycharmProjects\ProjectR/Logs/2021-12-25_22-08-08 INFO Getting attribute: logger
22:08:09,792 C:\Users\ingov\PycharmProjects\ProjectR/Logs/2021-12-25_22-08-08 INFO Getting attribute: _QuestionClass__answers
22:08:09,792 C:\Users\ingov\PycharmProjects\ProjectR/Logs/2021-12-25_22-08-08 INFO The correct answer is Good morning
22:08:09,792 C:\Users\ingov\PycharmProjects\ProjectR/Logs/2021-12-25_22-08-08 INFO Getting attribute: _QuestionClass__answers
22:08:09,792 C:\Users\ingov\PycharmProjects\ProjectR/Logs/2021-12-25_22-08-08 INFO Setting member: answer_label to value=.!label2
22:08:09,792 C:\Users\ingov\PycharmProjects\ProjectR/Logs/2021-12-25_22-08-08 INFO Getting attribute: answer_label
22:08:09,792 C:\Users\ingov\PycharmProjects\ProjectR/Logs/2021-12-25_22-08-08 INFO Getting attribute: window
22:08:09,802 C:\Users\ingov\PycharmProjects\ProjectR/Logs/2021-12-25_22-08-08 INFO Getting method: command_button_correct
22:08:09,802 C:\Users\ingov\PycharmProjects\ProjectR/Logs/2021-12-25_22-08-08 INFO Getting method: command_button_failed
22:08:09,802 C:\Users\ingov\PycharmProjects\ProjectR/Logs/2021-12-25_22-08-08 INFO Getting attribute: window
22:08:10,767 C:\Users\ingov\PycharmProjects\ProjectR/Logs/2021-12-25_22-08-08 INFO Getting attribute: question
22:08:10,772 C:\Users\ingov\PycharmProjects\ProjectR/Logs/2021-12-25_22-08-08 INFO Getting method: get_correct_answers
22:08:10,772 C:\Users\ingov\PycharmProjects\ProjectR/Logs/2021-12-25_22-08-08 INFO Getting method: get_question_type
22:08:10,772 C:\Users\ingov\PycharmProjects\ProjectR/Logs/2021-12-25_22-08-08 INFO Getting attribute: _QuestionClass__answers
22:08:10,772 C:\Users\ingov\PycharmProjects\ProjectR/Logs/2021-12-25_22-08-08 INFO Getting attribute: logger
22:08:10,772 C:\Users\ingov\PycharmProjects\ProjectR/Logs/2021-12-25_22-08-08 INFO This question is a single answer question: Text input: value 0
22:08:10,772 C:\Users\ingov\PycharmProjects\ProjectR/Logs/2021-12-25_22-08-08 INFO Getting attribute: logger
22:08:10,772 C:\Users\ingov\PycharmProjects\ProjectR/Logs/2021-12-25_22-08-08 INFO Getting attribute: _QuestionClass__answers
22:08:10,772 C:\Users\ingov\PycharmProjects\ProjectR/Logs/2021-12-25_22-08-08 INFO The correct answer is Good morning
22:08:10,772 C:\Users\ingov\PycharmProjects\ProjectR/Logs/2021-12-25_22-08-08 INFO Getting attribute: _QuestionClass__answers
22:08:10,772 C:\Users\ingov\PycharmProjects\ProjectR/Logs/2021-12-25_22-08-08 INFO Getting attribute: window
22:08:10,772 C:\Users\ingov\PycharmProjects\ProjectR/Logs/2021-12-25_22-08-08 INFO Getting attribute: question
22:08:10,772 C:\Users\ingov\PycharmProjects\ProjectR/Logs/2021-12-25_22-08-08 INFO Getting method: get_correct_answers
22:08:10,772 C:\Users\ingov\PycharmProjects\ProjectR/Logs/2021-12-25_22-08-08 INFO Getting method: get_question_type
22:08:10,772 C:\Users\ingov\PycharmProjects\ProjectR/Logs/2021-12-25_22-08-08 INFO Getting attribute: _QuestionClass__answers
22:08:10,772 C:\Users\ingov\PycharmProjects\ProjectR/Logs/2021-12-25_22-08-08 INFO Getting attribute: logger
22:08:10,772 C:\Users\ingov\PycharmProjects\ProjectR/Logs/2021-12-25_22-08-08 INFO This question is a single answer question: Text input: value 0
22:08:10,772 C:\Users\ingov\PycharmProjects\ProjectR/Logs/2021-12-25_22-08-08 INFO Getting attribute: logger
22:08:10,772 C:\Users\ingov\PycharmProjects\ProjectR/Logs/2021-12-25_22-08-08 INFO Getting attribute: _QuestionClass__answers
22:08:10,772 C:\Users\ingov\PycharmProjects\ProjectR/Logs/2021-12-25_22-08-08 INFO The correct answer is Good morning
22:08:10,772 C:\Users\ingov\PycharmProjects\ProjectR/Logs/2021-12-25_22-08-08 INFO Getting attribute: _QuestionClass__answers
22:08:10,772 C:\Users\ingov\PycharmProjects\ProjectR/Logs/2021-12-25_22-08-08 INFO Setting member: answer_label to value=.!label3
22:08:10,772 C:\Users\ingov\PycharmProjects\ProjectR/Logs/2021-12-25_22-08-08 INFO Getting attribute: answer_label
22:08:10,772 C:\Users\ingov\PycharmProjects\ProjectR/Logs/2021-12-25_22-08-08 INFO Getting attribute: window
22:08:10,772 C:\Users\ingov\PycharmProjects\ProjectR/Logs/2021-12-25_22-08-08 INFO Getting method: command_button_correct
22:08:10,772 C:\Users\ingov\PycharmProjects\ProjectR/Logs/2021-12-25_22-08-08 INFO Getting method: command_button_failed
22:08:10,772 C:\Users\ingov\PycharmProjects\ProjectR/Logs/2021-12-25_22-08-08 INFO Getting attribute: window
22:08:11,93 C:\Users\ingov\PycharmProjects\ProjectR/Logs/2021-12-25_22-08-08 INFO Getting attribute: question
22:08:11,93 C:\Users\ingov\PycharmProjects\ProjectR/Logs/2021-12-25_22-08-08 INFO Getting method: get_correct_answers
22:08:11,93 C:\Users\ingov\PycharmProjects\ProjectR/Logs/2021-12-25_22-08-08 INFO Getting method: get_question_type
22:08:11,93 C:\Users\ingov\PycharmProjects\ProjectR/Logs/2021-12-25_22-08-08 INFO Getting attribute: _QuestionClass__answers
22:08:11,93 C:\Users\ingov\PycharmProjects\ProjectR/Logs/2021-12-25_22-08-08 INFO Getting attribute: logger
22:08:11,93 C:\Users\ingov\PycharmProjects\ProjectR/Logs/2021-12-25_22-08-08 INFO This question is a single answer question: Text input: value 0
22:08:11,93 C:\Users\ingov\PycharmProjects\ProjectR/Logs/2021-12-25_22-08-08 INFO Getting attribute: logger
22:08:11,93 C:\Users\ingov\PycharmProjects\ProjectR/Logs/2021-12-25_22-08-08 INFO Getting attribute: _QuestionClass__answers
22:08:11,93 C:\Users\ingov\PycharmProjects\ProjectR/Logs/2021-12-25_22-08-08 INFO The correct answer is Good morning
22:08:11,93 C:\Users\ingov\PycharmProjects\ProjectR/Logs/2021-12-25_22-08-08 INFO Getting attribute: _QuestionClass__answers
22:08:11,93 C:\Users\ingov\PycharmProjects\ProjectR/Logs/2021-12-25_22-08-08 INFO Getting attribute: window
22:08:11,93 C:\Users\ingov\PycharmProjects\ProjectR/Logs/2021-12-25_22-08-08 INFO Getting attribute: question
22:08:11,93 C:\Users\ingov\PycharmProjects\ProjectR/Logs/2021-12-25_22-08-08 INFO Getting method: get_correct_answers
22:08:11,93 C:\Users\ingov\PycharmProjects\ProjectR/Logs/2021-12-25_22-08-08 INFO Getting method: get_question_type
22:08:11,93 C:\Users\ingov\PycharmProjects\ProjectR/Logs/2021-12-25_22-08-08 INFO Getting attribute: _QuestionClass__answers
22:08:11,93 C:\Users\ingov\PycharmProjects\ProjectR/Logs/2021-12-25_22-08-08 INFO Getting attribute: logger
22:08:11,102 C:\Users\ingov\PycharmProjects\ProjectR/Logs/2021-12-25_22-08-08 INFO This question is a single answer question: Text input: value 0
22:08:11,102 C:\Users\ingov\PycharmProjects\ProjectR/Logs/2021-12-25_22-08-08 INFO Getting attribute: logger
22:08:11,102 C:\Users\ingov\PycharmProjects\ProjectR/Logs/2021-12-25_22-08-08 INFO Getting attribute: _QuestionClass__answers
22:08:11,102 C:\Users\ingov\PycharmProjects\ProjectR/Logs/2021-12-25_22-08-08 INFO The correct answer is Good morning
22:08:11,102 C:\Users\ingov\PycharmProjects\ProjectR/Logs/2021-12-25_22-08-08 INFO Getting attribute: _QuestionClass__answers
22:08:11,102 C:\Users\ingov\PycharmProjects\ProjectR/Logs/2021-12-25_22-08-08 INFO Setting member: answer_label to value=.!label4
22:08:11,102 C:\Users\ingov\PycharmProjects\ProjectR/Logs/2021-12-25_22-08-08 INFO Getting attribute: answer_label
22:08:11,102 C:\Users\ingov\PycharmProjects\ProjectR/Logs/2021-12-25_22-08-08 INFO Getting attribute: window
22:08:11,102 C:\Users\ingov\PycharmProjects\ProjectR/Logs/2021-12-25_22-08-08 INFO Getting method: command_button_correct
22:08:11,102 C:\Users\ingov\PycharmProjects\ProjectR/Logs/2021-12-25_22-08-08 INFO Getting method: command_button_failed
22:08:11,102 C:\Users\ingov\PycharmProjects\ProjectR/Logs/2021-12-25_22-08-08 INFO Getting attribute: window
22:08:11,312 C:\Users\ingov\PycharmProjects\ProjectR/Logs/2021-12-25_22-08-08 INFO Getting attribute: question
22:08:11,312 C:\Users\ingov\PycharmProjects\ProjectR/Logs/2021-12-25_22-08-08 INFO Getting method: get_correct_answers
22:08:11,312 C:\Users\ingov\PycharmProjects\ProjectR/Logs/2021-12-25_22-08-08 INFO Getting method: get_question_type
22:08:11,312 C:\Users\ingov\PycharmProjects\ProjectR/Logs/2021-12-25_22-08-08 INFO Getting attribute: _QuestionClass__answers
22:08:11,312 C:\Users\ingov\PycharmProjects\ProjectR/Logs/2021-12-25_22-08-08 INFO Getting attribute: logger
22:08:11,312 C:\Users\ingov\PycharmProjects\ProjectR/Logs/2021-12-25_22-08-08 INFO This question is a single answer question: Text input: value 0
22:08:11,312 C:\Users\ingov\PycharmProjects\ProjectR/Logs/2021-12-25_22-08-08 INFO Getting attribute: logger
22:08:11,312 C:\Users\ingov\PycharmProjects\ProjectR/Logs/2021-12-25_22-08-08 INFO Getting attribute: _QuestionClass__answers
22:08:11,312 C:\Users\ingov\PycharmProjects\ProjectR/Logs/2021-12-25_22-08-08 INFO The correct answer is Good morning
22:08:11,312 C:\Users\ingov\PycharmProjects\ProjectR/Logs/2021-12-25_22-08-08 INFO Getting attribute: _QuestionClass__answers
22:08:11,312 C:\Users\ingov\PycharmProjects\ProjectR/Logs/2021-12-25_22-08-08 INFO Getting attribute: window
22:08:11,312 C:\Users\ingov\PycharmProjects\ProjectR/Logs/2021-12-25_22-08-08 INFO Getting attribute: question
22:08:11,312 C:\Users\ingov\PycharmProjects\ProjectR/Logs/2021-12-25_22-08-08 INFO Getting method: get_correct_answers
22:08:11,312 C:\Users\ingov\PycharmProjects\ProjectR/Logs/2021-12-25_22-08-08 INFO Getting method: get_question_type
22:08:11,312 C:\Users\ingov\PycharmProjects\ProjectR/Logs/2021-12-25_22-08-08 INFO Getting attribute: _QuestionClass__answers
22:08:11,312 C:\Users\ingov\PycharmProjects\ProjectR/Logs/2021-12-25_22-08-08 INFO Getting attribute: logger
22:08:11,312 C:\Users\ingov\PycharmProjects\ProjectR/Logs/2021-12-25_22-08-08 INFO This question is a single answer question: Text input: value 0
22:08:11,312 C:\Users\ingov\PycharmProjects\ProjectR/Logs/2021-12-25_22-08-08 INFO Getting attribute: logger
22:08:11,312 C:\Users\ingov\PycharmProjects\ProjectR/Logs/2021-12-25_22-08-08 INFO Getting attribute: _QuestionClass__answers
22:08:11,312 C:\Users\ingov\PycharmProjects\ProjectR/Logs/2021-12-25_22-08-08 INFO The correct answer is Good morning
22:08:11,312 C:\Users\ingov\PycharmProjects\ProjectR/Logs/2021-12-25_22-08-08 INFO Getting attribute: _QuestionClass__answers
22:08:11,312 C:\Users\ingov\PycharmProjects\ProjectR/Logs/2021-12-25_22-08-08 INFO Setting member: answer_label to value=.!label5
22:08:11,312 C:\Users\ingov\PycharmProjects\ProjectR/Logs/2021-12-25_22-08-08 INFO Getting attribute: answer_label
22:08:11,312 C:\Users\ingov\PycharmProjects\ProjectR/Logs/2021-12-25_22-08-08 INFO Getting attribute: window
22:08:11,312 C:\Users\ingov\PycharmProjects\ProjectR/Logs/2021-12-25_22-08-08 INFO Getting method: command_button_correct
22:08:11,322 C:\Users\ingov\PycharmProjects\ProjectR/Logs/2021-12-25_22-08-08 INFO Getting method: command_button_failed
22:08:11,322 C:\Users\ingov\PycharmProjects\ProjectR/Logs/2021-12-25_22-08-08 INFO Getting attribute: window
22:08:11,672 C:\Users\ingov\PycharmProjects\ProjectR/Logs/2021-12-25_22-08-08 INFO Getting attribute: question
22:08:11,672 C:\Users\ingov\PycharmProjects\ProjectR/Logs/2021-12-25_22-08-08 INFO Getting method: get_correct_answers
22:08:11,672 C:\Users\ingov\PycharmProjects\ProjectR/Logs/2021-12-25_22-08-08 INFO Getting method: get_question_type
22:08:11,672 C:\Users\ingov\PycharmProjects\ProjectR/Logs/2021-12-25_22-08-08 INFO Getting attribute: _QuestionClass__answers
22:08:11,672 C:\Users\ingov\PycharmProjects\ProjectR/Logs/2021-12-25_22-08-08 INFO Getting attribute: logger
22:08:11,672 C:\Users\ingov\PycharmProjects\ProjectR/Logs/2021-12-25_22-08-08 INFO This question is a single answer question: Text input: value 0
22:08:11,672 C:\Users\ingov\PycharmProjects\ProjectR/Logs/2021-12-25_22-08-08 INFO Getting attribute: logger
22:08:11,672 C:\Users\ingov\PycharmProjects\ProjectR/Logs/2021-12-25_22-08-08 INFO Getting attribute: _QuestionClass__answers
22:08:11,672 C:\Users\ingov\PycharmProjects\ProjectR/Logs/2021-12-25_22-08-08 INFO The correct answer is Good morning
22:08:11,672 C:\Users\ingov\PycharmProjects\ProjectR/Logs/2021-12-25_22-08-08 INFO Getting attribute: _QuestionClass__answers
22:08:11,672 C:\Users\ingov\PycharmProjects\ProjectR/Logs/2021-12-25_22-08-08 INFO Getting attribute: window
22:08:11,672 C:\Users\ingov\PycharmProjects\ProjectR/Logs/2021-12-25_22-08-08 INFO Getting attribute: question
22:08:11,672 C:\Users\ingov\PycharmProjects\ProjectR/Logs/2021-12-25_22-08-08 INFO Getting method: get_correct_answers
22:08:11,672 C:\Users\ingov\PycharmProjects\ProjectR/Logs/2021-12-25_22-08-08 INFO Getting method: get_question_type
22:08:11,672 C:\Users\ingov\PycharmProjects\ProjectR/Logs/2021-12-25_22-08-08 INFO Getting attribute: _QuestionClass__answers
22:08:11,672 C:\Users\ingov\PycharmProjects\ProjectR/Logs/2021-12-25_22-08-08 INFO Getting attribute: logger
22:08:11,672 C:\Users\ingov\PycharmProjects\ProjectR/Logs/2021-12-25_22-08-08 INFO This question is a single answer question: Text input: value 0
22:08:11,672 C:\Users\ingov\PycharmProjects\ProjectR/Logs/2021-12-25_22-08-08 INFO Getting attribute: logger
22:08:11,672 C:\Users\ingov\PycharmProjects\ProjectR/Logs/2021-12-25_22-08-08 INFO Getting attribute: _QuestionClass__answers
22:08:11,672 C:\Users\ingov\PycharmProjects\ProjectR/Logs/2021-12-25_22-08-08 INFO The correct answer is Good morning
22:08:11,672 C:\Users\ingov\PycharmProjects\ProjectR/Logs/2021-12-25_22-08-08 INFO Getting attribute: _QuestionClass__answers
22:08:11,672 C:\Users\ingov\PycharmProjects\ProjectR/Logs/2021-12-25_22-08-08 INFO Setting member: answer_label to value=.!label6
22:08:11,672 C:\Users\ingov\PycharmProjects\ProjectR/Logs/2021-12-25_22-08-08 INFO Getting attribute: answer_label
22:08:11,672 C:\Users\ingov\PycharmProjects\ProjectR/Logs/2021-12-25_22-08-08 INFO Getting attribute: window
22:08:11,672 C:\Users\ingov\PycharmProjects\ProjectR/Logs/2021-12-25_22-08-08 INFO Getting method: command_button_correct
22:08:11,672 C:\Users\ingov\PycharmProjects\ProjectR/Logs/2021-12-25_22-08-08 INFO Getting method: command_button_failed
22:08:11,672 C:\Users\ingov\PycharmProjects\ProjectR/Logs/2021-12-25_22-08-08 INFO Getting attribute: window
22:08:12,82 C:\Users\ingov\PycharmProjects\ProjectR/Logs/2021-12-25_22-08-08 INFO Getting attribute: question
22:08:12,82 C:\Users\ingov\PycharmProjects\ProjectR/Logs/2021-12-25_22-08-08 INFO Getting method: get_correct_answers
22:08:12,82 C:\Users\ingov\PycharmProjects\ProjectR/Logs/2021-12-25_22-08-08 INFO Getting method: get_question_type
22:08:12,82 C:\Users\ingov\PycharmProjects\ProjectR/Logs/2021-12-25_22-08-08 INFO Getting attribute: _QuestionClass__answers
22:08:12,84 C:\Users\ingov\PycharmProjects\ProjectR/Logs/2021-12-25_22-08-08 INFO Getting attribute: logger
22:08:12,84 C:\Users\ingov\PycharmProjects\ProjectR/Logs/2021-12-25_22-08-08 INFO This question is a single answer question: Text input: value 0
22:08:12,84 C:\Users\ingov\PycharmProjects\ProjectR/Logs/2021-12-25_22-08-08 INFO Getting attribute: logger
22:08:12,84 C:\Users\ingov\PycharmProjects\ProjectR/Logs/2021-12-25_22-08-08 INFO Getting attribute: _QuestionClass__answers
22:08:12,84 C:\Users\ingov\PycharmProjects\ProjectR/Logs/2021-12-25_22-08-08 INFO The correct answer is Good morning
22:08:12,84 C:\Users\ingov\PycharmProjects\ProjectR/Logs/2021-12-25_22-08-08 INFO Getting attribute: _QuestionClass__answers
22:08:12,84 C:\Users\ingov\PycharmProjects\ProjectR/Logs/2021-12-25_22-08-08 INFO Getting attribute: window
22:08:12,84 C:\Users\ingov\PycharmProjects\ProjectR/Logs/2021-12-25_22-08-08 INFO Getting attribute: question
22:08:12,84 C:\Users\ingov\PycharmProjects\ProjectR/Logs/2021-12-25_22-08-08 INFO Getting method: get_correct_answers
22:08:12,84 C:\Users\ingov\PycharmProjects\ProjectR/Logs/2021-12-25_22-08-08 INFO Getting method: get_question_type
22:08:12,84 C:\Users\ingov\PycharmProjects\ProjectR/Logs/2021-12-25_22-08-08 INFO Getting attribute: _QuestionClass__answers
22:08:12,84 C:\Users\ingov\PycharmProjects\ProjectR/Logs/2021-12-25_22-08-08 INFO Getting attribute: logger
22:08:12,84 C:\Users\ingov\PycharmProjects\ProjectR/Logs/2021-12-25_22-08-08 INFO This question is a single answer question: Text input: value 0
22:08:12,84 C:\Users\ingov\PycharmProjects\ProjectR/Logs/2021-12-25_22-08-08 INFO Getting attribute: logger
22:08:12,84 C:\Users\ingov\PycharmProjects\ProjectR/Logs/2021-12-25_22-08-08 INFO Getting attribute: _QuestionClass__answers
22:08:12,84 C:\Users\ingov\PycharmProjects\ProjectR/Logs/2021-12-25_22-08-08 INFO The correct answer is Good morning
22:08:12,84 C:\Users\ingov\PycharmProjects\ProjectR/Logs/2021-12-25_22-08-08 INFO Getting attribute: _QuestionClass__answers
22:08:12,84 C:\Users\ingov\PycharmProjects\ProjectR/Logs/2021-12-25_22-08-08 INFO Setting member: answer_label to value=.!label7
22:08:12,84 C:\Users\ingov\PycharmProjects\ProjectR/Logs/2021-12-25_22-08-08 INFO Getting attribute: answer_label
22:08:12,84 C:\Users\ingov\PycharmProjects\ProjectR/Logs/2021-12-25_22-08-08 INFO Getting attribute: window
22:08:12,84 C:\Users\ingov\PycharmProjects\ProjectR/Logs/2021-12-25_22-08-08 INFO Getting method: command_button_correct
22:08:12,84 C:\Users\ingov\PycharmProjects\ProjectR/Logs/2021-12-25_22-08-08 INFO Getting method: command_button_failed
22:08:12,84 C:\Users\ingov\PycharmProjects\ProjectR/Logs/2021-12-25_22-08-08 INFO Getting attribute: window
22:08:16,32 C:\Users\ingov\PycharmProjects\ProjectR/Logs/2021-12-25_22-08-08 INFO Getting attribute: question
22:08:16,32 C:\Users\ingov\PycharmProjects\ProjectR/Logs/2021-12-25_22-08-08 INFO Getting method: get_correct_answers
22:08:16,32 C:\Users\ingov\PycharmProjects\ProjectR/Logs/2021-12-25_22-08-08 INFO Getting method: get_question_type
22:08:16,32 C:\Users\ingov\PycharmProjects\ProjectR/Logs/2021-12-25_22-08-08 INFO Getting attribute: _QuestionClass__answers
22:08:16,32 C:\Users\ingov\PycharmProjects\ProjectR/Logs/2021-12-25_22-08-08 INFO Getting attribute: logger
22:08:16,32 C:\Users\ingov\PycharmProjects\ProjectR/Logs/2021-12-25_22-08-08 INFO This question is a single answer question: Text input: value 0
22:08:16,32 C:\Users\ingov\PycharmProjects\ProjectR/Logs/2021-12-25_22-08-08 INFO Getting attribute: logger
22:08:16,32 C:\Users\ingov\PycharmProjects\ProjectR/Logs/2021-12-25_22-08-08 INFO Getting attribute: _QuestionClass__answers
22:08:16,32 C:\Users\ingov\PycharmProjects\ProjectR/Logs/2021-12-25_22-08-08 INFO The correct answer is Good morning
22:08:16,32 C:\Users\ingov\PycharmProjects\ProjectR/Logs/2021-12-25_22-08-08 INFO Getting attribute: _QuestionClass__answers
22:08:16,32 C:\Users\ingov\PycharmProjects\ProjectR/Logs/2021-12-25_22-08-08 INFO Getting attribute: window
22:08:16,32 C:\Users\ingov\PycharmProjects\ProjectR/Logs/2021-12-25_22-08-08 INFO Getting attribute: question
22:08:16,32 C:\Users\ingov\PycharmProjects\ProjectR/Logs/2021-12-25_22-08-08 INFO Getting method: get_correct_answers
22:08:16,32 C:\Users\ingov\PycharmProjects\ProjectR/Logs/2021-12-25_22-08-08 INFO Getting method: get_question_type
22:08:16,32 C:\Users\ingov\PycharmProjects\ProjectR/Logs/2021-12-25_22-08-08 INFO Getting attribute: _QuestionClass__answers
22:08:16,32 C:\Users\ingov\PycharmProjects\ProjectR/Logs/2021-12-25_22-08-08 INFO Getting attribute: logger
22:08:16,32 C:\Users\ingov\PycharmProjects\ProjectR/Logs/2021-12-25_22-08-08 INFO This question is a single answer question: Text input: value 0
22:08:16,32 C:\Users\ingov\PycharmProjects\ProjectR/Logs/2021-12-25_22-08-08 INFO Getting attribute: logger
22:08:16,32 C:\Users\ingov\PycharmProjects\ProjectR/Logs/2021-12-25_22-08-08 INFO Getting attribute: _QuestionClass__answers
22:08:16,32 C:\Users\ingov\PycharmProjects\ProjectR/Logs/2021-12-25_22-08-08 INFO The correct answer is Good morning
22:08:16,32 C:\Users\ingov\PycharmProjects\ProjectR/Logs/2021-12-25_22-08-08 INFO Getting attribute: _QuestionClass__answers
22:08:16,32 C:\Users\ingov\PycharmProjects\ProjectR/Logs/2021-12-25_22-08-08 INFO Setting member: answer_label to value=.!label8
22:08:16,32 C:\Users\ingov\PycharmProjects\ProjectR/Logs/2021-12-25_22-08-08 INFO Getting attribute: answer_label
22:08:16,32 C:\Users\ingov\PycharmProjects\ProjectR/Logs/2021-12-25_22-08-08 INFO Getting attribute: window
22:08:16,32 C:\Users\ingov\PycharmProjects\ProjectR/Logs/2021-12-25_22-08-08 INFO Getting method: command_button_correct
22:08:16,32 C:\Users\ingov\PycharmProjects\ProjectR/Logs/2021-12-25_22-08-08 INFO Getting method: command_button_failed
22:08:16,32 C:\Users\ingov\PycharmProjects\ProjectR/Logs/2021-12-25_22-08-08 INFO Getting attribute: window
22:08:16,242 C:\Users\ingov\PycharmProjects\ProjectR/Logs/2021-12-25_22-08-08 INFO Getting attribute: question
22:08:16,242 C:\Users\ingov\PycharmProjects\ProjectR/Logs/2021-12-25_22-08-08 INFO Getting method: get_correct_answers
22:08:16,242 C:\Users\ingov\PycharmProjects\ProjectR/Logs/2021-12-25_22-08-08 INFO Getting method: get_question_type
22:08:16,242 C:\Users\ingov\PycharmProjects\ProjectR/Logs/2021-12-25_22-08-08 INFO Getting attribute: _QuestionClass__answers
22:08:16,242 C:\Users\ingov\PycharmProjects\ProjectR/Logs/2021-12-25_22-08-08 INFO Getting attribute: logger
22:08:16,242 C:\Users\ingov\PycharmProjects\ProjectR/Logs/2021-12-25_22-08-08 INFO This question is a single answer question: Text input: value 0
22:08:16,242 C:\Users\ingov\PycharmProjects\ProjectR/Logs/2021-12-25_22-08-08 INFO Getting attribute: logger
22:08:16,242 C:\Users\ingov\PycharmProjects\ProjectR/Logs/2021-12-25_22-08-08 INFO Getting attribute: _QuestionClass__answers
22:08:16,242 C:\Users\ingov\PycharmProjects\ProjectR/Logs/2021-12-25_22-08-08 INFO The correct answer is Good morning
22:08:16,242 C:\Users\ingov\PycharmProjects\ProjectR/Logs/2021-12-25_22-08-08 INFO Getting attribute: _QuestionClass__answers
22:08:16,242 C:\Users\ingov\PycharmProjects\ProjectR/Logs/2021-12-25_22-08-08 INFO Getting attribute: window
22:08:16,242 C:\Users\ingov\PycharmProjects\ProjectR/Logs/2021-12-25_22-08-08 INFO Getting attribute: question
22:08:16,242 C:\Users\ingov\PycharmProjects\ProjectR/Logs/2021-12-25_22-08-08 INFO Getting method: get_correct_answers
22:08:16,242 C:\Users\ingov\PycharmProjects\ProjectR/Logs/2021-12-25_22-08-08 INFO Getting method: get_question_type
22:08:16,242 C:\Users\ingov\PycharmProjects\ProjectR/Logs/2021-12-25_22-08-08 INFO Getting attribute: _QuestionClass__answers
22:08:16,242 C:\Users\ingov\PycharmProjects\ProjectR/Logs/2021-12-25_22-08-08 INFO Getting attribute: logger
22:08:16,242 C:\Users\ingov\PycharmProjects\ProjectR/Logs/2021-12-25_22-08-08 INFO This question is a single answer question: Text input: value 0
22:08:16,242 C:\Users\ingov\PycharmProjects\ProjectR/Logs/2021-12-25_22-08-08 INFO Getting attribute: logger
22:08:16,242 C:\Users\ingov\PycharmProjects\ProjectR/Logs/2021-12-25_22-08-08 INFO Getting attribute: _QuestionClass__answers
22:08:16,242 C:\Users\ingov\PycharmProjects\ProjectR/Logs/2021-12-25_22-08-08 INFO The correct answer is Good morning
22:08:16,242 C:\Users\ingov\PycharmProjects\ProjectR/Logs/2021-12-25_22-08-08 INFO Getting attribute: _QuestionClass__answers
22:08:16,242 C:\Users\ingov\PycharmProjects\ProjectR/Logs/2021-12-25_22-08-08 INFO Setting member: answer_label to value=.!label9
22:08:16,242 C:\Users\ingov\PycharmProjects\ProjectR/Logs/2021-12-25_22-08-08 INFO Getting attribute: answer_label
22:08:16,242 C:\Users\ingov\PycharmProjects\ProjectR/Logs/2021-12-25_22-08-08 INFO Getting attribute: window
22:08:16,242 C:\Users\ingov\PycharmProjects\ProjectR/Logs/2021-12-25_22-08-08 INFO Getting method: command_button_correct
22:08:16,242 C:\Users\ingov\PycharmProjects\ProjectR/Logs/2021-12-25_22-08-08 INFO Getting method: command_button_failed
22:08:16,242 C:\Users\ingov\PycharmProjects\ProjectR/Logs/2021-12-25_22-08-08 INFO Getting attribute: window
22:08:16,452 C:\Users\ingov\PycharmProjects\ProjectR/Logs/2021-12-25_22-08-08 INFO Getting attribute: question
22:08:16,452 C:\Users\ingov\PycharmProjects\ProjectR/Logs/2021-12-25_22-08-08 INFO Getting method: get_correct_answers
22:08:16,452 C:\Users\ingov\PycharmProjects\ProjectR/Logs/2021-12-25_22-08-08 INFO Getting method: get_question_type
22:08:16,452 C:\Users\ingov\PycharmProjects\ProjectR/Logs/2021-12-25_22-08-08 INFO Getting attribute: _QuestionClass__answers
22:08:16,452 C:\Users\ingov\PycharmProjects\ProjectR/Logs/2021-12-25_22-08-08 INFO Getting attribute: logger
22:08:16,452 C:\Users\ingov\PycharmProjects\ProjectR/Logs/2021-12-25_22-08-08 INFO This question is a single answer question: Text input: value 0
22:08:16,452 C:\Users\ingov\PycharmProjects\ProjectR/Logs/2021-12-25_22-08-08 INFO Getting attribute: logger
22:08:16,452 C:\Users\ingov\PycharmProjects\ProjectR/Logs/2021-12-25_22-08-08 INFO Getting attribute: _QuestionClass__answers
22:08:16,452 C:\Users\ingov\PycharmProjects\ProjectR/Logs/2021-12-25_22-08-08 INFO The correct answer is Good morning
22:08:16,452 C:\Users\ingov\PycharmProjects\ProjectR/Logs/2021-12-25_22-08-08 INFO Getting attribute: _QuestionClass__answers
22:08:16,452 C:\Users\ingov\PycharmProjects\ProjectR/Logs/2021-12-25_22-08-08 INFO Getting attribute: window
22:08:16,452 C:\Users\ingov\PycharmProjects\ProjectR/Logs/2021-12-25_22-08-08 INFO Getting attribute: question
22:08:16,452 C:\Users\ingov\PycharmProjects\ProjectR/Logs/2021-12-25_22-08-08 INFO Getting method: get_correct_answers
22:08:16,452 C:\Users\ingov\PycharmProjects\ProjectR/Logs/2021-12-25_22-08-08 INFO Getting method: get_question_type
22:08:16,452 C:\Users\ingov\PycharmProjects\ProjectR/Logs/2021-12-25_22-08-08 INFO Getting attribute: _QuestionClass__answers
22:08:16,452 C:\Users\ingov\PycharmProjects\ProjectR/Logs/2021-12-25_22-08-08 INFO Getting attribute: logger
22:08:16,452 C:\Users\ingov\PycharmProjects\ProjectR/Logs/2021-12-25_22-08-08 INFO This question is a single answer question: Text input: value 0
22:08:16,452 C:\Users\ingov\PycharmProjects\ProjectR/Logs/2021-12-25_22-08-08 INFO Getting attribute: logger
22:08:16,452 C:\Users\ingov\PycharmProjects\ProjectR/Logs/2021-12-25_22-08-08 INFO Getting attribute: _QuestionClass__answers
22:08:16,452 C:\Users\ingov\PycharmProjects\ProjectR/Logs/2021-12-25_22-08-08 INFO The correct answer is Good morning
22:08:16,452 C:\Users\ingov\PycharmProjects\ProjectR/Logs/2021-12-25_22-08-08 INFO Getting attribute: _QuestionClass__answers
22:08:16,452 C:\Users\ingov\PycharmProjects\ProjectR/Logs/2021-12-25_22-08-08 INFO Setting member: answer_label to value=.!label10
22:08:16,452 C:\Users\ingov\PycharmProjects\ProjectR/Logs/2021-12-25_22-08-08 INFO Getting attribute: answer_label
22:08:16,452 C:\Users\ingov\PycharmProjects\ProjectR/Logs/2021-12-25_22-08-08 INFO Getting attribute: window
22:08:16,452 C:\Users\ingov\PycharmProjects\ProjectR/Logs/2021-12-25_22-08-08 INFO Getting method: command_button_correct
22:08:16,452 C:\Users\ingov\PycharmProjects\ProjectR/Logs/2021-12-25_22-08-08 INFO Getting method: command_button_failed
22:08:16,452 C:\Users\ingov\PycharmProjects\ProjectR/Logs/2021-12-25_22-08-08 INFO Getting attribute: window
22:08:16,672 C:\Users\ingov\PycharmProjects\ProjectR/Logs/2021-12-25_22-08-08 INFO Getting attribute: question
22:08:16,672 C:\Users\ingov\PycharmProjects\ProjectR/Logs/2021-12-25_22-08-08 INFO Getting method: get_correct_answers
22:08:16,672 C:\Users\ingov\PycharmProjects\ProjectR/Logs/2021-12-25_22-08-08 INFO Getting method: get_question_type
22:08:16,672 C:\Users\ingov\PycharmProjects\ProjectR/Logs/2021-12-25_22-08-08 INFO Getting attribute: _QuestionClass__answers
22:08:16,672 C:\Users\ingov\PycharmProjects\ProjectR/Logs/2021-12-25_22-08-08 INFO Getting attribute: logger
22:08:16,672 C:\Users\ingov\PycharmProjects\ProjectR/Logs/2021-12-25_22-08-08 INFO This question is a single answer question: Text input: value 0
22:08:16,672 C:\Users\ingov\PycharmProjects\ProjectR/Logs/2021-12-25_22-08-08 INFO Getting attribute: logger
22:08:16,672 C:\Users\ingov\PycharmProjects\ProjectR/Logs/2021-12-25_22-08-08 INFO Getting attribute: _QuestionClass__answers
22:08:16,672 C:\Users\ingov\PycharmProjects\ProjectR/Logs/2021-12-25_22-08-08 INFO The correct answer is Good morning
22:08:16,672 C:\Users\ingov\PycharmProjects\ProjectR/Logs/2021-12-25_22-08-08 INFO Getting attribute: _QuestionClass__answers
22:08:16,672 C:\Users\ingov\PycharmProjects\ProjectR/Logs/2021-12-25_22-08-08 INFO Getting attribute: window
22:08:16,672 C:\Users\ingov\PycharmProjects\ProjectR/Logs/2021-12-25_22-08-08 INFO Getting attribute: question
22:08:16,672 C:\Users\ingov\PycharmProjects\ProjectR/Logs/2021-12-25_22-08-08 INFO Getting method: get_correct_answers
22:08:16,672 C:\Users\ingov\PycharmProjects\ProjectR/Logs/2021-12-25_22-08-08 INFO Getting method: get_question_type
22:08:16,672 C:\Users\ingov\PycharmProjects\ProjectR/Logs/2021-12-25_22-08-08 INFO Getting attribute: _QuestionClass__answers
22:08:16,672 C:\Users\ingov\PycharmProjects\ProjectR/Logs/2021-12-25_22-08-08 INFO Getting attribute: logger
22:08:16,672 C:\Users\ingov\PycharmProjects\ProjectR/Logs/2021-12-25_22-08-08 INFO This question is a single answer question: Text input: value 0
22:08:16,672 C:\Users\ingov\PycharmProjects\ProjectR/Logs/2021-12-25_22-08-08 INFO Getting attribute: logger
22:08:16,672 C:\Users\ingov\PycharmProjects\ProjectR/Logs/2021-12-25_22-08-08 INFO Getting attribute: _QuestionClass__answers
22:08:16,672 C:\Users\ingov\PycharmProjects\ProjectR/Logs/2021-12-25_22-08-08 INFO The correct answer is Good morning
22:08:16,672 C:\Users\ingov\PycharmProjects\ProjectR/Logs/2021-12-25_22-08-08 INFO Getting attribute: _QuestionClass__answers
22:08:16,672 C:\Users\ingov\PycharmProjects\ProjectR/Logs/2021-12-25_22-08-08 INFO Setting member: answer_label to value=.!label11
22:08:16,672 C:\Users\ingov\PycharmProjects\ProjectR/Logs/2021-12-25_22-08-08 INFO Getting attribute: answer_label
22:08:16,672 C:\Users\ingov\PycharmProjects\ProjectR/Logs/2021-12-25_22-08-08 INFO Getting attribute: window
22:08:16,677 C:\Users\ingov\PycharmProjects\ProjectR/Logs/2021-12-25_22-08-08 INFO Getting method: command_button_correct
22:08:16,677 C:\Users\ingov\PycharmProjects\ProjectR/Logs/2021-12-25_22-08-08 INFO Getting method: command_button_failed
22:08:16,677 C:\Users\ingov\PycharmProjects\ProjectR/Logs/2021-12-25_22-08-08 INFO Getting attribute: window
22:08:16,852 C:\Users\ingov\PycharmProjects\ProjectR/Logs/2021-12-25_22-08-08 INFO Getting attribute: question
22:08:16,852 C:\Users\ingov\PycharmProjects\ProjectR/Logs/2021-12-25_22-08-08 INFO Getting method: get_correct_answers
22:08:16,852 C:\Users\ingov\PycharmProjects\ProjectR/Logs/2021-12-25_22-08-08 INFO Getting method: get_question_type
22:08:16,852 C:\Users\ingov\PycharmProjects\ProjectR/Logs/2021-12-25_22-08-08 INFO Getting attribute: _QuestionClass__answers
22:08:16,852 C:\Users\ingov\PycharmProjects\ProjectR/Logs/2021-12-25_22-08-08 INFO Getting attribute: logger
22:08:16,852 C:\Users\ingov\PycharmProjects\ProjectR/Logs/2021-12-25_22-08-08 INFO This question is a single answer question: Text input: value 0
22:08:16,852 C:\Users\ingov\PycharmProjects\ProjectR/Logs/2021-12-25_22-08-08 INFO Getting attribute: logger
22:08:16,852 C:\Users\ingov\PycharmProjects\ProjectR/Logs/2021-12-25_22-08-08 INFO Getting attribute: _QuestionClass__answers
22:08:16,852 C:\Users\ingov\PycharmProjects\ProjectR/Logs/2021-12-25_22-08-08 INFO The correct answer is Good morning
22:08:16,852 C:\Users\ingov\PycharmProjects\ProjectR/Logs/2021-12-25_22-08-08 INFO Getting attribute: _QuestionClass__answers
22:08:16,852 C:\Users\ingov\PycharmProjects\ProjectR/Logs/2021-12-25_22-08-08 INFO Getting attribute: window
22:08:16,852 C:\Users\ingov\PycharmProjects\ProjectR/Logs/2021-12-25_22-08-08 INFO Getting attribute: question
22:08:16,852 C:\Users\ingov\PycharmProjects\ProjectR/Logs/2021-12-25_22-08-08 INFO Getting method: get_correct_answers
22:08:16,852 C:\Users\ingov\PycharmProjects\ProjectR/Logs/2021-12-25_22-08-08 INFO Getting method: get_question_type
22:08:16,852 C:\Users\ingov\PycharmProjects\ProjectR/Logs/2021-12-25_22-08-08 INFO Getting attribute: _QuestionClass__answers
22:08:16,852 C:\Users\ingov\PycharmProjects\ProjectR/Logs/2021-12-25_22-08-08 INFO Getting attribute: logger
22:08:16,852 C:\Users\ingov\PycharmProjects\ProjectR/Logs/2021-12-25_22-08-08 INFO This question is a single answer question: Text input: value 0
22:08:16,852 C:\Users\ingov\PycharmProjects\ProjectR/Logs/2021-12-25_22-08-08 INFO Getting attribute: logger
22:08:16,852 C:\Users\ingov\PycharmProjects\ProjectR/Logs/2021-12-25_22-08-08 INFO Getting attribute: _QuestionClass__answers
22:08:16,852 C:\Users\ingov\PycharmProjects\ProjectR/Logs/2021-12-25_22-08-08 INFO The correct answer is Good morning
22:08:16,852 C:\Users\ingov\PycharmProjects\ProjectR/Logs/2021-12-25_22-08-08 INFO Getting attribute: _QuestionClass__answers
22:08:16,852 C:\Users\ingov\PycharmProjects\ProjectR/Logs/2021-12-25_22-08-08 INFO Setting member: answer_label to value=.!label12
22:08:16,852 C:\Users\ingov\PycharmProjects\ProjectR/Logs/2021-12-25_22-08-08 INFO Getting attribute: answer_label
22:08:16,852 C:\Users\ingov\PycharmProjects\ProjectR/Logs/2021-12-25_22-08-08 INFO Getting attribute: window
22:08:16,852 C:\Users\ingov\PycharmProjects\ProjectR/Logs/2021-12-25_22-08-08 INFO Getting method: command_button_correct
22:08:16,852 C:\Users\ingov\PycharmProjects\ProjectR/Logs/2021-12-25_22-08-08 INFO Getting method: command_button_failed
22:08:16,852 C:\Users\ingov\PycharmProjects\ProjectR/Logs/2021-12-25_22-08-08 INFO Getting attribute: window
22:08:17,442 C:\Users\ingov\PycharmProjects\ProjectR/Logs/2021-12-25_22-08-08 INFO Getting attribute: question
22:08:17,442 C:\Users\ingov\PycharmProjects\ProjectR/Logs/2021-12-25_22-08-08 INFO Getting method: get_correct_answers
22:08:17,442 C:\Users\ingov\PycharmProjects\ProjectR/Logs/2021-12-25_22-08-08 INFO Getting method: get_question_type
22:08:17,442 C:\Users\ingov\PycharmProjects\ProjectR/Logs/2021-12-25_22-08-08 INFO Getting attribute: _QuestionClass__answers
22:08:17,442 C:\Users\ingov\PycharmProjects\ProjectR/Logs/2021-12-25_22-08-08 INFO Getting attribute: logger
22:08:17,442 C:\Users\ingov\PycharmProjects\ProjectR/Logs/2021-12-25_22-08-08 INFO This question is a single answer question: Text input: value 0
22:08:17,442 C:\Users\ingov\PycharmProjects\ProjectR/Logs/2021-12-25_22-08-08 INFO Getting attribute: logger
22:08:17,442 C:\Users\ingov\PycharmProjects\ProjectR/Logs/2021-12-25_22-08-08 INFO Getting attribute: _QuestionClass__answers
22:08:17,442 C:\Users\ingov\PycharmProjects\ProjectR/Logs/2021-12-25_22-08-08 INFO The correct answer is Good morning
22:08:17,442 C:\Users\ingov\PycharmProjects\ProjectR/Logs/2021-12-25_22-08-08 INFO Getting attribute: _QuestionClass__answers
22:08:17,442 C:\Users\ingov\PycharmProjects\ProjectR/Logs/2021-12-25_22-08-08 INFO Getting attribute: window
22:08:17,442 C:\Users\ingov\PycharmProjects\ProjectR/Logs/2021-12-25_22-08-08 INFO Getting attribute: question
22:08:17,442 C:\Users\ingov\PycharmProjects\ProjectR/Logs/2021-12-25_22-08-08 INFO Getting method: get_correct_answers
22:08:17,442 C:\Users\ingov\PycharmProjects\ProjectR/Logs/2021-12-25_22-08-08 INFO Getting method: get_question_type
22:08:17,442 C:\Users\ingov\PycharmProjects\ProjectR/Logs/2021-12-25_22-08-08 INFO Getting attribute: _QuestionClass__answers
22:08:17,442 C:\Users\ingov\PycharmProjects\ProjectR/Logs/2021-12-25_22-08-08 INFO Getting attribute: logger
22:08:17,442 C:\Users\ingov\PycharmProjects\ProjectR/Logs/2021-12-25_22-08-08 INFO This question is a single answer question: Text input: value 0
22:08:17,442 C:\Users\ingov\PycharmProjects\ProjectR/Logs/2021-12-25_22-08-08 INFO Getting attribute: logger
22:08:17,442 C:\Users\ingov\PycharmProjects\ProjectR/Logs/2021-12-25_22-08-08 INFO Getting attribute: _QuestionClass__answers
22:08:17,442 C:\Users\ingov\PycharmProjects\ProjectR/Logs/2021-12-25_22-08-08 INFO The correct answer is Good morning
22:08:17,442 C:\Users\ingov\PycharmProjects\ProjectR/Logs/2021-12-25_22-08-08 INFO Getting attribute: _QuestionClass__answers
22:08:17,442 C:\Users\ingov\PycharmProjects\ProjectR/Logs/2021-12-25_22-08-08 INFO Setting member: answer_label to value=.!label13
22:08:17,442 C:\Users\ingov\PycharmProjects\ProjectR/Logs/2021-12-25_22-08-08 INFO Getting attribute: answer_label
22:08:17,442 C:\Users\ingov\PycharmProjects\ProjectR/Logs/2021-12-25_22-08-08 INFO Getting attribute: window
22:08:17,442 C:\Users\ingov\PycharmProjects\ProjectR/Logs/2021-12-25_22-08-08 INFO Getting method: command_button_correct
22:08:17,442 C:\Users\ingov\PycharmProjects\ProjectR/Logs/2021-12-25_22-08-08 INFO Getting method: command_button_failed
22:08:17,442 C:\Users\ingov\PycharmProjects\ProjectR/Logs/2021-12-25_22-08-08 INFO Getting attribute: window
22:08:17,642 C:\Users\ingov\PycharmProjects\ProjectR/Logs/2021-12-25_22-08-08 INFO Getting attribute: question
22:08:17,642 C:\Users\ingov\PycharmProjects\ProjectR/Logs/2021-12-25_22-08-08 INFO Getting method: get_correct_answers
22:08:17,642 C:\Users\ingov\PycharmProjects\ProjectR/Logs/2021-12-25_22-08-08 INFO Getting method: get_question_type
22:08:17,642 C:\Users\ingov\PycharmProjects\ProjectR/Logs/2021-12-25_22-08-08 INFO Getting attribute: _QuestionClass__answers
22:08:17,642 C:\Users\ingov\PycharmProjects\ProjectR/Logs/2021-12-25_22-08-08 INFO Getting attribute: logger
22:08:17,642 C:\Users\ingov\PycharmProjects\ProjectR/Logs/2021-12-25_22-08-08 INFO This question is a single answer question: Text input: value 0
22:08:17,642 C:\Users\ingov\PycharmProjects\ProjectR/Logs/2021-12-25_22-08-08 INFO Getting attribute: logger
22:08:17,642 C:\Users\ingov\PycharmProjects\ProjectR/Logs/2021-12-25_22-08-08 INFO Getting attribute: _QuestionClass__answers
22:08:17,642 C:\Users\ingov\PycharmProjects\ProjectR/Logs/2021-12-25_22-08-08 INFO The correct answer is Good morning
22:08:17,642 C:\Users\ingov\PycharmProjects\ProjectR/Logs/2021-12-25_22-08-08 INFO Getting attribute: _QuestionClass__answers
22:08:17,642 C:\Users\ingov\PycharmProjects\ProjectR/Logs/2021-12-25_22-08-08 INFO Getting attribute: window
22:08:17,642 C:\Users\ingov\PycharmProjects\ProjectR/Logs/2021-12-25_22-08-08 INFO Getting attribute: question
22:08:17,642 C:\Users\ingov\PycharmProjects\ProjectR/Logs/2021-12-25_22-08-08 INFO Getting method: get_correct_answers
22:08:17,642 C:\Users\ingov\PycharmProjects\ProjectR/Logs/2021-12-25_22-08-08 INFO Getting method: get_question_type
22:08:17,642 C:\Users\ingov\PycharmProjects\ProjectR/Logs/2021-12-25_22-08-08 INFO Getting attribute: _QuestionClass__answers
22:08:17,642 C:\Users\ingov\PycharmProjects\ProjectR/Logs/2021-12-25_22-08-08 INFO Getting attribute: logger
22:08:17,642 C:\Users\ingov\PycharmProjects\ProjectR/Logs/2021-12-25_22-08-08 INFO This question is a single answer question: Text input: value 0
22:08:17,642 C:\Users\ingov\PycharmProjects\ProjectR/Logs/2021-12-25_22-08-08 INFO Getting attribute: logger
22:08:17,642 C:\Users\ingov\PycharmProjects\ProjectR/Logs/2021-12-25_22-08-08 INFO Getting attribute: _QuestionClass__answers
22:08:17,642 C:\Users\ingov\PycharmProjects\ProjectR/Logs/2021-12-25_22-08-08 INFO The correct answer is Good morning
22:08:17,642 C:\Users\ingov\PycharmProjects\ProjectR/Logs/2021-12-25_22-08-08 INFO Getting attribute: _QuestionClass__answers
22:08:17,642 C:\Users\ingov\PycharmProjects\ProjectR/Logs/2021-12-25_22-08-08 INFO Setting member: answer_label to value=.!label14
22:08:17,642 C:\Users\ingov\PycharmProjects\ProjectR/Logs/2021-12-25_22-08-08 INFO Getting attribute: answer_label
22:08:17,642 C:\Users\ingov\PycharmProjects\ProjectR/Logs/2021-12-25_22-08-08 INFO Getting attribute: window
22:08:17,642 C:\Users\ingov\PycharmProjects\ProjectR/Logs/2021-12-25_22-08-08 INFO Getting method: command_button_correct
22:08:17,642 C:\Users\ingov\PycharmProjects\ProjectR/Logs/2021-12-25_22-08-08 INFO Getting method: command_button_failed
22:08:17,642 C:\Users\ingov\PycharmProjects\ProjectR/Logs/2021-12-25_22-08-08 INFO Getting attribute: window
22:08:17,842 C:\Users\ingov\PycharmProjects\ProjectR/Logs/2021-12-25_22-08-08 INFO Getting attribute: question
22:08:17,842 C:\Users\ingov\PycharmProjects\ProjectR/Logs/2021-12-25_22-08-08 INFO Getting method: get_correct_answers
22:08:17,842 C:\Users\ingov\PycharmProjects\ProjectR/Logs/2021-12-25_22-08-08 INFO Getting method: get_question_type
22:08:17,842 C:\Users\ingov\PycharmProjects\ProjectR/Logs/2021-12-25_22-08-08 INFO Getting attribute: _QuestionClass__answers
22:08:17,842 C:\Users\ingov\PycharmProjects\ProjectR/Logs/2021-12-25_22-08-08 INFO Getting attribute: logger
22:08:17,842 C:\Users\ingov\PycharmProjects\ProjectR/Logs/2021-12-25_22-08-08 INFO This question is a single answer question: Text input: value 0
22:08:17,842 C:\Users\ingov\PycharmProjects\ProjectR/Logs/2021-12-25_22-08-08 INFO Getting attribute: logger
22:08:17,842 C:\Users\ingov\PycharmProjects\ProjectR/Logs/2021-12-25_22-08-08 INFO Getting attribute: _QuestionClass__answers
22:08:17,842 C:\Users\ingov\PycharmProjects\ProjectR/Logs/2021-12-25_22-08-08 INFO The correct answer is Good morning
22:08:17,842 C:\Users\ingov\PycharmProjects\ProjectR/Logs/2021-12-25_22-08-08 INFO Getting attribute: _QuestionClass__answers
22:08:17,842 C:\Users\ingov\PycharmProjects\ProjectR/Logs/2021-12-25_22-08-08 INFO Getting attribute: window
22:08:17,842 C:\Users\ingov\PycharmProjects\ProjectR/Logs/2021-12-25_22-08-08 INFO Getting attribute: question
22:08:17,842 C:\Users\ingov\PycharmProjects\ProjectR/Logs/2021-12-25_22-08-08 INFO Getting method: get_correct_answers
22:08:17,842 C:\Users\ingov\PycharmProjects\ProjectR/Logs/2021-12-25_22-08-08 INFO Getting method: get_question_type
22:08:17,842 C:\Users\ingov\PycharmProjects\ProjectR/Logs/2021-12-25_22-08-08 INFO Getting attribute: _QuestionClass__answers
22:08:17,842 C:\Users\ingov\PycharmProjects\ProjectR/Logs/2021-12-25_22-08-08 INFO Getting attribute: logger
22:08:17,842 C:\Users\ingov\PycharmProjects\ProjectR/Logs/2021-12-25_22-08-08 INFO This question is a single answer question: Text input: value 0
22:08:17,842 C:\Users\ingov\PycharmProjects\ProjectR/Logs/2021-12-25_22-08-08 INFO Getting attribute: logger
22:08:17,842 C:\Users\ingov\PycharmProjects\ProjectR/Logs/2021-12-25_22-08-08 INFO Getting attribute: _QuestionClass__answers
22:08:17,842 C:\Users\ingov\PycharmProjects\ProjectR/Logs/2021-12-25_22-08-08 INFO The correct answer is Good morning
22:08:17,842 C:\Users\ingov\PycharmProjects\ProjectR/Logs/2021-12-25_22-08-08 INFO Getting attribute: _QuestionClass__answers
22:08:17,842 C:\Users\ingov\PycharmProjects\ProjectR/Logs/2021-12-25_22-08-08 INFO Setting member: answer_label to value=.!label15
22:08:17,842 C:\Users\ingov\PycharmProjects\ProjectR/Logs/2021-12-25_22-08-08 INFO Getting attribute: answer_label
22:08:17,842 C:\Users\ingov\PycharmProjects\ProjectR/Logs/2021-12-25_22-08-08 INFO Getting attribute: window
22:08:17,842 C:\Users\ingov\PycharmProjects\ProjectR/Logs/2021-12-25_22-08-08 INFO Getting method: command_button_correct
22:08:17,842 C:\Users\ingov\PycharmProjects\ProjectR/Logs/2021-12-25_22-08-08 INFO Getting method: command_button_failed
22:08:17,842 C:\Users\ingov\PycharmProjects\ProjectR/Logs/2021-12-25_22-08-08 INFO Getting attribute: window
22:08:18,52 C:\Users\ingov\PycharmProjects\ProjectR/Logs/2021-12-25_22-08-08 INFO Getting attribute: question
22:08:18,52 C:\Users\ingov\PycharmProjects\ProjectR/Logs/2021-12-25_22-08-08 INFO Getting method: get_correct_answers
22:08:18,52 C:\Users\ingov\PycharmProjects\ProjectR/Logs/2021-12-25_22-08-08 INFO Getting method: get_question_type
22:08:18,52 C:\Users\ingov\PycharmProjects\ProjectR/Logs/2021-12-25_22-08-08 INFO Getting attribute: _QuestionClass__answers
22:08:18,52 C:\Users\ingov\PycharmProjects\ProjectR/Logs/2021-12-25_22-08-08 INFO Getting attribute: logger
22:08:18,52 C:\Users\ingov\PycharmProjects\ProjectR/Logs/2021-12-25_22-08-08 INFO This question is a single answer question: Text input: value 0
22:08:18,52 C:\Users\ingov\PycharmProjects\ProjectR/Logs/2021-12-25_22-08-08 INFO Getting attribute: logger
22:08:18,52 C:\Users\ingov\PycharmProjects\ProjectR/Logs/2021-12-25_22-08-08 INFO Getting attribute: _QuestionClass__answers
22:08:18,52 C:\Users\ingov\PycharmProjects\ProjectR/Logs/2021-12-25_22-08-08 INFO The correct answer is Good morning
22:08:18,52 C:\Users\ingov\PycharmProjects\ProjectR/Logs/2021-12-25_22-08-08 INFO Getting attribute: _QuestionClass__answers
22:08:18,52 C:\Users\ingov\PycharmProjects\ProjectR/Logs/2021-12-25_22-08-08 INFO Getting attribute: window
22:08:18,52 C:\Users\ingov\PycharmProjects\ProjectR/Logs/2021-12-25_22-08-08 INFO Getting attribute: question
22:08:18,52 C:\Users\ingov\PycharmProjects\ProjectR/Logs/2021-12-25_22-08-08 INFO Getting method: get_correct_answers
22:08:18,52 C:\Users\ingov\PycharmProjects\ProjectR/Logs/2021-12-25_22-08-08 INFO Getting method: get_question_type
22:08:18,52 C:\Users\ingov\PycharmProjects\ProjectR/Logs/2021-12-25_22-08-08 INFO Getting attribute: _QuestionClass__answers
22:08:18,52 C:\Users\ingov\PycharmProjects\ProjectR/Logs/2021-12-25_22-08-08 INFO Getting attribute: logger
22:08:18,52 C:\Users\ingov\PycharmProjects\ProjectR/Logs/2021-12-25_22-08-08 INFO This question is a single answer question: Text input: value 0
22:08:18,52 C:\Users\ingov\PycharmProjects\ProjectR/Logs/2021-12-25_22-08-08 INFO Getting attribute: logger
22:08:18,52 C:\Users\ingov\PycharmProjects\ProjectR/Logs/2021-12-25_22-08-08 INFO Getting attribute: _QuestionClass__answers
22:08:18,52 C:\Users\ingov\PycharmProjects\ProjectR/Logs/2021-12-25_22-08-08 INFO The correct answer is Good morning
22:08:18,52 C:\Users\ingov\PycharmProjects\ProjectR/Logs/2021-12-25_22-08-08 INFO Getting attribute: _QuestionClass__answers
22:08:18,52 C:\Users\ingov\PycharmProjects\ProjectR/Logs/2021-12-25_22-08-08 INFO Setting member: answer_label to value=.!label16
22:08:18,52 C:\Users\ingov\PycharmProjects\ProjectR/Logs/2021-12-25_22-08-08 INFO Getting attribute: answer_label
22:08:18,52 C:\Users\ingov\PycharmProjects\ProjectR/Logs/2021-12-25_22-08-08 INFO Getting attribute: window
22:08:18,52 C:\Users\ingov\PycharmProjects\ProjectR/Logs/2021-12-25_22-08-08 INFO Getting method: command_button_correct
22:08:18,52 C:\Users\ingov\PycharmProjects\ProjectR/Logs/2021-12-25_22-08-08 INFO Getting method: command_button_failed
22:08:18,52 C:\Users\ingov\PycharmProjects\ProjectR/Logs/2021-12-25_22-08-08 INFO Getting attribute: window
22:08:25,342 C:\Users\ingov\PycharmProjects\ProjectR/Logs/2021-12-25_22-08-08 INFO Getting into __init__ for class: QuestionClass
22:08:25,342 C:\Users\ingov\PycharmProjects\ProjectR/Logs/2021-12-25_22-08-08 INFO Attributes in args: ('What of the following ones are Python basic types?', [('Fire', False), ('Bool', True), ('Normal', False), ('Basic', False)])
22:08:25,342 C:\Users\ingov\PycharmProjects\ProjectR/Logs/2021-12-25_22-08-08 INFO Attributes in kwargs: {}
22:08:25,342 C:\Users\ingov\PycharmProjects\ProjectR/Logs/2021-12-25_22-08-08 INFO Setting member: _QuestionClass__question to value=What of the following ones are Python basic types?
22:08:25,342 C:\Users\ingov\PycharmProjects\ProjectR/Logs/2021-12-25_22-08-08 INFO Setting member: _QuestionClass__answers to value=[('Fire', False), ('Bool', True), ('Normal', False), ('Basic', False)]
22:08:25,342 C:\Users\ingov\PycharmProjects\ProjectR/Logs/2021-12-25_22-08-08 INFO Getting into __init__ for class: QuestionOneAnswerMultiple
22:08:25,342 C:\Users\ingov\PycharmProjects\ProjectR/Logs/2021-12-25_22-08-08 INFO Attributes in args: ()
22:08:25,342 C:\Users\ingov\PycharmProjects\ProjectR/Logs/2021-12-25_22-08-08 INFO Attributes in kwargs: {'width': 600, 'height': 550, 'title': 'Question 4'}
22:08:25,422 C:\Users\ingov\PycharmProjects\ProjectR/Logs/2021-12-25_22-08-08 INFO Setting member: window to value=.
22:08:25,422 C:\Users\ingov\PycharmProjects\ProjectR/Logs/2021-12-25_22-08-08 INFO Getting attribute: window
22:08:25,422 C:\Users\ingov\PycharmProjects\ProjectR/Logs/2021-12-25_22-08-08 INFO Setting member: height to value=550
22:08:25,422 C:\Users\ingov\PycharmProjects\ProjectR/Logs/2021-12-25_22-08-08 INFO Setting member: width to value=600
22:08:25,422 C:\Users\ingov\PycharmProjects\ProjectR/Logs/2021-12-25_22-08-08 INFO Getting attribute: window
22:08:25,422 C:\Users\ingov\PycharmProjects\ProjectR/Logs/2021-12-25_22-08-08 INFO Getting attribute: window
22:08:25,422 C:\Users\ingov\PycharmProjects\ProjectR/Logs/2021-12-25_22-08-08 INFO Getting attribute: window
22:08:25,422 C:\Users\ingov\PycharmProjects\ProjectR/Logs/2021-12-25_22-08-08 INFO Setting member: menu to value=.!menu
22:08:25,422 C:\Users\ingov\PycharmProjects\ProjectR/Logs/2021-12-25_22-08-08 INFO Getting attribute: window
22:08:25,422 C:\Users\ingov\PycharmProjects\ProjectR/Logs/2021-12-25_22-08-08 INFO Getting attribute: menu
22:08:25,432 C:\Users\ingov\PycharmProjects\ProjectR/Logs/2021-12-25_22-08-08 INFO Getting attribute: menu
22:08:25,432 C:\Users\ingov\PycharmProjects\ProjectR/Logs/2021-12-25_22-08-08 INFO Getting method: go_back_to_main
22:08:25,432 C:\Users\ingov\PycharmProjects\ProjectR/Logs/2021-12-25_22-08-08 INFO Getting attribute: menu
22:08:25,432 C:\Users\ingov\PycharmProjects\ProjectR/Logs/2021-12-25_22-08-08 INFO Getting attribute: _QuestionClass__question
22:08:25,432 C:\Users\ingov\PycharmProjects\ProjectR/Logs/2021-12-25_22-08-08 INFO Getting attribute: question
22:08:25,432 C:\Users\ingov\PycharmProjects\ProjectR/Logs/2021-12-25_22-08-08 INFO Getting attribute: _QuestionClass__answers
22:08:25,432 C:\Users\ingov\PycharmProjects\ProjectR/Logs/2021-12-25_22-08-08 INFO Getting attribute: answers
22:08:25,432 C:\Users\ingov\PycharmProjects\ProjectR/Logs/2021-12-25_22-08-08 INFO Setting member: question to value=What of the following ones are Python basic types?: [('Fire', False), ('Bool', True), ('Normal', False), ('Basic', False)]
22:08:25,432 C:\Users\ingov\PycharmProjects\ProjectR/Logs/2021-12-25_22-08-08 INFO Getting attribute: window
22:08:25,432 C:\Users\ingov\PycharmProjects\ProjectR/Logs/2021-12-25_22-08-08 INFO Getting attribute: _QuestionClass__question
22:08:25,432 C:\Users\ingov\PycharmProjects\ProjectR/Logs/2021-12-25_22-08-08 INFO Getting attribute: question
22:08:25,432 C:\Users\ingov\PycharmProjects\ProjectR/Logs/2021-12-25_22-08-08 INFO Setting member: question_label to value=.!label
22:08:25,432 C:\Users\ingov\PycharmProjects\ProjectR/Logs/2021-12-25_22-08-08 INFO Getting attribute: question_label
22:08:25,432 C:\Users\ingov\PycharmProjects\ProjectR/Logs/2021-12-25_22-08-08 INFO Getting attribute: question_label
22:08:25,432 C:\Users\ingov\PycharmProjects\ProjectR/Logs/2021-12-25_22-08-08 INFO Setting member: radio_buttons to value=[]
22:08:25,432 C:\Users\ingov\PycharmProjects\ProjectR/Logs/2021-12-25_22-08-08 INFO Setting member: answer_group to value=PY_VAR0
22:08:25,432 C:\Users\ingov\PycharmProjects\ProjectR/Logs/2021-12-25_22-08-08 INFO Setting member: radio_button_font to value=('TkDefaultFont', 12)
22:08:25,432 C:\Users\ingov\PycharmProjects\ProjectR/Logs/2021-12-25_22-08-08 INFO Getting attribute: question
22:08:25,432 C:\Users\ingov\PycharmProjects\ProjectR/Logs/2021-12-25_22-08-08 INFO Getting attribute: _QuestionClass__answers
22:08:25,432 C:\Users\ingov\PycharmProjects\ProjectR/Logs/2021-12-25_22-08-08 INFO Getting attribute: answers
22:08:25,432 C:\Users\ingov\PycharmProjects\ProjectR/Logs/2021-12-25_22-08-08 INFO Getting attribute: window
22:08:25,432 C:\Users\ingov\PycharmProjects\ProjectR/Logs/2021-12-25_22-08-08 INFO Getting attribute: answer_group
22:08:25,432 C:\Users\ingov\PycharmProjects\ProjectR/Logs/2021-12-25_22-08-08 INFO Getting method: reveal_result
22:08:25,432 C:\Users\ingov\PycharmProjects\ProjectR/Logs/2021-12-25_22-08-08 INFO Getting attribute: radio_button_font
22:08:25,432 C:\Users\ingov\PycharmProjects\ProjectR/Logs/2021-12-25_22-08-08 INFO Getting attribute: radio_buttons
22:08:25,432 C:\Users\ingov\PycharmProjects\ProjectR/Logs/2021-12-25_22-08-08 INFO Getting attribute: window
22:08:25,432 C:\Users\ingov\PycharmProjects\ProjectR/Logs/2021-12-25_22-08-08 INFO Getting attribute: answer_group
22:08:25,432 C:\Users\ingov\PycharmProjects\ProjectR/Logs/2021-12-25_22-08-08 INFO Getting method: reveal_result
22:08:25,432 C:\Users\ingov\PycharmProjects\ProjectR/Logs/2021-12-25_22-08-08 INFO Getting attribute: radio_button_font
22:08:25,432 C:\Users\ingov\PycharmProjects\ProjectR/Logs/2021-12-25_22-08-08 INFO Getting attribute: radio_buttons
22:08:25,432 C:\Users\ingov\PycharmProjects\ProjectR/Logs/2021-12-25_22-08-08 INFO Getting attribute: window
22:08:25,432 C:\Users\ingov\PycharmProjects\ProjectR/Logs/2021-12-25_22-08-08 INFO Getting attribute: answer_group
22:08:25,432 C:\Users\ingov\PycharmProjects\ProjectR/Logs/2021-12-25_22-08-08 INFO Getting method: reveal_result
22:08:25,432 C:\Users\ingov\PycharmProjects\ProjectR/Logs/2021-12-25_22-08-08 INFO Getting attribute: radio_button_font
22:08:25,432 C:\Users\ingov\PycharmProjects\ProjectR/Logs/2021-12-25_22-08-08 INFO Getting attribute: radio_buttons
22:08:25,432 C:\Users\ingov\PycharmProjects\ProjectR/Logs/2021-12-25_22-08-08 INFO Getting attribute: window
22:08:25,432 C:\Users\ingov\PycharmProjects\ProjectR/Logs/2021-12-25_22-08-08 INFO Getting attribute: answer_group
22:08:25,432 C:\Users\ingov\PycharmProjects\ProjectR/Logs/2021-12-25_22-08-08 INFO Getting method: reveal_result
22:08:25,432 C:\Users\ingov\PycharmProjects\ProjectR/Logs/2021-12-25_22-08-08 INFO Getting attribute: radio_button_font
22:08:25,432 C:\Users\ingov\PycharmProjects\ProjectR/Logs/2021-12-25_22-08-08 INFO Getting attribute: radio_buttons
22:08:25,432 C:\Users\ingov\PycharmProjects\ProjectR/Logs/2021-12-25_22-08-08 INFO Getting attribute: window
22:08:27,842 C:\Users\ingov\PycharmProjects\ProjectR/Logs/2021-12-25_22-08-08 INFO Getting into __init__ for class: QuestionClass
22:08:27,842 C:\Users\ingov\PycharmProjects\ProjectR/Logs/2021-12-25_22-08-08 INFO Attributes in args: ('Which of the following countries belong to the European Union', [('Serbia', False), ('Latvia', True), ('Norway', False), ('Malta', True)])
22:08:27,842 C:\Users\ingov\PycharmProjects\ProjectR/Logs/2021-12-25_22-08-08 INFO Attributes in kwargs: {}
22:08:27,842 C:\Users\ingov\PycharmProjects\ProjectR/Logs/2021-12-25_22-08-08 INFO Setting member: _QuestionClass__question to value=Which of the following countries belong to the European Union
22:08:27,842 C:\Users\ingov\PycharmProjects\ProjectR/Logs/2021-12-25_22-08-08 INFO Setting member: _QuestionClass__answers to value=[('Serbia', False), ('Latvia', True), ('Norway', False), ('Malta', True)]
22:08:27,842 C:\Users\ingov\PycharmProjects\ProjectR/Logs/2021-12-25_22-08-08 INFO Getting into __init__ for class: QuestionTwoAnswersMultiple
22:08:27,842 C:\Users\ingov\PycharmProjects\ProjectR/Logs/2021-12-25_22-08-08 INFO Attributes in args: ()
22:08:27,842 C:\Users\ingov\PycharmProjects\ProjectR/Logs/2021-12-25_22-08-08 INFO Attributes in kwargs: {'width': 600, 'height': 550, 'title': 'Question 5'}
22:08:28,62 C:\Users\ingov\PycharmProjects\ProjectR/Logs/2021-12-25_22-08-08 INFO Setting member: window to value=.
22:08:28,62 C:\Users\ingov\PycharmProjects\ProjectR/Logs/2021-12-25_22-08-08 INFO Getting attribute: window
22:08:28,62 C:\Users\ingov\PycharmProjects\ProjectR/Logs/2021-12-25_22-08-08 INFO Setting member: height to value=550
22:08:28,62 C:\Users\ingov\PycharmProjects\ProjectR/Logs/2021-12-25_22-08-08 INFO Setting member: width to value=600
22:08:28,62 C:\Users\ingov\PycharmProjects\ProjectR/Logs/2021-12-25_22-08-08 INFO Getting attribute: window
22:08:28,62 C:\Users\ingov\PycharmProjects\ProjectR/Logs/2021-12-25_22-08-08 INFO Getting attribute: window
22:08:28,62 C:\Users\ingov\PycharmProjects\ProjectR/Logs/2021-12-25_22-08-08 INFO Getting attribute: window
22:08:28,62 C:\Users\ingov\PycharmProjects\ProjectR/Logs/2021-12-25_22-08-08 INFO Setting member: menu to value=.!menu
22:08:28,62 C:\Users\ingov\PycharmProjects\ProjectR/Logs/2021-12-25_22-08-08 INFO Getting attribute: window
22:08:28,62 C:\Users\ingov\PycharmProjects\ProjectR/Logs/2021-12-25_22-08-08 INFO Getting attribute: menu
22:08:28,72 C:\Users\ingov\PycharmProjects\ProjectR/Logs/2021-12-25_22-08-08 INFO Getting attribute: menu
22:08:28,72 C:\Users\ingov\PycharmProjects\ProjectR/Logs/2021-12-25_22-08-08 INFO Getting method: go_back_to_main
22:08:28,72 C:\Users\ingov\PycharmProjects\ProjectR/Logs/2021-12-25_22-08-08 INFO Getting attribute: menu
22:08:28,72 C:\Users\ingov\PycharmProjects\ProjectR/Logs/2021-12-25_22-08-08 INFO Getting attribute: _QuestionClass__question
22:08:28,72 C:\Users\ingov\PycharmProjects\ProjectR/Logs/2021-12-25_22-08-08 INFO Getting attribute: question
22:08:28,72 C:\Users\ingov\PycharmProjects\ProjectR/Logs/2021-12-25_22-08-08 INFO Getting attribute: _QuestionClass__answers
22:08:28,72 C:\Users\ingov\PycharmProjects\ProjectR/Logs/2021-12-25_22-08-08 INFO Getting attribute: answers
22:08:28,72 C:\Users\ingov\PycharmProjects\ProjectR/Logs/2021-12-25_22-08-08 INFO Setting member: question to value=Which of the following countries belong to the European Union: [('Serbia', False), ('Latvia', True), ('Norway', False), ('Malta', True)]
22:08:28,72 C:\Users\ingov\PycharmProjects\ProjectR/Logs/2021-12-25_22-08-08 INFO Getting attribute: window
22:08:28,82 C:\Users\ingov\PycharmProjects\ProjectR/Logs/2021-12-25_22-08-08 INFO Getting attribute: _QuestionClass__question
22:08:28,82 C:\Users\ingov\PycharmProjects\ProjectR/Logs/2021-12-25_22-08-08 INFO Getting attribute: question
22:08:28,83 C:\Users\ingov\PycharmProjects\ProjectR/Logs/2021-12-25_22-08-08 INFO Setting member: question_label to value=.!label
22:08:28,83 C:\Users\ingov\PycharmProjects\ProjectR/Logs/2021-12-25_22-08-08 INFO Getting attribute: question_label
22:08:28,83 C:\Users\ingov\PycharmProjects\ProjectR/Logs/2021-12-25_22-08-08 INFO Getting attribute: question_label
22:08:28,83 C:\Users\ingov\PycharmProjects\ProjectR/Logs/2021-12-25_22-08-08 INFO Setting member: check_boxes to value=[]
22:08:28,83 C:\Users\ingov\PycharmProjects\ProjectR/Logs/2021-12-25_22-08-08 INFO Setting member: answer_group to value=PY_VAR1
22:08:28,83 C:\Users\ingov\PycharmProjects\ProjectR/Logs/2021-12-25_22-08-08 INFO Setting member: check_button_font to value=('TkDefaultFont', 12)
22:08:28,83 C:\Users\ingov\PycharmProjects\ProjectR/Logs/2021-12-25_22-08-08 INFO Setting member: checks_done to value=0
22:08:28,83 C:\Users\ingov\PycharmProjects\ProjectR/Logs/2021-12-25_22-08-08 INFO Setting member: vars_int to value=[]
22:08:28,83 C:\Users\ingov\PycharmProjects\ProjectR/Logs/2021-12-25_22-08-08 INFO Getting attribute: question
22:08:28,83 C:\Users\ingov\PycharmProjects\ProjectR/Logs/2021-12-25_22-08-08 INFO Getting attribute: _QuestionClass__answers
22:08:28,83 C:\Users\ingov\PycharmProjects\ProjectR/Logs/2021-12-25_22-08-08 INFO Getting attribute: answers
22:08:28,83 C:\Users\ingov\PycharmProjects\ProjectR/Logs/2021-12-25_22-08-08 INFO Getting attribute: window
22:08:28,83 C:\Users\ingov\PycharmProjects\ProjectR/Logs/2021-12-25_22-08-08 INFO Getting attribute: check_button_font
22:08:28,83 C:\Users\ingov\PycharmProjects\ProjectR/Logs/2021-12-25_22-08-08 INFO Getting method: checking_box
22:08:28,83 C:\Users\ingov\PycharmProjects\ProjectR/Logs/2021-12-25_22-08-08 INFO Getting attribute: vars_int
22:08:28,83 C:\Users\ingov\PycharmProjects\ProjectR/Logs/2021-12-25_22-08-08 INFO Getting attribute: check_boxes
22:08:28,83 C:\Users\ingov\PycharmProjects\ProjectR/Logs/2021-12-25_22-08-08 INFO Getting attribute: window
22:08:28,83 C:\Users\ingov\PycharmProjects\ProjectR/Logs/2021-12-25_22-08-08 INFO Getting attribute: check_button_font
22:08:28,83 C:\Users\ingov\PycharmProjects\ProjectR/Logs/2021-12-25_22-08-08 INFO Getting method: checking_box
22:08:28,83 C:\Users\ingov\PycharmProjects\ProjectR/Logs/2021-12-25_22-08-08 INFO Getting attribute: vars_int
22:08:28,83 C:\Users\ingov\PycharmProjects\ProjectR/Logs/2021-12-25_22-08-08 INFO Getting attribute: check_boxes
22:08:28,83 C:\Users\ingov\PycharmProjects\ProjectR/Logs/2021-12-25_22-08-08 INFO Getting attribute: window
22:08:28,83 C:\Users\ingov\PycharmProjects\ProjectR/Logs/2021-12-25_22-08-08 INFO Getting attribute: check_button_font
22:08:28,83 C:\Users\ingov\PycharmProjects\ProjectR/Logs/2021-12-25_22-08-08 INFO Getting method: checking_box
22:08:28,83 C:\Users\ingov\PycharmProjects\ProjectR/Logs/2021-12-25_22-08-08 INFO Getting attribute: vars_int
22:08:28,83 C:\Users\ingov\PycharmProjects\ProjectR/Logs/2021-12-25_22-08-08 INFO Getting attribute: check_boxes
22:08:28,83 C:\Users\ingov\PycharmProjects\ProjectR/Logs/2021-12-25_22-08-08 INFO Getting attribute: window
22:08:28,83 C:\Users\ingov\PycharmProjects\ProjectR/Logs/2021-12-25_22-08-08 INFO Getting attribute: check_button_font
22:08:28,83 C:\Users\ingov\PycharmProjects\ProjectR/Logs/2021-12-25_22-08-08 INFO Getting method: checking_box
22:08:28,83 C:\Users\ingov\PycharmProjects\ProjectR/Logs/2021-12-25_22-08-08 INFO Getting attribute: vars_int
22:08:28,83 C:\Users\ingov\PycharmProjects\ProjectR/Logs/2021-12-25_22-08-08 INFO Getting attribute: check_boxes
22:08:28,92 C:\Users\ingov\PycharmProjects\ProjectR/Logs/2021-12-25_22-08-08 INFO Getting attribute: window
