23:35:04,985 C:\Users\ingov\PycharmProjects\ProjectR/Logs/2021-12-25_23-35-04 INFO Log has been created and started
23:35:04,985 C:\Users\ingov\PycharmProjects\ProjectR/Logs/2021-12-25_23-35-04 INFO Metaclass MetaAbsLogger: Starting class MetaLogger
23:35:05,0 C:\Users\ingov\PycharmProjects\ProjectR/Logs/2021-12-25_23-35-04 INFO Metaclass MetaLogger: Starting class QuestionClass
23:35:05,78 C:\Users\ingov\PycharmProjects\ProjectR/Logs/2021-12-25_23-35-04 INFO Metaclass MetaLogger: Starting class QuestionnaireClass
23:35:05,156 C:\Users\ingov\PycharmProjects\ProjectR/Logs/2021-12-25_23-35-04 INFO Metaclass MetaAbsLogger: Starting class SimpleWindow
23:35:05,219 C:\Users\ingov\PycharmProjects\ProjectR/Logs/2021-12-25_23-35-04 INFO C:\Users\ingov\PycharmProjects\ProjectR/Config/config.cfg, exists so we will read it
23:35:05,219 C:\Users\ingov\PycharmProjects\ProjectR/Logs/2021-12-25_23-35-04 INFO Seconds to answer a question: 10
23:35:05,219 C:\Users\ingov\PycharmProjects\ProjectR/Logs/2021-12-25_23-35-04 INFO Seconds between questions: 30
23:35:05,219 C:\Users\ingov\PycharmProjects\ProjectR/Logs/2021-12-25_23-35-04 INFO C:\Users\ingov\PycharmProjects\ProjectR/Config/config.cfg is closed now
23:35:05,219 C:\Users\ingov\PycharmProjects\ProjectR/Logs/2021-12-25_23-35-04 INFO Metaclass MetaLogger: Starting class ConfigClass
23:35:05,250 C:\Users\ingov\PycharmProjects\ProjectR/Logs/2021-12-25_23-35-04 INFO Metaclass MetaAbsLogger: Starting class CurrentSession
23:35:05,250 C:\Users\ingov\PycharmProjects\ProjectR/Logs/2021-12-25_23-35-04 INFO Metaclass MetaAbsLogger: Starting class QuestionWindowAbs
23:35:05,250 C:\Users\ingov\PycharmProjects\ProjectR/Logs/2021-12-25_23-35-04 INFO Metaclass MetaAbsLogger: Starting class QuestionOneAnswer
23:35:05,250 C:\Users\ingov\PycharmProjects\ProjectR/Logs/2021-12-25_23-35-04 INFO Metaclass MetaAbsLogger: Starting class QuestionOneAnswerMultiple
23:35:05,250 C:\Users\ingov\PycharmProjects\ProjectR/Logs/2021-12-25_23-35-04 INFO Metaclass MetaAbsLogger: Starting class QuestionTwoAnswersMultiple
23:35:05,250 C:\Users\ingov\PycharmProjects\ProjectR/Logs/2021-12-25_23-35-04 INFO Loading a questionnaire from file: C:\Users\ingov\PycharmProjects\ProjectR/Data/Questionnaires/QuestionnaireExample2.pickle
23:35:05,250 C:\Users\ingov\PycharmProjects\ProjectR/Logs/2021-12-25_23-35-04 INFO Getting attribute: __dict__
23:35:05,266 C:\Users\ingov\PycharmProjects\ProjectR/Logs/2021-12-25_23-35-04 INFO Getting attribute: __dict__
23:35:05,266 C:\Users\ingov\PycharmProjects\ProjectR/Logs/2021-12-25_23-35-04 INFO Getting attribute: __dict__
23:35:05,266 C:\Users\ingov\PycharmProjects\ProjectR/Logs/2021-12-25_23-35-04 INFO Calling get_secs_to_answer
23:35:05,266 C:\Users\ingov\PycharmProjects\ProjectR/Logs/2021-12-25_23-35-04 INFO Getting secs to answer a questions: 10
23:35:05,266 C:\Users\ingov\PycharmProjects\ProjectR/Logs/2021-12-25_23-35-04 INFO Getting method: get_question_type
23:35:05,266 C:\Users\ingov\PycharmProjects\ProjectR/Logs/2021-12-25_23-35-04 INFO Getting attribute: _QuestionClass__answers
23:35:05,266 C:\Users\ingov\PycharmProjects\ProjectR/Logs/2021-12-25_23-35-04 INFO Getting attribute: logger
23:35:05,266 C:\Users\ingov\PycharmProjects\ProjectR/Logs/2021-12-25_23-35-04 INFO This question is a single answer question: Text input: value 0
23:35:05,266 C:\Users\ingov\PycharmProjects\ProjectR/Logs/2021-12-25_23-35-04 INFO Getting attribute: logger
23:35:05,266 C:\Users\ingov\PycharmProjects\ProjectR/Logs/2021-12-25_23-35-04 INFO We create a 600x450 window
23:35:05,266 C:\Users\ingov\PycharmProjects\ProjectR/Logs/2021-12-25_23-35-04 INFO Getting attribute: logger
23:35:05,266 C:\Users\ingov\PycharmProjects\ProjectR/Logs/2021-12-25_23-35-04 INFO Getting attribute: _QuestionClass__question
23:35:05,266 C:\Users\ingov\PycharmProjects\ProjectR/Logs/2021-12-25_23-35-04 INFO Getting attribute: question
23:35:05,266 C:\Users\ingov\PycharmProjects\ProjectR/Logs/2021-12-25_23-35-04 INFO Getting attribute: _QuestionClass__answers
23:35:05,266 C:\Users\ingov\PycharmProjects\ProjectR/Logs/2021-12-25_23-35-04 INFO Getting attribute: answers
23:35:05,266 C:\Users\ingov\PycharmProjects\ProjectR/Logs/2021-12-25_23-35-04 INFO We are going to display question: What do you say to a person in the morning?: Good morning
23:35:05,266 C:\Users\ingov\PycharmProjects\ProjectR/Logs/2021-12-25_23-35-04 INFO Getting into __init__ for class: QuestionOneAnswer
23:35:05,266 C:\Users\ingov\PycharmProjects\ProjectR/Logs/2021-12-25_23-35-04 INFO Attributes in args: ()
23:35:05,266 C:\Users\ingov\PycharmProjects\ProjectR/Logs/2021-12-25_23-35-04 INFO Attributes in kwargs: {'width': 600, 'height': 450, 'title': 'Question 0'}
23:35:05,485 C:\Users\ingov\PycharmProjects\ProjectR/Logs/2021-12-25_23-35-04 INFO Setting member: window to value=.
23:35:05,485 C:\Users\ingov\PycharmProjects\ProjectR/Logs/2021-12-25_23-35-04 INFO Getting attribute: window
23:35:05,485 C:\Users\ingov\PycharmProjects\ProjectR/Logs/2021-12-25_23-35-04 INFO Setting member: height to value=450
23:35:05,485 C:\Users\ingov\PycharmProjects\ProjectR/Logs/2021-12-25_23-35-04 INFO Setting member: width to value=600
23:35:05,485 C:\Users\ingov\PycharmProjects\ProjectR/Logs/2021-12-25_23-35-04 INFO Getting attribute: window
23:35:05,485 C:\Users\ingov\PycharmProjects\ProjectR/Logs/2021-12-25_23-35-04 INFO Getting attribute: window
23:35:05,485 C:\Users\ingov\PycharmProjects\ProjectR/Logs/2021-12-25_23-35-04 INFO Getting attribute: logger
23:35:05,485 C:\Users\ingov\PycharmProjects\ProjectR/Logs/2021-12-25_23-35-04 INFO Set window to no resizable
23:35:05,485 C:\Users\ingov\PycharmProjects\ProjectR/Logs/2021-12-25_23-35-04 INFO Getting attribute: window
23:35:05,500 C:\Users\ingov\PycharmProjects\ProjectR/Logs/2021-12-25_23-35-04 INFO Setting member: menu to value=.!menu
23:35:05,500 C:\Users\ingov\PycharmProjects\ProjectR/Logs/2021-12-25_23-35-04 INFO Getting attribute: logger
23:35:05,500 C:\Users\ingov\PycharmProjects\ProjectR/Logs/2021-12-25_23-35-04 INFO Creating menu for this window
23:35:05,500 C:\Users\ingov\PycharmProjects\ProjectR/Logs/2021-12-25_23-35-04 INFO Getting attribute: window
23:35:05,500 C:\Users\ingov\PycharmProjects\ProjectR/Logs/2021-12-25_23-35-04 INFO Getting attribute: menu
23:35:05,516 C:\Users\ingov\PycharmProjects\ProjectR/Logs/2021-12-25_23-35-04 INFO Getting attribute: menu
23:35:05,516 C:\Users\ingov\PycharmProjects\ProjectR/Logs/2021-12-25_23-35-04 INFO Getting method: go_back_to_main
23:35:05,516 C:\Users\ingov\PycharmProjects\ProjectR/Logs/2021-12-25_23-35-04 INFO Getting attribute: logger
23:35:05,516 C:\Users\ingov\PycharmProjects\ProjectR/Logs/2021-12-25_23-35-04 INFO Added option Go back to main
23:35:05,516 C:\Users\ingov\PycharmProjects\ProjectR/Logs/2021-12-25_23-35-04 INFO Getting attribute: menu
23:35:05,516 C:\Users\ingov\PycharmProjects\ProjectR/Logs/2021-12-25_23-35-04 INFO Getting attribute: logger
23:35:05,516 C:\Users\ingov\PycharmProjects\ProjectR/Logs/2021-12-25_23-35-04 INFO Added option Exit
23:35:05,516 C:\Users\ingov\PycharmProjects\ProjectR/Logs/2021-12-25_23-35-04 INFO Getting attribute: _QuestionClass__question
23:35:05,516 C:\Users\ingov\PycharmProjects\ProjectR/Logs/2021-12-25_23-35-04 INFO Getting attribute: question
23:35:05,516 C:\Users\ingov\PycharmProjects\ProjectR/Logs/2021-12-25_23-35-04 INFO Getting attribute: _QuestionClass__answers
23:35:05,516 C:\Users\ingov\PycharmProjects\ProjectR/Logs/2021-12-25_23-35-04 INFO Getting attribute: answers
23:35:05,516 C:\Users\ingov\PycharmProjects\ProjectR/Logs/2021-12-25_23-35-04 INFO Setting member: question to value=What do you say to a person in the morning?: Good morning
23:35:05,516 C:\Users\ingov\PycharmProjects\ProjectR/Logs/2021-12-25_23-35-04 INFO Getting attribute: window
23:35:05,516 C:\Users\ingov\PycharmProjects\ProjectR/Logs/2021-12-25_23-35-04 INFO Getting attribute: _QuestionClass__question
23:35:05,516 C:\Users\ingov\PycharmProjects\ProjectR/Logs/2021-12-25_23-35-04 INFO Getting attribute: question
23:35:05,516 C:\Users\ingov\PycharmProjects\ProjectR/Logs/2021-12-25_23-35-04 INFO Setting member: question_label to value=.!label
23:35:05,516 C:\Users\ingov\PycharmProjects\ProjectR/Logs/2021-12-25_23-35-04 INFO Getting attribute: question_label
23:35:05,516 C:\Users\ingov\PycharmProjects\ProjectR/Logs/2021-12-25_23-35-04 INFO Getting attribute: question_label
23:35:05,516 C:\Users\ingov\PycharmProjects\ProjectR/Logs/2021-12-25_23-35-04 INFO Getting attribute: logger
23:35:05,516 C:\Users\ingov\PycharmProjects\ProjectR/Logs/2021-12-25_23-35-04 INFO Created label for the question
23:35:05,516 C:\Users\ingov\PycharmProjects\ProjectR/Logs/2021-12-25_23-35-04 INFO Getting attribute: window
23:35:05,516 C:\Users\ingov\PycharmProjects\ProjectR/Logs/2021-12-25_23-35-04 INFO Getting method: reveal_answer
23:35:05,516 C:\Users\ingov\PycharmProjects\ProjectR/Logs/2021-12-25_23-35-04 INFO Setting member: button_answer to value=.!button
23:35:05,516 C:\Users\ingov\PycharmProjects\ProjectR/Logs/2021-12-25_23-35-04 INFO Getting attribute: button_answer
23:35:05,516 C:\Users\ingov\PycharmProjects\ProjectR/Logs/2021-12-25_23-35-04 INFO Getting attribute: logger
23:35:05,516 C:\Users\ingov\PycharmProjects\ProjectR/Logs/2021-12-25_23-35-04 INFO Added button to Reveal Answer
23:35:05,516 C:\Users\ingov\PycharmProjects\ProjectR/Logs/2021-12-25_23-35-04 INFO Setting member: answer_label to value=None
23:35:05,516 C:\Users\ingov\PycharmProjects\ProjectR/Logs/2021-12-25_23-35-04 INFO Setting member: button_correct to value=None
23:35:05,516 C:\Users\ingov\PycharmProjects\ProjectR/Logs/2021-12-25_23-35-04 INFO Setting member: button_failed to value=None
23:35:05,516 C:\Users\ingov\PycharmProjects\ProjectR/Logs/2021-12-25_23-35-04 INFO Getting attribute: window
23:35:05,516 C:\Users\ingov\PycharmProjects\ProjectR/Logs/2021-12-25_23-35-04 INFO Getting attribute: window
23:35:05,516 C:\Users\ingov\PycharmProjects\ProjectR/Logs/2021-12-25_23-35-04 INFO Getting attribute: window
23:35:06,803 C:\Users\ingov\PycharmProjects\ProjectR/Logs/2021-12-25_23-35-04 INFO Getting attribute: logger
23:35:06,803 C:\Users\ingov\PycharmProjects\ProjectR/Logs/2021-12-25_23-35-04 INFO Revealing the answer
23:35:06,803 C:\Users\ingov\PycharmProjects\ProjectR/Logs/2021-12-25_23-35-04 INFO Getting attribute: logger
23:35:06,803 C:\Users\ingov\PycharmProjects\ProjectR/Logs/2021-12-25_23-35-04 INFO Disabling the button Reveal Answer
23:35:06,803 C:\Users\ingov\PycharmProjects\ProjectR/Logs/2021-12-25_23-35-04 INFO Getting attribute: button_answer
23:35:06,803 C:\Users\ingov\PycharmProjects\ProjectR/Logs/2021-12-25_23-35-04 INFO Getting attribute: logger
23:35:06,803 C:\Users\ingov\PycharmProjects\ProjectR/Logs/2021-12-25_23-35-04 INFO Adding button Correct and Failed
23:35:06,803 C:\Users\ingov\PycharmProjects\ProjectR/Logs/2021-12-25_23-35-04 INFO Getting attribute: window
23:35:06,803 C:\Users\ingov\PycharmProjects\ProjectR/Logs/2021-12-25_23-35-04 INFO Getting attribute: question
23:35:06,803 C:\Users\ingov\PycharmProjects\ProjectR/Logs/2021-12-25_23-35-04 INFO Getting method: get_correct_answers
23:35:06,803 C:\Users\ingov\PycharmProjects\ProjectR/Logs/2021-12-25_23-35-04 INFO Getting method: get_question_type
23:35:06,803 C:\Users\ingov\PycharmProjects\ProjectR/Logs/2021-12-25_23-35-04 INFO Getting attribute: _QuestionClass__answers
23:35:06,803 C:\Users\ingov\PycharmProjects\ProjectR/Logs/2021-12-25_23-35-04 INFO Getting attribute: logger
23:35:06,803 C:\Users\ingov\PycharmProjects\ProjectR/Logs/2021-12-25_23-35-04 INFO This question is a single answer question: Text input: value 0
23:35:06,803 C:\Users\ingov\PycharmProjects\ProjectR/Logs/2021-12-25_23-35-04 INFO Getting attribute: logger
23:35:06,803 C:\Users\ingov\PycharmProjects\ProjectR/Logs/2021-12-25_23-35-04 INFO Getting attribute: _QuestionClass__answers
23:35:06,803 C:\Users\ingov\PycharmProjects\ProjectR/Logs/2021-12-25_23-35-04 INFO The correct answer is Good morning
23:35:06,803 C:\Users\ingov\PycharmProjects\ProjectR/Logs/2021-12-25_23-35-04 INFO Getting attribute: _QuestionClass__answers
23:35:06,803 C:\Users\ingov\PycharmProjects\ProjectR/Logs/2021-12-25_23-35-04 INFO Setting member: answer_label to value=.!label2
23:35:06,803 C:\Users\ingov\PycharmProjects\ProjectR/Logs/2021-12-25_23-35-04 INFO Getting attribute: answer_label
23:35:06,803 C:\Users\ingov\PycharmProjects\ProjectR/Logs/2021-12-25_23-35-04 INFO Getting attribute: window
23:35:06,803 C:\Users\ingov\PycharmProjects\ProjectR/Logs/2021-12-25_23-35-04 INFO Getting method: command_button_correct
23:35:06,803 C:\Users\ingov\PycharmProjects\ProjectR/Logs/2021-12-25_23-35-04 INFO Setting member: button_correct to value=.!frame.!button
23:35:06,803 C:\Users\ingov\PycharmProjects\ProjectR/Logs/2021-12-25_23-35-04 INFO Getting method: command_button_failed
23:35:06,803 C:\Users\ingov\PycharmProjects\ProjectR/Logs/2021-12-25_23-35-04 INFO Setting member: button_failed to value=.!frame.!button2
23:35:06,803 C:\Users\ingov\PycharmProjects\ProjectR/Logs/2021-12-25_23-35-04 INFO Getting attribute: button_correct
23:35:06,803 C:\Users\ingov\PycharmProjects\ProjectR/Logs/2021-12-25_23-35-04 INFO Getting attribute: button_failed
23:35:06,803 C:\Users\ingov\PycharmProjects\ProjectR/Logs/2021-12-25_23-35-04 INFO Getting attribute: logger
23:35:06,803 C:\Users\ingov\PycharmProjects\ProjectR/Logs/2021-12-25_23-35-04 INFO Window is resized to 600x650
23:35:06,803 C:\Users\ingov\PycharmProjects\ProjectR/Logs/2021-12-25_23-35-04 INFO Getting attribute: window
23:35:07,709 C:\Users\ingov\PycharmProjects\ProjectR/Logs/2021-12-25_23-35-04 INFO Getting method: add_result
23:35:07,709 C:\Users\ingov\PycharmProjects\ProjectR/Logs/2021-12-25_23-35-04 INFO Getting attribute: logger
23:35:07,709 C:\Users\ingov\PycharmProjects\ProjectR/Logs/2021-12-25_23-35-04 INFO The awswer was True
23:35:07,709 C:\Users\ingov\PycharmProjects\ProjectR/Logs/2021-12-25_23-35-04 INFO Getting attribute: question
23:35:07,709 C:\Users\ingov\PycharmProjects\ProjectR/Logs/2021-12-25_23-35-04 INFO Getting attribute: _QuestionClass__question
23:35:07,709 C:\Users\ingov\PycharmProjects\ProjectR/Logs/2021-12-25_23-35-04 INFO Getting attribute: question
23:35:07,709 C:\Users\ingov\PycharmProjects\ProjectR/Logs/2021-12-25_23-35-04 INFO Getting attribute: logger
23:35:07,709 C:\Users\ingov\PycharmProjects\ProjectR/Logs/2021-12-25_23-35-04 INFO Disabling buttons correct and failed
23:35:07,709 C:\Users\ingov\PycharmProjects\ProjectR/Logs/2021-12-25_23-35-04 INFO Getting attribute: button_correct
23:35:07,709 C:\Users\ingov\PycharmProjects\ProjectR/Logs/2021-12-25_23-35-04 INFO Getting attribute: button_correct
23:35:07,709 C:\Users\ingov\PycharmProjects\ProjectR/Logs/2021-12-25_23-35-04 INFO Getting attribute: button_failed
23:35:07,709 C:\Users\ingov\PycharmProjects\ProjectR/Logs/2021-12-25_23-35-04 INFO Getting attribute: button_failed
23:35:07,709 C:\Users\ingov\PycharmProjects\ProjectR/Logs/2021-12-25_23-35-04 INFO Getting attribute: logger
23:35:07,709 C:\Users\ingov\PycharmProjects\ProjectR/Logs/2021-12-25_23-35-04 INFO Removing after method from window
23:35:07,709 C:\Users\ingov\PycharmProjects\ProjectR/Logs/2021-12-25_23-35-04 INFO Getting attribute: window
23:35:07,709 C:\Users\ingov\PycharmProjects\ProjectR/Logs/2021-12-25_23-35-04 INFO Getting attribute: window
23:35:07,709 C:\Users\ingov\PycharmProjects\ProjectR/Logs/2021-12-25_23-35-04 INFO Getting attribute: logger
23:35:07,709 C:\Users\ingov\PycharmProjects\ProjectR/Logs/2021-12-25_23-35-04 INFO Window will close in 10 secs
23:35:07,709 C:\Users\ingov\PycharmProjects\ProjectR/Logs/2021-12-25_23-35-04 INFO Getting attribute: window
23:35:07,709 C:\Users\ingov\PycharmProjects\ProjectR/Logs/2021-12-25_23-35-04 INFO Getting attribute: window
23:35:15,559 C:\Users\ingov\PycharmProjects\ProjectR/Logs/2021-12-25_23-35-04 INFO Calling get_secs_between_questions
23:35:15,559 C:\Users\ingov\PycharmProjects\ProjectR/Logs/2021-12-25_23-35-04 INFO Getting secs between questions: 10
23:35:45,573 C:\Users\ingov\PycharmProjects\ProjectR/Logs/2021-12-25_23-35-04 INFO Getting method: get_question_type
23:35:45,573 C:\Users\ingov\PycharmProjects\ProjectR/Logs/2021-12-25_23-35-04 INFO Getting attribute: _QuestionClass__answers
23:35:45,573 C:\Users\ingov\PycharmProjects\ProjectR/Logs/2021-12-25_23-35-04 INFO Getting attribute: _QuestionClass__answers
23:35:45,573 C:\Users\ingov\PycharmProjects\ProjectR/Logs/2021-12-25_23-35-04 INFO Getting attribute: logger
23:35:45,573 C:\Users\ingov\PycharmProjects\ProjectR/Logs/2021-12-25_23-35-04 INFO This question is a multiple choice question with a single answer: Radio button: value 1
23:35:45,573 C:\Users\ingov\PycharmProjects\ProjectR/Logs/2021-12-25_23-35-04 INFO Getting method: get_question_type
23:35:45,573 C:\Users\ingov\PycharmProjects\ProjectR/Logs/2021-12-25_23-35-04 INFO Getting attribute: _QuestionClass__answers
23:35:45,573 C:\Users\ingov\PycharmProjects\ProjectR/Logs/2021-12-25_23-35-04 INFO Getting attribute: _QuestionClass__answers
23:35:45,573 C:\Users\ingov\PycharmProjects\ProjectR/Logs/2021-12-25_23-35-04 INFO Getting attribute: logger
23:35:45,573 C:\Users\ingov\PycharmProjects\ProjectR/Logs/2021-12-25_23-35-04 INFO This question is a multiple choice question with a single answer: Radio button: value 1
23:35:45,573 C:\Users\ingov\PycharmProjects\ProjectR/Logs/2021-12-25_23-35-04 INFO Getting attribute: logger
23:35:45,573 C:\Users\ingov\PycharmProjects\ProjectR/Logs/2021-12-25_23-35-04 INFO Getting attribute: _QuestionClass__question
23:35:45,573 C:\Users\ingov\PycharmProjects\ProjectR/Logs/2021-12-25_23-35-04 INFO Getting attribute: question
23:35:45,573 C:\Users\ingov\PycharmProjects\ProjectR/Logs/2021-12-25_23-35-04 INFO Getting attribute: _QuestionClass__answers
23:35:45,573 C:\Users\ingov\PycharmProjects\ProjectR/Logs/2021-12-25_23-35-04 INFO Getting attribute: answers
23:35:45,573 C:\Users\ingov\PycharmProjects\ProjectR/Logs/2021-12-25_23-35-04 INFO We are going to display question: What of the following ones are Python basic types?: [('Fire', False), ('Bool', True), ('Normal', False), ('Basic', False)]
23:35:45,573 C:\Users\ingov\PycharmProjects\ProjectR/Logs/2021-12-25_23-35-04 INFO Getting into __init__ for class: QuestionOneAnswerMultiple
23:35:45,573 C:\Users\ingov\PycharmProjects\ProjectR/Logs/2021-12-25_23-35-04 INFO Attributes in args: ()
23:35:45,573 C:\Users\ingov\PycharmProjects\ProjectR/Logs/2021-12-25_23-35-04 INFO Attributes in kwargs: {'width': 600, 'height': 550, 'title': 'Question 1'}
23:35:45,698 C:\Users\ingov\PycharmProjects\ProjectR/Logs/2021-12-25_23-35-04 INFO Setting member: window to value=.
23:35:45,698 C:\Users\ingov\PycharmProjects\ProjectR/Logs/2021-12-25_23-35-04 INFO Getting attribute: window
23:35:45,698 C:\Users\ingov\PycharmProjects\ProjectR/Logs/2021-12-25_23-35-04 INFO Setting member: height to value=550
23:35:45,698 C:\Users\ingov\PycharmProjects\ProjectR/Logs/2021-12-25_23-35-04 INFO Setting member: width to value=600
23:35:45,698 C:\Users\ingov\PycharmProjects\ProjectR/Logs/2021-12-25_23-35-04 INFO Getting attribute: window
23:35:45,698 C:\Users\ingov\PycharmProjects\ProjectR/Logs/2021-12-25_23-35-04 INFO Getting attribute: window
23:35:45,698 C:\Users\ingov\PycharmProjects\ProjectR/Logs/2021-12-25_23-35-04 INFO Getting attribute: logger
23:35:45,698 C:\Users\ingov\PycharmProjects\ProjectR/Logs/2021-12-25_23-35-04 INFO Set window to no resizable
23:35:45,698 C:\Users\ingov\PycharmProjects\ProjectR/Logs/2021-12-25_23-35-04 INFO Getting attribute: window
23:35:45,714 C:\Users\ingov\PycharmProjects\ProjectR/Logs/2021-12-25_23-35-04 INFO Setting member: menu to value=.!menu
23:35:45,714 C:\Users\ingov\PycharmProjects\ProjectR/Logs/2021-12-25_23-35-04 INFO Getting attribute: logger
23:35:45,714 C:\Users\ingov\PycharmProjects\ProjectR/Logs/2021-12-25_23-35-04 INFO Creating menu for this window
23:35:45,714 C:\Users\ingov\PycharmProjects\ProjectR/Logs/2021-12-25_23-35-04 INFO Getting attribute: window
23:35:45,714 C:\Users\ingov\PycharmProjects\ProjectR/Logs/2021-12-25_23-35-04 INFO Getting attribute: menu
23:35:45,714 C:\Users\ingov\PycharmProjects\ProjectR/Logs/2021-12-25_23-35-04 INFO Getting attribute: menu
23:35:45,714 C:\Users\ingov\PycharmProjects\ProjectR/Logs/2021-12-25_23-35-04 INFO Getting method: go_back_to_main
23:35:45,714 C:\Users\ingov\PycharmProjects\ProjectR/Logs/2021-12-25_23-35-04 INFO Getting attribute: logger
23:35:45,714 C:\Users\ingov\PycharmProjects\ProjectR/Logs/2021-12-25_23-35-04 INFO Added option Go back to main
23:35:45,714 C:\Users\ingov\PycharmProjects\ProjectR/Logs/2021-12-25_23-35-04 INFO Getting attribute: menu
23:35:45,714 C:\Users\ingov\PycharmProjects\ProjectR/Logs/2021-12-25_23-35-04 INFO Getting attribute: logger
23:35:45,714 C:\Users\ingov\PycharmProjects\ProjectR/Logs/2021-12-25_23-35-04 INFO Added option Exit
23:35:45,714 C:\Users\ingov\PycharmProjects\ProjectR/Logs/2021-12-25_23-35-04 INFO Getting attribute: _QuestionClass__question
23:35:45,714 C:\Users\ingov\PycharmProjects\ProjectR/Logs/2021-12-25_23-35-04 INFO Getting attribute: question
23:35:45,714 C:\Users\ingov\PycharmProjects\ProjectR/Logs/2021-12-25_23-35-04 INFO Getting attribute: _QuestionClass__answers
23:35:45,714 C:\Users\ingov\PycharmProjects\ProjectR/Logs/2021-12-25_23-35-04 INFO Getting attribute: answers
23:35:45,714 C:\Users\ingov\PycharmProjects\ProjectR/Logs/2021-12-25_23-35-04 INFO Setting member: question to value=What of the following ones are Python basic types?: [('Fire', False), ('Bool', True), ('Normal', False), ('Basic', False)]
23:35:45,714 C:\Users\ingov\PycharmProjects\ProjectR/Logs/2021-12-25_23-35-04 INFO Getting attribute: window
23:35:45,714 C:\Users\ingov\PycharmProjects\ProjectR/Logs/2021-12-25_23-35-04 INFO Getting attribute: _QuestionClass__question
23:35:45,714 C:\Users\ingov\PycharmProjects\ProjectR/Logs/2021-12-25_23-35-04 INFO Getting attribute: question
23:35:45,714 C:\Users\ingov\PycharmProjects\ProjectR/Logs/2021-12-25_23-35-04 INFO Setting member: question_label to value=.!label
23:35:45,714 C:\Users\ingov\PycharmProjects\ProjectR/Logs/2021-12-25_23-35-04 INFO Getting attribute: question_label
23:35:45,714 C:\Users\ingov\PycharmProjects\ProjectR/Logs/2021-12-25_23-35-04 INFO Getting attribute: question_label
23:35:45,714 C:\Users\ingov\PycharmProjects\ProjectR/Logs/2021-12-25_23-35-04 INFO Getting attribute: logger
23:35:45,714 C:\Users\ingov\PycharmProjects\ProjectR/Logs/2021-12-25_23-35-04 INFO Created label for the question
23:35:45,714 C:\Users\ingov\PycharmProjects\ProjectR/Logs/2021-12-25_23-35-04 INFO Setting member: radio_buttons to value=[]
23:35:45,714 C:\Users\ingov\PycharmProjects\ProjectR/Logs/2021-12-25_23-35-04 INFO Getting attribute: logger
23:35:45,714 C:\Users\ingov\PycharmProjects\ProjectR/Logs/2021-12-25_23-35-04 INFO We created the IntVar for the group of radio buttons
23:35:45,714 C:\Users\ingov\PycharmProjects\ProjectR/Logs/2021-12-25_23-35-04 INFO Setting member: answer_group to value=PY_VAR0
23:35:45,714 C:\Users\ingov\PycharmProjects\ProjectR/Logs/2021-12-25_23-35-04 INFO Getting attribute: logger
23:35:45,714 C:\Users\ingov\PycharmProjects\ProjectR/Logs/2021-12-25_23-35-04 INFO Our font is size 12
23:35:45,714 C:\Users\ingov\PycharmProjects\ProjectR/Logs/2021-12-25_23-35-04 INFO Setting member: radio_button_font to value=('TkDefaultFont', 12)
23:35:45,714 C:\Users\ingov\PycharmProjects\ProjectR/Logs/2021-12-25_23-35-04 INFO Getting attribute: question
23:35:45,714 C:\Users\ingov\PycharmProjects\ProjectR/Logs/2021-12-25_23-35-04 INFO Getting attribute: _QuestionClass__answers
23:35:45,714 C:\Users\ingov\PycharmProjects\ProjectR/Logs/2021-12-25_23-35-04 INFO Getting attribute: answers
23:35:45,714 C:\Users\ingov\PycharmProjects\ProjectR/Logs/2021-12-25_23-35-04 INFO Getting attribute: logger
23:35:45,714 C:\Users\ingov\PycharmProjects\ProjectR/Logs/2021-12-25_23-35-04 INFO Creating radio button
23:35:45,714 C:\Users\ingov\PycharmProjects\ProjectR/Logs/2021-12-25_23-35-04 INFO Getting attribute: window
23:35:45,714 C:\Users\ingov\PycharmProjects\ProjectR/Logs/2021-12-25_23-35-04 INFO Getting attribute: answer_group
23:35:45,714 C:\Users\ingov\PycharmProjects\ProjectR/Logs/2021-12-25_23-35-04 INFO Getting method: reveal_result
23:35:45,714 C:\Users\ingov\PycharmProjects\ProjectR/Logs/2021-12-25_23-35-04 INFO Getting attribute: radio_button_font
23:35:45,729 C:\Users\ingov\PycharmProjects\ProjectR/Logs/2021-12-25_23-35-04 INFO Getting attribute: radio_buttons
23:35:45,729 C:\Users\ingov\PycharmProjects\ProjectR/Logs/2021-12-25_23-35-04 INFO Getting attribute: logger
23:35:45,729 C:\Users\ingov\PycharmProjects\ProjectR/Logs/2021-12-25_23-35-04 INFO Creating radio button
23:35:45,729 C:\Users\ingov\PycharmProjects\ProjectR/Logs/2021-12-25_23-35-04 INFO Getting attribute: window
23:35:45,729 C:\Users\ingov\PycharmProjects\ProjectR/Logs/2021-12-25_23-35-04 INFO Getting attribute: answer_group
23:35:45,729 C:\Users\ingov\PycharmProjects\ProjectR/Logs/2021-12-25_23-35-04 INFO Getting method: reveal_result
23:35:45,729 C:\Users\ingov\PycharmProjects\ProjectR/Logs/2021-12-25_23-35-04 INFO Getting attribute: radio_button_font
23:35:45,729 C:\Users\ingov\PycharmProjects\ProjectR/Logs/2021-12-25_23-35-04 INFO Getting attribute: radio_buttons
23:35:45,729 C:\Users\ingov\PycharmProjects\ProjectR/Logs/2021-12-25_23-35-04 INFO Getting attribute: logger
23:35:45,729 C:\Users\ingov\PycharmProjects\ProjectR/Logs/2021-12-25_23-35-04 INFO Creating radio button
23:35:45,729 C:\Users\ingov\PycharmProjects\ProjectR/Logs/2021-12-25_23-35-04 INFO Getting attribute: window
23:35:45,729 C:\Users\ingov\PycharmProjects\ProjectR/Logs/2021-12-25_23-35-04 INFO Getting attribute: answer_group
23:35:45,729 C:\Users\ingov\PycharmProjects\ProjectR/Logs/2021-12-25_23-35-04 INFO Getting method: reveal_result
23:35:45,729 C:\Users\ingov\PycharmProjects\ProjectR/Logs/2021-12-25_23-35-04 INFO Getting attribute: radio_button_font
23:35:45,729 C:\Users\ingov\PycharmProjects\ProjectR/Logs/2021-12-25_23-35-04 INFO Getting attribute: radio_buttons
23:35:45,729 C:\Users\ingov\PycharmProjects\ProjectR/Logs/2021-12-25_23-35-04 INFO Getting attribute: logger
23:35:45,729 C:\Users\ingov\PycharmProjects\ProjectR/Logs/2021-12-25_23-35-04 INFO Creating radio button
23:35:45,729 C:\Users\ingov\PycharmProjects\ProjectR/Logs/2021-12-25_23-35-04 INFO Getting attribute: window
23:35:45,729 C:\Users\ingov\PycharmProjects\ProjectR/Logs/2021-12-25_23-35-04 INFO Getting attribute: answer_group
23:35:45,729 C:\Users\ingov\PycharmProjects\ProjectR/Logs/2021-12-25_23-35-04 INFO Getting method: reveal_result
23:35:45,729 C:\Users\ingov\PycharmProjects\ProjectR/Logs/2021-12-25_23-35-04 INFO Getting attribute: radio_button_font
23:35:45,729 C:\Users\ingov\PycharmProjects\ProjectR/Logs/2021-12-25_23-35-04 INFO Getting attribute: radio_buttons
23:35:45,729 C:\Users\ingov\PycharmProjects\ProjectR/Logs/2021-12-25_23-35-04 INFO Getting attribute: window
23:35:45,729 C:\Users\ingov\PycharmProjects\ProjectR/Logs/2021-12-25_23-35-04 INFO Getting attribute: window
23:35:45,729 C:\Users\ingov\PycharmProjects\ProjectR/Logs/2021-12-25_23-35-04 INFO Getting attribute: window
23:35:47,548 C:\Users\ingov\PycharmProjects\ProjectR/Logs/2021-12-25_23-35-04 INFO Getting attribute: logger
23:35:47,548 C:\Users\ingov\PycharmProjects\ProjectR/Logs/2021-12-25_23-35-04 INFO Revealing the correct answer
23:35:47,548 C:\Users\ingov\PycharmProjects\ProjectR/Logs/2021-12-25_23-35-04 INFO Getting attribute: logger
23:35:47,548 C:\Users\ingov\PycharmProjects\ProjectR/Logs/2021-12-25_23-35-04 INFO Disabling all the radio buttons
23:35:47,548 C:\Users\ingov\PycharmProjects\ProjectR/Logs/2021-12-25_23-35-04 INFO Getting attribute: radio_buttons
23:35:47,548 C:\Users\ingov\PycharmProjects\ProjectR/Logs/2021-12-25_23-35-04 INFO Getting attribute: answer_group
23:35:47,548 C:\Users\ingov\PycharmProjects\ProjectR/Logs/2021-12-25_23-35-04 INFO Getting attribute: logger
23:35:47,548 C:\Users\ingov\PycharmProjects\ProjectR/Logs/2021-12-25_23-35-04 INFO Answer was True
23:35:47,548 C:\Users\ingov\PycharmProjects\ProjectR/Logs/2021-12-25_23-35-04 INFO Getting attribute: window
23:35:47,548 C:\Users\ingov\PycharmProjects\ProjectR/Logs/2021-12-25_23-35-04 INFO Resized window to 600x600
23:35:55,739 C:\Users\ingov\PycharmProjects\ProjectR/Logs/2021-12-25_23-35-04 INFO Calling get_secs_between_questions
23:35:55,739 C:\Users\ingov\PycharmProjects\ProjectR/Logs/2021-12-25_23-35-04 INFO Getting secs between questions: 10
