20:59:02,874 C:\Users\ingov\PycharmProjects\ProjectR/Logs/2021-12-22_20-59-02 INFO Log has been created and started
20:59:02,874 C:\Users\ingov\PycharmProjects\ProjectR/Logs/2021-12-22_20-59-02 INFO Metaclass MetaAbsLogger: Starting class MetaLogger
20:59:02,874 C:\Users\ingov\PycharmProjects\ProjectR/Logs/2021-12-22_20-59-02 INFO Metaclass MetaLogger: Starting class QuestionClass
20:59:02,884 C:\Users\ingov\PycharmProjects\ProjectR/Logs/2021-12-22_20-59-02 INFO Metaclass MetaLogger: Starting class QuestionnaireClass
20:59:02,905 C:\Users\ingov\PycharmProjects\ProjectR/Logs/2021-12-22_20-59-02 INFO Metaclass MetaAbsLogger: Starting class SimpleWindow
20:59:02,921 C:\Users\ingov\PycharmProjects\ProjectR/Logs/2021-12-22_20-59-02 INFO C:\Users\ingov\PycharmProjects\ProjectR/Config/config.cfg, exists so we will read it
20:59:02,921 C:\Users\ingov\PycharmProjects\ProjectR/Logs/2021-12-22_20-59-02 INFO Seconds to answer a question: 10
20:59:02,921 C:\Users\ingov\PycharmProjects\ProjectR/Logs/2021-12-22_20-59-02 INFO Seconds between questions: 30
20:59:02,921 C:\Users\ingov\PycharmProjects\ProjectR/Logs/2021-12-22_20-59-02 INFO C:\Users\ingov\PycharmProjects\ProjectR/Config/config.cfg is closed now
20:59:02,921 C:\Users\ingov\PycharmProjects\ProjectR/Logs/2021-12-22_20-59-02 INFO Metaclass MetaLogger: Starting class ConfigClass
20:59:02,921 C:\Users\ingov\PycharmProjects\ProjectR/Logs/2021-12-22_20-59-02 INFO Metaclass MetaAbsLogger: Starting class QuestionWindowAbs
20:59:02,921 C:\Users\ingov\PycharmProjects\ProjectR/Logs/2021-12-22_20-59-02 INFO Metaclass MetaAbsLogger: Starting class QuestionOneAnswer
20:59:02,921 C:\Users\ingov\PycharmProjects\ProjectR/Logs/2021-12-22_20-59-02 INFO Getting into __init__ for class: QuestionClass
20:59:02,921 C:\Users\ingov\PycharmProjects\ProjectR/Logs/2021-12-22_20-59-02 INFO Attributes in args: ('What do you say to a person in the morning?', 'Good morning')
20:59:02,921 C:\Users\ingov\PycharmProjects\ProjectR/Logs/2021-12-22_20-59-02 INFO Attributes in kwargs: {}
20:59:02,924 C:\Users\ingov\PycharmProjects\ProjectR/Logs/2021-12-22_20-59-02 INFO Setting member: _QuestionClass__question to value=What do you say to a person in the morning?
20:59:02,924 C:\Users\ingov\PycharmProjects\ProjectR/Logs/2021-12-22_20-59-02 INFO Setting member: _QuestionClass__answers to value=Good morning
20:59:02,924 C:\Users\ingov\PycharmProjects\ProjectR/Logs/2021-12-22_20-59-02 INFO Getting into __init__ for class: QuestionOneAnswer
20:59:02,924 C:\Users\ingov\PycharmProjects\ProjectR/Logs/2021-12-22_20-59-02 INFO Attributes in args: (500, 600, 'Question 3')
20:59:02,924 C:\Users\ingov\PycharmProjects\ProjectR/Logs/2021-12-22_20-59-02 INFO Attributes in kwargs: {}
20:59:02,994 C:\Users\ingov\PycharmProjects\ProjectR/Logs/2021-12-22_20-59-02 INFO Setting member: window to value=.
20:59:02,994 C:\Users\ingov\PycharmProjects\ProjectR/Logs/2021-12-22_20-59-02 INFO Getting attribute: window
20:59:02,994 C:\Users\ingov\PycharmProjects\ProjectR/Logs/2021-12-22_20-59-02 INFO Setting member: height to value=500
20:59:02,994 C:\Users\ingov\PycharmProjects\ProjectR/Logs/2021-12-22_20-59-02 INFO Setting member: width to value=600
20:59:02,994 C:\Users\ingov\PycharmProjects\ProjectR/Logs/2021-12-22_20-59-02 INFO Getting attribute: window
20:59:02,994 C:\Users\ingov\PycharmProjects\ProjectR/Logs/2021-12-22_20-59-02 INFO Getting attribute: window
20:59:02,994 C:\Users\ingov\PycharmProjects\ProjectR/Logs/2021-12-22_20-59-02 INFO Setting member: question_label to value=.!label
20:59:02,994 C:\Users\ingov\PycharmProjects\ProjectR/Logs/2021-12-22_20-59-02 INFO Getting attribute: question_label
20:59:02,994 C:\Users\ingov\PycharmProjects\ProjectR/Logs/2021-12-22_20-59-02 INFO Getting attribute: window
20:59:02,994 C:\Users\ingov\PycharmProjects\ProjectR/Logs/2021-12-22_20-59-02 INFO Setting member: button_answer to value=.!button
20:59:02,994 C:\Users\ingov\PycharmProjects\ProjectR/Logs/2021-12-22_20-59-02 INFO Getting attribute: button_answer
20:59:02,994 C:\Users\ingov\PycharmProjects\ProjectR/Logs/2021-12-22_20-59-02 INFO Getting attribute: window
