19:02:21,3 C:\Users\ingov\PycharmProjects\ProjectR/Logs/2021-12-25_19-02-20 INFO Log has been created and started
19:02:21,3 C:\Users\ingov\PycharmProjects\ProjectR/Logs/2021-12-25_19-02-20 INFO Metaclass MetaAbsLogger: Starting class MetaLogger
19:02:21,7 C:\Users\ingov\PycharmProjects\ProjectR/Logs/2021-12-25_19-02-20 INFO Metaclass MetaLogger: Starting class QuestionClass
19:02:21,19 C:\Users\ingov\PycharmProjects\ProjectR/Logs/2021-12-25_19-02-20 INFO Metaclass MetaLogger: Starting class QuestionnaireClass
19:02:21,397 C:\Users\ingov\PycharmProjects\ProjectR/Logs/2021-12-25_19-02-20 INFO Metaclass MetaAbsLogger: Starting class SimpleWindow
19:02:21,407 C:\Users\ingov\PycharmProjects\ProjectR/Logs/2021-12-25_19-02-20 INFO C:\Users\ingov\PycharmProjects\ProjectR/Config/config.cfg, exists so we will read it
19:02:21,407 C:\Users\ingov\PycharmProjects\ProjectR/Logs/2021-12-25_19-02-20 INFO Seconds to answer a question: 10
19:02:21,407 C:\Users\ingov\PycharmProjects\ProjectR/Logs/2021-12-25_19-02-20 INFO Seconds between questions: 30
19:02:21,407 C:\Users\ingov\PycharmProjects\ProjectR/Logs/2021-12-25_19-02-20 INFO C:\Users\ingov\PycharmProjects\ProjectR/Config/config.cfg is closed now
19:02:21,407 C:\Users\ingov\PycharmProjects\ProjectR/Logs/2021-12-25_19-02-20 INFO Metaclass MetaLogger: Starting class ConfigClass
19:02:21,407 C:\Users\ingov\PycharmProjects\ProjectR/Logs/2021-12-25_19-02-20 INFO Metaclass MetaAbsLogger: Starting class QuestionWindowAbs
19:02:21,407 C:\Users\ingov\PycharmProjects\ProjectR/Logs/2021-12-25_19-02-20 INFO Metaclass MetaAbsLogger: Starting class QuestionOneAnswer
19:02:21,407 C:\Users\ingov\PycharmProjects\ProjectR/Logs/2021-12-25_19-02-20 INFO Getting into __init__ for class: QuestionClass
19:02:21,407 C:\Users\ingov\PycharmProjects\ProjectR/Logs/2021-12-25_19-02-20 INFO Attributes in args: ('What do you say to a person in the morning?', 'Good morning')
19:02:21,407 C:\Users\ingov\PycharmProjects\ProjectR/Logs/2021-12-25_19-02-20 INFO Attributes in kwargs: {}
19:02:21,407 C:\Users\ingov\PycharmProjects\ProjectR/Logs/2021-12-25_19-02-20 INFO Setting member: _QuestionClass__question to value=What do you say to a person in the morning?
19:02:21,418 C:\Users\ingov\PycharmProjects\ProjectR/Logs/2021-12-25_19-02-20 INFO Setting member: _QuestionClass__answers to value=Good morning
19:02:21,418 C:\Users\ingov\PycharmProjects\ProjectR/Logs/2021-12-25_19-02-20 INFO Getting into __init__ for class: QuestionOneAnswer
19:02:21,418 C:\Users\ingov\PycharmProjects\ProjectR/Logs/2021-12-25_19-02-20 INFO Attributes in args: ()
19:02:21,418 C:\Users\ingov\PycharmProjects\ProjectR/Logs/2021-12-25_19-02-20 INFO Attributes in kwargs: {'width': 600, 'height': 450, 'title': 'Question 3'}
19:02:21,540 C:\Users\ingov\PycharmProjects\ProjectR/Logs/2021-12-25_19-02-20 INFO Setting member: window to value=.
19:02:21,540 C:\Users\ingov\PycharmProjects\ProjectR/Logs/2021-12-25_19-02-20 INFO Getting attribute: window
19:02:21,540 C:\Users\ingov\PycharmProjects\ProjectR/Logs/2021-12-25_19-02-20 INFO Setting member: height to value=450
19:02:21,540 C:\Users\ingov\PycharmProjects\ProjectR/Logs/2021-12-25_19-02-20 INFO Setting member: width to value=600
19:02:21,540 C:\Users\ingov\PycharmProjects\ProjectR/Logs/2021-12-25_19-02-20 INFO Getting attribute: window
19:02:21,540 C:\Users\ingov\PycharmProjects\ProjectR/Logs/2021-12-25_19-02-20 INFO Getting attribute: window
19:02:21,540 C:\Users\ingov\PycharmProjects\ProjectR/Logs/2021-12-25_19-02-20 INFO Getting attribute: window
19:02:21,548 C:\Users\ingov\PycharmProjects\ProjectR/Logs/2021-12-25_19-02-20 INFO Setting member: menu to value=.!menu
19:02:21,548 C:\Users\ingov\PycharmProjects\ProjectR/Logs/2021-12-25_19-02-20 INFO Getting attribute: window
19:02:21,548 C:\Users\ingov\PycharmProjects\ProjectR/Logs/2021-12-25_19-02-20 INFO Getting attribute: menu
19:02:21,548 C:\Users\ingov\PycharmProjects\ProjectR/Logs/2021-12-25_19-02-20 INFO Getting attribute: menu
19:02:21,548 C:\Users\ingov\PycharmProjects\ProjectR/Logs/2021-12-25_19-02-20 INFO Getting method: go_back_to_main
19:02:21,548 C:\Users\ingov\PycharmProjects\ProjectR/Logs/2021-12-25_19-02-20 INFO Getting attribute: menu
19:02:21,548 C:\Users\ingov\PycharmProjects\ProjectR/Logs/2021-12-25_19-02-20 INFO Getting attribute: _QuestionClass__question
19:02:21,548 C:\Users\ingov\PycharmProjects\ProjectR/Logs/2021-12-25_19-02-20 INFO Getting attribute: question
19:02:21,548 C:\Users\ingov\PycharmProjects\ProjectR/Logs/2021-12-25_19-02-20 INFO Getting attribute: _QuestionClass__answers
19:02:21,548 C:\Users\ingov\PycharmProjects\ProjectR/Logs/2021-12-25_19-02-20 INFO Getting attribute: answers
19:02:21,548 C:\Users\ingov\PycharmProjects\ProjectR/Logs/2021-12-25_19-02-20 INFO Setting member: question to value=What do you say to a person in the morning?: Good morning
19:02:21,548 C:\Users\ingov\PycharmProjects\ProjectR/Logs/2021-12-25_19-02-20 INFO Getting attribute: window
19:02:21,548 C:\Users\ingov\PycharmProjects\ProjectR/Logs/2021-12-25_19-02-20 INFO Setting member: question_label to value=.!label
19:02:21,548 C:\Users\ingov\PycharmProjects\ProjectR/Logs/2021-12-25_19-02-20 INFO Getting attribute: question_label
19:02:21,558 C:\Users\ingov\PycharmProjects\ProjectR/Logs/2021-12-25_19-02-20 INFO Getting attribute: question_label
19:02:21,558 C:\Users\ingov\PycharmProjects\ProjectR/Logs/2021-12-25_19-02-20 INFO Getting attribute: window
19:02:21,558 C:\Users\ingov\PycharmProjects\ProjectR/Logs/2021-12-25_19-02-20 INFO Getting method: reveal_answer
19:02:21,558 C:\Users\ingov\PycharmProjects\ProjectR/Logs/2021-12-25_19-02-20 INFO Setting member: button_answer to value=.!button
19:02:21,558 C:\Users\ingov\PycharmProjects\ProjectR/Logs/2021-12-25_19-02-20 INFO Getting attribute: button_answer
19:02:21,558 C:\Users\ingov\PycharmProjects\ProjectR/Logs/2021-12-25_19-02-20 INFO Setting member: answer_label to value=None
19:02:21,558 C:\Users\ingov\PycharmProjects\ProjectR/Logs/2021-12-25_19-02-20 INFO Getting attribute: window
19:02:23,298 C:\Users\ingov\PycharmProjects\ProjectR/Logs/2021-12-25_19-02-20 INFO Getting attribute: question
19:02:23,298 C:\Users\ingov\PycharmProjects\ProjectR/Logs/2021-12-25_19-02-20 INFO Getting method: get_correct_answers
19:02:23,298 C:\Users\ingov\PycharmProjects\ProjectR/Logs/2021-12-25_19-02-20 INFO Getting method: get_question_type
19:02:23,298 C:\Users\ingov\PycharmProjects\ProjectR/Logs/2021-12-25_19-02-20 INFO Getting attribute: _QuestionClass__answers
19:02:23,298 C:\Users\ingov\PycharmProjects\ProjectR/Logs/2021-12-25_19-02-20 INFO Getting attribute: logger
19:02:23,298 C:\Users\ingov\PycharmProjects\ProjectR/Logs/2021-12-25_19-02-20 INFO This question is a single answer question: Text input: value 0
19:02:23,298 C:\Users\ingov\PycharmProjects\ProjectR/Logs/2021-12-25_19-02-20 INFO Getting attribute: logger
19:02:23,298 C:\Users\ingov\PycharmProjects\ProjectR/Logs/2021-12-25_19-02-20 INFO Getting attribute: _QuestionClass__answers
19:02:23,298 C:\Users\ingov\PycharmProjects\ProjectR/Logs/2021-12-25_19-02-20 INFO The correct answer is Good morning
19:02:23,298 C:\Users\ingov\PycharmProjects\ProjectR/Logs/2021-12-25_19-02-20 INFO Getting attribute: _QuestionClass__answers
19:02:23,298 C:\Users\ingov\PycharmProjects\ProjectR/Logs/2021-12-25_19-02-20 INFO Getting attribute: window
19:02:23,307 C:\Users\ingov\PycharmProjects\ProjectR/Logs/2021-12-25_19-02-20 INFO Setting member: answer_label to value=.!label2
19:02:23,307 C:\Users\ingov\PycharmProjects\ProjectR/Logs/2021-12-25_19-02-20 INFO Getting attribute: answer_label
19:02:23,307 C:\Users\ingov\PycharmProjects\ProjectR/Logs/2021-12-25_19-02-20 INFO Getting attribute: window
19:02:23,307 C:\Users\ingov\PycharmProjects\ProjectR/Logs/2021-12-25_19-02-20 INFO Getting method: command_button_correct
19:02:23,307 C:\Users\ingov\PycharmProjects\ProjectR/Logs/2021-12-25_19-02-20 INFO Getting method: command_button_failed
19:02:23,307 C:\Users\ingov\PycharmProjects\ProjectR/Logs/2021-12-25_19-02-20 INFO Getting attribute: window
19:02:27,127 C:\Users\ingov\PycharmProjects\ProjectR/Logs/2021-12-25_19-02-20 INFO Getting method: add_result
19:02:27,127 C:\Users\ingov\PycharmProjects\ProjectR/Logs/2021-12-25_19-02-20 INFO Getting attribute: question
19:02:27,127 C:\Users\ingov\PycharmProjects\ProjectR/Logs/2021-12-25_19-02-20 INFO Getting attribute: _QuestionClass__question
19:02:27,127 C:\Users\ingov\PycharmProjects\ProjectR/Logs/2021-12-25_19-02-20 INFO Getting attribute: question
19:02:31,660 C:\Users\ingov\PycharmProjects\ProjectR/Logs/2021-12-25_19-02-20 INFO Getting method: add_result
19:02:31,660 C:\Users\ingov\PycharmProjects\ProjectR/Logs/2021-12-25_19-02-20 INFO Getting attribute: question
19:02:31,660 C:\Users\ingov\PycharmProjects\ProjectR/Logs/2021-12-25_19-02-20 INFO Getting attribute: _QuestionClass__question
19:02:31,660 C:\Users\ingov\PycharmProjects\ProjectR/Logs/2021-12-25_19-02-20 INFO Getting attribute: question
