23:36:10,270 C:\Users\ingov\PycharmProjects\ProjectR/Logs/2021-12-25_23-36-10 INFO Log has been created and started
23:36:10,270 C:\Users\ingov\PycharmProjects\ProjectR/Logs/2021-12-25_23-36-10 INFO Metaclass MetaAbsLogger: Starting class MetaLogger
23:36:10,270 C:\Users\ingov\PycharmProjects\ProjectR/Logs/2021-12-25_23-36-10 INFO Metaclass MetaLogger: Starting class QuestionClass
23:36:10,285 C:\Users\ingov\PycharmProjects\ProjectR/Logs/2021-12-25_23-36-10 INFO Metaclass MetaLogger: Starting class QuestionnaireClass
23:36:10,332 C:\Users\ingov\PycharmProjects\ProjectR/Logs/2021-12-25_23-36-10 INFO Metaclass MetaAbsLogger: Starting class SimpleWindow
23:36:10,379 C:\Users\ingov\PycharmProjects\ProjectR/Logs/2021-12-25_23-36-10 INFO C:\Users\ingov\PycharmProjects\ProjectR/Config/config.cfg, exists so we will read it
23:36:10,379 C:\Users\ingov\PycharmProjects\ProjectR/Logs/2021-12-25_23-36-10 INFO Seconds to answer a question: 10
23:36:10,379 C:\Users\ingov\PycharmProjects\ProjectR/Logs/2021-12-25_23-36-10 INFO Seconds between questions: 30
23:36:10,379 C:\Users\ingov\PycharmProjects\ProjectR/Logs/2021-12-25_23-36-10 INFO C:\Users\ingov\PycharmProjects\ProjectR/Config/config.cfg is closed now
23:36:10,379 C:\Users\ingov\PycharmProjects\ProjectR/Logs/2021-12-25_23-36-10 INFO Metaclass MetaLogger: Starting class ConfigClass
23:36:10,410 C:\Users\ingov\PycharmProjects\ProjectR/Logs/2021-12-25_23-36-10 INFO Metaclass MetaAbsLogger: Starting class CurrentSession
23:36:10,410 C:\Users\ingov\PycharmProjects\ProjectR/Logs/2021-12-25_23-36-10 INFO Metaclass MetaAbsLogger: Starting class QuestionWindowAbs
23:36:10,410 C:\Users\ingov\PycharmProjects\ProjectR/Logs/2021-12-25_23-36-10 INFO Metaclass MetaAbsLogger: Starting class QuestionOneAnswer
23:36:10,410 C:\Users\ingov\PycharmProjects\ProjectR/Logs/2021-12-25_23-36-10 INFO Metaclass MetaAbsLogger: Starting class QuestionOneAnswerMultiple
23:36:10,410 C:\Users\ingov\PycharmProjects\ProjectR/Logs/2021-12-25_23-36-10 INFO Metaclass MetaAbsLogger: Starting class QuestionTwoAnswersMultiple
23:36:10,410 C:\Users\ingov\PycharmProjects\ProjectR/Logs/2021-12-25_23-36-10 INFO Loading a questionnaire from file: C:\Users\ingov\PycharmProjects\ProjectR/Data/Questionnaires/QuestionnaireExample2.pickle
23:36:10,410 C:\Users\ingov\PycharmProjects\ProjectR/Logs/2021-12-25_23-36-10 INFO Getting attribute: __dict__
23:36:10,410 C:\Users\ingov\PycharmProjects\ProjectR/Logs/2021-12-25_23-36-10 INFO Getting attribute: __dict__
23:36:10,410 C:\Users\ingov\PycharmProjects\ProjectR/Logs/2021-12-25_23-36-10 INFO Getting attribute: __dict__
23:36:10,410 C:\Users\ingov\PycharmProjects\ProjectR/Logs/2021-12-25_23-36-10 INFO Calling get_secs_to_answer
23:36:10,410 C:\Users\ingov\PycharmProjects\ProjectR/Logs/2021-12-25_23-36-10 INFO Getting secs to answer a questions: 10
23:36:10,410 C:\Users\ingov\PycharmProjects\ProjectR/Logs/2021-12-25_23-36-10 INFO Getting method: get_question_type
23:36:10,410 C:\Users\ingov\PycharmProjects\ProjectR/Logs/2021-12-25_23-36-10 INFO Getting attribute: _QuestionClass__answers
23:36:10,410 C:\Users\ingov\PycharmProjects\ProjectR/Logs/2021-12-25_23-36-10 INFO Getting attribute: _QuestionClass__answers
23:36:10,410 C:\Users\ingov\PycharmProjects\ProjectR/Logs/2021-12-25_23-36-10 INFO Getting attribute: logger
23:36:10,410 C:\Users\ingov\PycharmProjects\ProjectR/Logs/2021-12-25_23-36-10 INFO This question is a multiple choice question with a single answer: Radio button: value 1
23:36:10,410 C:\Users\ingov\PycharmProjects\ProjectR/Logs/2021-12-25_23-36-10 INFO Getting method: get_question_type
23:36:10,410 C:\Users\ingov\PycharmProjects\ProjectR/Logs/2021-12-25_23-36-10 INFO Getting attribute: _QuestionClass__answers
23:36:10,410 C:\Users\ingov\PycharmProjects\ProjectR/Logs/2021-12-25_23-36-10 INFO Getting attribute: _QuestionClass__answers
23:36:10,410 C:\Users\ingov\PycharmProjects\ProjectR/Logs/2021-12-25_23-36-10 INFO Getting attribute: logger
23:36:10,410 C:\Users\ingov\PycharmProjects\ProjectR/Logs/2021-12-25_23-36-10 INFO This question is a multiple choice question with a single answer: Radio button: value 1
23:36:10,410 C:\Users\ingov\PycharmProjects\ProjectR/Logs/2021-12-25_23-36-10 INFO Getting attribute: logger
23:36:10,410 C:\Users\ingov\PycharmProjects\ProjectR/Logs/2021-12-25_23-36-10 INFO Getting attribute: _QuestionClass__question
23:36:10,410 C:\Users\ingov\PycharmProjects\ProjectR/Logs/2021-12-25_23-36-10 INFO Getting attribute: question
23:36:10,410 C:\Users\ingov\PycharmProjects\ProjectR/Logs/2021-12-25_23-36-10 INFO Getting attribute: _QuestionClass__answers
23:36:10,410 C:\Users\ingov\PycharmProjects\ProjectR/Logs/2021-12-25_23-36-10 INFO Getting attribute: answers
23:36:10,410 C:\Users\ingov\PycharmProjects\ProjectR/Logs/2021-12-25_23-36-10 INFO We are going to display question: What of the following ones are Python basic types?: [('Fire', False), ('Bool', True), ('Normal', False), ('Basic', False)]
23:36:10,410 C:\Users\ingov\PycharmProjects\ProjectR/Logs/2021-12-25_23-36-10 INFO Getting into __init__ for class: QuestionOneAnswerMultiple
23:36:10,410 C:\Users\ingov\PycharmProjects\ProjectR/Logs/2021-12-25_23-36-10 INFO Attributes in args: ()
23:36:10,410 C:\Users\ingov\PycharmProjects\ProjectR/Logs/2021-12-25_23-36-10 INFO Attributes in kwargs: {'width': 600, 'height': 550, 'title': 'Question 0'}
23:36:10,613 C:\Users\ingov\PycharmProjects\ProjectR/Logs/2021-12-25_23-36-10 INFO Setting member: window to value=.
23:36:10,613 C:\Users\ingov\PycharmProjects\ProjectR/Logs/2021-12-25_23-36-10 INFO Getting attribute: window
23:36:10,613 C:\Users\ingov\PycharmProjects\ProjectR/Logs/2021-12-25_23-36-10 INFO Setting member: height to value=550
23:36:10,613 C:\Users\ingov\PycharmProjects\ProjectR/Logs/2021-12-25_23-36-10 INFO Setting member: width to value=600
23:36:10,613 C:\Users\ingov\PycharmProjects\ProjectR/Logs/2021-12-25_23-36-10 INFO Getting attribute: window
23:36:10,613 C:\Users\ingov\PycharmProjects\ProjectR/Logs/2021-12-25_23-36-10 INFO Getting attribute: window
23:36:10,613 C:\Users\ingov\PycharmProjects\ProjectR/Logs/2021-12-25_23-36-10 INFO Getting attribute: logger
23:36:10,613 C:\Users\ingov\PycharmProjects\ProjectR/Logs/2021-12-25_23-36-10 INFO Set window to no resizable
23:36:10,613 C:\Users\ingov\PycharmProjects\ProjectR/Logs/2021-12-25_23-36-10 INFO Getting attribute: window
23:36:10,629 C:\Users\ingov\PycharmProjects\ProjectR/Logs/2021-12-25_23-36-10 INFO Setting member: menu to value=.!menu
23:36:10,629 C:\Users\ingov\PycharmProjects\ProjectR/Logs/2021-12-25_23-36-10 INFO Getting attribute: logger
23:36:10,629 C:\Users\ingov\PycharmProjects\ProjectR/Logs/2021-12-25_23-36-10 INFO Creating menu for this window
23:36:10,629 C:\Users\ingov\PycharmProjects\ProjectR/Logs/2021-12-25_23-36-10 INFO Getting attribute: window
23:36:10,629 C:\Users\ingov\PycharmProjects\ProjectR/Logs/2021-12-25_23-36-10 INFO Getting attribute: menu
23:36:10,645 C:\Users\ingov\PycharmProjects\ProjectR/Logs/2021-12-25_23-36-10 INFO Getting attribute: menu
23:36:10,645 C:\Users\ingov\PycharmProjects\ProjectR/Logs/2021-12-25_23-36-10 INFO Getting method: go_back_to_main
23:36:10,645 C:\Users\ingov\PycharmProjects\ProjectR/Logs/2021-12-25_23-36-10 INFO Getting attribute: logger
23:36:10,645 C:\Users\ingov\PycharmProjects\ProjectR/Logs/2021-12-25_23-36-10 INFO Added option Go back to main
23:36:10,645 C:\Users\ingov\PycharmProjects\ProjectR/Logs/2021-12-25_23-36-10 INFO Getting attribute: menu
23:36:10,645 C:\Users\ingov\PycharmProjects\ProjectR/Logs/2021-12-25_23-36-10 INFO Getting attribute: logger
23:36:10,645 C:\Users\ingov\PycharmProjects\ProjectR/Logs/2021-12-25_23-36-10 INFO Added option Exit
23:36:10,645 C:\Users\ingov\PycharmProjects\ProjectR/Logs/2021-12-25_23-36-10 INFO Getting attribute: _QuestionClass__question
23:36:10,645 C:\Users\ingov\PycharmProjects\ProjectR/Logs/2021-12-25_23-36-10 INFO Getting attribute: question
23:36:10,645 C:\Users\ingov\PycharmProjects\ProjectR/Logs/2021-12-25_23-36-10 INFO Getting attribute: _QuestionClass__answers
23:36:10,645 C:\Users\ingov\PycharmProjects\ProjectR/Logs/2021-12-25_23-36-10 INFO Getting attribute: answers
23:36:10,645 C:\Users\ingov\PycharmProjects\ProjectR/Logs/2021-12-25_23-36-10 INFO Setting member: question to value=What of the following ones are Python basic types?: [('Fire', False), ('Bool', True), ('Normal', False), ('Basic', False)]
23:36:10,645 C:\Users\ingov\PycharmProjects\ProjectR/Logs/2021-12-25_23-36-10 INFO Getting attribute: window
23:36:10,645 C:\Users\ingov\PycharmProjects\ProjectR/Logs/2021-12-25_23-36-10 INFO Getting attribute: _QuestionClass__question
23:36:10,645 C:\Users\ingov\PycharmProjects\ProjectR/Logs/2021-12-25_23-36-10 INFO Getting attribute: question
23:36:10,645 C:\Users\ingov\PycharmProjects\ProjectR/Logs/2021-12-25_23-36-10 INFO Setting member: question_label to value=.!label
23:36:10,645 C:\Users\ingov\PycharmProjects\ProjectR/Logs/2021-12-25_23-36-10 INFO Getting attribute: question_label
23:36:10,645 C:\Users\ingov\PycharmProjects\ProjectR/Logs/2021-12-25_23-36-10 INFO Getting attribute: question_label
23:36:10,645 C:\Users\ingov\PycharmProjects\ProjectR/Logs/2021-12-25_23-36-10 INFO Getting attribute: logger
23:36:10,645 C:\Users\ingov\PycharmProjects\ProjectR/Logs/2021-12-25_23-36-10 INFO Created label for the question
23:36:10,645 C:\Users\ingov\PycharmProjects\ProjectR/Logs/2021-12-25_23-36-10 INFO Setting member: radio_buttons to value=[]
23:36:10,645 C:\Users\ingov\PycharmProjects\ProjectR/Logs/2021-12-25_23-36-10 INFO Getting attribute: logger
23:36:10,645 C:\Users\ingov\PycharmProjects\ProjectR/Logs/2021-12-25_23-36-10 INFO We created the IntVar for the group of radio buttons
23:36:10,645 C:\Users\ingov\PycharmProjects\ProjectR/Logs/2021-12-25_23-36-10 INFO Setting member: answer_group to value=PY_VAR0
23:36:10,645 C:\Users\ingov\PycharmProjects\ProjectR/Logs/2021-12-25_23-36-10 INFO Getting attribute: logger
23:36:10,645 C:\Users\ingov\PycharmProjects\ProjectR/Logs/2021-12-25_23-36-10 INFO Our font is size 12
23:36:10,645 C:\Users\ingov\PycharmProjects\ProjectR/Logs/2021-12-25_23-36-10 INFO Setting member: radio_button_font to value=('TkDefaultFont', 12)
23:36:10,645 C:\Users\ingov\PycharmProjects\ProjectR/Logs/2021-12-25_23-36-10 INFO Getting attribute: question
23:36:10,645 C:\Users\ingov\PycharmProjects\ProjectR/Logs/2021-12-25_23-36-10 INFO Getting attribute: _QuestionClass__answers
23:36:10,645 C:\Users\ingov\PycharmProjects\ProjectR/Logs/2021-12-25_23-36-10 INFO Getting attribute: answers
23:36:10,645 C:\Users\ingov\PycharmProjects\ProjectR/Logs/2021-12-25_23-36-10 INFO Getting attribute: logger
23:36:10,645 C:\Users\ingov\PycharmProjects\ProjectR/Logs/2021-12-25_23-36-10 INFO Creating radio button
23:36:10,645 C:\Users\ingov\PycharmProjects\ProjectR/Logs/2021-12-25_23-36-10 INFO Getting attribute: window
23:36:10,645 C:\Users\ingov\PycharmProjects\ProjectR/Logs/2021-12-25_23-36-10 INFO Getting attribute: answer_group
23:36:10,645 C:\Users\ingov\PycharmProjects\ProjectR/Logs/2021-12-25_23-36-10 INFO Getting method: reveal_result
23:36:10,645 C:\Users\ingov\PycharmProjects\ProjectR/Logs/2021-12-25_23-36-10 INFO Getting attribute: radio_button_font
23:36:10,645 C:\Users\ingov\PycharmProjects\ProjectR/Logs/2021-12-25_23-36-10 INFO Getting attribute: radio_buttons
23:36:10,645 C:\Users\ingov\PycharmProjects\ProjectR/Logs/2021-12-25_23-36-10 INFO Getting attribute: logger
23:36:10,645 C:\Users\ingov\PycharmProjects\ProjectR/Logs/2021-12-25_23-36-10 INFO Creating radio button
23:36:10,645 C:\Users\ingov\PycharmProjects\ProjectR/Logs/2021-12-25_23-36-10 INFO Getting attribute: window
23:36:10,645 C:\Users\ingov\PycharmProjects\ProjectR/Logs/2021-12-25_23-36-10 INFO Getting attribute: answer_group
23:36:10,645 C:\Users\ingov\PycharmProjects\ProjectR/Logs/2021-12-25_23-36-10 INFO Getting method: reveal_result
23:36:10,645 C:\Users\ingov\PycharmProjects\ProjectR/Logs/2021-12-25_23-36-10 INFO Getting attribute: radio_button_font
23:36:10,645 C:\Users\ingov\PycharmProjects\ProjectR/Logs/2021-12-25_23-36-10 INFO Getting attribute: radio_buttons
23:36:10,645 C:\Users\ingov\PycharmProjects\ProjectR/Logs/2021-12-25_23-36-10 INFO Getting attribute: logger
23:36:10,645 C:\Users\ingov\PycharmProjects\ProjectR/Logs/2021-12-25_23-36-10 INFO Creating radio button
23:36:10,645 C:\Users\ingov\PycharmProjects\ProjectR/Logs/2021-12-25_23-36-10 INFO Getting attribute: window
23:36:10,660 C:\Users\ingov\PycharmProjects\ProjectR/Logs/2021-12-25_23-36-10 INFO Getting attribute: answer_group
23:36:10,660 C:\Users\ingov\PycharmProjects\ProjectR/Logs/2021-12-25_23-36-10 INFO Getting method: reveal_result
23:36:10,660 C:\Users\ingov\PycharmProjects\ProjectR/Logs/2021-12-25_23-36-10 INFO Getting attribute: radio_button_font
23:36:10,660 C:\Users\ingov\PycharmProjects\ProjectR/Logs/2021-12-25_23-36-10 INFO Getting attribute: radio_buttons
23:36:10,660 C:\Users\ingov\PycharmProjects\ProjectR/Logs/2021-12-25_23-36-10 INFO Getting attribute: logger
23:36:10,660 C:\Users\ingov\PycharmProjects\ProjectR/Logs/2021-12-25_23-36-10 INFO Creating radio button
23:36:10,660 C:\Users\ingov\PycharmProjects\ProjectR/Logs/2021-12-25_23-36-10 INFO Getting attribute: window
23:36:10,660 C:\Users\ingov\PycharmProjects\ProjectR/Logs/2021-12-25_23-36-10 INFO Getting attribute: answer_group
23:36:10,660 C:\Users\ingov\PycharmProjects\ProjectR/Logs/2021-12-25_23-36-10 INFO Getting method: reveal_result
23:36:10,660 C:\Users\ingov\PycharmProjects\ProjectR/Logs/2021-12-25_23-36-10 INFO Getting attribute: radio_button_font
23:36:10,660 C:\Users\ingov\PycharmProjects\ProjectR/Logs/2021-12-25_23-36-10 INFO Getting attribute: radio_buttons
23:36:10,660 C:\Users\ingov\PycharmProjects\ProjectR/Logs/2021-12-25_23-36-10 INFO Getting attribute: window
23:36:10,660 C:\Users\ingov\PycharmProjects\ProjectR/Logs/2021-12-25_23-36-10 INFO Getting attribute: window
23:36:10,660 C:\Users\ingov\PycharmProjects\ProjectR/Logs/2021-12-25_23-36-10 INFO Getting attribute: window
23:36:12,73 C:\Users\ingov\PycharmProjects\ProjectR/Logs/2021-12-25_23-36-10 INFO Getting attribute: logger
23:36:12,73 C:\Users\ingov\PycharmProjects\ProjectR/Logs/2021-12-25_23-36-10 INFO Revealing the correct answer
23:36:12,73 C:\Users\ingov\PycharmProjects\ProjectR/Logs/2021-12-25_23-36-10 INFO Getting attribute: logger
23:36:12,73 C:\Users\ingov\PycharmProjects\ProjectR/Logs/2021-12-25_23-36-10 INFO Disabling all the radio buttons
23:36:12,73 C:\Users\ingov\PycharmProjects\ProjectR/Logs/2021-12-25_23-36-10 INFO Getting attribute: radio_buttons
23:36:12,73 C:\Users\ingov\PycharmProjects\ProjectR/Logs/2021-12-25_23-36-10 INFO Getting attribute: answer_group
23:36:12,73 C:\Users\ingov\PycharmProjects\ProjectR/Logs/2021-12-25_23-36-10 INFO Getting attribute: logger
23:36:12,73 C:\Users\ingov\PycharmProjects\ProjectR/Logs/2021-12-25_23-36-10 INFO Answer was False
23:36:12,73 C:\Users\ingov\PycharmProjects\ProjectR/Logs/2021-12-25_23-36-10 INFO Getting attribute: window
23:36:12,73 C:\Users\ingov\PycharmProjects\ProjectR/Logs/2021-12-25_23-36-10 INFO Resized window to 600x600
23:36:12,73 C:\Users\ingov\PycharmProjects\ProjectR/Logs/2021-12-25_23-36-10 INFO Answer was not correct
23:36:12,73 C:\Users\ingov\PycharmProjects\ProjectR/Logs/2021-12-25_23-36-10 INFO Getting attribute: question
23:36:12,73 C:\Users\ingov\PycharmProjects\ProjectR/Logs/2021-12-25_23-36-10 INFO Getting attribute: _QuestionClass__question
23:36:12,73 C:\Users\ingov\PycharmProjects\ProjectR/Logs/2021-12-25_23-36-10 INFO Getting attribute: question
23:36:12,73 C:\Users\ingov\PycharmProjects\ProjectR/Logs/2021-12-25_23-36-10 INFO Getting attribute: window
23:36:12,73 C:\Users\ingov\PycharmProjects\ProjectR/Logs/2021-12-25_23-36-10 INFO Getting attribute: window
23:36:12,73 C:\Users\ingov\PycharmProjects\ProjectR/Logs/2021-12-25_23-36-10 INFO Getting attribute: window
23:36:12,73 C:\Users\ingov\PycharmProjects\ProjectR/Logs/2021-12-25_23-36-10 INFO Getting attribute: window
23:36:12,73 C:\Users\ingov\PycharmProjects\ProjectR/Logs/2021-12-25_23-36-10 INFO Getting attribute: window
23:36:12,73 C:\Users\ingov\PycharmProjects\ProjectR/Logs/2021-12-25_23-36-10 INFO Getting attribute: window
23:36:20,686 C:\Users\ingov\PycharmProjects\ProjectR/Logs/2021-12-25_23-36-10 INFO Calling get_secs_between_questions
23:36:20,686 C:\Users\ingov\PycharmProjects\ProjectR/Logs/2021-12-25_23-36-10 INFO Getting secs between questions: 10
23:36:50,695 C:\Users\ingov\PycharmProjects\ProjectR/Logs/2021-12-25_23-36-10 INFO Getting method: get_question_type
23:36:50,695 C:\Users\ingov\PycharmProjects\ProjectR/Logs/2021-12-25_23-36-10 INFO Getting attribute: _QuestionClass__answers
23:36:50,695 C:\Users\ingov\PycharmProjects\ProjectR/Logs/2021-12-25_23-36-10 INFO Getting attribute: logger
23:36:50,695 C:\Users\ingov\PycharmProjects\ProjectR/Logs/2021-12-25_23-36-10 INFO This question is a single answer question: Text input: value 0
23:36:50,696 C:\Users\ingov\PycharmProjects\ProjectR/Logs/2021-12-25_23-36-10 INFO Getting attribute: logger
23:36:50,696 C:\Users\ingov\PycharmProjects\ProjectR/Logs/2021-12-25_23-36-10 INFO We create a 600x450 window
23:36:50,696 C:\Users\ingov\PycharmProjects\ProjectR/Logs/2021-12-25_23-36-10 INFO Getting attribute: logger
23:36:50,696 C:\Users\ingov\PycharmProjects\ProjectR/Logs/2021-12-25_23-36-10 INFO Getting attribute: _QuestionClass__question
23:36:50,696 C:\Users\ingov\PycharmProjects\ProjectR/Logs/2021-12-25_23-36-10 INFO Getting attribute: question
23:36:50,696 C:\Users\ingov\PycharmProjects\ProjectR/Logs/2021-12-25_23-36-10 INFO Getting attribute: _QuestionClass__answers
23:36:50,696 C:\Users\ingov\PycharmProjects\ProjectR/Logs/2021-12-25_23-36-10 INFO Getting attribute: answers
23:36:50,697 C:\Users\ingov\PycharmProjects\ProjectR/Logs/2021-12-25_23-36-10 INFO We are going to display question: What do you say to a person in the morning?: Good morning
23:36:50,697 C:\Users\ingov\PycharmProjects\ProjectR/Logs/2021-12-25_23-36-10 INFO Getting into __init__ for class: QuestionOneAnswer
23:36:50,697 C:\Users\ingov\PycharmProjects\ProjectR/Logs/2021-12-25_23-36-10 INFO Attributes in args: ()
23:36:50,697 C:\Users\ingov\PycharmProjects\ProjectR/Logs/2021-12-25_23-36-10 INFO Attributes in kwargs: {'width': 600, 'height': 450, 'title': 'Question 1'}
23:36:50,858 C:\Users\ingov\PycharmProjects\ProjectR/Logs/2021-12-25_23-36-10 INFO Setting member: window to value=.
23:36:50,858 C:\Users\ingov\PycharmProjects\ProjectR/Logs/2021-12-25_23-36-10 INFO Getting attribute: window
23:36:50,859 C:\Users\ingov\PycharmProjects\ProjectR/Logs/2021-12-25_23-36-10 INFO Setting member: height to value=450
23:36:50,859 C:\Users\ingov\PycharmProjects\ProjectR/Logs/2021-12-25_23-36-10 INFO Setting member: width to value=600
23:36:50,859 C:\Users\ingov\PycharmProjects\ProjectR/Logs/2021-12-25_23-36-10 INFO Getting attribute: window
23:36:50,859 C:\Users\ingov\PycharmProjects\ProjectR/Logs/2021-12-25_23-36-10 INFO Getting attribute: window
23:36:50,859 C:\Users\ingov\PycharmProjects\ProjectR/Logs/2021-12-25_23-36-10 INFO Getting attribute: logger
23:36:50,859 C:\Users\ingov\PycharmProjects\ProjectR/Logs/2021-12-25_23-36-10 INFO Set window to no resizable
23:36:50,859 C:\Users\ingov\PycharmProjects\ProjectR/Logs/2021-12-25_23-36-10 INFO Getting attribute: window
23:36:50,860 C:\Users\ingov\PycharmProjects\ProjectR/Logs/2021-12-25_23-36-10 INFO Setting member: menu to value=.!menu
23:36:50,860 C:\Users\ingov\PycharmProjects\ProjectR/Logs/2021-12-25_23-36-10 INFO Getting attribute: logger
23:36:50,861 C:\Users\ingov\PycharmProjects\ProjectR/Logs/2021-12-25_23-36-10 INFO Creating menu for this window
23:36:50,861 C:\Users\ingov\PycharmProjects\ProjectR/Logs/2021-12-25_23-36-10 INFO Getting attribute: window
23:36:50,861 C:\Users\ingov\PycharmProjects\ProjectR/Logs/2021-12-25_23-36-10 INFO Getting attribute: menu
23:36:50,871 C:\Users\ingov\PycharmProjects\ProjectR/Logs/2021-12-25_23-36-10 INFO Getting attribute: menu
23:36:50,871 C:\Users\ingov\PycharmProjects\ProjectR/Logs/2021-12-25_23-36-10 INFO Getting method: go_back_to_main
23:36:50,871 C:\Users\ingov\PycharmProjects\ProjectR/Logs/2021-12-25_23-36-10 INFO Getting attribute: logger
23:36:50,871 C:\Users\ingov\PycharmProjects\ProjectR/Logs/2021-12-25_23-36-10 INFO Added option Go back to main
23:36:50,871 C:\Users\ingov\PycharmProjects\ProjectR/Logs/2021-12-25_23-36-10 INFO Getting attribute: menu
23:36:50,872 C:\Users\ingov\PycharmProjects\ProjectR/Logs/2021-12-25_23-36-10 INFO Getting attribute: logger
23:36:50,872 C:\Users\ingov\PycharmProjects\ProjectR/Logs/2021-12-25_23-36-10 INFO Added option Exit
23:36:50,872 C:\Users\ingov\PycharmProjects\ProjectR/Logs/2021-12-25_23-36-10 INFO Getting attribute: _QuestionClass__question
23:36:50,872 C:\Users\ingov\PycharmProjects\ProjectR/Logs/2021-12-25_23-36-10 INFO Getting attribute: question
23:36:50,872 C:\Users\ingov\PycharmProjects\ProjectR/Logs/2021-12-25_23-36-10 INFO Getting attribute: _QuestionClass__answers
23:36:50,872 C:\Users\ingov\PycharmProjects\ProjectR/Logs/2021-12-25_23-36-10 INFO Getting attribute: answers
23:36:50,872 C:\Users\ingov\PycharmProjects\ProjectR/Logs/2021-12-25_23-36-10 INFO Setting member: question to value=What do you say to a person in the morning?: Good morning
23:36:50,872 C:\Users\ingov\PycharmProjects\ProjectR/Logs/2021-12-25_23-36-10 INFO Getting attribute: window
23:36:50,872 C:\Users\ingov\PycharmProjects\ProjectR/Logs/2021-12-25_23-36-10 INFO Getting attribute: _QuestionClass__question
23:36:50,872 C:\Users\ingov\PycharmProjects\ProjectR/Logs/2021-12-25_23-36-10 INFO Getting attribute: question
23:36:50,874 C:\Users\ingov\PycharmProjects\ProjectR/Logs/2021-12-25_23-36-10 INFO Setting member: question_label to value=.!label
23:36:50,874 C:\Users\ingov\PycharmProjects\ProjectR/Logs/2021-12-25_23-36-10 INFO Getting attribute: question_label
23:36:50,874 C:\Users\ingov\PycharmProjects\ProjectR/Logs/2021-12-25_23-36-10 INFO Getting attribute: question_label
23:36:50,874 C:\Users\ingov\PycharmProjects\ProjectR/Logs/2021-12-25_23-36-10 INFO Getting attribute: logger
23:36:50,874 C:\Users\ingov\PycharmProjects\ProjectR/Logs/2021-12-25_23-36-10 INFO Created label for the question
23:36:50,875 C:\Users\ingov\PycharmProjects\ProjectR/Logs/2021-12-25_23-36-10 INFO Getting attribute: window
23:36:50,875 C:\Users\ingov\PycharmProjects\ProjectR/Logs/2021-12-25_23-36-10 INFO Getting method: reveal_answer
23:36:50,875 C:\Users\ingov\PycharmProjects\ProjectR/Logs/2021-12-25_23-36-10 INFO Setting member: button_answer to value=.!button
23:36:50,876 C:\Users\ingov\PycharmProjects\ProjectR/Logs/2021-12-25_23-36-10 INFO Getting attribute: button_answer
23:36:50,876 C:\Users\ingov\PycharmProjects\ProjectR/Logs/2021-12-25_23-36-10 INFO Getting attribute: logger
23:36:50,876 C:\Users\ingov\PycharmProjects\ProjectR/Logs/2021-12-25_23-36-10 INFO Added button to Reveal Answer
23:36:50,876 C:\Users\ingov\PycharmProjects\ProjectR/Logs/2021-12-25_23-36-10 INFO Setting member: answer_label to value=None
23:36:50,876 C:\Users\ingov\PycharmProjects\ProjectR/Logs/2021-12-25_23-36-10 INFO Setting member: button_correct to value=None
23:36:50,876 C:\Users\ingov\PycharmProjects\ProjectR/Logs/2021-12-25_23-36-10 INFO Setting member: button_failed to value=None
23:36:50,878 C:\Users\ingov\PycharmProjects\ProjectR/Logs/2021-12-25_23-36-10 INFO Getting attribute: window
23:36:50,879 C:\Users\ingov\PycharmProjects\ProjectR/Logs/2021-12-25_23-36-10 INFO Getting attribute: window
23:36:50,879 C:\Users\ingov\PycharmProjects\ProjectR/Logs/2021-12-25_23-36-10 INFO Getting attribute: window
23:36:52,372 C:\Users\ingov\PycharmProjects\ProjectR/Logs/2021-12-25_23-36-10 INFO Getting attribute: logger
23:36:52,372 C:\Users\ingov\PycharmProjects\ProjectR/Logs/2021-12-25_23-36-10 INFO Revealing the answer
23:36:52,372 C:\Users\ingov\PycharmProjects\ProjectR/Logs/2021-12-25_23-36-10 INFO Getting attribute: logger
23:36:52,372 C:\Users\ingov\PycharmProjects\ProjectR/Logs/2021-12-25_23-36-10 INFO Disabling the button Reveal Answer
23:36:52,372 C:\Users\ingov\PycharmProjects\ProjectR/Logs/2021-12-25_23-36-10 INFO Getting attribute: button_answer
23:36:52,372 C:\Users\ingov\PycharmProjects\ProjectR/Logs/2021-12-25_23-36-10 INFO Getting attribute: logger
23:36:52,372 C:\Users\ingov\PycharmProjects\ProjectR/Logs/2021-12-25_23-36-10 INFO Adding button Correct and Failed
23:36:52,372 C:\Users\ingov\PycharmProjects\ProjectR/Logs/2021-12-25_23-36-10 INFO Getting attribute: window
23:36:52,373 C:\Users\ingov\PycharmProjects\ProjectR/Logs/2021-12-25_23-36-10 INFO Getting attribute: question
23:36:52,373 C:\Users\ingov\PycharmProjects\ProjectR/Logs/2021-12-25_23-36-10 INFO Getting method: get_correct_answers
23:36:52,373 C:\Users\ingov\PycharmProjects\ProjectR/Logs/2021-12-25_23-36-10 INFO Getting method: get_question_type
23:36:52,373 C:\Users\ingov\PycharmProjects\ProjectR/Logs/2021-12-25_23-36-10 INFO Getting attribute: _QuestionClass__answers
23:36:52,373 C:\Users\ingov\PycharmProjects\ProjectR/Logs/2021-12-25_23-36-10 INFO Getting attribute: logger
23:36:52,373 C:\Users\ingov\PycharmProjects\ProjectR/Logs/2021-12-25_23-36-10 INFO This question is a single answer question: Text input: value 0
23:36:52,373 C:\Users\ingov\PycharmProjects\ProjectR/Logs/2021-12-25_23-36-10 INFO Getting attribute: logger
23:36:52,373 C:\Users\ingov\PycharmProjects\ProjectR/Logs/2021-12-25_23-36-10 INFO Getting attribute: _QuestionClass__answers
23:36:52,373 C:\Users\ingov\PycharmProjects\ProjectR/Logs/2021-12-25_23-36-10 INFO The correct answer is Good morning
23:36:52,373 C:\Users\ingov\PycharmProjects\ProjectR/Logs/2021-12-25_23-36-10 INFO Getting attribute: _QuestionClass__answers
23:36:52,373 C:\Users\ingov\PycharmProjects\ProjectR/Logs/2021-12-25_23-36-10 INFO Setting member: answer_label to value=.!label2
23:36:52,374 C:\Users\ingov\PycharmProjects\ProjectR/Logs/2021-12-25_23-36-10 INFO Getting attribute: answer_label
23:36:52,374 C:\Users\ingov\PycharmProjects\ProjectR/Logs/2021-12-25_23-36-10 INFO Getting attribute: window
23:36:52,374 C:\Users\ingov\PycharmProjects\ProjectR/Logs/2021-12-25_23-36-10 INFO Getting method: command_button_correct
23:36:52,374 C:\Users\ingov\PycharmProjects\ProjectR/Logs/2021-12-25_23-36-10 INFO Setting member: button_correct to value=.!frame.!button
23:36:52,374 C:\Users\ingov\PycharmProjects\ProjectR/Logs/2021-12-25_23-36-10 INFO Getting method: command_button_failed
23:36:52,374 C:\Users\ingov\PycharmProjects\ProjectR/Logs/2021-12-25_23-36-10 INFO Setting member: button_failed to value=.!frame.!button2
23:36:52,374 C:\Users\ingov\PycharmProjects\ProjectR/Logs/2021-12-25_23-36-10 INFO Getting attribute: button_correct
23:36:52,375 C:\Users\ingov\PycharmProjects\ProjectR/Logs/2021-12-25_23-36-10 INFO Getting attribute: button_failed
23:36:52,375 C:\Users\ingov\PycharmProjects\ProjectR/Logs/2021-12-25_23-36-10 INFO Getting attribute: logger
23:36:52,375 C:\Users\ingov\PycharmProjects\ProjectR/Logs/2021-12-25_23-36-10 INFO Window is resized to 600x650
23:36:52,375 C:\Users\ingov\PycharmProjects\ProjectR/Logs/2021-12-25_23-36-10 INFO Getting attribute: window
23:36:56,653 C:\Users\ingov\PycharmProjects\ProjectR/Logs/2021-12-25_23-36-10 INFO Getting method: add_result
23:36:56,654 C:\Users\ingov\PycharmProjects\ProjectR/Logs/2021-12-25_23-36-10 INFO Getting attribute: logger
23:36:56,654 C:\Users\ingov\PycharmProjects\ProjectR/Logs/2021-12-25_23-36-10 INFO The awswer was True
23:36:56,654 C:\Users\ingov\PycharmProjects\ProjectR/Logs/2021-12-25_23-36-10 INFO Getting attribute: question
23:36:56,654 C:\Users\ingov\PycharmProjects\ProjectR/Logs/2021-12-25_23-36-10 INFO Getting attribute: _QuestionClass__question
23:36:56,654 C:\Users\ingov\PycharmProjects\ProjectR/Logs/2021-12-25_23-36-10 INFO Getting attribute: question
23:36:56,654 C:\Users\ingov\PycharmProjects\ProjectR/Logs/2021-12-25_23-36-10 INFO Getting attribute: logger
23:36:56,654 C:\Users\ingov\PycharmProjects\ProjectR/Logs/2021-12-25_23-36-10 INFO Disabling buttons correct and failed
23:36:56,655 C:\Users\ingov\PycharmProjects\ProjectR/Logs/2021-12-25_23-36-10 INFO Getting attribute: button_correct
23:36:56,655 C:\Users\ingov\PycharmProjects\ProjectR/Logs/2021-12-25_23-36-10 INFO Getting attribute: button_correct
23:36:56,655 C:\Users\ingov\PycharmProjects\ProjectR/Logs/2021-12-25_23-36-10 INFO Getting attribute: button_failed
23:36:56,655 C:\Users\ingov\PycharmProjects\ProjectR/Logs/2021-12-25_23-36-10 INFO Getting attribute: button_failed
23:36:56,656 C:\Users\ingov\PycharmProjects\ProjectR/Logs/2021-12-25_23-36-10 INFO Getting attribute: logger
23:36:56,656 C:\Users\ingov\PycharmProjects\ProjectR/Logs/2021-12-25_23-36-10 INFO Removing after method from window
23:36:56,656 C:\Users\ingov\PycharmProjects\ProjectR/Logs/2021-12-25_23-36-10 INFO Getting attribute: window
23:36:56,656 C:\Users\ingov\PycharmProjects\ProjectR/Logs/2021-12-25_23-36-10 INFO Getting attribute: window
23:36:56,656 C:\Users\ingov\PycharmProjects\ProjectR/Logs/2021-12-25_23-36-10 INFO Getting attribute: logger
23:36:56,656 C:\Users\ingov\PycharmProjects\ProjectR/Logs/2021-12-25_23-36-10 INFO Window will close in 10 secs
23:36:56,656 C:\Users\ingov\PycharmProjects\ProjectR/Logs/2021-12-25_23-36-10 INFO Getting attribute: window
23:36:56,656 C:\Users\ingov\PycharmProjects\ProjectR/Logs/2021-12-25_23-36-10 INFO Getting attribute: window
23:37:00,896 C:\Users\ingov\PycharmProjects\ProjectR/Logs/2021-12-25_23-36-10 INFO Calling get_secs_between_questions
23:37:00,896 C:\Users\ingov\PycharmProjects\ProjectR/Logs/2021-12-25_23-36-10 INFO Getting secs between questions: 10
23:37:30,911 C:\Users\ingov\PycharmProjects\ProjectR/Logs/2021-12-25_23-36-10 INFO Getting method: get_question_type
23:37:30,911 C:\Users\ingov\PycharmProjects\ProjectR/Logs/2021-12-25_23-36-10 INFO Getting attribute: _QuestionClass__answers
23:37:30,911 C:\Users\ingov\PycharmProjects\ProjectR/Logs/2021-12-25_23-36-10 INFO Getting attribute: _QuestionClass__answers
23:37:30,911 C:\Users\ingov\PycharmProjects\ProjectR/Logs/2021-12-25_23-36-10 INFO Getting attribute: logger
23:37:30,911 C:\Users\ingov\PycharmProjects\ProjectR/Logs/2021-12-25_23-36-10 INFO This question is a multiple choice question with two answers: Checkboxes: value 2
23:37:30,911 C:\Users\ingov\PycharmProjects\ProjectR/Logs/2021-12-25_23-36-10 INFO Getting method: get_question_type
23:37:30,911 C:\Users\ingov\PycharmProjects\ProjectR/Logs/2021-12-25_23-36-10 INFO Getting attribute: _QuestionClass__answers
23:37:30,911 C:\Users\ingov\PycharmProjects\ProjectR/Logs/2021-12-25_23-36-10 INFO Getting attribute: _QuestionClass__answers
23:37:30,911 C:\Users\ingov\PycharmProjects\ProjectR/Logs/2021-12-25_23-36-10 INFO Getting attribute: logger
23:37:30,911 C:\Users\ingov\PycharmProjects\ProjectR/Logs/2021-12-25_23-36-10 INFO This question is a multiple choice question with two answers: Checkboxes: value 2
23:37:30,911 C:\Users\ingov\PycharmProjects\ProjectR/Logs/2021-12-25_23-36-10 INFO Getting attribute: logger
23:37:30,911 C:\Users\ingov\PycharmProjects\ProjectR/Logs/2021-12-25_23-36-10 INFO We create a 600x550 window
23:37:30,911 C:\Users\ingov\PycharmProjects\ProjectR/Logs/2021-12-25_23-36-10 INFO Getting attribute: logger
23:37:30,911 C:\Users\ingov\PycharmProjects\ProjectR/Logs/2021-12-25_23-36-10 INFO Getting attribute: _QuestionClass__question
23:37:30,912 C:\Users\ingov\PycharmProjects\ProjectR/Logs/2021-12-25_23-36-10 INFO Getting attribute: question
23:37:30,912 C:\Users\ingov\PycharmProjects\ProjectR/Logs/2021-12-25_23-36-10 INFO Getting attribute: _QuestionClass__answers
23:37:30,912 C:\Users\ingov\PycharmProjects\ProjectR/Logs/2021-12-25_23-36-10 INFO Getting attribute: answers
23:37:30,912 C:\Users\ingov\PycharmProjects\ProjectR/Logs/2021-12-25_23-36-10 INFO We are going to display question: Which of the following countries belong to the European Union: [('Serbia', False), ('Latvia', True), ('Norway', False), ('Malta', True)]
23:37:30,912 C:\Users\ingov\PycharmProjects\ProjectR/Logs/2021-12-25_23-36-10 INFO Getting into __init__ for class: QuestionTwoAnswersMultiple
23:37:30,912 C:\Users\ingov\PycharmProjects\ProjectR/Logs/2021-12-25_23-36-10 INFO Attributes in args: ()
23:37:30,912 C:\Users\ingov\PycharmProjects\ProjectR/Logs/2021-12-25_23-36-10 INFO Attributes in kwargs: {'width': 600, 'height': 550, 'title': 'Question 2'}
23:37:30,978 C:\Users\ingov\PycharmProjects\ProjectR/Logs/2021-12-25_23-36-10 INFO Setting member: window to value=.
23:37:30,978 C:\Users\ingov\PycharmProjects\ProjectR/Logs/2021-12-25_23-36-10 INFO Getting attribute: window
23:37:30,978 C:\Users\ingov\PycharmProjects\ProjectR/Logs/2021-12-25_23-36-10 INFO Setting member: height to value=550
23:37:30,978 C:\Users\ingov\PycharmProjects\ProjectR/Logs/2021-12-25_23-36-10 INFO Setting member: width to value=600
23:37:30,978 C:\Users\ingov\PycharmProjects\ProjectR/Logs/2021-12-25_23-36-10 INFO Getting attribute: window
23:37:30,978 C:\Users\ingov\PycharmProjects\ProjectR/Logs/2021-12-25_23-36-10 INFO Getting attribute: window
23:37:30,978 C:\Users\ingov\PycharmProjects\ProjectR/Logs/2021-12-25_23-36-10 INFO Getting attribute: logger
23:37:30,978 C:\Users\ingov\PycharmProjects\ProjectR/Logs/2021-12-25_23-36-10 INFO Set window to no resizable
23:37:30,978 C:\Users\ingov\PycharmProjects\ProjectR/Logs/2021-12-25_23-36-10 INFO Getting attribute: window
23:37:30,979 C:\Users\ingov\PycharmProjects\ProjectR/Logs/2021-12-25_23-36-10 INFO Setting member: menu to value=.!menu
23:37:30,979 C:\Users\ingov\PycharmProjects\ProjectR/Logs/2021-12-25_23-36-10 INFO Getting attribute: logger
23:37:30,979 C:\Users\ingov\PycharmProjects\ProjectR/Logs/2021-12-25_23-36-10 INFO Creating menu for this window
23:37:30,979 C:\Users\ingov\PycharmProjects\ProjectR/Logs/2021-12-25_23-36-10 INFO Getting attribute: window
23:37:30,979 C:\Users\ingov\PycharmProjects\ProjectR/Logs/2021-12-25_23-36-10 INFO Getting attribute: menu
23:37:30,984 C:\Users\ingov\PycharmProjects\ProjectR/Logs/2021-12-25_23-36-10 INFO Getting attribute: menu
23:37:30,984 C:\Users\ingov\PycharmProjects\ProjectR/Logs/2021-12-25_23-36-10 INFO Getting method: go_back_to_main
23:37:30,984 C:\Users\ingov\PycharmProjects\ProjectR/Logs/2021-12-25_23-36-10 INFO Getting attribute: logger
23:37:30,984 C:\Users\ingov\PycharmProjects\ProjectR/Logs/2021-12-25_23-36-10 INFO Added option Go back to main
23:37:30,984 C:\Users\ingov\PycharmProjects\ProjectR/Logs/2021-12-25_23-36-10 INFO Getting attribute: menu
23:37:30,984 C:\Users\ingov\PycharmProjects\ProjectR/Logs/2021-12-25_23-36-10 INFO Getting attribute: logger
23:37:30,984 C:\Users\ingov\PycharmProjects\ProjectR/Logs/2021-12-25_23-36-10 INFO Added option Exit
23:37:30,984 C:\Users\ingov\PycharmProjects\ProjectR/Logs/2021-12-25_23-36-10 INFO Getting attribute: _QuestionClass__question
23:37:30,984 C:\Users\ingov\PycharmProjects\ProjectR/Logs/2021-12-25_23-36-10 INFO Getting attribute: question
23:37:30,984 C:\Users\ingov\PycharmProjects\ProjectR/Logs/2021-12-25_23-36-10 INFO Getting attribute: _QuestionClass__answers
23:37:30,984 C:\Users\ingov\PycharmProjects\ProjectR/Logs/2021-12-25_23-36-10 INFO Getting attribute: answers
23:37:30,984 C:\Users\ingov\PycharmProjects\ProjectR/Logs/2021-12-25_23-36-10 INFO Setting member: question to value=Which of the following countries belong to the European Union: [('Serbia', False), ('Latvia', True), ('Norway', False), ('Malta', True)]
23:37:30,985 C:\Users\ingov\PycharmProjects\ProjectR/Logs/2021-12-25_23-36-10 INFO Getting attribute: window
23:37:30,985 C:\Users\ingov\PycharmProjects\ProjectR/Logs/2021-12-25_23-36-10 INFO Getting attribute: _QuestionClass__question
23:37:30,985 C:\Users\ingov\PycharmProjects\ProjectR/Logs/2021-12-25_23-36-10 INFO Getting attribute: question
23:37:30,985 C:\Users\ingov\PycharmProjects\ProjectR/Logs/2021-12-25_23-36-10 INFO Setting member: question_label to value=.!label
23:37:30,985 C:\Users\ingov\PycharmProjects\ProjectR/Logs/2021-12-25_23-36-10 INFO Getting attribute: question_label
23:37:30,986 C:\Users\ingov\PycharmProjects\ProjectR/Logs/2021-12-25_23-36-10 INFO Getting attribute: question_label
23:37:30,986 C:\Users\ingov\PycharmProjects\ProjectR/Logs/2021-12-25_23-36-10 INFO Getting attribute: logger
23:37:30,986 C:\Users\ingov\PycharmProjects\ProjectR/Logs/2021-12-25_23-36-10 INFO Created label for the question
23:37:30,986 C:\Users\ingov\PycharmProjects\ProjectR/Logs/2021-12-25_23-36-10 INFO Setting member: check_boxes to value=[]
23:37:30,986 C:\Users\ingov\PycharmProjects\ProjectR/Logs/2021-12-25_23-36-10 INFO Getting attribute: logger
23:37:30,986 C:\Users\ingov\PycharmProjects\ProjectR/Logs/2021-12-25_23-36-10 INFO The size of our font is 12
23:37:30,986 C:\Users\ingov\PycharmProjects\ProjectR/Logs/2021-12-25_23-36-10 INFO Setting member: check_button_font to value=('TkDefaultFont', 12)
23:37:30,986 C:\Users\ingov\PycharmProjects\ProjectR/Logs/2021-12-25_23-36-10 INFO Setting member: checks_done to value=0
23:37:30,986 C:\Users\ingov\PycharmProjects\ProjectR/Logs/2021-12-25_23-36-10 INFO Setting member: vars_int to value=[]
23:37:30,986 C:\Users\ingov\PycharmProjects\ProjectR/Logs/2021-12-25_23-36-10 INFO Getting attribute: question
23:37:30,986 C:\Users\ingov\PycharmProjects\ProjectR/Logs/2021-12-25_23-36-10 INFO Getting attribute: _QuestionClass__answers
23:37:30,986 C:\Users\ingov\PycharmProjects\ProjectR/Logs/2021-12-25_23-36-10 INFO Getting attribute: answers
23:37:30,986 C:\Users\ingov\PycharmProjects\ProjectR/Logs/2021-12-25_23-36-10 INFO Getting attribute: logger
23:37:30,986 C:\Users\ingov\PycharmProjects\ProjectR/Logs/2021-12-25_23-36-10 INFO We create an IntVar for a check box
23:37:30,986 C:\Users\ingov\PycharmProjects\ProjectR/Logs/2021-12-25_23-36-10 INFO Getting attribute: logger
23:37:30,986 C:\Users\ingov\PycharmProjects\ProjectR/Logs/2021-12-25_23-36-10 INFO We create the checkbox with text Serbia
23:37:30,986 C:\Users\ingov\PycharmProjects\ProjectR/Logs/2021-12-25_23-36-10 INFO Getting attribute: logger
23:37:30,986 C:\Users\ingov\PycharmProjects\ProjectR/Logs/2021-12-25_23-36-10 INFO With command self.checking_box
23:37:30,986 C:\Users\ingov\PycharmProjects\ProjectR/Logs/2021-12-25_23-36-10 INFO Getting attribute: window
23:37:30,987 C:\Users\ingov\PycharmProjects\ProjectR/Logs/2021-12-25_23-36-10 INFO Getting attribute: check_button_font
23:37:30,987 C:\Users\ingov\PycharmProjects\ProjectR/Logs/2021-12-25_23-36-10 INFO Getting method: checking_box
23:37:30,988 C:\Users\ingov\PycharmProjects\ProjectR/Logs/2021-12-25_23-36-10 INFO Getting attribute: vars_int
23:37:30,988 C:\Users\ingov\PycharmProjects\ProjectR/Logs/2021-12-25_23-36-10 INFO Getting attribute: check_boxes
23:37:30,988 C:\Users\ingov\PycharmProjects\ProjectR/Logs/2021-12-25_23-36-10 INFO Getting attribute: logger
23:37:30,988 C:\Users\ingov\PycharmProjects\ProjectR/Logs/2021-12-25_23-36-10 INFO We create an IntVar for a check box
23:37:30,988 C:\Users\ingov\PycharmProjects\ProjectR/Logs/2021-12-25_23-36-10 INFO Getting attribute: logger
23:37:30,988 C:\Users\ingov\PycharmProjects\ProjectR/Logs/2021-12-25_23-36-10 INFO We create the checkbox with text Latvia
23:37:30,988 C:\Users\ingov\PycharmProjects\ProjectR/Logs/2021-12-25_23-36-10 INFO Getting attribute: logger
23:37:30,988 C:\Users\ingov\PycharmProjects\ProjectR/Logs/2021-12-25_23-36-10 INFO With command self.checking_box
23:37:30,988 C:\Users\ingov\PycharmProjects\ProjectR/Logs/2021-12-25_23-36-10 INFO Getting attribute: window
23:37:30,988 C:\Users\ingov\PycharmProjects\ProjectR/Logs/2021-12-25_23-36-10 INFO Getting attribute: check_button_font
23:37:30,988 C:\Users\ingov\PycharmProjects\ProjectR/Logs/2021-12-25_23-36-10 INFO Getting method: checking_box
23:37:30,989 C:\Users\ingov\PycharmProjects\ProjectR/Logs/2021-12-25_23-36-10 INFO Getting attribute: vars_int
23:37:30,989 C:\Users\ingov\PycharmProjects\ProjectR/Logs/2021-12-25_23-36-10 INFO Getting attribute: check_boxes
23:37:30,989 C:\Users\ingov\PycharmProjects\ProjectR/Logs/2021-12-25_23-36-10 INFO Getting attribute: logger
23:37:30,989 C:\Users\ingov\PycharmProjects\ProjectR/Logs/2021-12-25_23-36-10 INFO We create an IntVar for a check box
23:37:30,989 C:\Users\ingov\PycharmProjects\ProjectR/Logs/2021-12-25_23-36-10 INFO Getting attribute: logger
23:37:30,989 C:\Users\ingov\PycharmProjects\ProjectR/Logs/2021-12-25_23-36-10 INFO We create the checkbox with text Norway
23:37:30,989 C:\Users\ingov\PycharmProjects\ProjectR/Logs/2021-12-25_23-36-10 INFO Getting attribute: logger
23:37:30,989 C:\Users\ingov\PycharmProjects\ProjectR/Logs/2021-12-25_23-36-10 INFO With command self.checking_box
23:37:30,989 C:\Users\ingov\PycharmProjects\ProjectR/Logs/2021-12-25_23-36-10 INFO Getting attribute: window
23:37:30,989 C:\Users\ingov\PycharmProjects\ProjectR/Logs/2021-12-25_23-36-10 INFO Getting attribute: check_button_font
23:37:30,989 C:\Users\ingov\PycharmProjects\ProjectR/Logs/2021-12-25_23-36-10 INFO Getting method: checking_box
23:37:30,990 C:\Users\ingov\PycharmProjects\ProjectR/Logs/2021-12-25_23-36-10 INFO Getting attribute: vars_int
23:37:30,990 C:\Users\ingov\PycharmProjects\ProjectR/Logs/2021-12-25_23-36-10 INFO Getting attribute: check_boxes
23:37:30,990 C:\Users\ingov\PycharmProjects\ProjectR/Logs/2021-12-25_23-36-10 INFO Getting attribute: logger
23:37:30,990 C:\Users\ingov\PycharmProjects\ProjectR/Logs/2021-12-25_23-36-10 INFO We create an IntVar for a check box
23:37:30,990 C:\Users\ingov\PycharmProjects\ProjectR/Logs/2021-12-25_23-36-10 INFO Getting attribute: logger
23:37:30,990 C:\Users\ingov\PycharmProjects\ProjectR/Logs/2021-12-25_23-36-10 INFO We create the checkbox with text Malta
23:37:30,990 C:\Users\ingov\PycharmProjects\ProjectR/Logs/2021-12-25_23-36-10 INFO Getting attribute: logger
23:37:30,990 C:\Users\ingov\PycharmProjects\ProjectR/Logs/2021-12-25_23-36-10 INFO With command self.checking_box
23:37:30,990 C:\Users\ingov\PycharmProjects\ProjectR/Logs/2021-12-25_23-36-10 INFO Getting attribute: window
23:37:30,990 C:\Users\ingov\PycharmProjects\ProjectR/Logs/2021-12-25_23-36-10 INFO Getting attribute: check_button_font
23:37:30,990 C:\Users\ingov\PycharmProjects\ProjectR/Logs/2021-12-25_23-36-10 INFO Getting method: checking_box
23:37:30,991 C:\Users\ingov\PycharmProjects\ProjectR/Logs/2021-12-25_23-36-10 INFO Getting attribute: vars_int
23:37:30,991 C:\Users\ingov\PycharmProjects\ProjectR/Logs/2021-12-25_23-36-10 INFO Getting attribute: check_boxes
23:37:30,992 C:\Users\ingov\PycharmProjects\ProjectR/Logs/2021-12-25_23-36-10 INFO Getting attribute: window
23:37:30,992 C:\Users\ingov\PycharmProjects\ProjectR/Logs/2021-12-25_23-36-10 INFO Getting attribute: window
23:37:30,992 C:\Users\ingov\PycharmProjects\ProjectR/Logs/2021-12-25_23-36-10 INFO Getting attribute: window
23:37:35,784 C:\Users\ingov\PycharmProjects\ProjectR/Logs/2021-12-25_23-36-10 INFO Getting attribute: checks_done
23:37:35,784 C:\Users\ingov\PycharmProjects\ProjectR/Logs/2021-12-25_23-36-10 INFO Setting member: checks_done to value=1
23:37:35,784 C:\Users\ingov\PycharmProjects\ProjectR/Logs/2021-12-25_23-36-10 INFO Getting attribute: logger
23:37:35,784 C:\Users\ingov\PycharmProjects\ProjectR/Logs/2021-12-25_23-36-10 INFO Getting attribute: checks_done
23:37:35,784 C:\Users\ingov\PycharmProjects\ProjectR/Logs/2021-12-25_23-36-10 INFO We have checked 1 boxes already
23:37:35,784 C:\Users\ingov\PycharmProjects\ProjectR/Logs/2021-12-25_23-36-10 INFO Getting attribute: checks_done
23:37:36,420 C:\Users\ingov\PycharmProjects\ProjectR/Logs/2021-12-25_23-36-10 INFO Getting attribute: checks_done
23:37:36,420 C:\Users\ingov\PycharmProjects\ProjectR/Logs/2021-12-25_23-36-10 INFO Setting member: checks_done to value=2
23:37:36,420 C:\Users\ingov\PycharmProjects\ProjectR/Logs/2021-12-25_23-36-10 INFO Getting attribute: logger
23:37:36,420 C:\Users\ingov\PycharmProjects\ProjectR/Logs/2021-12-25_23-36-10 INFO Getting attribute: checks_done
23:37:36,420 C:\Users\ingov\PycharmProjects\ProjectR/Logs/2021-12-25_23-36-10 INFO We have checked 2 boxes already
23:37:36,420 C:\Users\ingov\PycharmProjects\ProjectR/Logs/2021-12-25_23-36-10 INFO Getting attribute: checks_done
23:37:36,420 C:\Users\ingov\PycharmProjects\ProjectR/Logs/2021-12-25_23-36-10 INFO Getting attribute: logger
23:37:36,420 C:\Users\ingov\PycharmProjects\ProjectR/Logs/2021-12-25_23-36-10 INFO As we have already checked 2 boxes, we are going to check if we checked the correct answers
23:37:36,420 C:\Users\ingov\PycharmProjects\ProjectR/Logs/2021-12-25_23-36-10 INFO Getting attribute: check_boxes
23:37:36,420 C:\Users\ingov\PycharmProjects\ProjectR/Logs/2021-12-25_23-36-10 INFO Getting attribute: logger
23:37:36,420 C:\Users\ingov\PycharmProjects\ProjectR/Logs/2021-12-25_23-36-10 INFO We disable the checkbox
23:37:36,420 C:\Users\ingov\PycharmProjects\ProjectR/Logs/2021-12-25_23-36-10 INFO Getting attribute: vars_int
23:37:36,420 C:\Users\ingov\PycharmProjects\ProjectR/Logs/2021-12-25_23-36-10 INFO Getting attribute: logger
23:37:36,421 C:\Users\ingov\PycharmProjects\ProjectR/Logs/2021-12-25_23-36-10 INFO We disable the checkbox
23:37:36,421 C:\Users\ingov\PycharmProjects\ProjectR/Logs/2021-12-25_23-36-10 INFO Getting attribute: vars_int
23:37:36,421 C:\Users\ingov\PycharmProjects\ProjectR/Logs/2021-12-25_23-36-10 INFO Getting attribute: logger
23:37:36,421 C:\Users\ingov\PycharmProjects\ProjectR/Logs/2021-12-25_23-36-10 INFO We checked the following answer: Latvia
23:37:36,421 C:\Users\ingov\PycharmProjects\ProjectR/Logs/2021-12-25_23-36-10 INFO Getting attribute: logger
23:37:36,421 C:\Users\ingov\PycharmProjects\ProjectR/Logs/2021-12-25_23-36-10 INFO We disable the checkbox
23:37:36,421 C:\Users\ingov\PycharmProjects\ProjectR/Logs/2021-12-25_23-36-10 INFO Getting attribute: vars_int
23:37:36,421 C:\Users\ingov\PycharmProjects\ProjectR/Logs/2021-12-25_23-36-10 INFO Getting attribute: logger
23:37:36,421 C:\Users\ingov\PycharmProjects\ProjectR/Logs/2021-12-25_23-36-10 INFO We disable the checkbox
23:37:36,421 C:\Users\ingov\PycharmProjects\ProjectR/Logs/2021-12-25_23-36-10 INFO Getting attribute: vars_int
23:37:36,421 C:\Users\ingov\PycharmProjects\ProjectR/Logs/2021-12-25_23-36-10 INFO Getting attribute: logger
23:37:36,421 C:\Users\ingov\PycharmProjects\ProjectR/Logs/2021-12-25_23-36-10 INFO We checked the following answer: Malta
23:37:36,421 C:\Users\ingov\PycharmProjects\ProjectR/Logs/2021-12-25_23-36-10 INFO Getting attribute: logger
23:37:36,421 C:\Users\ingov\PycharmProjects\ProjectR/Logs/2021-12-25_23-36-10 INFO Now we check if our chosen answers are the correct ones
23:37:36,421 C:\Users\ingov\PycharmProjects\ProjectR/Logs/2021-12-25_23-36-10 INFO Getting attribute: question
23:37:36,421 C:\Users\ingov\PycharmProjects\ProjectR/Logs/2021-12-25_23-36-10 INFO Getting method: get_correct_answers
23:37:36,421 C:\Users\ingov\PycharmProjects\ProjectR/Logs/2021-12-25_23-36-10 INFO Getting method: get_question_type
23:37:36,422 C:\Users\ingov\PycharmProjects\ProjectR/Logs/2021-12-25_23-36-10 INFO Getting attribute: _QuestionClass__answers
23:37:36,422 C:\Users\ingov\PycharmProjects\ProjectR/Logs/2021-12-25_23-36-10 INFO Getting attribute: _QuestionClass__answers
23:37:36,422 C:\Users\ingov\PycharmProjects\ProjectR/Logs/2021-12-25_23-36-10 INFO Getting attribute: logger
23:37:36,422 C:\Users\ingov\PycharmProjects\ProjectR/Logs/2021-12-25_23-36-10 INFO This question is a multiple choice question with two answers: Checkboxes: value 2
23:37:36,422 C:\Users\ingov\PycharmProjects\ProjectR/Logs/2021-12-25_23-36-10 INFO Getting attribute: _QuestionClass__answers
23:37:36,422 C:\Users\ingov\PycharmProjects\ProjectR/Logs/2021-12-25_23-36-10 INFO Getting attribute: logger
23:37:36,422 C:\Users\ingov\PycharmProjects\ProjectR/Logs/2021-12-25_23-36-10 INFO Correct answers are ['Latvia', 'Malta']
23:37:36,422 C:\Users\ingov\PycharmProjects\ProjectR/Logs/2021-12-25_23-36-10 INFO Getting attribute: logger
23:37:36,422 C:\Users\ingov\PycharmProjects\ProjectR/Logs/2021-12-25_23-36-10 INFO Our answers were True
23:37:36,422 C:\Users\ingov\PycharmProjects\ProjectR/Logs/2021-12-25_23-36-10 INFO Getting attribute: window
23:37:36,422 C:\Users\ingov\PycharmProjects\ProjectR/Logs/2021-12-25_23-36-10 INFO Resized window to 600x600
23:37:36,422 C:\Users\ingov\PycharmProjects\ProjectR/Logs/2021-12-25_23-36-10 INFO Answer was correct
23:37:36,422 C:\Users\ingov\PycharmProjects\ProjectR/Logs/2021-12-25_23-36-10 INFO Getting attribute: question
23:37:36,422 C:\Users\ingov\PycharmProjects\ProjectR/Logs/2021-12-25_23-36-10 INFO Getting attribute: _QuestionClass__question
23:37:36,422 C:\Users\ingov\PycharmProjects\ProjectR/Logs/2021-12-25_23-36-10 INFO Getting attribute: question
23:37:36,422 C:\Users\ingov\PycharmProjects\ProjectR/Logs/2021-12-25_23-36-10 INFO Getting attribute: window
23:37:36,422 C:\Users\ingov\PycharmProjects\ProjectR/Logs/2021-12-25_23-36-10 INFO Getting attribute: window
23:37:36,423 C:\Users\ingov\PycharmProjects\ProjectR/Logs/2021-12-25_23-36-10 INFO Getting attribute: window
23:37:36,423 C:\Users\ingov\PycharmProjects\ProjectR/Logs/2021-12-25_23-36-10 INFO Getting attribute: window
23:37:36,423 C:\Users\ingov\PycharmProjects\ProjectR/Logs/2021-12-25_23-36-10 INFO Getting attribute: window
23:37:36,423 C:\Users\ingov\PycharmProjects\ProjectR/Logs/2021-12-25_23-36-10 INFO Getting attribute: window
