20:32:17,993 C:\Users\ingov\PycharmProjects\ProjectR/Logs/2021-12-25_20-32-17 INFO Log has been created and started
20:32:17,993 C:\Users\ingov\PycharmProjects\ProjectR/Logs/2021-12-25_20-32-17 INFO Metaclass MetaAbsLogger: Starting class MetaLogger
20:32:17,993 C:\Users\ingov\PycharmProjects\ProjectR/Logs/2021-12-25_20-32-17 INFO Metaclass MetaLogger: Starting class QuestionClass
20:32:18,3 C:\Users\ingov\PycharmProjects\ProjectR/Logs/2021-12-25_20-32-17 INFO Metaclass MetaLogger: Starting class QuestionnaireClass
20:32:18,28 C:\Users\ingov\PycharmProjects\ProjectR/Logs/2021-12-25_20-32-17 INFO Metaclass MetaAbsLogger: Starting class SimpleWindow
20:32:18,42 C:\Users\ingov\PycharmProjects\ProjectR/Logs/2021-12-25_20-32-17 INFO C:\Users\ingov\PycharmProjects\ProjectR/Config/config.cfg, exists so we will read it
20:32:18,42 C:\Users\ingov\PycharmProjects\ProjectR/Logs/2021-12-25_20-32-17 INFO Seconds to answer a question: 10
20:32:18,42 C:\Users\ingov\PycharmProjects\ProjectR/Logs/2021-12-25_20-32-17 INFO Seconds between questions: 30
20:32:18,42 C:\Users\ingov\PycharmProjects\ProjectR/Logs/2021-12-25_20-32-17 INFO C:\Users\ingov\PycharmProjects\ProjectR/Config/config.cfg is closed now
20:32:18,42 C:\Users\ingov\PycharmProjects\ProjectR/Logs/2021-12-25_20-32-17 INFO Metaclass MetaLogger: Starting class ConfigClass
20:32:18,52 C:\Users\ingov\PycharmProjects\ProjectR/Logs/2021-12-25_20-32-17 INFO Metaclass MetaAbsLogger: Starting class CurrentSession
20:32:18,52 C:\Users\ingov\PycharmProjects\ProjectR/Logs/2021-12-25_20-32-17 INFO Metaclass MetaAbsLogger: Starting class QuestionWindowAbs
20:32:18,52 C:\Users\ingov\PycharmProjects\ProjectR/Logs/2021-12-25_20-32-17 INFO Metaclass MetaAbsLogger: Starting class QuestionOneAnswer
20:32:18,52 C:\Users\ingov\PycharmProjects\ProjectR/Logs/2021-12-25_20-32-17 INFO Metaclass MetaAbsLogger: Starting class QuestionOneAnswerMultiple
20:32:18,52 C:\Users\ingov\PycharmProjects\ProjectR/Logs/2021-12-25_20-32-17 INFO Loading a questionnaire from file: C:\Users\ingov\PycharmProjects\ProjectR/Data/Questionnaires/QuestionnaireExample2.pickle
20:32:18,52 C:\Users\ingov\PycharmProjects\ProjectR/Logs/2021-12-25_20-32-17 INFO Getting attribute: __dict__
20:32:18,52 C:\Users\ingov\PycharmProjects\ProjectR/Logs/2021-12-25_20-32-17 INFO Getting attribute: __dict__
20:32:18,52 C:\Users\ingov\PycharmProjects\ProjectR/Logs/2021-12-25_20-32-17 INFO Getting attribute: __dict__
20:32:18,52 C:\Users\ingov\PycharmProjects\ProjectR/Logs/2021-12-25_20-32-17 INFO Calling get_secs_to_answer
20:32:18,52 C:\Users\ingov\PycharmProjects\ProjectR/Logs/2021-12-25_20-32-17 INFO Getting secs to answer a questions: 10
20:32:18,52 C:\Users\ingov\PycharmProjects\ProjectR/Logs/2021-12-25_20-32-17 INFO Getting method: get_question_type
20:32:18,52 C:\Users\ingov\PycharmProjects\ProjectR/Logs/2021-12-25_20-32-17 INFO Getting attribute: _QuestionClass__answers
20:32:18,52 C:\Users\ingov\PycharmProjects\ProjectR/Logs/2021-12-25_20-32-17 INFO Getting attribute: _QuestionClass__answers
20:32:18,52 C:\Users\ingov\PycharmProjects\ProjectR/Logs/2021-12-25_20-32-17 INFO Getting attribute: logger
20:32:18,52 C:\Users\ingov\PycharmProjects\ProjectR/Logs/2021-12-25_20-32-17 INFO This question is a multiple choice question with two answers: Checkboxes: value 2
20:32:18,52 C:\Users\ingov\PycharmProjects\ProjectR/Logs/2021-12-25_20-32-17 INFO Getting method: get_question_type
20:32:18,52 C:\Users\ingov\PycharmProjects\ProjectR/Logs/2021-12-25_20-32-17 INFO Getting attribute: _QuestionClass__answers
20:32:18,52 C:\Users\ingov\PycharmProjects\ProjectR/Logs/2021-12-25_20-32-17 INFO Getting attribute: _QuestionClass__answers
20:32:18,52 C:\Users\ingov\PycharmProjects\ProjectR/Logs/2021-12-25_20-32-17 INFO Getting attribute: logger
20:32:18,52 C:\Users\ingov\PycharmProjects\ProjectR/Logs/2021-12-25_20-32-17 INFO This question is a multiple choice question with two answers: Checkboxes: value 2
