19:33:52,533 C:\Users\ingov\PycharmProjects\ProjectR/Logs/2021-12-25_19-33-52 INFO Log has been created and started
19:33:52,533 C:\Users\ingov\PycharmProjects\ProjectR/Logs/2021-12-25_19-33-52 INFO Metaclass MetaAbsLogger: Starting class MetaLogger
19:33:52,536 C:\Users\ingov\PycharmProjects\ProjectR/Logs/2021-12-25_19-33-52 INFO Metaclass MetaLogger: Starting class QuestionClass
19:33:52,540 C:\Users\ingov\PycharmProjects\ProjectR/Logs/2021-12-25_19-33-52 INFO Metaclass MetaLogger: Starting class QuestionnaireClass
19:33:52,548 C:\Users\ingov\PycharmProjects\ProjectR/Logs/2021-12-25_19-33-52 INFO Metaclass MetaAbsLogger: Starting class CurrentSession
19:33:52,572 C:\Users\ingov\PycharmProjects\ProjectR/Logs/2021-12-25_19-33-52 INFO Metaclass MetaAbsLogger: Starting class SimpleWindow
19:33:52,588 C:\Users\ingov\PycharmProjects\ProjectR/Logs/2021-12-25_19-33-52 INFO C:\Users\ingov\PycharmProjects\ProjectR/Config/config.cfg, exists so we will read it
19:33:52,588 C:\Users\ingov\PycharmProjects\ProjectR/Logs/2021-12-25_19-33-52 INFO Seconds to answer a question: 10
19:33:52,588 C:\Users\ingov\PycharmProjects\ProjectR/Logs/2021-12-25_19-33-52 INFO Seconds between questions: 30
19:33:52,588 C:\Users\ingov\PycharmProjects\ProjectR/Logs/2021-12-25_19-33-52 INFO C:\Users\ingov\PycharmProjects\ProjectR/Config/config.cfg is closed now
19:33:52,588 C:\Users\ingov\PycharmProjects\ProjectR/Logs/2021-12-25_19-33-52 INFO Metaclass MetaLogger: Starting class ConfigClass
19:33:52,588 C:\Users\ingov\PycharmProjects\ProjectR/Logs/2021-12-25_19-33-52 INFO Metaclass MetaAbsLogger: Starting class QuestionWindowAbs
19:33:52,588 C:\Users\ingov\PycharmProjects\ProjectR/Logs/2021-12-25_19-33-52 INFO Metaclass MetaAbsLogger: Starting class QuestionOneAnswer
19:33:52,588 C:\Users\ingov\PycharmProjects\ProjectR/Logs/2021-12-25_19-33-52 INFO Metaclass MetaAbsLogger: Starting class QuestionOneAnswerMultiple
19:33:52,588 C:\Users\ingov\PycharmProjects\ProjectR/Logs/2021-12-25_19-33-52 INFO Getting into __init__ for class: QuestionClass
19:33:52,588 C:\Users\ingov\PycharmProjects\ProjectR/Logs/2021-12-25_19-33-52 INFO Attributes in args: ('What do you say to a person in the morning?', 'Good morning')
19:33:52,588 C:\Users\ingov\PycharmProjects\ProjectR/Logs/2021-12-25_19-33-52 INFO Attributes in kwargs: {}
19:33:52,588 C:\Users\ingov\PycharmProjects\ProjectR/Logs/2021-12-25_19-33-52 INFO Setting member: _QuestionClass__question to value=What do you say to a person in the morning?
19:33:52,588 C:\Users\ingov\PycharmProjects\ProjectR/Logs/2021-12-25_19-33-52 INFO Setting member: _QuestionClass__answers to value=Good morning
19:33:52,588 C:\Users\ingov\PycharmProjects\ProjectR/Logs/2021-12-25_19-33-52 INFO Getting into __init__ for class: QuestionOneAnswer
19:33:52,588 C:\Users\ingov\PycharmProjects\ProjectR/Logs/2021-12-25_19-33-52 INFO Attributes in args: ()
19:33:52,588 C:\Users\ingov\PycharmProjects\ProjectR/Logs/2021-12-25_19-33-52 INFO Attributes in kwargs: {'width': 600, 'height': 450, 'title': 'Question 3'}
19:33:52,698 C:\Users\ingov\PycharmProjects\ProjectR/Logs/2021-12-25_19-33-52 INFO Setting member: window to value=.
19:33:52,698 C:\Users\ingov\PycharmProjects\ProjectR/Logs/2021-12-25_19-33-52 INFO Getting attribute: window
19:33:52,698 C:\Users\ingov\PycharmProjects\ProjectR/Logs/2021-12-25_19-33-52 INFO Setting member: height to value=450
19:33:52,698 C:\Users\ingov\PycharmProjects\ProjectR/Logs/2021-12-25_19-33-52 INFO Setting member: width to value=600
19:33:52,698 C:\Users\ingov\PycharmProjects\ProjectR/Logs/2021-12-25_19-33-52 INFO Getting attribute: window
19:33:52,698 C:\Users\ingov\PycharmProjects\ProjectR/Logs/2021-12-25_19-33-52 INFO Getting attribute: window
19:33:52,698 C:\Users\ingov\PycharmProjects\ProjectR/Logs/2021-12-25_19-33-52 INFO Getting attribute: window
19:33:52,698 C:\Users\ingov\PycharmProjects\ProjectR/Logs/2021-12-25_19-33-52 INFO Setting member: menu to value=.!menu
19:33:52,698 C:\Users\ingov\PycharmProjects\ProjectR/Logs/2021-12-25_19-33-52 INFO Getting attribute: window
19:33:52,698 C:\Users\ingov\PycharmProjects\ProjectR/Logs/2021-12-25_19-33-52 INFO Getting attribute: menu
19:33:52,708 C:\Users\ingov\PycharmProjects\ProjectR/Logs/2021-12-25_19-33-52 INFO Getting attribute: menu
19:33:52,708 C:\Users\ingov\PycharmProjects\ProjectR/Logs/2021-12-25_19-33-52 INFO Getting method: go_back_to_main
19:33:52,708 C:\Users\ingov\PycharmProjects\ProjectR/Logs/2021-12-25_19-33-52 INFO Getting attribute: menu
19:33:52,708 C:\Users\ingov\PycharmProjects\ProjectR/Logs/2021-12-25_19-33-52 INFO Getting attribute: _QuestionClass__question
19:33:52,708 C:\Users\ingov\PycharmProjects\ProjectR/Logs/2021-12-25_19-33-52 INFO Getting attribute: question
19:33:52,708 C:\Users\ingov\PycharmProjects\ProjectR/Logs/2021-12-25_19-33-52 INFO Getting attribute: _QuestionClass__answers
19:33:52,708 C:\Users\ingov\PycharmProjects\ProjectR/Logs/2021-12-25_19-33-52 INFO Getting attribute: answers
19:33:52,708 C:\Users\ingov\PycharmProjects\ProjectR/Logs/2021-12-25_19-33-52 INFO Setting member: question to value=What do you say to a person in the morning?: Good morning
19:33:52,708 C:\Users\ingov\PycharmProjects\ProjectR/Logs/2021-12-25_19-33-52 INFO Getting attribute: window
19:33:52,708 C:\Users\ingov\PycharmProjects\ProjectR/Logs/2021-12-25_19-33-52 INFO Getting attribute: _QuestionClass__question
19:33:52,708 C:\Users\ingov\PycharmProjects\ProjectR/Logs/2021-12-25_19-33-52 INFO Getting attribute: question
19:33:52,708 C:\Users\ingov\PycharmProjects\ProjectR/Logs/2021-12-25_19-33-52 INFO Setting member: question_label to value=.!label
19:33:52,708 C:\Users\ingov\PycharmProjects\ProjectR/Logs/2021-12-25_19-33-52 INFO Getting attribute: question_label
19:33:52,708 C:\Users\ingov\PycharmProjects\ProjectR/Logs/2021-12-25_19-33-52 INFO Getting attribute: question_label
19:33:52,708 C:\Users\ingov\PycharmProjects\ProjectR/Logs/2021-12-25_19-33-52 INFO Getting attribute: window
19:33:52,708 C:\Users\ingov\PycharmProjects\ProjectR/Logs/2021-12-25_19-33-52 INFO Getting method: reveal_answer
19:33:52,708 C:\Users\ingov\PycharmProjects\ProjectR/Logs/2021-12-25_19-33-52 INFO Setting member: button_answer to value=.!button
19:33:52,708 C:\Users\ingov\PycharmProjects\ProjectR/Logs/2021-12-25_19-33-52 INFO Getting attribute: button_answer
19:33:52,708 C:\Users\ingov\PycharmProjects\ProjectR/Logs/2021-12-25_19-33-52 INFO Setting member: answer_label to value=None
19:33:52,708 C:\Users\ingov\PycharmProjects\ProjectR/Logs/2021-12-25_19-33-52 INFO Getting attribute: window
19:33:53,868 C:\Users\ingov\PycharmProjects\ProjectR/Logs/2021-12-25_19-33-52 INFO Getting into __init__ for class: QuestionClass
19:33:53,868 C:\Users\ingov\PycharmProjects\ProjectR/Logs/2021-12-25_19-33-52 INFO Attributes in args: ('What of the following ones are Python basic types?', [('Fire', False), ('Bool', True), ('Normal', False), ('Basic', False)])
19:33:53,868 C:\Users\ingov\PycharmProjects\ProjectR/Logs/2021-12-25_19-33-52 INFO Attributes in kwargs: {}
19:33:53,868 C:\Users\ingov\PycharmProjects\ProjectR/Logs/2021-12-25_19-33-52 INFO Setting member: _QuestionClass__question to value=What of the following ones are Python basic types?
19:33:53,868 C:\Users\ingov\PycharmProjects\ProjectR/Logs/2021-12-25_19-33-52 INFO Setting member: _QuestionClass__answers to value=[('Fire', False), ('Bool', True), ('Normal', False), ('Basic', False)]
19:33:53,868 C:\Users\ingov\PycharmProjects\ProjectR/Logs/2021-12-25_19-33-52 INFO Getting into __init__ for class: QuestionOneAnswerMultiple
19:33:53,868 C:\Users\ingov\PycharmProjects\ProjectR/Logs/2021-12-25_19-33-52 INFO Attributes in args: ()
19:33:53,868 C:\Users\ingov\PycharmProjects\ProjectR/Logs/2021-12-25_19-33-52 INFO Attributes in kwargs: {'width': 600, 'height': 650, 'title': 'Question 4'}
19:33:54,38 C:\Users\ingov\PycharmProjects\ProjectR/Logs/2021-12-25_19-33-52 INFO Setting member: window to value=.
19:33:54,38 C:\Users\ingov\PycharmProjects\ProjectR/Logs/2021-12-25_19-33-52 INFO Getting attribute: window
19:33:54,38 C:\Users\ingov\PycharmProjects\ProjectR/Logs/2021-12-25_19-33-52 INFO Setting member: height to value=650
19:33:54,38 C:\Users\ingov\PycharmProjects\ProjectR/Logs/2021-12-25_19-33-52 INFO Setting member: width to value=600
19:33:54,38 C:\Users\ingov\PycharmProjects\ProjectR/Logs/2021-12-25_19-33-52 INFO Getting attribute: window
19:33:54,38 C:\Users\ingov\PycharmProjects\ProjectR/Logs/2021-12-25_19-33-52 INFO Getting attribute: window
19:33:54,38 C:\Users\ingov\PycharmProjects\ProjectR/Logs/2021-12-25_19-33-52 INFO Getting attribute: window
19:33:54,38 C:\Users\ingov\PycharmProjects\ProjectR/Logs/2021-12-25_19-33-52 INFO Setting member: menu to value=.!menu
19:33:54,38 C:\Users\ingov\PycharmProjects\ProjectR/Logs/2021-12-25_19-33-52 INFO Getting attribute: window
19:33:54,38 C:\Users\ingov\PycharmProjects\ProjectR/Logs/2021-12-25_19-33-52 INFO Getting attribute: menu
19:33:54,48 C:\Users\ingov\PycharmProjects\ProjectR/Logs/2021-12-25_19-33-52 INFO Getting attribute: menu
19:33:54,48 C:\Users\ingov\PycharmProjects\ProjectR/Logs/2021-12-25_19-33-52 INFO Getting method: go_back_to_main
19:33:54,48 C:\Users\ingov\PycharmProjects\ProjectR/Logs/2021-12-25_19-33-52 INFO Getting attribute: menu
19:33:54,48 C:\Users\ingov\PycharmProjects\ProjectR/Logs/2021-12-25_19-33-52 INFO Getting attribute: _QuestionClass__question
19:33:54,48 C:\Users\ingov\PycharmProjects\ProjectR/Logs/2021-12-25_19-33-52 INFO Getting attribute: question
19:33:54,48 C:\Users\ingov\PycharmProjects\ProjectR/Logs/2021-12-25_19-33-52 INFO Getting attribute: _QuestionClass__answers
19:33:54,48 C:\Users\ingov\PycharmProjects\ProjectR/Logs/2021-12-25_19-33-52 INFO Getting attribute: answers
19:33:54,48 C:\Users\ingov\PycharmProjects\ProjectR/Logs/2021-12-25_19-33-52 INFO Setting member: question to value=What of the following ones are Python basic types?: [('Fire', False), ('Bool', True), ('Normal', False), ('Basic', False)]
19:33:54,48 C:\Users\ingov\PycharmProjects\ProjectR/Logs/2021-12-25_19-33-52 INFO Getting attribute: window
19:33:54,48 C:\Users\ingov\PycharmProjects\ProjectR/Logs/2021-12-25_19-33-52 INFO Getting attribute: _QuestionClass__question
19:33:54,48 C:\Users\ingov\PycharmProjects\ProjectR/Logs/2021-12-25_19-33-52 INFO Getting attribute: question
19:33:54,48 C:\Users\ingov\PycharmProjects\ProjectR/Logs/2021-12-25_19-33-52 INFO Setting member: question_label to value=.!label
19:33:54,48 C:\Users\ingov\PycharmProjects\ProjectR/Logs/2021-12-25_19-33-52 INFO Getting attribute: question_label
19:33:54,48 C:\Users\ingov\PycharmProjects\ProjectR/Logs/2021-12-25_19-33-52 INFO Getting attribute: question_label
19:33:54,48 C:\Users\ingov\PycharmProjects\ProjectR/Logs/2021-12-25_19-33-52 INFO Setting member: radio_buttons to value=[]
19:33:54,48 C:\Users\ingov\PycharmProjects\ProjectR/Logs/2021-12-25_19-33-52 INFO Setting member: answer_group to value=PY_VAR0
19:33:54,48 C:\Users\ingov\PycharmProjects\ProjectR/Logs/2021-12-25_19-33-52 INFO Getting attribute: question
19:33:54,48 C:\Users\ingov\PycharmProjects\ProjectR/Logs/2021-12-25_19-33-52 INFO Getting attribute: _QuestionClass__answers
19:33:54,48 C:\Users\ingov\PycharmProjects\ProjectR/Logs/2021-12-25_19-33-52 INFO Getting attribute: answers
19:33:54,48 C:\Users\ingov\PycharmProjects\ProjectR/Logs/2021-12-25_19-33-52 INFO Getting attribute: window
19:33:54,48 C:\Users\ingov\PycharmProjects\ProjectR/Logs/2021-12-25_19-33-52 INFO Getting attribute: answer_group
19:33:54,48 C:\Users\ingov\PycharmProjects\ProjectR/Logs/2021-12-25_19-33-52 INFO Getting method: reveal_result
19:33:54,48 C:\Users\ingov\PycharmProjects\ProjectR/Logs/2021-12-25_19-33-52 INFO Getting attribute: radio_buttons
19:33:54,48 C:\Users\ingov\PycharmProjects\ProjectR/Logs/2021-12-25_19-33-52 INFO Getting attribute: window
19:33:54,48 C:\Users\ingov\PycharmProjects\ProjectR/Logs/2021-12-25_19-33-52 INFO Getting attribute: answer_group
19:33:54,48 C:\Users\ingov\PycharmProjects\ProjectR/Logs/2021-12-25_19-33-52 INFO Getting method: reveal_result
19:33:54,48 C:\Users\ingov\PycharmProjects\ProjectR/Logs/2021-12-25_19-33-52 INFO Getting attribute: radio_buttons
19:33:54,48 C:\Users\ingov\PycharmProjects\ProjectR/Logs/2021-12-25_19-33-52 INFO Getting attribute: window
19:33:54,48 C:\Users\ingov\PycharmProjects\ProjectR/Logs/2021-12-25_19-33-52 INFO Getting attribute: answer_group
19:33:54,48 C:\Users\ingov\PycharmProjects\ProjectR/Logs/2021-12-25_19-33-52 INFO Getting method: reveal_result
19:33:54,48 C:\Users\ingov\PycharmProjects\ProjectR/Logs/2021-12-25_19-33-52 INFO Getting attribute: radio_buttons
19:33:54,48 C:\Users\ingov\PycharmProjects\ProjectR/Logs/2021-12-25_19-33-52 INFO Getting attribute: window
19:33:54,48 C:\Users\ingov\PycharmProjects\ProjectR/Logs/2021-12-25_19-33-52 INFO Getting attribute: answer_group
19:33:54,48 C:\Users\ingov\PycharmProjects\ProjectR/Logs/2021-12-25_19-33-52 INFO Getting method: reveal_result
19:33:54,48 C:\Users\ingov\PycharmProjects\ProjectR/Logs/2021-12-25_19-33-52 INFO Getting attribute: radio_buttons
19:33:54,48 C:\Users\ingov\PycharmProjects\ProjectR/Logs/2021-12-25_19-33-52 INFO Getting attribute: window
19:33:56,588 C:\Users\ingov\PycharmProjects\ProjectR/Logs/2021-12-25_19-33-52 INFO Getting attribute: answer_group
19:33:59,998 C:\Users\ingov\PycharmProjects\ProjectR/Logs/2021-12-25_19-33-52 INFO Getting attribute: answer_group
19:34:01,9 C:\Users\ingov\PycharmProjects\ProjectR/Logs/2021-12-25_19-33-52 INFO Getting attribute: answer_group
19:34:02,220 C:\Users\ingov\PycharmProjects\ProjectR/Logs/2021-12-25_19-33-52 INFO Getting attribute: answer_group
19:34:02,978 C:\Users\ingov\PycharmProjects\ProjectR/Logs/2021-12-25_19-33-52 INFO Getting attribute: answer_group
