18:53:02,186 C:\Users\ingov\PycharmProjects\ProjectR/Logs/2021-12-24_18-53-02 INFO Log has been created and started
18:53:02,186 C:\Users\ingov\PycharmProjects\ProjectR/Logs/2021-12-24_18-53-02 INFO Metaclass MetaAbsLogger: Starting class MetaLogger
18:53:02,196 C:\Users\ingov\PycharmProjects\ProjectR/Logs/2021-12-24_18-53-02 INFO Metaclass MetaLogger: Starting class QuestionClass
18:53:02,206 C:\Users\ingov\PycharmProjects\ProjectR/Logs/2021-12-24_18-53-02 INFO Metaclass MetaLogger: Starting class QuestionnaireClass
18:53:02,226 C:\Users\ingov\PycharmProjects\ProjectR/Logs/2021-12-24_18-53-02 INFO Metaclass MetaAbsLogger: Starting class SimpleWindow
18:53:02,240 C:\Users\ingov\PycharmProjects\ProjectR/Logs/2021-12-24_18-53-02 INFO C:\Users\ingov\PycharmProjects\ProjectR/Config/config.cfg, exists so we will read it
18:53:02,240 C:\Users\ingov\PycharmProjects\ProjectR/Logs/2021-12-24_18-53-02 INFO Seconds to answer a question: 10
18:53:02,240 C:\Users\ingov\PycharmProjects\ProjectR/Logs/2021-12-24_18-53-02 INFO Seconds between questions: 30
18:53:02,240 C:\Users\ingov\PycharmProjects\ProjectR/Logs/2021-12-24_18-53-02 INFO C:\Users\ingov\PycharmProjects\ProjectR/Config/config.cfg is closed now
18:53:02,240 C:\Users\ingov\PycharmProjects\ProjectR/Logs/2021-12-24_18-53-02 INFO Metaclass MetaLogger: Starting class ConfigClass
18:53:02,240 C:\Users\ingov\PycharmProjects\ProjectR/Logs/2021-12-24_18-53-02 INFO Metaclass MetaAbsLogger: Starting class QuestionWindowAbs
18:53:02,240 C:\Users\ingov\PycharmProjects\ProjectR/Logs/2021-12-24_18-53-02 INFO Metaclass MetaAbsLogger: Starting class QuestionOneAnswer
18:53:02,240 C:\Users\ingov\PycharmProjects\ProjectR/Logs/2021-12-24_18-53-02 INFO Getting into __init__ for class: QuestionClass
18:53:02,240 C:\Users\ingov\PycharmProjects\ProjectR/Logs/2021-12-24_18-53-02 INFO Attributes in args: ('What do you say to a person in the morning?', 'Good morning')
18:53:02,240 C:\Users\ingov\PycharmProjects\ProjectR/Logs/2021-12-24_18-53-02 INFO Attributes in kwargs: {}
18:53:02,240 C:\Users\ingov\PycharmProjects\ProjectR/Logs/2021-12-24_18-53-02 INFO Setting member: _QuestionClass__question to value=What do you say to a person in the morning?
18:53:02,240 C:\Users\ingov\PycharmProjects\ProjectR/Logs/2021-12-24_18-53-02 INFO Setting member: _QuestionClass__answers to value=Good morning
18:53:02,240 C:\Users\ingov\PycharmProjects\ProjectR/Logs/2021-12-24_18-53-02 INFO Getting into __init__ for class: QuestionOneAnswer
18:53:02,240 C:\Users\ingov\PycharmProjects\ProjectR/Logs/2021-12-24_18-53-02 INFO Attributes in args: (500, 600, 'Question 3')
18:53:02,240 C:\Users\ingov\PycharmProjects\ProjectR/Logs/2021-12-24_18-53-02 INFO Attributes in kwargs: {}
18:53:02,316 C:\Users\ingov\PycharmProjects\ProjectR/Logs/2021-12-24_18-53-02 INFO Setting member: window to value=.
18:53:02,316 C:\Users\ingov\PycharmProjects\ProjectR/Logs/2021-12-24_18-53-02 INFO Getting attribute: window
18:53:02,316 C:\Users\ingov\PycharmProjects\ProjectR/Logs/2021-12-24_18-53-02 INFO Setting member: height to value=500
18:53:02,316 C:\Users\ingov\PycharmProjects\ProjectR/Logs/2021-12-24_18-53-02 INFO Setting member: width to value=600
18:53:02,316 C:\Users\ingov\PycharmProjects\ProjectR/Logs/2021-12-24_18-53-02 INFO Getting attribute: window
18:53:02,316 C:\Users\ingov\PycharmProjects\ProjectR/Logs/2021-12-24_18-53-02 INFO Getting attribute: _QuestionClass__question
18:53:02,316 C:\Users\ingov\PycharmProjects\ProjectR/Logs/2021-12-24_18-53-02 INFO Getting attribute: question
18:53:02,316 C:\Users\ingov\PycharmProjects\ProjectR/Logs/2021-12-24_18-53-02 INFO Getting attribute: _QuestionClass__answers
18:53:02,316 C:\Users\ingov\PycharmProjects\ProjectR/Logs/2021-12-24_18-53-02 INFO Getting attribute: answers
18:53:02,316 C:\Users\ingov\PycharmProjects\ProjectR/Logs/2021-12-24_18-53-02 INFO Setting member: question to value=What do you say to a person in the morning?: Good morning
18:53:02,316 C:\Users\ingov\PycharmProjects\ProjectR/Logs/2021-12-24_18-53-02 INFO Getting attribute: window
18:53:02,316 C:\Users\ingov\PycharmProjects\ProjectR/Logs/2021-12-24_18-53-02 INFO Getting attribute: question
18:53:02,316 C:\Users\ingov\PycharmProjects\ProjectR/Logs/2021-12-24_18-53-02 INFO Getting attribute: _QuestionClass__question
18:53:02,316 C:\Users\ingov\PycharmProjects\ProjectR/Logs/2021-12-24_18-53-02 INFO Getting attribute: question
18:53:02,316 C:\Users\ingov\PycharmProjects\ProjectR/Logs/2021-12-24_18-53-02 INFO Setting member: question_label to value=.!label
18:53:02,316 C:\Users\ingov\PycharmProjects\ProjectR/Logs/2021-12-24_18-53-02 INFO Getting attribute: question_label
18:53:02,316 C:\Users\ingov\PycharmProjects\ProjectR/Logs/2021-12-24_18-53-02 INFO Getting attribute: question_label
18:53:02,316 C:\Users\ingov\PycharmProjects\ProjectR/Logs/2021-12-24_18-53-02 INFO Getting attribute: window
18:53:02,316 C:\Users\ingov\PycharmProjects\ProjectR/Logs/2021-12-24_18-53-02 INFO Getting method: reveal_answer
18:53:02,316 C:\Users\ingov\PycharmProjects\ProjectR/Logs/2021-12-24_18-53-02 INFO Setting member: button_answer to value=.!button
18:53:02,316 C:\Users\ingov\PycharmProjects\ProjectR/Logs/2021-12-24_18-53-02 INFO Getting attribute: button_answer
18:53:02,321 C:\Users\ingov\PycharmProjects\ProjectR/Logs/2021-12-24_18-53-02 INFO Setting member: answer_label to value=None
18:53:02,321 C:\Users\ingov\PycharmProjects\ProjectR/Logs/2021-12-24_18-53-02 INFO Getting attribute: window
