19:34:57,718 C:\Users\ingov\PycharmProjects\ProjectR/Logs/2021-12-25_19-34-57 INFO Log has been created and started
19:34:57,718 C:\Users\ingov\PycharmProjects\ProjectR/Logs/2021-12-25_19-34-57 INFO Metaclass MetaAbsLogger: Starting class MetaLogger
19:34:57,728 C:\Users\ingov\PycharmProjects\ProjectR/Logs/2021-12-25_19-34-57 INFO Metaclass MetaLogger: Starting class QuestionClass
19:34:57,738 C:\Users\ingov\PycharmProjects\ProjectR/Logs/2021-12-25_19-34-57 INFO Metaclass MetaLogger: Starting class QuestionnaireClass
19:34:57,738 C:\Users\ingov\PycharmProjects\ProjectR/Logs/2021-12-25_19-34-57 INFO Metaclass MetaAbsLogger: Starting class CurrentSession
19:34:57,758 C:\Users\ingov\PycharmProjects\ProjectR/Logs/2021-12-25_19-34-57 INFO Metaclass MetaAbsLogger: Starting class SimpleWindow
19:34:57,778 C:\Users\ingov\PycharmProjects\ProjectR/Logs/2021-12-25_19-34-57 INFO C:\Users\ingov\PycharmProjects\ProjectR/Config/config.cfg, exists so we will read it
19:34:57,778 C:\Users\ingov\PycharmProjects\ProjectR/Logs/2021-12-25_19-34-57 INFO Seconds to answer a question: 10
19:34:57,778 C:\Users\ingov\PycharmProjects\ProjectR/Logs/2021-12-25_19-34-57 INFO Seconds between questions: 30
19:34:57,778 C:\Users\ingov\PycharmProjects\ProjectR/Logs/2021-12-25_19-34-57 INFO C:\Users\ingov\PycharmProjects\ProjectR/Config/config.cfg is closed now
19:34:57,778 C:\Users\ingov\PycharmProjects\ProjectR/Logs/2021-12-25_19-34-57 INFO Metaclass MetaLogger: Starting class ConfigClass
19:34:57,778 C:\Users\ingov\PycharmProjects\ProjectR/Logs/2021-12-25_19-34-57 INFO Metaclass MetaAbsLogger: Starting class QuestionWindowAbs
19:34:57,778 C:\Users\ingov\PycharmProjects\ProjectR/Logs/2021-12-25_19-34-57 INFO Metaclass MetaAbsLogger: Starting class QuestionOneAnswer
19:34:57,778 C:\Users\ingov\PycharmProjects\ProjectR/Logs/2021-12-25_19-34-57 INFO Metaclass MetaAbsLogger: Starting class QuestionOneAnswerMultiple
19:34:57,778 C:\Users\ingov\PycharmProjects\ProjectR/Logs/2021-12-25_19-34-57 INFO Getting into __init__ for class: QuestionClass
19:34:57,778 C:\Users\ingov\PycharmProjects\ProjectR/Logs/2021-12-25_19-34-57 INFO Attributes in args: ('What do you say to a person in the morning?', 'Good morning')
19:34:57,778 C:\Users\ingov\PycharmProjects\ProjectR/Logs/2021-12-25_19-34-57 INFO Attributes in kwargs: {}
19:34:57,778 C:\Users\ingov\PycharmProjects\ProjectR/Logs/2021-12-25_19-34-57 INFO Setting member: _QuestionClass__question to value=What do you say to a person in the morning?
19:34:57,778 C:\Users\ingov\PycharmProjects\ProjectR/Logs/2021-12-25_19-34-57 INFO Setting member: _QuestionClass__answers to value=Good morning
19:34:57,778 C:\Users\ingov\PycharmProjects\ProjectR/Logs/2021-12-25_19-34-57 INFO Getting into __init__ for class: QuestionOneAnswer
19:34:57,778 C:\Users\ingov\PycharmProjects\ProjectR/Logs/2021-12-25_19-34-57 INFO Attributes in args: ()
19:34:57,778 C:\Users\ingov\PycharmProjects\ProjectR/Logs/2021-12-25_19-34-57 INFO Attributes in kwargs: {'width': 600, 'height': 450, 'title': 'Question 3'}
19:34:57,858 C:\Users\ingov\PycharmProjects\ProjectR/Logs/2021-12-25_19-34-57 INFO Setting member: window to value=.
19:34:57,858 C:\Users\ingov\PycharmProjects\ProjectR/Logs/2021-12-25_19-34-57 INFO Getting attribute: window
19:34:57,858 C:\Users\ingov\PycharmProjects\ProjectR/Logs/2021-12-25_19-34-57 INFO Setting member: height to value=450
19:34:57,858 C:\Users\ingov\PycharmProjects\ProjectR/Logs/2021-12-25_19-34-57 INFO Setting member: width to value=600
19:34:57,858 C:\Users\ingov\PycharmProjects\ProjectR/Logs/2021-12-25_19-34-57 INFO Getting attribute: window
19:34:57,858 C:\Users\ingov\PycharmProjects\ProjectR/Logs/2021-12-25_19-34-57 INFO Getting attribute: window
19:34:57,858 C:\Users\ingov\PycharmProjects\ProjectR/Logs/2021-12-25_19-34-57 INFO Getting attribute: window
19:34:57,858 C:\Users\ingov\PycharmProjects\ProjectR/Logs/2021-12-25_19-34-57 INFO Setting member: menu to value=.!menu
19:34:57,858 C:\Users\ingov\PycharmProjects\ProjectR/Logs/2021-12-25_19-34-57 INFO Getting attribute: window
19:34:57,858 C:\Users\ingov\PycharmProjects\ProjectR/Logs/2021-12-25_19-34-57 INFO Getting attribute: menu
19:34:57,868 C:\Users\ingov\PycharmProjects\ProjectR/Logs/2021-12-25_19-34-57 INFO Getting attribute: menu
19:34:57,868 C:\Users\ingov\PycharmProjects\ProjectR/Logs/2021-12-25_19-34-57 INFO Getting method: go_back_to_main
19:34:57,868 C:\Users\ingov\PycharmProjects\ProjectR/Logs/2021-12-25_19-34-57 INFO Getting attribute: menu
19:34:57,868 C:\Users\ingov\PycharmProjects\ProjectR/Logs/2021-12-25_19-34-57 INFO Getting attribute: _QuestionClass__question
19:34:57,868 C:\Users\ingov\PycharmProjects\ProjectR/Logs/2021-12-25_19-34-57 INFO Getting attribute: question
19:34:57,868 C:\Users\ingov\PycharmProjects\ProjectR/Logs/2021-12-25_19-34-57 INFO Getting attribute: _QuestionClass__answers
19:34:57,868 C:\Users\ingov\PycharmProjects\ProjectR/Logs/2021-12-25_19-34-57 INFO Getting attribute: answers
19:34:57,868 C:\Users\ingov\PycharmProjects\ProjectR/Logs/2021-12-25_19-34-57 INFO Setting member: question to value=What do you say to a person in the morning?: Good morning
19:34:57,868 C:\Users\ingov\PycharmProjects\ProjectR/Logs/2021-12-25_19-34-57 INFO Getting attribute: window
19:34:57,868 C:\Users\ingov\PycharmProjects\ProjectR/Logs/2021-12-25_19-34-57 INFO Getting attribute: _QuestionClass__question
19:34:57,868 C:\Users\ingov\PycharmProjects\ProjectR/Logs/2021-12-25_19-34-57 INFO Getting attribute: question
19:34:57,874 C:\Users\ingov\PycharmProjects\ProjectR/Logs/2021-12-25_19-34-57 INFO Setting member: question_label to value=.!label
19:34:57,874 C:\Users\ingov\PycharmProjects\ProjectR/Logs/2021-12-25_19-34-57 INFO Getting attribute: question_label
19:34:57,874 C:\Users\ingov\PycharmProjects\ProjectR/Logs/2021-12-25_19-34-57 INFO Getting attribute: question_label
19:34:57,874 C:\Users\ingov\PycharmProjects\ProjectR/Logs/2021-12-25_19-34-57 INFO Getting attribute: window
19:34:57,874 C:\Users\ingov\PycharmProjects\ProjectR/Logs/2021-12-25_19-34-57 INFO Getting method: reveal_answer
19:34:57,874 C:\Users\ingov\PycharmProjects\ProjectR/Logs/2021-12-25_19-34-57 INFO Setting member: button_answer to value=.!button
19:34:57,874 C:\Users\ingov\PycharmProjects\ProjectR/Logs/2021-12-25_19-34-57 INFO Getting attribute: button_answer
19:34:57,874 C:\Users\ingov\PycharmProjects\ProjectR/Logs/2021-12-25_19-34-57 INFO Setting member: answer_label to value=None
19:34:57,874 C:\Users\ingov\PycharmProjects\ProjectR/Logs/2021-12-25_19-34-57 INFO Getting attribute: window
19:34:59,138 C:\Users\ingov\PycharmProjects\ProjectR/Logs/2021-12-25_19-34-57 INFO Getting into __init__ for class: QuestionClass
19:34:59,138 C:\Users\ingov\PycharmProjects\ProjectR/Logs/2021-12-25_19-34-57 INFO Attributes in args: ('What of the following ones are Python basic types?', [('Fire', False), ('Bool', True), ('Normal', False), ('Basic', False)])
19:34:59,138 C:\Users\ingov\PycharmProjects\ProjectR/Logs/2021-12-25_19-34-57 INFO Attributes in kwargs: {}
19:34:59,138 C:\Users\ingov\PycharmProjects\ProjectR/Logs/2021-12-25_19-34-57 INFO Setting member: _QuestionClass__question to value=What of the following ones are Python basic types?
19:34:59,138 C:\Users\ingov\PycharmProjects\ProjectR/Logs/2021-12-25_19-34-57 INFO Setting member: _QuestionClass__answers to value=[('Fire', False), ('Bool', True), ('Normal', False), ('Basic', False)]
19:34:59,138 C:\Users\ingov\PycharmProjects\ProjectR/Logs/2021-12-25_19-34-57 INFO Getting into __init__ for class: QuestionOneAnswerMultiple
19:34:59,138 C:\Users\ingov\PycharmProjects\ProjectR/Logs/2021-12-25_19-34-57 INFO Attributes in args: ()
19:34:59,138 C:\Users\ingov\PycharmProjects\ProjectR/Logs/2021-12-25_19-34-57 INFO Attributes in kwargs: {'width': 600, 'height': 650, 'title': 'Question 4'}
19:34:59,218 C:\Users\ingov\PycharmProjects\ProjectR/Logs/2021-12-25_19-34-57 INFO Setting member: window to value=.
19:34:59,218 C:\Users\ingov\PycharmProjects\ProjectR/Logs/2021-12-25_19-34-57 INFO Getting attribute: window
19:34:59,218 C:\Users\ingov\PycharmProjects\ProjectR/Logs/2021-12-25_19-34-57 INFO Setting member: height to value=650
19:34:59,218 C:\Users\ingov\PycharmProjects\ProjectR/Logs/2021-12-25_19-34-57 INFO Setting member: width to value=600
19:34:59,218 C:\Users\ingov\PycharmProjects\ProjectR/Logs/2021-12-25_19-34-57 INFO Getting attribute: window
19:34:59,218 C:\Users\ingov\PycharmProjects\ProjectR/Logs/2021-12-25_19-34-57 INFO Getting attribute: window
19:34:59,218 C:\Users\ingov\PycharmProjects\ProjectR/Logs/2021-12-25_19-34-57 INFO Getting attribute: window
19:34:59,228 C:\Users\ingov\PycharmProjects\ProjectR/Logs/2021-12-25_19-34-57 INFO Setting member: menu to value=.!menu
19:34:59,228 C:\Users\ingov\PycharmProjects\ProjectR/Logs/2021-12-25_19-34-57 INFO Getting attribute: window
19:34:59,228 C:\Users\ingov\PycharmProjects\ProjectR/Logs/2021-12-25_19-34-57 INFO Getting attribute: menu
19:34:59,228 C:\Users\ingov\PycharmProjects\ProjectR/Logs/2021-12-25_19-34-57 INFO Getting attribute: menu
19:34:59,228 C:\Users\ingov\PycharmProjects\ProjectR/Logs/2021-12-25_19-34-57 INFO Getting method: go_back_to_main
19:34:59,228 C:\Users\ingov\PycharmProjects\ProjectR/Logs/2021-12-25_19-34-57 INFO Getting attribute: menu
19:34:59,228 C:\Users\ingov\PycharmProjects\ProjectR/Logs/2021-12-25_19-34-57 INFO Getting attribute: _QuestionClass__question
19:34:59,228 C:\Users\ingov\PycharmProjects\ProjectR/Logs/2021-12-25_19-34-57 INFO Getting attribute: question
19:34:59,228 C:\Users\ingov\PycharmProjects\ProjectR/Logs/2021-12-25_19-34-57 INFO Getting attribute: _QuestionClass__answers
19:34:59,228 C:\Users\ingov\PycharmProjects\ProjectR/Logs/2021-12-25_19-34-57 INFO Getting attribute: answers
19:34:59,228 C:\Users\ingov\PycharmProjects\ProjectR/Logs/2021-12-25_19-34-57 INFO Setting member: question to value=What of the following ones are Python basic types?: [('Fire', False), ('Bool', True), ('Normal', False), ('Basic', False)]
19:34:59,228 C:\Users\ingov\PycharmProjects\ProjectR/Logs/2021-12-25_19-34-57 INFO Getting attribute: window
19:34:59,228 C:\Users\ingov\PycharmProjects\ProjectR/Logs/2021-12-25_19-34-57 INFO Getting attribute: _QuestionClass__question
19:34:59,228 C:\Users\ingov\PycharmProjects\ProjectR/Logs/2021-12-25_19-34-57 INFO Getting attribute: question
19:34:59,228 C:\Users\ingov\PycharmProjects\ProjectR/Logs/2021-12-25_19-34-57 INFO Setting member: question_label to value=.!label
19:34:59,228 C:\Users\ingov\PycharmProjects\ProjectR/Logs/2021-12-25_19-34-57 INFO Getting attribute: question_label
19:34:59,228 C:\Users\ingov\PycharmProjects\ProjectR/Logs/2021-12-25_19-34-57 INFO Getting attribute: question_label
19:34:59,228 C:\Users\ingov\PycharmProjects\ProjectR/Logs/2021-12-25_19-34-57 INFO Setting member: radio_buttons to value=[]
19:34:59,228 C:\Users\ingov\PycharmProjects\ProjectR/Logs/2021-12-25_19-34-57 INFO Setting member: answer_group to value=PY_VAR0
19:34:59,228 C:\Users\ingov\PycharmProjects\ProjectR/Logs/2021-12-25_19-34-57 INFO Getting attribute: question
19:34:59,228 C:\Users\ingov\PycharmProjects\ProjectR/Logs/2021-12-25_19-34-57 INFO Getting attribute: _QuestionClass__answers
19:34:59,228 C:\Users\ingov\PycharmProjects\ProjectR/Logs/2021-12-25_19-34-57 INFO Getting attribute: answers
19:34:59,228 C:\Users\ingov\PycharmProjects\ProjectR/Logs/2021-12-25_19-34-57 INFO Getting attribute: window
19:34:59,228 C:\Users\ingov\PycharmProjects\ProjectR/Logs/2021-12-25_19-34-57 INFO Getting attribute: answer_group
19:34:59,228 C:\Users\ingov\PycharmProjects\ProjectR/Logs/2021-12-25_19-34-57 INFO Getting method: reveal_result
19:34:59,228 C:\Users\ingov\PycharmProjects\ProjectR/Logs/2021-12-25_19-34-57 INFO Getting attribute: radio_buttons
19:34:59,228 C:\Users\ingov\PycharmProjects\ProjectR/Logs/2021-12-25_19-34-57 INFO Getting attribute: window
19:34:59,228 C:\Users\ingov\PycharmProjects\ProjectR/Logs/2021-12-25_19-34-57 INFO Getting attribute: answer_group
19:34:59,228 C:\Users\ingov\PycharmProjects\ProjectR/Logs/2021-12-25_19-34-57 INFO Getting method: reveal_result
19:34:59,228 C:\Users\ingov\PycharmProjects\ProjectR/Logs/2021-12-25_19-34-57 INFO Getting attribute: radio_buttons
19:34:59,228 C:\Users\ingov\PycharmProjects\ProjectR/Logs/2021-12-25_19-34-57 INFO Getting attribute: window
19:34:59,228 C:\Users\ingov\PycharmProjects\ProjectR/Logs/2021-12-25_19-34-57 INFO Getting attribute: answer_group
19:34:59,228 C:\Users\ingov\PycharmProjects\ProjectR/Logs/2021-12-25_19-34-57 INFO Getting method: reveal_result
19:34:59,228 C:\Users\ingov\PycharmProjects\ProjectR/Logs/2021-12-25_19-34-57 INFO Getting attribute: radio_buttons
19:34:59,228 C:\Users\ingov\PycharmProjects\ProjectR/Logs/2021-12-25_19-34-57 INFO Getting attribute: window
19:34:59,228 C:\Users\ingov\PycharmProjects\ProjectR/Logs/2021-12-25_19-34-57 INFO Getting attribute: answer_group
19:34:59,228 C:\Users\ingov\PycharmProjects\ProjectR/Logs/2021-12-25_19-34-57 INFO Getting method: reveal_result
19:34:59,228 C:\Users\ingov\PycharmProjects\ProjectR/Logs/2021-12-25_19-34-57 INFO Getting attribute: radio_buttons
19:34:59,228 C:\Users\ingov\PycharmProjects\ProjectR/Logs/2021-12-25_19-34-57 INFO Getting attribute: window
19:35:00,245 C:\Users\ingov\PycharmProjects\ProjectR/Logs/2021-12-25_19-34-57 INFO Getting attribute: radio_buttons
19:35:00,245 C:\Users\ingov\PycharmProjects\ProjectR/Logs/2021-12-25_19-34-57 INFO Getting attribute: answer_group
