11:48:38,284 C:\Users\ingov\PycharmProjects\ProjectR/Logs/2021-12-25_11-48-38 INFO Log has been created and started
11:48:38,284 C:\Users\ingov\PycharmProjects\ProjectR/Logs/2021-12-25_11-48-38 INFO Metaclass MetaAbsLogger: Starting class MetaLogger
11:48:38,294 C:\Users\ingov\PycharmProjects\ProjectR/Logs/2021-12-25_11-48-38 INFO Metaclass MetaLogger: Starting class QuestionClass
11:48:38,314 C:\Users\ingov\PycharmProjects\ProjectR/Logs/2021-12-25_11-48-38 INFO Metaclass MetaLogger: Starting class QuestionnaireClass
11:48:38,354 C:\Users\ingov\PycharmProjects\ProjectR/Logs/2021-12-25_11-48-38 INFO Metaclass MetaAbsLogger: Starting class SimpleWindow
11:48:38,384 C:\Users\ingov\PycharmProjects\ProjectR/Logs/2021-12-25_11-48-38 INFO C:\Users\ingov\PycharmProjects\ProjectR/Config/config.cfg, exists so we will read it
11:48:38,394 C:\Users\ingov\PycharmProjects\ProjectR/Logs/2021-12-25_11-48-38 INFO Seconds to answer a question: 10
11:48:38,394 C:\Users\ingov\PycharmProjects\ProjectR/Logs/2021-12-25_11-48-38 INFO Seconds between questions: 30
11:48:38,394 C:\Users\ingov\PycharmProjects\ProjectR/Logs/2021-12-25_11-48-38 INFO C:\Users\ingov\PycharmProjects\ProjectR/Config/config.cfg is closed now
11:48:38,394 C:\Users\ingov\PycharmProjects\ProjectR/Logs/2021-12-25_11-48-38 INFO Metaclass MetaLogger: Starting class ConfigClass
11:48:38,394 C:\Users\ingov\PycharmProjects\ProjectR/Logs/2021-12-25_11-48-38 INFO Metaclass MetaAbsLogger: Starting class QuestionWindowAbs
11:48:38,394 C:\Users\ingov\PycharmProjects\ProjectR/Logs/2021-12-25_11-48-38 INFO Metaclass MetaAbsLogger: Starting class QuestionOneAnswer
11:48:38,394 C:\Users\ingov\PycharmProjects\ProjectR/Logs/2021-12-25_11-48-38 INFO Getting into __init__ for class: QuestionClass
11:48:38,394 C:\Users\ingov\PycharmProjects\ProjectR/Logs/2021-12-25_11-48-38 INFO Attributes in args: ('What do you say to a person in the morning?', 'Good morning')
11:48:38,394 C:\Users\ingov\PycharmProjects\ProjectR/Logs/2021-12-25_11-48-38 INFO Attributes in kwargs: {}
11:48:38,394 C:\Users\ingov\PycharmProjects\ProjectR/Logs/2021-12-25_11-48-38 INFO Setting member: _QuestionClass__question to value=What do you say to a person in the morning?
11:48:38,394 C:\Users\ingov\PycharmProjects\ProjectR/Logs/2021-12-25_11-48-38 INFO Setting member: _QuestionClass__answers to value=Good morning
11:48:38,394 C:\Users\ingov\PycharmProjects\ProjectR/Logs/2021-12-25_11-48-38 INFO Getting into __init__ for class: QuestionOneAnswer
11:48:38,394 C:\Users\ingov\PycharmProjects\ProjectR/Logs/2021-12-25_11-48-38 INFO Attributes in args: ()
11:48:38,394 C:\Users\ingov\PycharmProjects\ProjectR/Logs/2021-12-25_11-48-38 INFO Attributes in kwargs: {'width': 600, 'height': 450, 'title': 'Question 3'}
11:48:38,564 C:\Users\ingov\PycharmProjects\ProjectR/Logs/2021-12-25_11-48-38 INFO Setting member: window to value=.
11:48:38,564 C:\Users\ingov\PycharmProjects\ProjectR/Logs/2021-12-25_11-48-38 INFO Getting attribute: window
11:48:38,564 C:\Users\ingov\PycharmProjects\ProjectR/Logs/2021-12-25_11-48-38 INFO Setting member: height to value=450
11:48:38,564 C:\Users\ingov\PycharmProjects\ProjectR/Logs/2021-12-25_11-48-38 INFO Setting member: width to value=600
11:48:38,564 C:\Users\ingov\PycharmProjects\ProjectR/Logs/2021-12-25_11-48-38 INFO Getting attribute: window
11:48:38,564 C:\Users\ingov\PycharmProjects\ProjectR/Logs/2021-12-25_11-48-38 INFO Getting attribute: window
11:48:38,564 C:\Users\ingov\PycharmProjects\ProjectR/Logs/2021-12-25_11-48-38 INFO Getting attribute: window
11:48:38,574 C:\Users\ingov\PycharmProjects\ProjectR/Logs/2021-12-25_11-48-38 INFO Setting member: menu to value=.!menu
11:48:38,574 C:\Users\ingov\PycharmProjects\ProjectR/Logs/2021-12-25_11-48-38 INFO Getting attribute: window
11:48:38,574 C:\Users\ingov\PycharmProjects\ProjectR/Logs/2021-12-25_11-48-38 INFO Getting attribute: menu
11:48:38,584 C:\Users\ingov\PycharmProjects\ProjectR/Logs/2021-12-25_11-48-38 INFO Getting attribute: menu
11:48:38,584 C:\Users\ingov\PycharmProjects\ProjectR/Logs/2021-12-25_11-48-38 INFO Getting method: go_back_to_main
11:48:38,584 C:\Users\ingov\PycharmProjects\ProjectR/Logs/2021-12-25_11-48-38 INFO Getting attribute: menu
11:48:38,584 C:\Users\ingov\PycharmProjects\ProjectR/Logs/2021-12-25_11-48-38 INFO Getting attribute: _QuestionClass__question
11:48:38,584 C:\Users\ingov\PycharmProjects\ProjectR/Logs/2021-12-25_11-48-38 INFO Getting attribute: question
11:48:38,584 C:\Users\ingov\PycharmProjects\ProjectR/Logs/2021-12-25_11-48-38 INFO Getting attribute: _QuestionClass__answers
11:48:38,584 C:\Users\ingov\PycharmProjects\ProjectR/Logs/2021-12-25_11-48-38 INFO Getting attribute: answers
11:48:38,584 C:\Users\ingov\PycharmProjects\ProjectR/Logs/2021-12-25_11-48-38 INFO Setting member: question to value=What do you say to a person in the morning?: Good morning
11:48:38,584 C:\Users\ingov\PycharmProjects\ProjectR/Logs/2021-12-25_11-48-38 INFO Getting attribute: window
11:48:38,584 C:\Users\ingov\PycharmProjects\ProjectR/Logs/2021-12-25_11-48-38 INFO Setting member: question_label to value=.!label
11:48:38,584 C:\Users\ingov\PycharmProjects\ProjectR/Logs/2021-12-25_11-48-38 INFO Getting attribute: question_label
11:48:38,594 C:\Users\ingov\PycharmProjects\ProjectR/Logs/2021-12-25_11-48-38 INFO Getting attribute: question_label
11:48:38,594 C:\Users\ingov\PycharmProjects\ProjectR/Logs/2021-12-25_11-48-38 INFO Getting attribute: window
11:48:38,594 C:\Users\ingov\PycharmProjects\ProjectR/Logs/2021-12-25_11-48-38 INFO Getting method: reveal_answer
11:48:38,594 C:\Users\ingov\PycharmProjects\ProjectR/Logs/2021-12-25_11-48-38 INFO Setting member: button_answer to value=.!button
11:48:38,594 C:\Users\ingov\PycharmProjects\ProjectR/Logs/2021-12-25_11-48-38 INFO Getting attribute: button_answer
11:48:38,594 C:\Users\ingov\PycharmProjects\ProjectR/Logs/2021-12-25_11-48-38 INFO Setting member: answer_label to value=None
11:48:38,594 C:\Users\ingov\PycharmProjects\ProjectR/Logs/2021-12-25_11-48-38 INFO Getting attribute: window
11:48:39,604 C:\Users\ingov\PycharmProjects\ProjectR/Logs/2021-12-25_11-48-38 INFO Getting attribute: question
11:48:39,604 C:\Users\ingov\PycharmProjects\ProjectR/Logs/2021-12-25_11-48-38 INFO Getting method: get_correct_answers
11:48:39,604 C:\Users\ingov\PycharmProjects\ProjectR/Logs/2021-12-25_11-48-38 INFO Getting method: get_question_type
11:48:39,604 C:\Users\ingov\PycharmProjects\ProjectR/Logs/2021-12-25_11-48-38 INFO Getting attribute: _QuestionClass__answers
11:48:39,604 C:\Users\ingov\PycharmProjects\ProjectR/Logs/2021-12-25_11-48-38 INFO Getting attribute: logger
11:48:39,604 C:\Users\ingov\PycharmProjects\ProjectR/Logs/2021-12-25_11-48-38 INFO This question is a single answer question: Text input: value 0
11:48:39,604 C:\Users\ingov\PycharmProjects\ProjectR/Logs/2021-12-25_11-48-38 INFO Getting attribute: logger
11:48:39,604 C:\Users\ingov\PycharmProjects\ProjectR/Logs/2021-12-25_11-48-38 INFO Getting attribute: _QuestionClass__answers
11:48:39,604 C:\Users\ingov\PycharmProjects\ProjectR/Logs/2021-12-25_11-48-38 INFO The correct answer is Good morning
11:48:39,604 C:\Users\ingov\PycharmProjects\ProjectR/Logs/2021-12-25_11-48-38 INFO Getting attribute: _QuestionClass__answers
11:48:39,604 C:\Users\ingov\PycharmProjects\ProjectR/Logs/2021-12-25_11-48-38 INFO Getting attribute: window
11:48:39,604 C:\Users\ingov\PycharmProjects\ProjectR/Logs/2021-12-25_11-48-38 INFO Setting member: answer_label to value=.!label2
11:48:39,604 C:\Users\ingov\PycharmProjects\ProjectR/Logs/2021-12-25_11-48-38 INFO Getting attribute: answer_label
11:48:39,604 C:\Users\ingov\PycharmProjects\ProjectR/Logs/2021-12-25_11-48-38 INFO Getting attribute: window
11:48:39,604 C:\Users\ingov\PycharmProjects\ProjectR/Logs/2021-12-25_11-48-38 INFO Getting attribute: window
