20:25:09,134 C:\Users\ingov\PycharmProjects\ProjectR/Logs/2021-12-25_20-25-09 INFO Log has been created and started
20:25:09,134 C:\Users\ingov\PycharmProjects\ProjectR/Logs/2021-12-25_20-25-09 INFO Metaclass MetaAbsLogger: Starting class MetaLogger
20:25:09,149 C:\Users\ingov\PycharmProjects\ProjectR/Logs/2021-12-25_20-25-09 INFO Metaclass MetaLogger: Starting class QuestionClass
20:25:09,173 C:\Users\ingov\PycharmProjects\ProjectR/Logs/2021-12-25_20-25-09 INFO Metaclass MetaLogger: Starting class QuestionnaireClass
20:25:09,213 C:\Users\ingov\PycharmProjects\ProjectR/Logs/2021-12-25_20-25-09 INFO Metaclass MetaAbsLogger: Starting class SimpleWindow
20:25:09,264 C:\Users\ingov\PycharmProjects\ProjectR/Logs/2021-12-25_20-25-09 INFO C:\Users\ingov\PycharmProjects\ProjectR/Config/config.cfg, exists so we will read it
20:25:09,264 C:\Users\ingov\PycharmProjects\ProjectR/Logs/2021-12-25_20-25-09 INFO Seconds to answer a question: 10
20:25:09,264 C:\Users\ingov\PycharmProjects\ProjectR/Logs/2021-12-25_20-25-09 INFO Seconds between questions: 30
20:25:09,264 C:\Users\ingov\PycharmProjects\ProjectR/Logs/2021-12-25_20-25-09 INFO C:\Users\ingov\PycharmProjects\ProjectR/Config/config.cfg is closed now
20:25:09,264 C:\Users\ingov\PycharmProjects\ProjectR/Logs/2021-12-25_20-25-09 INFO Metaclass MetaLogger: Starting class ConfigClass
20:25:09,274 C:\Users\ingov\PycharmProjects\ProjectR/Logs/2021-12-25_20-25-09 INFO Metaclass MetaAbsLogger: Starting class CurrentSession
20:25:09,284 C:\Users\ingov\PycharmProjects\ProjectR/Logs/2021-12-25_20-25-09 INFO Metaclass MetaAbsLogger: Starting class QuestionWindowAbs
20:25:09,284 C:\Users\ingov\PycharmProjects\ProjectR/Logs/2021-12-25_20-25-09 INFO Metaclass MetaAbsLogger: Starting class QuestionOneAnswer
20:25:09,284 C:\Users\ingov\PycharmProjects\ProjectR/Logs/2021-12-25_20-25-09 INFO Metaclass MetaAbsLogger: Starting class QuestionOneAnswerMultiple
20:25:09,284 C:\Users\ingov\PycharmProjects\ProjectR/Logs/2021-12-25_20-25-09 INFO Loading a questionnaire from file: C:\Users\ingov\PycharmProjects\ProjectR/Data/Questionnaires/QuestionnaireExample2.pickle
20:25:09,284 C:\Users\ingov\PycharmProjects\ProjectR/Logs/2021-12-25_20-25-09 INFO Getting attribute: __dict__
20:25:09,284 C:\Users\ingov\PycharmProjects\ProjectR/Logs/2021-12-25_20-25-09 INFO Getting attribute: __dict__
20:25:09,284 C:\Users\ingov\PycharmProjects\ProjectR/Logs/2021-12-25_20-25-09 INFO Getting attribute: __dict__
20:25:09,284 C:\Users\ingov\PycharmProjects\ProjectR/Logs/2021-12-25_20-25-09 INFO Calling get_secs_to_answer
20:25:09,284 C:\Users\ingov\PycharmProjects\ProjectR/Logs/2021-12-25_20-25-09 INFO Getting secs to answer a questions: 10
20:25:09,284 C:\Users\ingov\PycharmProjects\ProjectR/Logs/2021-12-25_20-25-09 INFO Getting method: get_question_type
20:25:09,284 C:\Users\ingov\PycharmProjects\ProjectR/Logs/2021-12-25_20-25-09 INFO Getting attribute: _QuestionClass__answers
20:25:09,284 C:\Users\ingov\PycharmProjects\ProjectR/Logs/2021-12-25_20-25-09 INFO Getting attribute: _QuestionClass__answers
20:25:09,284 C:\Users\ingov\PycharmProjects\ProjectR/Logs/2021-12-25_20-25-09 INFO Getting attribute: logger
20:25:09,284 C:\Users\ingov\PycharmProjects\ProjectR/Logs/2021-12-25_20-25-09 INFO This question is a multiple choice question with a single answer: Radio button: value 1
20:25:09,284 C:\Users\ingov\PycharmProjects\ProjectR/Logs/2021-12-25_20-25-09 INFO Getting method: get_question_type
20:25:09,284 C:\Users\ingov\PycharmProjects\ProjectR/Logs/2021-12-25_20-25-09 INFO Getting attribute: _QuestionClass__answers
20:25:09,284 C:\Users\ingov\PycharmProjects\ProjectR/Logs/2021-12-25_20-25-09 INFO Getting attribute: _QuestionClass__answers
20:25:09,284 C:\Users\ingov\PycharmProjects\ProjectR/Logs/2021-12-25_20-25-09 INFO Getting attribute: logger
20:25:09,284 C:\Users\ingov\PycharmProjects\ProjectR/Logs/2021-12-25_20-25-09 INFO This question is a multiple choice question with a single answer: Radio button: value 1
20:25:09,284 C:\Users\ingov\PycharmProjects\ProjectR/Logs/2021-12-25_20-25-09 INFO Getting into __init__ for class: QuestionOneAnswerMultiple
20:25:09,284 C:\Users\ingov\PycharmProjects\ProjectR/Logs/2021-12-25_20-25-09 INFO Attributes in args: ()
20:25:09,284 C:\Users\ingov\PycharmProjects\ProjectR/Logs/2021-12-25_20-25-09 INFO Attributes in kwargs: {'width': 600, 'height': 550, 'title': 'Question 0'}
20:25:09,493 C:\Users\ingov\PycharmProjects\ProjectR/Logs/2021-12-25_20-25-09 INFO Setting member: window to value=.
20:25:09,493 C:\Users\ingov\PycharmProjects\ProjectR/Logs/2021-12-25_20-25-09 INFO Getting attribute: window
20:25:09,493 C:\Users\ingov\PycharmProjects\ProjectR/Logs/2021-12-25_20-25-09 INFO Setting member: height to value=550
20:25:09,493 C:\Users\ingov\PycharmProjects\ProjectR/Logs/2021-12-25_20-25-09 INFO Setting member: width to value=600
20:25:09,493 C:\Users\ingov\PycharmProjects\ProjectR/Logs/2021-12-25_20-25-09 INFO Getting attribute: window
20:25:09,493 C:\Users\ingov\PycharmProjects\ProjectR/Logs/2021-12-25_20-25-09 INFO Getting attribute: window
20:25:09,493 C:\Users\ingov\PycharmProjects\ProjectR/Logs/2021-12-25_20-25-09 INFO Getting attribute: window
20:25:09,513 C:\Users\ingov\PycharmProjects\ProjectR/Logs/2021-12-25_20-25-09 INFO Setting member: menu to value=.!menu
20:25:09,513 C:\Users\ingov\PycharmProjects\ProjectR/Logs/2021-12-25_20-25-09 INFO Getting attribute: window
20:25:09,513 C:\Users\ingov\PycharmProjects\ProjectR/Logs/2021-12-25_20-25-09 INFO Getting attribute: menu
20:25:09,524 C:\Users\ingov\PycharmProjects\ProjectR/Logs/2021-12-25_20-25-09 INFO Getting attribute: menu
20:25:09,524 C:\Users\ingov\PycharmProjects\ProjectR/Logs/2021-12-25_20-25-09 INFO Getting method: go_back_to_main
20:25:09,524 C:\Users\ingov\PycharmProjects\ProjectR/Logs/2021-12-25_20-25-09 INFO Getting attribute: menu
20:25:09,524 C:\Users\ingov\PycharmProjects\ProjectR/Logs/2021-12-25_20-25-09 INFO Getting attribute: _QuestionClass__question
20:25:09,524 C:\Users\ingov\PycharmProjects\ProjectR/Logs/2021-12-25_20-25-09 INFO Getting attribute: question
20:25:09,524 C:\Users\ingov\PycharmProjects\ProjectR/Logs/2021-12-25_20-25-09 INFO Getting attribute: _QuestionClass__answers
20:25:09,524 C:\Users\ingov\PycharmProjects\ProjectR/Logs/2021-12-25_20-25-09 INFO Getting attribute: answers
20:25:09,524 C:\Users\ingov\PycharmProjects\ProjectR/Logs/2021-12-25_20-25-09 INFO Setting member: question to value=What of the following ones are Python basic types?: [('Fire', False), ('Bool', True), ('Normal', False), ('Basic', False)]
20:25:09,524 C:\Users\ingov\PycharmProjects\ProjectR/Logs/2021-12-25_20-25-09 INFO Getting attribute: window
20:25:09,524 C:\Users\ingov\PycharmProjects\ProjectR/Logs/2021-12-25_20-25-09 INFO Getting attribute: _QuestionClass__question
20:25:09,524 C:\Users\ingov\PycharmProjects\ProjectR/Logs/2021-12-25_20-25-09 INFO Getting attribute: question
20:25:09,524 C:\Users\ingov\PycharmProjects\ProjectR/Logs/2021-12-25_20-25-09 INFO Setting member: question_label to value=.!label
20:25:09,524 C:\Users\ingov\PycharmProjects\ProjectR/Logs/2021-12-25_20-25-09 INFO Getting attribute: question_label
20:25:09,524 C:\Users\ingov\PycharmProjects\ProjectR/Logs/2021-12-25_20-25-09 INFO Getting attribute: question_label
20:25:09,524 C:\Users\ingov\PycharmProjects\ProjectR/Logs/2021-12-25_20-25-09 INFO Setting member: radio_buttons to value=[]
20:25:09,524 C:\Users\ingov\PycharmProjects\ProjectR/Logs/2021-12-25_20-25-09 INFO Setting member: answer_group to value=PY_VAR0
20:25:09,534 C:\Users\ingov\PycharmProjects\ProjectR/Logs/2021-12-25_20-25-09 INFO Setting member: radio_button_font to value=('TkDefaultFont', 12)
20:25:09,534 C:\Users\ingov\PycharmProjects\ProjectR/Logs/2021-12-25_20-25-09 INFO Getting attribute: question
20:25:09,534 C:\Users\ingov\PycharmProjects\ProjectR/Logs/2021-12-25_20-25-09 INFO Getting attribute: _QuestionClass__answers
20:25:09,534 C:\Users\ingov\PycharmProjects\ProjectR/Logs/2021-12-25_20-25-09 INFO Getting attribute: answers
20:25:09,534 C:\Users\ingov\PycharmProjects\ProjectR/Logs/2021-12-25_20-25-09 INFO Getting attribute: window
20:25:09,534 C:\Users\ingov\PycharmProjects\ProjectR/Logs/2021-12-25_20-25-09 INFO Getting attribute: answer_group
20:25:09,534 C:\Users\ingov\PycharmProjects\ProjectR/Logs/2021-12-25_20-25-09 INFO Getting method: reveal_result
20:25:09,534 C:\Users\ingov\PycharmProjects\ProjectR/Logs/2021-12-25_20-25-09 INFO Getting attribute: radio_button_font
20:25:09,534 C:\Users\ingov\PycharmProjects\ProjectR/Logs/2021-12-25_20-25-09 INFO Getting attribute: radio_buttons
20:25:09,534 C:\Users\ingov\PycharmProjects\ProjectR/Logs/2021-12-25_20-25-09 INFO Getting attribute: window
20:25:09,534 C:\Users\ingov\PycharmProjects\ProjectR/Logs/2021-12-25_20-25-09 INFO Getting attribute: answer_group
20:25:09,534 C:\Users\ingov\PycharmProjects\ProjectR/Logs/2021-12-25_20-25-09 INFO Getting method: reveal_result
20:25:09,534 C:\Users\ingov\PycharmProjects\ProjectR/Logs/2021-12-25_20-25-09 INFO Getting attribute: radio_button_font
20:25:09,534 C:\Users\ingov\PycharmProjects\ProjectR/Logs/2021-12-25_20-25-09 INFO Getting attribute: radio_buttons
20:25:09,534 C:\Users\ingov\PycharmProjects\ProjectR/Logs/2021-12-25_20-25-09 INFO Getting attribute: window
20:25:09,534 C:\Users\ingov\PycharmProjects\ProjectR/Logs/2021-12-25_20-25-09 INFO Getting attribute: answer_group
20:25:09,534 C:\Users\ingov\PycharmProjects\ProjectR/Logs/2021-12-25_20-25-09 INFO Getting method: reveal_result
20:25:09,534 C:\Users\ingov\PycharmProjects\ProjectR/Logs/2021-12-25_20-25-09 INFO Getting attribute: radio_button_font
20:25:09,534 C:\Users\ingov\PycharmProjects\ProjectR/Logs/2021-12-25_20-25-09 INFO Getting attribute: radio_buttons
20:25:09,534 C:\Users\ingov\PycharmProjects\ProjectR/Logs/2021-12-25_20-25-09 INFO Getting attribute: window
20:25:09,534 C:\Users\ingov\PycharmProjects\ProjectR/Logs/2021-12-25_20-25-09 INFO Getting attribute: answer_group
20:25:09,534 C:\Users\ingov\PycharmProjects\ProjectR/Logs/2021-12-25_20-25-09 INFO Getting method: reveal_result
20:25:09,534 C:\Users\ingov\PycharmProjects\ProjectR/Logs/2021-12-25_20-25-09 INFO Getting attribute: radio_button_font
20:25:09,534 C:\Users\ingov\PycharmProjects\ProjectR/Logs/2021-12-25_20-25-09 INFO Getting attribute: radio_buttons
20:25:09,534 C:\Users\ingov\PycharmProjects\ProjectR/Logs/2021-12-25_20-25-09 INFO Getting attribute: window
20:25:09,534 C:\Users\ingov\PycharmProjects\ProjectR/Logs/2021-12-25_20-25-09 INFO Getting attribute: window
20:25:09,544 C:\Users\ingov\PycharmProjects\ProjectR/Logs/2021-12-25_20-25-09 INFO Calling get_secs_between_questions
20:25:09,544 C:\Users\ingov\PycharmProjects\ProjectR/Logs/2021-12-25_20-25-09 INFO Getting secs between questions: 10
20:25:39,564 C:\Users\ingov\PycharmProjects\ProjectR/Logs/2021-12-25_20-25-09 INFO Getting attribute: window
20:25:39,569 C:\Users\ingov\PycharmProjects\ProjectR/Logs/2021-12-25_20-25-09 INFO Getting method: get_question_type
20:25:39,569 C:\Users\ingov\PycharmProjects\ProjectR/Logs/2021-12-25_20-25-09 INFO Getting attribute: _QuestionClass__answers
20:25:39,569 C:\Users\ingov\PycharmProjects\ProjectR/Logs/2021-12-25_20-25-09 INFO Getting attribute: _QuestionClass__answers
20:25:39,569 C:\Users\ingov\PycharmProjects\ProjectR/Logs/2021-12-25_20-25-09 INFO Getting attribute: logger
20:25:39,569 C:\Users\ingov\PycharmProjects\ProjectR/Logs/2021-12-25_20-25-09 INFO This question is a multiple choice question with two answers: Checkboxes: value 2
20:25:39,569 C:\Users\ingov\PycharmProjects\ProjectR/Logs/2021-12-25_20-25-09 INFO Getting method: get_question_type
20:25:39,569 C:\Users\ingov\PycharmProjects\ProjectR/Logs/2021-12-25_20-25-09 INFO Getting attribute: _QuestionClass__answers
20:25:39,569 C:\Users\ingov\PycharmProjects\ProjectR/Logs/2021-12-25_20-25-09 INFO Getting attribute: _QuestionClass__answers
20:25:39,569 C:\Users\ingov\PycharmProjects\ProjectR/Logs/2021-12-25_20-25-09 INFO Getting attribute: logger
20:25:39,569 C:\Users\ingov\PycharmProjects\ProjectR/Logs/2021-12-25_20-25-09 INFO This question is a multiple choice question with two answers: Checkboxes: value 2
20:25:39,569 C:\Users\ingov\PycharmProjects\ProjectR/Logs/2021-12-25_20-25-09 INFO Getting attribute: window
20:25:39,569 C:\Users\ingov\PycharmProjects\ProjectR/Logs/2021-12-25_20-25-09 INFO Getting attribute: window
20:25:39,569 C:\Users\ingov\PycharmProjects\ProjectR/Logs/2021-12-25_20-25-09 INFO Calling get_secs_between_questions
20:25:39,569 C:\Users\ingov\PycharmProjects\ProjectR/Logs/2021-12-25_20-25-09 INFO Getting secs between questions: 10
20:26:09,578 C:\Users\ingov\PycharmProjects\ProjectR/Logs/2021-12-25_20-25-09 INFO Getting attribute: window
20:26:09,578 C:\Users\ingov\PycharmProjects\ProjectR/Logs/2021-12-25_20-25-09 INFO Getting method: get_question_type
20:26:09,578 C:\Users\ingov\PycharmProjects\ProjectR/Logs/2021-12-25_20-25-09 INFO Getting attribute: _QuestionClass__answers
20:26:09,579 C:\Users\ingov\PycharmProjects\ProjectR/Logs/2021-12-25_20-25-09 INFO Getting attribute: logger
20:26:09,579 C:\Users\ingov\PycharmProjects\ProjectR/Logs/2021-12-25_20-25-09 INFO This question is a single answer question: Text input: value 0
20:26:09,579 C:\Users\ingov\PycharmProjects\ProjectR/Logs/2021-12-25_20-25-09 INFO Getting into __init__ for class: QuestionOneAnswer
20:26:09,579 C:\Users\ingov\PycharmProjects\ProjectR/Logs/2021-12-25_20-25-09 INFO Attributes in args: ()
20:26:09,579 C:\Users\ingov\PycharmProjects\ProjectR/Logs/2021-12-25_20-25-09 INFO Attributes in kwargs: {'width': 600, 'height': 450, 'title': 'Question 2'}
20:26:09,771 C:\Users\ingov\PycharmProjects\ProjectR/Logs/2021-12-25_20-25-09 INFO Setting member: window to value=.
20:26:09,772 C:\Users\ingov\PycharmProjects\ProjectR/Logs/2021-12-25_20-25-09 INFO Getting attribute: window
20:26:09,772 C:\Users\ingov\PycharmProjects\ProjectR/Logs/2021-12-25_20-25-09 INFO Setting member: height to value=450
20:26:09,772 C:\Users\ingov\PycharmProjects\ProjectR/Logs/2021-12-25_20-25-09 INFO Setting member: width to value=600
20:26:09,772 C:\Users\ingov\PycharmProjects\ProjectR/Logs/2021-12-25_20-25-09 INFO Getting attribute: window
20:26:09,772 C:\Users\ingov\PycharmProjects\ProjectR/Logs/2021-12-25_20-25-09 INFO Getting attribute: window
20:26:09,773 C:\Users\ingov\PycharmProjects\ProjectR/Logs/2021-12-25_20-25-09 INFO Getting attribute: window
20:26:09,774 C:\Users\ingov\PycharmProjects\ProjectR/Logs/2021-12-25_20-25-09 INFO Setting member: menu to value=.!menu
20:26:09,774 C:\Users\ingov\PycharmProjects\ProjectR/Logs/2021-12-25_20-25-09 INFO Getting attribute: window
20:26:09,774 C:\Users\ingov\PycharmProjects\ProjectR/Logs/2021-12-25_20-25-09 INFO Getting attribute: menu
20:26:09,785 C:\Users\ingov\PycharmProjects\ProjectR/Logs/2021-12-25_20-25-09 INFO Getting attribute: menu
20:26:09,785 C:\Users\ingov\PycharmProjects\ProjectR/Logs/2021-12-25_20-25-09 INFO Getting method: go_back_to_main
20:26:09,785 C:\Users\ingov\PycharmProjects\ProjectR/Logs/2021-12-25_20-25-09 INFO Getting attribute: menu
20:26:09,785 C:\Users\ingov\PycharmProjects\ProjectR/Logs/2021-12-25_20-25-09 INFO Getting attribute: _QuestionClass__question
20:26:09,786 C:\Users\ingov\PycharmProjects\ProjectR/Logs/2021-12-25_20-25-09 INFO Getting attribute: question
20:26:09,786 C:\Users\ingov\PycharmProjects\ProjectR/Logs/2021-12-25_20-25-09 INFO Getting attribute: _QuestionClass__answers
20:26:09,786 C:\Users\ingov\PycharmProjects\ProjectR/Logs/2021-12-25_20-25-09 INFO Getting attribute: answers
20:26:09,787 C:\Users\ingov\PycharmProjects\ProjectR/Logs/2021-12-25_20-25-09 INFO Setting member: question to value=What do you say to a person in the morning?: Good morning
20:26:09,787 C:\Users\ingov\PycharmProjects\ProjectR/Logs/2021-12-25_20-25-09 INFO Getting attribute: window
20:26:09,787 C:\Users\ingov\PycharmProjects\ProjectR/Logs/2021-12-25_20-25-09 INFO Getting attribute: _QuestionClass__question
20:26:09,787 C:\Users\ingov\PycharmProjects\ProjectR/Logs/2021-12-25_20-25-09 INFO Getting attribute: question
20:26:09,790 C:\Users\ingov\PycharmProjects\ProjectR/Logs/2021-12-25_20-25-09 INFO Setting member: question_label to value=.!label
20:26:09,791 C:\Users\ingov\PycharmProjects\ProjectR/Logs/2021-12-25_20-25-09 INFO Getting attribute: question_label
20:26:09,791 C:\Users\ingov\PycharmProjects\ProjectR/Logs/2021-12-25_20-25-09 INFO Getting attribute: question_label
20:26:09,792 C:\Users\ingov\PycharmProjects\ProjectR/Logs/2021-12-25_20-25-09 INFO Getting attribute: window
20:26:09,792 C:\Users\ingov\PycharmProjects\ProjectR/Logs/2021-12-25_20-25-09 INFO Getting method: reveal_answer
20:26:09,793 C:\Users\ingov\PycharmProjects\ProjectR/Logs/2021-12-25_20-25-09 INFO Setting member: button_answer to value=.!button
20:26:09,793 C:\Users\ingov\PycharmProjects\ProjectR/Logs/2021-12-25_20-25-09 INFO Getting attribute: button_answer
20:26:09,794 C:\Users\ingov\PycharmProjects\ProjectR/Logs/2021-12-25_20-25-09 INFO Setting member: answer_label to value=None
20:26:09,794 C:\Users\ingov\PycharmProjects\ProjectR/Logs/2021-12-25_20-25-09 INFO Getting attribute: window
20:26:09,794 C:\Users\ingov\PycharmProjects\ProjectR/Logs/2021-12-25_20-25-09 INFO Getting attribute: window
20:26:09,794 C:\Users\ingov\PycharmProjects\ProjectR/Logs/2021-12-25_20-25-09 INFO Getting attribute: window
20:26:17,931 C:\Users\ingov\PycharmProjects\ProjectR/Logs/2021-12-25_20-25-09 INFO Getting attribute: question
20:26:17,931 C:\Users\ingov\PycharmProjects\ProjectR/Logs/2021-12-25_20-25-09 INFO Getting method: get_correct_answers
20:26:17,932 C:\Users\ingov\PycharmProjects\ProjectR/Logs/2021-12-25_20-25-09 INFO Getting method: get_question_type
20:26:17,932 C:\Users\ingov\PycharmProjects\ProjectR/Logs/2021-12-25_20-25-09 INFO Getting attribute: _QuestionClass__answers
20:26:17,932 C:\Users\ingov\PycharmProjects\ProjectR/Logs/2021-12-25_20-25-09 INFO Getting attribute: logger
20:26:17,932 C:\Users\ingov\PycharmProjects\ProjectR/Logs/2021-12-25_20-25-09 INFO This question is a single answer question: Text input: value 0
20:26:17,932 C:\Users\ingov\PycharmProjects\ProjectR/Logs/2021-12-25_20-25-09 INFO Getting attribute: logger
20:26:17,932 C:\Users\ingov\PycharmProjects\ProjectR/Logs/2021-12-25_20-25-09 INFO Getting attribute: _QuestionClass__answers
20:26:17,932 C:\Users\ingov\PycharmProjects\ProjectR/Logs/2021-12-25_20-25-09 INFO The correct answer is Good morning
20:26:17,932 C:\Users\ingov\PycharmProjects\ProjectR/Logs/2021-12-25_20-25-09 INFO Getting attribute: _QuestionClass__answers
20:26:17,932 C:\Users\ingov\PycharmProjects\ProjectR/Logs/2021-12-25_20-25-09 INFO Getting attribute: window
20:26:17,932 C:\Users\ingov\PycharmProjects\ProjectR/Logs/2021-12-25_20-25-09 INFO Getting attribute: question
20:26:17,932 C:\Users\ingov\PycharmProjects\ProjectR/Logs/2021-12-25_20-25-09 INFO Getting method: get_correct_answers
20:26:17,932 C:\Users\ingov\PycharmProjects\ProjectR/Logs/2021-12-25_20-25-09 INFO Getting method: get_question_type
20:26:17,932 C:\Users\ingov\PycharmProjects\ProjectR/Logs/2021-12-25_20-25-09 INFO Getting attribute: _QuestionClass__answers
20:26:17,932 C:\Users\ingov\PycharmProjects\ProjectR/Logs/2021-12-25_20-25-09 INFO Getting attribute: logger
20:26:17,932 C:\Users\ingov\PycharmProjects\ProjectR/Logs/2021-12-25_20-25-09 INFO This question is a single answer question: Text input: value 0
20:26:17,932 C:\Users\ingov\PycharmProjects\ProjectR/Logs/2021-12-25_20-25-09 INFO Getting attribute: logger
20:26:17,932 C:\Users\ingov\PycharmProjects\ProjectR/Logs/2021-12-25_20-25-09 INFO Getting attribute: _QuestionClass__answers
20:26:17,932 C:\Users\ingov\PycharmProjects\ProjectR/Logs/2021-12-25_20-25-09 INFO The correct answer is Good morning
20:26:17,932 C:\Users\ingov\PycharmProjects\ProjectR/Logs/2021-12-25_20-25-09 INFO Getting attribute: _QuestionClass__answers
20:26:17,933 C:\Users\ingov\PycharmProjects\ProjectR/Logs/2021-12-25_20-25-09 INFO Setting member: answer_label to value=.!label2
20:26:17,933 C:\Users\ingov\PycharmProjects\ProjectR/Logs/2021-12-25_20-25-09 INFO Getting attribute: answer_label
20:26:17,933 C:\Users\ingov\PycharmProjects\ProjectR/Logs/2021-12-25_20-25-09 INFO Getting attribute: window
20:26:17,933 C:\Users\ingov\PycharmProjects\ProjectR/Logs/2021-12-25_20-25-09 INFO Getting method: command_button_correct
20:26:17,934 C:\Users\ingov\PycharmProjects\ProjectR/Logs/2021-12-25_20-25-09 INFO Getting method: command_button_failed
20:26:17,934 C:\Users\ingov\PycharmProjects\ProjectR/Logs/2021-12-25_20-25-09 INFO Getting attribute: window
20:26:18,915 C:\Users\ingov\PycharmProjects\ProjectR/Logs/2021-12-25_20-25-09 INFO Getting method: add_result
20:26:18,915 C:\Users\ingov\PycharmProjects\ProjectR/Logs/2021-12-25_20-25-09 INFO Getting attribute: question
20:26:18,915 C:\Users\ingov\PycharmProjects\ProjectR/Logs/2021-12-25_20-25-09 INFO Getting attribute: _QuestionClass__question
20:26:18,915 C:\Users\ingov\PycharmProjects\ProjectR/Logs/2021-12-25_20-25-09 INFO Getting attribute: question
