20:17:19,374 C:\Users\ingov\PycharmProjects\ProjectR/Logs/2021-12-25_20-17-19 INFO Log has been created and started
20:17:19,374 C:\Users\ingov\PycharmProjects\ProjectR/Logs/2021-12-25_20-17-19 INFO Metaclass MetaAbsLogger: Starting class MetaLogger
20:17:19,374 C:\Users\ingov\PycharmProjects\ProjectR/Logs/2021-12-25_20-17-19 INFO Metaclass MetaLogger: Starting class QuestionClass
20:17:19,389 C:\Users\ingov\PycharmProjects\ProjectR/Logs/2021-12-25_20-17-19 INFO Metaclass MetaLogger: Starting class QuestionnaireClass
20:17:19,404 C:\Users\ingov\PycharmProjects\ProjectR/Logs/2021-12-25_20-17-19 INFO Metaclass MetaAbsLogger: Starting class SimpleWindow
20:17:19,423 C:\Users\ingov\PycharmProjects\ProjectR/Logs/2021-12-25_20-17-19 INFO C:\Users\ingov\PycharmProjects\ProjectR/Config/config.cfg, exists so we will read it
20:17:19,423 C:\Users\ingov\PycharmProjects\ProjectR/Logs/2021-12-25_20-17-19 INFO Seconds to answer a question: 10
20:17:19,423 C:\Users\ingov\PycharmProjects\ProjectR/Logs/2021-12-25_20-17-19 INFO Seconds between questions: 30
20:17:19,423 C:\Users\ingov\PycharmProjects\ProjectR/Logs/2021-12-25_20-17-19 INFO C:\Users\ingov\PycharmProjects\ProjectR/Config/config.cfg is closed now
20:17:19,423 C:\Users\ingov\PycharmProjects\ProjectR/Logs/2021-12-25_20-17-19 INFO Metaclass MetaLogger: Starting class ConfigClass
20:17:19,431 C:\Users\ingov\PycharmProjects\ProjectR/Logs/2021-12-25_20-17-19 INFO Metaclass MetaAbsLogger: Starting class CurrentSession
20:17:19,431 C:\Users\ingov\PycharmProjects\ProjectR/Logs/2021-12-25_20-17-19 INFO Metaclass MetaAbsLogger: Starting class QuestionWindowAbs
20:17:19,431 C:\Users\ingov\PycharmProjects\ProjectR/Logs/2021-12-25_20-17-19 INFO Metaclass MetaAbsLogger: Starting class QuestionOneAnswer
20:17:19,431 C:\Users\ingov\PycharmProjects\ProjectR/Logs/2021-12-25_20-17-19 INFO Metaclass MetaAbsLogger: Starting class QuestionOneAnswerMultiple
20:17:19,431 C:\Users\ingov\PycharmProjects\ProjectR/Logs/2021-12-25_20-17-19 INFO Loading a questionnaire from file: C:\Users\ingov\PycharmProjects\ProjectR/Data/Questionnaires/QuestionnaireExample2.pickle
20:17:19,431 C:\Users\ingov\PycharmProjects\ProjectR/Logs/2021-12-25_20-17-19 INFO Getting attribute: __dict__
20:17:19,431 C:\Users\ingov\PycharmProjects\ProjectR/Logs/2021-12-25_20-17-19 INFO Getting attribute: __dict__
20:17:19,431 C:\Users\ingov\PycharmProjects\ProjectR/Logs/2021-12-25_20-17-19 INFO Getting attribute: __dict__
20:17:19,431 C:\Users\ingov\PycharmProjects\ProjectR/Logs/2021-12-25_20-17-19 INFO Calling get_secs_to_answer
20:17:19,431 C:\Users\ingov\PycharmProjects\ProjectR/Logs/2021-12-25_20-17-19 INFO Getting secs to answer a questions: 10
20:17:19,431 C:\Users\ingov\PycharmProjects\ProjectR/Logs/2021-12-25_20-17-19 INFO Getting method: get_question_type
20:17:19,431 C:\Users\ingov\PycharmProjects\ProjectR/Logs/2021-12-25_20-17-19 INFO Getting attribute: _QuestionClass__answers
20:17:19,431 C:\Users\ingov\PycharmProjects\ProjectR/Logs/2021-12-25_20-17-19 INFO Getting attribute: logger
20:17:19,431 C:\Users\ingov\PycharmProjects\ProjectR/Logs/2021-12-25_20-17-19 INFO This question is a single answer question: Text input: value 0
20:17:19,431 C:\Users\ingov\PycharmProjects\ProjectR/Logs/2021-12-25_20-17-19 INFO Getting into __init__ for class: QuestionOneAnswer
20:17:19,431 C:\Users\ingov\PycharmProjects\ProjectR/Logs/2021-12-25_20-17-19 INFO Attributes in args: ()
20:17:19,431 C:\Users\ingov\PycharmProjects\ProjectR/Logs/2021-12-25_20-17-19 INFO Attributes in kwargs: {'width': 600, 'height': 450, 'title': 'Question 0'}
20:17:19,509 C:\Users\ingov\PycharmProjects\ProjectR/Logs/2021-12-25_20-17-19 INFO Setting member: window to value=.
20:17:19,509 C:\Users\ingov\PycharmProjects\ProjectR/Logs/2021-12-25_20-17-19 INFO Getting attribute: window
20:17:19,509 C:\Users\ingov\PycharmProjects\ProjectR/Logs/2021-12-25_20-17-19 INFO Setting member: height to value=450
20:17:19,509 C:\Users\ingov\PycharmProjects\ProjectR/Logs/2021-12-25_20-17-19 INFO Setting member: width to value=600
20:17:19,509 C:\Users\ingov\PycharmProjects\ProjectR/Logs/2021-12-25_20-17-19 INFO Getting attribute: window
20:17:19,509 C:\Users\ingov\PycharmProjects\ProjectR/Logs/2021-12-25_20-17-19 INFO Getting attribute: window
20:17:19,509 C:\Users\ingov\PycharmProjects\ProjectR/Logs/2021-12-25_20-17-19 INFO Getting attribute: window
20:17:19,514 C:\Users\ingov\PycharmProjects\ProjectR/Logs/2021-12-25_20-17-19 INFO Setting member: menu to value=.!menu
20:17:19,514 C:\Users\ingov\PycharmProjects\ProjectR/Logs/2021-12-25_20-17-19 INFO Getting attribute: window
20:17:19,514 C:\Users\ingov\PycharmProjects\ProjectR/Logs/2021-12-25_20-17-19 INFO Getting attribute: menu
20:17:19,514 C:\Users\ingov\PycharmProjects\ProjectR/Logs/2021-12-25_20-17-19 INFO Getting attribute: menu
20:17:19,514 C:\Users\ingov\PycharmProjects\ProjectR/Logs/2021-12-25_20-17-19 INFO Getting method: go_back_to_main
20:17:19,514 C:\Users\ingov\PycharmProjects\ProjectR/Logs/2021-12-25_20-17-19 INFO Getting attribute: menu
20:17:19,514 C:\Users\ingov\PycharmProjects\ProjectR/Logs/2021-12-25_20-17-19 INFO Getting attribute: _QuestionClass__question
20:17:19,514 C:\Users\ingov\PycharmProjects\ProjectR/Logs/2021-12-25_20-17-19 INFO Getting attribute: question
20:17:19,514 C:\Users\ingov\PycharmProjects\ProjectR/Logs/2021-12-25_20-17-19 INFO Getting attribute: _QuestionClass__answers
20:17:19,514 C:\Users\ingov\PycharmProjects\ProjectR/Logs/2021-12-25_20-17-19 INFO Getting attribute: answers
20:17:19,514 C:\Users\ingov\PycharmProjects\ProjectR/Logs/2021-12-25_20-17-19 INFO Setting member: question to value=What do you say to a person in the morning?: Good morning
20:17:19,514 C:\Users\ingov\PycharmProjects\ProjectR/Logs/2021-12-25_20-17-19 INFO Getting attribute: window
20:17:19,514 C:\Users\ingov\PycharmProjects\ProjectR/Logs/2021-12-25_20-17-19 INFO Getting attribute: _QuestionClass__question
20:17:19,514 C:\Users\ingov\PycharmProjects\ProjectR/Logs/2021-12-25_20-17-19 INFO Getting attribute: question
20:17:19,514 C:\Users\ingov\PycharmProjects\ProjectR/Logs/2021-12-25_20-17-19 INFO Setting member: question_label to value=.!label
20:17:19,514 C:\Users\ingov\PycharmProjects\ProjectR/Logs/2021-12-25_20-17-19 INFO Getting attribute: question_label
20:17:19,514 C:\Users\ingov\PycharmProjects\ProjectR/Logs/2021-12-25_20-17-19 INFO Getting attribute: question_label
20:17:19,514 C:\Users\ingov\PycharmProjects\ProjectR/Logs/2021-12-25_20-17-19 INFO Getting attribute: window
20:17:19,514 C:\Users\ingov\PycharmProjects\ProjectR/Logs/2021-12-25_20-17-19 INFO Getting method: reveal_answer
20:17:19,514 C:\Users\ingov\PycharmProjects\ProjectR/Logs/2021-12-25_20-17-19 INFO Setting member: button_answer to value=.!button
20:17:19,514 C:\Users\ingov\PycharmProjects\ProjectR/Logs/2021-12-25_20-17-19 INFO Getting attribute: button_answer
20:17:19,514 C:\Users\ingov\PycharmProjects\ProjectR/Logs/2021-12-25_20-17-19 INFO Setting member: answer_label to value=None
20:17:19,514 C:\Users\ingov\PycharmProjects\ProjectR/Logs/2021-12-25_20-17-19 INFO Getting attribute: window
20:17:19,514 C:\Users\ingov\PycharmProjects\ProjectR/Logs/2021-12-25_20-17-19 INFO Getting attribute: window
20:17:19,514 C:\Users\ingov\PycharmProjects\ProjectR/Logs/2021-12-25_20-17-19 INFO Calling get_secs_between_questions
20:17:19,514 C:\Users\ingov\PycharmProjects\ProjectR/Logs/2021-12-25_20-17-19 INFO Getting secs between questions: 10
20:17:49,529 C:\Users\ingov\PycharmProjects\ProjectR/Logs/2021-12-25_20-17-19 INFO Getting attribute: window
20:17:49,534 C:\Users\ingov\PycharmProjects\ProjectR/Logs/2021-12-25_20-17-19 INFO Getting method: get_question_type
20:17:49,534 C:\Users\ingov\PycharmProjects\ProjectR/Logs/2021-12-25_20-17-19 INFO Getting attribute: _QuestionClass__answers
20:17:49,534 C:\Users\ingov\PycharmProjects\ProjectR/Logs/2021-12-25_20-17-19 INFO Getting attribute: _QuestionClass__answers
20:17:49,534 C:\Users\ingov\PycharmProjects\ProjectR/Logs/2021-12-25_20-17-19 INFO Getting attribute: logger
20:17:49,534 C:\Users\ingov\PycharmProjects\ProjectR/Logs/2021-12-25_20-17-19 INFO This question is a multiple choice question with two answers: Checkboxes: value 2
20:17:49,534 C:\Users\ingov\PycharmProjects\ProjectR/Logs/2021-12-25_20-17-19 INFO Getting method: get_question_type
20:17:49,534 C:\Users\ingov\PycharmProjects\ProjectR/Logs/2021-12-25_20-17-19 INFO Getting attribute: _QuestionClass__answers
20:17:49,534 C:\Users\ingov\PycharmProjects\ProjectR/Logs/2021-12-25_20-17-19 INFO Getting attribute: _QuestionClass__answers
20:17:49,534 C:\Users\ingov\PycharmProjects\ProjectR/Logs/2021-12-25_20-17-19 INFO Getting attribute: logger
20:17:49,534 C:\Users\ingov\PycharmProjects\ProjectR/Logs/2021-12-25_20-17-19 INFO This question is a multiple choice question with two answers: Checkboxes: value 2
20:17:49,534 C:\Users\ingov\PycharmProjects\ProjectR/Logs/2021-12-25_20-17-19 INFO Getting attribute: window
20:17:49,534 C:\Users\ingov\PycharmProjects\ProjectR/Logs/2021-12-25_20-17-19 INFO Getting attribute: window
20:17:49,534 C:\Users\ingov\PycharmProjects\ProjectR/Logs/2021-12-25_20-17-19 INFO Calling get_secs_between_questions
20:17:49,534 C:\Users\ingov\PycharmProjects\ProjectR/Logs/2021-12-25_20-17-19 INFO Getting secs between questions: 10
20:18:19,554 C:\Users\ingov\PycharmProjects\ProjectR/Logs/2021-12-25_20-17-19 INFO Getting attribute: window
20:18:19,554 C:\Users\ingov\PycharmProjects\ProjectR/Logs/2021-12-25_20-17-19 INFO Getting method: get_question_type
20:18:19,554 C:\Users\ingov\PycharmProjects\ProjectR/Logs/2021-12-25_20-17-19 INFO Getting attribute: _QuestionClass__answers
20:18:19,554 C:\Users\ingov\PycharmProjects\ProjectR/Logs/2021-12-25_20-17-19 INFO Getting attribute: _QuestionClass__answers
20:18:19,554 C:\Users\ingov\PycharmProjects\ProjectR/Logs/2021-12-25_20-17-19 INFO Getting attribute: logger
20:18:19,554 C:\Users\ingov\PycharmProjects\ProjectR/Logs/2021-12-25_20-17-19 INFO This question is a multiple choice question with a single answer: Radio button: value 1
20:18:19,554 C:\Users\ingov\PycharmProjects\ProjectR/Logs/2021-12-25_20-17-19 INFO Getting method: get_question_type
20:18:19,554 C:\Users\ingov\PycharmProjects\ProjectR/Logs/2021-12-25_20-17-19 INFO Getting attribute: _QuestionClass__answers
20:18:19,554 C:\Users\ingov\PycharmProjects\ProjectR/Logs/2021-12-25_20-17-19 INFO Getting attribute: _QuestionClass__answers
20:18:19,554 C:\Users\ingov\PycharmProjects\ProjectR/Logs/2021-12-25_20-17-19 INFO Getting attribute: logger
20:18:19,554 C:\Users\ingov\PycharmProjects\ProjectR/Logs/2021-12-25_20-17-19 INFO This question is a multiple choice question with a single answer: Radio button: value 1
20:18:19,554 C:\Users\ingov\PycharmProjects\ProjectR/Logs/2021-12-25_20-17-19 INFO Getting into __init__ for class: QuestionOneAnswerMultiple
20:18:19,554 C:\Users\ingov\PycharmProjects\ProjectR/Logs/2021-12-25_20-17-19 INFO Attributes in args: ()
20:18:19,554 C:\Users\ingov\PycharmProjects\ProjectR/Logs/2021-12-25_20-17-19 INFO Attributes in kwargs: {'width': 600, 'height': 550, 'title': 'Question 2'}
20:18:19,624 C:\Users\ingov\PycharmProjects\ProjectR/Logs/2021-12-25_20-17-19 INFO Setting member: window to value=.
20:18:19,624 C:\Users\ingov\PycharmProjects\ProjectR/Logs/2021-12-25_20-17-19 INFO Getting attribute: window
20:18:19,624 C:\Users\ingov\PycharmProjects\ProjectR/Logs/2021-12-25_20-17-19 INFO Setting member: height to value=550
20:18:19,624 C:\Users\ingov\PycharmProjects\ProjectR/Logs/2021-12-25_20-17-19 INFO Setting member: width to value=600
20:18:19,624 C:\Users\ingov\PycharmProjects\ProjectR/Logs/2021-12-25_20-17-19 INFO Getting attribute: window
20:18:19,624 C:\Users\ingov\PycharmProjects\ProjectR/Logs/2021-12-25_20-17-19 INFO Getting attribute: window
20:18:19,624 C:\Users\ingov\PycharmProjects\ProjectR/Logs/2021-12-25_20-17-19 INFO Getting attribute: window
20:18:19,624 C:\Users\ingov\PycharmProjects\ProjectR/Logs/2021-12-25_20-17-19 INFO Setting member: menu to value=.!menu
20:18:19,624 C:\Users\ingov\PycharmProjects\ProjectR/Logs/2021-12-25_20-17-19 INFO Getting attribute: window
20:18:19,624 C:\Users\ingov\PycharmProjects\ProjectR/Logs/2021-12-25_20-17-19 INFO Getting attribute: menu
20:18:19,624 C:\Users\ingov\PycharmProjects\ProjectR/Logs/2021-12-25_20-17-19 INFO Getting attribute: menu
20:18:19,624 C:\Users\ingov\PycharmProjects\ProjectR/Logs/2021-12-25_20-17-19 INFO Getting method: go_back_to_main
20:18:19,624 C:\Users\ingov\PycharmProjects\ProjectR/Logs/2021-12-25_20-17-19 INFO Getting attribute: menu
20:18:19,624 C:\Users\ingov\PycharmProjects\ProjectR/Logs/2021-12-25_20-17-19 INFO Getting attribute: _QuestionClass__question
20:18:19,624 C:\Users\ingov\PycharmProjects\ProjectR/Logs/2021-12-25_20-17-19 INFO Getting attribute: question
20:18:19,624 C:\Users\ingov\PycharmProjects\ProjectR/Logs/2021-12-25_20-17-19 INFO Getting attribute: _QuestionClass__answers
20:18:19,624 C:\Users\ingov\PycharmProjects\ProjectR/Logs/2021-12-25_20-17-19 INFO Getting attribute: answers
20:18:19,624 C:\Users\ingov\PycharmProjects\ProjectR/Logs/2021-12-25_20-17-19 INFO Setting member: question to value=What of the following ones are Python basic types?: [('Fire', False), ('Bool', True), ('Normal', False), ('Basic', False)]
20:18:19,624 C:\Users\ingov\PycharmProjects\ProjectR/Logs/2021-12-25_20-17-19 INFO Getting attribute: window
20:18:19,624 C:\Users\ingov\PycharmProjects\ProjectR/Logs/2021-12-25_20-17-19 INFO Getting attribute: _QuestionClass__question
20:18:19,624 C:\Users\ingov\PycharmProjects\ProjectR/Logs/2021-12-25_20-17-19 INFO Getting attribute: question
20:18:19,624 C:\Users\ingov\PycharmProjects\ProjectR/Logs/2021-12-25_20-17-19 INFO Setting member: question_label to value=.!label
20:18:19,624 C:\Users\ingov\PycharmProjects\ProjectR/Logs/2021-12-25_20-17-19 INFO Getting attribute: question_label
20:18:19,624 C:\Users\ingov\PycharmProjects\ProjectR/Logs/2021-12-25_20-17-19 INFO Getting attribute: question_label
20:18:19,624 C:\Users\ingov\PycharmProjects\ProjectR/Logs/2021-12-25_20-17-19 INFO Setting member: radio_buttons to value=[]
20:18:19,624 C:\Users\ingov\PycharmProjects\ProjectR/Logs/2021-12-25_20-17-19 INFO Setting member: answer_group to value=PY_VAR0
20:18:19,624 C:\Users\ingov\PycharmProjects\ProjectR/Logs/2021-12-25_20-17-19 INFO Setting member: radio_button_font to value=('TkDefaultFont', 12)
20:18:19,624 C:\Users\ingov\PycharmProjects\ProjectR/Logs/2021-12-25_20-17-19 INFO Getting attribute: question
20:18:19,624 C:\Users\ingov\PycharmProjects\ProjectR/Logs/2021-12-25_20-17-19 INFO Getting attribute: _QuestionClass__answers
20:18:19,624 C:\Users\ingov\PycharmProjects\ProjectR/Logs/2021-12-25_20-17-19 INFO Getting attribute: answers
20:18:19,624 C:\Users\ingov\PycharmProjects\ProjectR/Logs/2021-12-25_20-17-19 INFO Getting attribute: window
20:18:19,624 C:\Users\ingov\PycharmProjects\ProjectR/Logs/2021-12-25_20-17-19 INFO Getting attribute: answer_group
20:18:19,624 C:\Users\ingov\PycharmProjects\ProjectR/Logs/2021-12-25_20-17-19 INFO Getting method: reveal_result
20:18:19,624 C:\Users\ingov\PycharmProjects\ProjectR/Logs/2021-12-25_20-17-19 INFO Getting attribute: radio_button_font
20:18:19,633 C:\Users\ingov\PycharmProjects\ProjectR/Logs/2021-12-25_20-17-19 INFO Getting attribute: radio_buttons
20:18:19,633 C:\Users\ingov\PycharmProjects\ProjectR/Logs/2021-12-25_20-17-19 INFO Getting attribute: window
20:18:19,633 C:\Users\ingov\PycharmProjects\ProjectR/Logs/2021-12-25_20-17-19 INFO Getting attribute: answer_group
20:18:19,633 C:\Users\ingov\PycharmProjects\ProjectR/Logs/2021-12-25_20-17-19 INFO Getting method: reveal_result
20:18:19,633 C:\Users\ingov\PycharmProjects\ProjectR/Logs/2021-12-25_20-17-19 INFO Getting attribute: radio_button_font
20:18:19,633 C:\Users\ingov\PycharmProjects\ProjectR/Logs/2021-12-25_20-17-19 INFO Getting attribute: radio_buttons
20:18:19,633 C:\Users\ingov\PycharmProjects\ProjectR/Logs/2021-12-25_20-17-19 INFO Getting attribute: window
20:18:19,633 C:\Users\ingov\PycharmProjects\ProjectR/Logs/2021-12-25_20-17-19 INFO Getting attribute: answer_group
20:18:19,633 C:\Users\ingov\PycharmProjects\ProjectR/Logs/2021-12-25_20-17-19 INFO Getting method: reveal_result
20:18:19,633 C:\Users\ingov\PycharmProjects\ProjectR/Logs/2021-12-25_20-17-19 INFO Getting attribute: radio_button_font
20:18:19,633 C:\Users\ingov\PycharmProjects\ProjectR/Logs/2021-12-25_20-17-19 INFO Getting attribute: radio_buttons
20:18:19,633 C:\Users\ingov\PycharmProjects\ProjectR/Logs/2021-12-25_20-17-19 INFO Getting attribute: window
20:18:19,633 C:\Users\ingov\PycharmProjects\ProjectR/Logs/2021-12-25_20-17-19 INFO Getting attribute: answer_group
20:18:19,633 C:\Users\ingov\PycharmProjects\ProjectR/Logs/2021-12-25_20-17-19 INFO Getting method: reveal_result
20:18:19,633 C:\Users\ingov\PycharmProjects\ProjectR/Logs/2021-12-25_20-17-19 INFO Getting attribute: radio_button_font
20:18:19,633 C:\Users\ingov\PycharmProjects\ProjectR/Logs/2021-12-25_20-17-19 INFO Getting attribute: radio_buttons
20:18:19,633 C:\Users\ingov\PycharmProjects\ProjectR/Logs/2021-12-25_20-17-19 INFO Getting attribute: window
20:18:19,633 C:\Users\ingov\PycharmProjects\ProjectR/Logs/2021-12-25_20-17-19 INFO Getting attribute: window
20:18:19,633 C:\Users\ingov\PycharmProjects\ProjectR/Logs/2021-12-25_20-17-19 INFO Getting attribute: window
