20:58:14,954 C:\Users\ingov\PycharmProjects\ProjectR/Logs/2021-12-22_20-58-14 INFO Log has been created and started
20:58:14,954 C:\Users\ingov\PycharmProjects\ProjectR/Logs/2021-12-22_20-58-14 INFO Metaclass MetaAbsLogger: Starting class MetaLogger
20:58:14,964 C:\Users\ingov\PycharmProjects\ProjectR/Logs/2021-12-22_20-58-14 INFO Metaclass MetaLogger: Starting class QuestionClass
20:58:14,974 C:\Users\ingov\PycharmProjects\ProjectR/Logs/2021-12-22_20-58-14 INFO Metaclass MetaLogger: Starting class QuestionnaireClass
20:58:14,989 C:\Users\ingov\PycharmProjects\ProjectR/Logs/2021-12-22_20-58-14 INFO Metaclass MetaAbsLogger: Starting class SimpleWindow
20:58:15,4 C:\Users\ingov\PycharmProjects\ProjectR/Logs/2021-12-22_20-58-14 INFO C:\Users\ingov\PycharmProjects\ProjectR/Config/config.cfg, exists so we will read it
20:58:15,4 C:\Users\ingov\PycharmProjects\ProjectR/Logs/2021-12-22_20-58-14 INFO Seconds to answer a question: 10
20:58:15,4 C:\Users\ingov\PycharmProjects\ProjectR/Logs/2021-12-22_20-58-14 INFO Seconds between questions: 30
20:58:15,4 C:\Users\ingov\PycharmProjects\ProjectR/Logs/2021-12-22_20-58-14 INFO C:\Users\ingov\PycharmProjects\ProjectR/Config/config.cfg is closed now
20:58:15,4 C:\Users\ingov\PycharmProjects\ProjectR/Logs/2021-12-22_20-58-14 INFO Metaclass MetaLogger: Starting class ConfigClass
20:58:15,4 C:\Users\ingov\PycharmProjects\ProjectR/Logs/2021-12-22_20-58-14 INFO Metaclass MetaAbsLogger: Starting class QuestionWindowAbs
20:58:15,4 C:\Users\ingov\PycharmProjects\ProjectR/Logs/2021-12-22_20-58-14 INFO Metaclass MetaAbsLogger: Starting class QuestionOneAnswer
20:58:15,4 C:\Users\ingov\PycharmProjects\ProjectR/Logs/2021-12-22_20-58-14 INFO Getting into __init__ for class: QuestionClass
20:58:15,4 C:\Users\ingov\PycharmProjects\ProjectR/Logs/2021-12-22_20-58-14 INFO Attributes in args: ('What do you say to a person in the morning?', 'Good morning')
20:58:15,4 C:\Users\ingov\PycharmProjects\ProjectR/Logs/2021-12-22_20-58-14 INFO Attributes in kwargs: {}
20:58:15,4 C:\Users\ingov\PycharmProjects\ProjectR/Logs/2021-12-22_20-58-14 INFO Setting member: _QuestionClass__question to value=What do you say to a person in the morning?
20:58:15,4 C:\Users\ingov\PycharmProjects\ProjectR/Logs/2021-12-22_20-58-14 INFO Setting member: _QuestionClass__answers to value=Good morning
20:58:15,4 C:\Users\ingov\PycharmProjects\ProjectR/Logs/2021-12-22_20-58-14 INFO Getting into __init__ for class: QuestionOneAnswer
20:58:15,4 C:\Users\ingov\PycharmProjects\ProjectR/Logs/2021-12-22_20-58-14 INFO Attributes in args: (500, 600, 'Question 3')
20:58:15,4 C:\Users\ingov\PycharmProjects\ProjectR/Logs/2021-12-22_20-58-14 INFO Attributes in kwargs: {}
20:58:15,154 C:\Users\ingov\PycharmProjects\ProjectR/Logs/2021-12-22_20-58-14 INFO Setting member: window to value=.
20:58:15,154 C:\Users\ingov\PycharmProjects\ProjectR/Logs/2021-12-22_20-58-14 INFO Getting attribute: window
20:58:15,154 C:\Users\ingov\PycharmProjects\ProjectR/Logs/2021-12-22_20-58-14 INFO Setting member: height to value=500
20:58:15,154 C:\Users\ingov\PycharmProjects\ProjectR/Logs/2021-12-22_20-58-14 INFO Setting member: width to value=600
20:58:15,154 C:\Users\ingov\PycharmProjects\ProjectR/Logs/2021-12-22_20-58-14 INFO Getting attribute: window
20:58:15,154 C:\Users\ingov\PycharmProjects\ProjectR/Logs/2021-12-22_20-58-14 INFO Getting attribute: window
20:58:15,164 C:\Users\ingov\PycharmProjects\ProjectR/Logs/2021-12-22_20-58-14 INFO Setting member: question_label to value=.!label
20:58:15,164 C:\Users\ingov\PycharmProjects\ProjectR/Logs/2021-12-22_20-58-14 INFO Getting attribute: question_label
20:58:15,164 C:\Users\ingov\PycharmProjects\ProjectR/Logs/2021-12-22_20-58-14 INFO Getting attribute: window
20:58:15,164 C:\Users\ingov\PycharmProjects\ProjectR/Logs/2021-12-22_20-58-14 INFO Setting member: button_answer to value=.!button
20:58:15,164 C:\Users\ingov\PycharmProjects\ProjectR/Logs/2021-12-22_20-58-14 INFO Getting attribute: button_answer
20:58:15,164 C:\Users\ingov\PycharmProjects\ProjectR/Logs/2021-12-22_20-58-14 INFO Getting attribute: window
