20:39:01,261 C:\Users\ingov\PycharmProjects\ProjectR/Logs/2021-12-25_20-39-01 INFO Log has been created and started
20:39:01,261 C:\Users\ingov\PycharmProjects\ProjectR/Logs/2021-12-25_20-39-01 INFO Metaclass MetaAbsLogger: Starting class MetaLogger
20:39:01,270 C:\Users\ingov\PycharmProjects\ProjectR/Logs/2021-12-25_20-39-01 INFO Metaclass MetaLogger: Starting class QuestionClass
20:39:01,296 C:\Users\ingov\PycharmProjects\ProjectR/Logs/2021-12-25_20-39-01 INFO Metaclass MetaLogger: Starting class QuestionnaireClass
20:39:01,326 C:\Users\ingov\PycharmProjects\ProjectR/Logs/2021-12-25_20-39-01 INFO Metaclass MetaAbsLogger: Starting class SimpleWindow
20:39:01,342 C:\Users\ingov\PycharmProjects\ProjectR/Logs/2021-12-25_20-39-01 INFO C:\Users\ingov\PycharmProjects\ProjectR/Config/config.cfg, exists so we will read it
20:39:01,343 C:\Users\ingov\PycharmProjects\ProjectR/Logs/2021-12-25_20-39-01 INFO Seconds to answer a question: 10
20:39:01,343 C:\Users\ingov\PycharmProjects\ProjectR/Logs/2021-12-25_20-39-01 INFO Seconds between questions: 30
20:39:01,344 C:\Users\ingov\PycharmProjects\ProjectR/Logs/2021-12-25_20-39-01 INFO C:\Users\ingov\PycharmProjects\ProjectR/Config/config.cfg is closed now
20:39:01,344 C:\Users\ingov\PycharmProjects\ProjectR/Logs/2021-12-25_20-39-01 INFO Metaclass MetaLogger: Starting class ConfigClass
20:39:01,348 C:\Users\ingov\PycharmProjects\ProjectR/Logs/2021-12-25_20-39-01 INFO Metaclass MetaAbsLogger: Starting class CurrentSession
20:39:01,348 C:\Users\ingov\PycharmProjects\ProjectR/Logs/2021-12-25_20-39-01 INFO Metaclass MetaAbsLogger: Starting class QuestionWindowAbs
20:39:01,348 C:\Users\ingov\PycharmProjects\ProjectR/Logs/2021-12-25_20-39-01 INFO Metaclass MetaAbsLogger: Starting class QuestionOneAnswer
20:39:01,349 C:\Users\ingov\PycharmProjects\ProjectR/Logs/2021-12-25_20-39-01 INFO Metaclass MetaAbsLogger: Starting class QuestionOneAnswerMultiple
20:39:01,349 C:\Users\ingov\PycharmProjects\ProjectR/Logs/2021-12-25_20-39-01 INFO Loading a questionnaire from file: C:\Users\ingov\PycharmProjects\ProjectR/Data/Questionnaires/QuestionnaireExample2.pickle
20:39:01,349 C:\Users\ingov\PycharmProjects\ProjectR/Logs/2021-12-25_20-39-01 INFO Getting attribute: __dict__
20:39:01,349 C:\Users\ingov\PycharmProjects\ProjectR/Logs/2021-12-25_20-39-01 INFO Getting attribute: __dict__
20:39:01,349 C:\Users\ingov\PycharmProjects\ProjectR/Logs/2021-12-25_20-39-01 INFO Getting attribute: __dict__
20:39:01,349 C:\Users\ingov\PycharmProjects\ProjectR/Logs/2021-12-25_20-39-01 INFO Calling get_secs_to_answer
20:39:01,349 C:\Users\ingov\PycharmProjects\ProjectR/Logs/2021-12-25_20-39-01 INFO Getting secs to answer a questions: 10
20:39:01,349 C:\Users\ingov\PycharmProjects\ProjectR/Logs/2021-12-25_20-39-01 INFO Getting method: get_question_type
20:39:01,349 C:\Users\ingov\PycharmProjects\ProjectR/Logs/2021-12-25_20-39-01 INFO Getting attribute: _QuestionClass__answers
20:39:01,349 C:\Users\ingov\PycharmProjects\ProjectR/Logs/2021-12-25_20-39-01 INFO Getting attribute: _QuestionClass__answers
20:39:01,349 C:\Users\ingov\PycharmProjects\ProjectR/Logs/2021-12-25_20-39-01 INFO Getting attribute: logger
20:39:01,349 C:\Users\ingov\PycharmProjects\ProjectR/Logs/2021-12-25_20-39-01 INFO This question is a multiple choice question with two answers: Checkboxes: value 2
20:39:01,349 C:\Users\ingov\PycharmProjects\ProjectR/Logs/2021-12-25_20-39-01 INFO Getting method: get_question_type
20:39:01,350 C:\Users\ingov\PycharmProjects\ProjectR/Logs/2021-12-25_20-39-01 INFO Getting attribute: _QuestionClass__answers
20:39:01,350 C:\Users\ingov\PycharmProjects\ProjectR/Logs/2021-12-25_20-39-01 INFO Getting attribute: _QuestionClass__answers
20:39:01,350 C:\Users\ingov\PycharmProjects\ProjectR/Logs/2021-12-25_20-39-01 INFO Getting attribute: logger
20:39:01,350 C:\Users\ingov\PycharmProjects\ProjectR/Logs/2021-12-25_20-39-01 INFO This question is a multiple choice question with two answers: Checkboxes: value 2
20:39:01,350 C:\Users\ingov\PycharmProjects\ProjectR/Logs/2021-12-25_20-39-01 INFO Getting into __init__ for class: QuestionOneAnswerMultiple
20:39:01,350 C:\Users\ingov\PycharmProjects\ProjectR/Logs/2021-12-25_20-39-01 INFO Attributes in args: ()
20:39:01,350 C:\Users\ingov\PycharmProjects\ProjectR/Logs/2021-12-25_20-39-01 INFO Attributes in kwargs: {'width': 600, 'height': 550, 'title': 'Question 0'}
20:39:01,426 C:\Users\ingov\PycharmProjects\ProjectR/Logs/2021-12-25_20-39-01 INFO Setting member: window to value=.
20:39:01,426 C:\Users\ingov\PycharmProjects\ProjectR/Logs/2021-12-25_20-39-01 INFO Getting attribute: window
20:39:01,426 C:\Users\ingov\PycharmProjects\ProjectR/Logs/2021-12-25_20-39-01 INFO Setting member: height to value=550
20:39:01,426 C:\Users\ingov\PycharmProjects\ProjectR/Logs/2021-12-25_20-39-01 INFO Setting member: width to value=600
20:39:01,426 C:\Users\ingov\PycharmProjects\ProjectR/Logs/2021-12-25_20-39-01 INFO Getting attribute: window
20:39:01,427 C:\Users\ingov\PycharmProjects\ProjectR/Logs/2021-12-25_20-39-01 INFO Getting attribute: window
20:39:01,427 C:\Users\ingov\PycharmProjects\ProjectR/Logs/2021-12-25_20-39-01 INFO Getting attribute: window
20:39:01,432 C:\Users\ingov\PycharmProjects\ProjectR/Logs/2021-12-25_20-39-01 INFO Setting member: menu to value=.!menu
20:39:01,432 C:\Users\ingov\PycharmProjects\ProjectR/Logs/2021-12-25_20-39-01 INFO Getting attribute: window
20:39:01,432 C:\Users\ingov\PycharmProjects\ProjectR/Logs/2021-12-25_20-39-01 INFO Getting attribute: menu
20:39:01,436 C:\Users\ingov\PycharmProjects\ProjectR/Logs/2021-12-25_20-39-01 INFO Getting attribute: menu
20:39:01,437 C:\Users\ingov\PycharmProjects\ProjectR/Logs/2021-12-25_20-39-01 INFO Getting method: go_back_to_main
20:39:01,437 C:\Users\ingov\PycharmProjects\ProjectR/Logs/2021-12-25_20-39-01 INFO Getting attribute: menu
20:39:01,437 C:\Users\ingov\PycharmProjects\ProjectR/Logs/2021-12-25_20-39-01 INFO Getting attribute: _QuestionClass__question
20:39:01,437 C:\Users\ingov\PycharmProjects\ProjectR/Logs/2021-12-25_20-39-01 INFO Getting attribute: question
20:39:01,437 C:\Users\ingov\PycharmProjects\ProjectR/Logs/2021-12-25_20-39-01 INFO Getting attribute: _QuestionClass__answers
20:39:01,437 C:\Users\ingov\PycharmProjects\ProjectR/Logs/2021-12-25_20-39-01 INFO Getting attribute: answers
20:39:01,437 C:\Users\ingov\PycharmProjects\ProjectR/Logs/2021-12-25_20-39-01 INFO Setting member: question to value=Which of the following countries belong to the European Union: [('Serbia', False), ('Latvia', True), ('Norway', False), ('Malta', True)]
20:39:01,437 C:\Users\ingov\PycharmProjects\ProjectR/Logs/2021-12-25_20-39-01 INFO Getting attribute: window
20:39:01,437 C:\Users\ingov\PycharmProjects\ProjectR/Logs/2021-12-25_20-39-01 INFO Getting attribute: _QuestionClass__question
20:39:01,437 C:\Users\ingov\PycharmProjects\ProjectR/Logs/2021-12-25_20-39-01 INFO Getting attribute: question
20:39:01,438 C:\Users\ingov\PycharmProjects\ProjectR/Logs/2021-12-25_20-39-01 INFO Setting member: question_label to value=.!label
20:39:01,438 C:\Users\ingov\PycharmProjects\ProjectR/Logs/2021-12-25_20-39-01 INFO Getting attribute: question_label
20:39:01,438 C:\Users\ingov\PycharmProjects\ProjectR/Logs/2021-12-25_20-39-01 INFO Getting attribute: question_label
20:39:01,438 C:\Users\ingov\PycharmProjects\ProjectR/Logs/2021-12-25_20-39-01 INFO Setting member: radio_buttons to value=[]
20:39:01,438 C:\Users\ingov\PycharmProjects\ProjectR/Logs/2021-12-25_20-39-01 INFO Setting member: answer_group to value=PY_VAR0
20:39:01,438 C:\Users\ingov\PycharmProjects\ProjectR/Logs/2021-12-25_20-39-01 INFO Setting member: radio_button_font to value=('TkDefaultFont', 12)
20:39:01,438 C:\Users\ingov\PycharmProjects\ProjectR/Logs/2021-12-25_20-39-01 INFO Getting attribute: question
20:39:01,439 C:\Users\ingov\PycharmProjects\ProjectR/Logs/2021-12-25_20-39-01 INFO Getting attribute: _QuestionClass__answers
20:39:01,439 C:\Users\ingov\PycharmProjects\ProjectR/Logs/2021-12-25_20-39-01 INFO Getting attribute: answers
20:39:01,439 C:\Users\ingov\PycharmProjects\ProjectR/Logs/2021-12-25_20-39-01 INFO Getting attribute: window
20:39:01,439 C:\Users\ingov\PycharmProjects\ProjectR/Logs/2021-12-25_20-39-01 INFO Getting attribute: answer_group
20:39:01,439 C:\Users\ingov\PycharmProjects\ProjectR/Logs/2021-12-25_20-39-01 INFO Getting method: reveal_result
20:39:01,439 C:\Users\ingov\PycharmProjects\ProjectR/Logs/2021-12-25_20-39-01 INFO Getting attribute: radio_button_font
20:39:01,439 C:\Users\ingov\PycharmProjects\ProjectR/Logs/2021-12-25_20-39-01 INFO Getting attribute: radio_buttons
20:39:01,439 C:\Users\ingov\PycharmProjects\ProjectR/Logs/2021-12-25_20-39-01 INFO Getting attribute: window
20:39:01,440 C:\Users\ingov\PycharmProjects\ProjectR/Logs/2021-12-25_20-39-01 INFO Getting attribute: answer_group
20:39:01,440 C:\Users\ingov\PycharmProjects\ProjectR/Logs/2021-12-25_20-39-01 INFO Getting method: reveal_result
20:39:01,440 C:\Users\ingov\PycharmProjects\ProjectR/Logs/2021-12-25_20-39-01 INFO Getting attribute: radio_button_font
20:39:01,440 C:\Users\ingov\PycharmProjects\ProjectR/Logs/2021-12-25_20-39-01 INFO Getting attribute: radio_buttons
20:39:01,440 C:\Users\ingov\PycharmProjects\ProjectR/Logs/2021-12-25_20-39-01 INFO Getting attribute: window
20:39:01,440 C:\Users\ingov\PycharmProjects\ProjectR/Logs/2021-12-25_20-39-01 INFO Getting attribute: answer_group
20:39:01,440 C:\Users\ingov\PycharmProjects\ProjectR/Logs/2021-12-25_20-39-01 INFO Getting method: reveal_result
20:39:01,440 C:\Users\ingov\PycharmProjects\ProjectR/Logs/2021-12-25_20-39-01 INFO Getting attribute: radio_button_font
20:39:01,441 C:\Users\ingov\PycharmProjects\ProjectR/Logs/2021-12-25_20-39-01 INFO Getting attribute: radio_buttons
20:39:01,441 C:\Users\ingov\PycharmProjects\ProjectR/Logs/2021-12-25_20-39-01 INFO Getting attribute: window
20:39:01,441 C:\Users\ingov\PycharmProjects\ProjectR/Logs/2021-12-25_20-39-01 INFO Getting attribute: answer_group
20:39:01,441 C:\Users\ingov\PycharmProjects\ProjectR/Logs/2021-12-25_20-39-01 INFO Getting method: reveal_result
20:39:01,441 C:\Users\ingov\PycharmProjects\ProjectR/Logs/2021-12-25_20-39-01 INFO Getting attribute: radio_button_font
20:39:01,442 C:\Users\ingov\PycharmProjects\ProjectR/Logs/2021-12-25_20-39-01 INFO Getting attribute: radio_buttons
20:39:01,442 C:\Users\ingov\PycharmProjects\ProjectR/Logs/2021-12-25_20-39-01 INFO Getting attribute: window
20:39:01,442 C:\Users\ingov\PycharmProjects\ProjectR/Logs/2021-12-25_20-39-01 INFO Getting attribute: window
20:39:01,442 C:\Users\ingov\PycharmProjects\ProjectR/Logs/2021-12-25_20-39-01 INFO Getting attribute: window
20:39:03,658 C:\Users\ingov\PycharmProjects\ProjectR/Logs/2021-12-25_20-39-01 INFO Getting attribute: radio_buttons
20:39:03,658 C:\Users\ingov\PycharmProjects\ProjectR/Logs/2021-12-25_20-39-01 INFO Getting attribute: window
20:39:03,658 C:\Users\ingov\PycharmProjects\ProjectR/Logs/2021-12-25_20-39-01 INFO Getting attribute: answer_group
20:39:03,658 C:\Users\ingov\PycharmProjects\ProjectR/Logs/2021-12-25_20-39-01 INFO Getting attribute: question
20:39:03,658 C:\Users\ingov\PycharmProjects\ProjectR/Logs/2021-12-25_20-39-01 INFO Getting attribute: _QuestionClass__question
20:39:03,658 C:\Users\ingov\PycharmProjects\ProjectR/Logs/2021-12-25_20-39-01 INFO Getting attribute: question
20:39:03,658 C:\Users\ingov\PycharmProjects\ProjectR/Logs/2021-12-25_20-39-01 INFO Getting attribute: window
20:39:03,658 C:\Users\ingov\PycharmProjects\ProjectR/Logs/2021-12-25_20-39-01 INFO Getting attribute: window
20:39:03,658 C:\Users\ingov\PycharmProjects\ProjectR/Logs/2021-12-25_20-39-01 INFO Getting attribute: window
20:39:03,658 C:\Users\ingov\PycharmProjects\ProjectR/Logs/2021-12-25_20-39-01 INFO Getting attribute: window
20:39:03,658 C:\Users\ingov\PycharmProjects\ProjectR/Logs/2021-12-25_20-39-01 INFO Getting attribute: window
20:39:03,658 C:\Users\ingov\PycharmProjects\ProjectR/Logs/2021-12-25_20-39-01 INFO Getting attribute: window
20:39:11,478 C:\Users\ingov\PycharmProjects\ProjectR/Logs/2021-12-25_20-39-01 INFO Calling get_secs_between_questions
20:39:11,478 C:\Users\ingov\PycharmProjects\ProjectR/Logs/2021-12-25_20-39-01 INFO Getting secs between questions: 10
20:39:41,478 C:\Users\ingov\PycharmProjects\ProjectR/Logs/2021-12-25_20-39-01 INFO Getting method: get_question_type
20:39:41,478 C:\Users\ingov\PycharmProjects\ProjectR/Logs/2021-12-25_20-39-01 INFO Getting attribute: _QuestionClass__answers
20:39:41,478 C:\Users\ingov\PycharmProjects\ProjectR/Logs/2021-12-25_20-39-01 INFO Getting attribute: logger
20:39:41,478 C:\Users\ingov\PycharmProjects\ProjectR/Logs/2021-12-25_20-39-01 INFO This question is a single answer question: Text input: value 0
20:39:41,478 C:\Users\ingov\PycharmProjects\ProjectR/Logs/2021-12-25_20-39-01 INFO Getting into __init__ for class: QuestionOneAnswer
20:39:41,478 C:\Users\ingov\PycharmProjects\ProjectR/Logs/2021-12-25_20-39-01 INFO Attributes in args: ()
20:39:41,478 C:\Users\ingov\PycharmProjects\ProjectR/Logs/2021-12-25_20-39-01 INFO Attributes in kwargs: {'width': 600, 'height': 450, 'title': 'Question 1'}
20:39:41,548 C:\Users\ingov\PycharmProjects\ProjectR/Logs/2021-12-25_20-39-01 INFO Setting member: window to value=.
20:39:41,548 C:\Users\ingov\PycharmProjects\ProjectR/Logs/2021-12-25_20-39-01 INFO Getting attribute: window
20:39:41,548 C:\Users\ingov\PycharmProjects\ProjectR/Logs/2021-12-25_20-39-01 INFO Setting member: height to value=450
20:39:41,548 C:\Users\ingov\PycharmProjects\ProjectR/Logs/2021-12-25_20-39-01 INFO Setting member: width to value=600
20:39:41,548 C:\Users\ingov\PycharmProjects\ProjectR/Logs/2021-12-25_20-39-01 INFO Getting attribute: window
20:39:41,548 C:\Users\ingov\PycharmProjects\ProjectR/Logs/2021-12-25_20-39-01 INFO Getting attribute: window
20:39:41,548 C:\Users\ingov\PycharmProjects\ProjectR/Logs/2021-12-25_20-39-01 INFO Getting attribute: window
20:39:41,549 C:\Users\ingov\PycharmProjects\ProjectR/Logs/2021-12-25_20-39-01 INFO Setting member: menu to value=.!menu
20:39:41,549 C:\Users\ingov\PycharmProjects\ProjectR/Logs/2021-12-25_20-39-01 INFO Getting attribute: window
20:39:41,549 C:\Users\ingov\PycharmProjects\ProjectR/Logs/2021-12-25_20-39-01 INFO Getting attribute: menu
20:39:41,553 C:\Users\ingov\PycharmProjects\ProjectR/Logs/2021-12-25_20-39-01 INFO Getting attribute: menu
20:39:41,553 C:\Users\ingov\PycharmProjects\ProjectR/Logs/2021-12-25_20-39-01 INFO Getting method: go_back_to_main
20:39:41,553 C:\Users\ingov\PycharmProjects\ProjectR/Logs/2021-12-25_20-39-01 INFO Getting attribute: menu
20:39:41,554 C:\Users\ingov\PycharmProjects\ProjectR/Logs/2021-12-25_20-39-01 INFO Getting attribute: _QuestionClass__question
20:39:41,554 C:\Users\ingov\PycharmProjects\ProjectR/Logs/2021-12-25_20-39-01 INFO Getting attribute: question
20:39:41,554 C:\Users\ingov\PycharmProjects\ProjectR/Logs/2021-12-25_20-39-01 INFO Getting attribute: _QuestionClass__answers
20:39:41,554 C:\Users\ingov\PycharmProjects\ProjectR/Logs/2021-12-25_20-39-01 INFO Getting attribute: answers
20:39:41,554 C:\Users\ingov\PycharmProjects\ProjectR/Logs/2021-12-25_20-39-01 INFO Setting member: question to value=What do you say to a person in the morning?: Good morning
20:39:41,554 C:\Users\ingov\PycharmProjects\ProjectR/Logs/2021-12-25_20-39-01 INFO Getting attribute: window
20:39:41,554 C:\Users\ingov\PycharmProjects\ProjectR/Logs/2021-12-25_20-39-01 INFO Getting attribute: _QuestionClass__question
20:39:41,554 C:\Users\ingov\PycharmProjects\ProjectR/Logs/2021-12-25_20-39-01 INFO Getting attribute: question
20:39:41,554 C:\Users\ingov\PycharmProjects\ProjectR/Logs/2021-12-25_20-39-01 INFO Setting member: question_label to value=.!label
20:39:41,554 C:\Users\ingov\PycharmProjects\ProjectR/Logs/2021-12-25_20-39-01 INFO Getting attribute: question_label
20:39:41,555 C:\Users\ingov\PycharmProjects\ProjectR/Logs/2021-12-25_20-39-01 INFO Getting attribute: question_label
20:39:41,555 C:\Users\ingov\PycharmProjects\ProjectR/Logs/2021-12-25_20-39-01 INFO Getting attribute: window
20:39:41,555 C:\Users\ingov\PycharmProjects\ProjectR/Logs/2021-12-25_20-39-01 INFO Getting method: reveal_answer
20:39:41,555 C:\Users\ingov\PycharmProjects\ProjectR/Logs/2021-12-25_20-39-01 INFO Setting member: button_answer to value=.!button
20:39:41,555 C:\Users\ingov\PycharmProjects\ProjectR/Logs/2021-12-25_20-39-01 INFO Getting attribute: button_answer
20:39:41,555 C:\Users\ingov\PycharmProjects\ProjectR/Logs/2021-12-25_20-39-01 INFO Setting member: answer_label to value=None
20:39:41,557 C:\Users\ingov\PycharmProjects\ProjectR/Logs/2021-12-25_20-39-01 INFO Getting attribute: window
20:39:41,557 C:\Users\ingov\PycharmProjects\ProjectR/Logs/2021-12-25_20-39-01 INFO Getting attribute: window
20:39:41,557 C:\Users\ingov\PycharmProjects\ProjectR/Logs/2021-12-25_20-39-01 INFO Getting attribute: window
20:39:43,865 C:\Users\ingov\PycharmProjects\ProjectR/Logs/2021-12-25_20-39-01 INFO Getting attribute: question
20:39:43,865 C:\Users\ingov\PycharmProjects\ProjectR/Logs/2021-12-25_20-39-01 INFO Getting method: get_correct_answers
20:39:43,866 C:\Users\ingov\PycharmProjects\ProjectR/Logs/2021-12-25_20-39-01 INFO Getting method: get_question_type
20:39:43,866 C:\Users\ingov\PycharmProjects\ProjectR/Logs/2021-12-25_20-39-01 INFO Getting attribute: _QuestionClass__answers
20:39:43,866 C:\Users\ingov\PycharmProjects\ProjectR/Logs/2021-12-25_20-39-01 INFO Getting attribute: logger
20:39:43,866 C:\Users\ingov\PycharmProjects\ProjectR/Logs/2021-12-25_20-39-01 INFO This question is a single answer question: Text input: value 0
20:39:43,866 C:\Users\ingov\PycharmProjects\ProjectR/Logs/2021-12-25_20-39-01 INFO Getting attribute: logger
20:39:43,866 C:\Users\ingov\PycharmProjects\ProjectR/Logs/2021-12-25_20-39-01 INFO Getting attribute: _QuestionClass__answers
20:39:43,866 C:\Users\ingov\PycharmProjects\ProjectR/Logs/2021-12-25_20-39-01 INFO The correct answer is Good morning
20:39:43,866 C:\Users\ingov\PycharmProjects\ProjectR/Logs/2021-12-25_20-39-01 INFO Getting attribute: _QuestionClass__answers
20:39:43,867 C:\Users\ingov\PycharmProjects\ProjectR/Logs/2021-12-25_20-39-01 INFO Getting attribute: window
20:39:43,867 C:\Users\ingov\PycharmProjects\ProjectR/Logs/2021-12-25_20-39-01 INFO Getting attribute: question
20:39:43,867 C:\Users\ingov\PycharmProjects\ProjectR/Logs/2021-12-25_20-39-01 INFO Getting method: get_correct_answers
20:39:43,867 C:\Users\ingov\PycharmProjects\ProjectR/Logs/2021-12-25_20-39-01 INFO Getting method: get_question_type
20:39:43,867 C:\Users\ingov\PycharmProjects\ProjectR/Logs/2021-12-25_20-39-01 INFO Getting attribute: _QuestionClass__answers
20:39:43,867 C:\Users\ingov\PycharmProjects\ProjectR/Logs/2021-12-25_20-39-01 INFO Getting attribute: logger
20:39:43,867 C:\Users\ingov\PycharmProjects\ProjectR/Logs/2021-12-25_20-39-01 INFO This question is a single answer question: Text input: value 0
20:39:43,868 C:\Users\ingov\PycharmProjects\ProjectR/Logs/2021-12-25_20-39-01 INFO Getting attribute: logger
20:39:43,868 C:\Users\ingov\PycharmProjects\ProjectR/Logs/2021-12-25_20-39-01 INFO Getting attribute: _QuestionClass__answers
20:39:43,868 C:\Users\ingov\PycharmProjects\ProjectR/Logs/2021-12-25_20-39-01 INFO The correct answer is Good morning
20:39:43,868 C:\Users\ingov\PycharmProjects\ProjectR/Logs/2021-12-25_20-39-01 INFO Getting attribute: _QuestionClass__answers
20:39:43,870 C:\Users\ingov\PycharmProjects\ProjectR/Logs/2021-12-25_20-39-01 INFO Setting member: answer_label to value=.!label2
20:39:43,870 C:\Users\ingov\PycharmProjects\ProjectR/Logs/2021-12-25_20-39-01 INFO Getting attribute: answer_label
20:39:43,870 C:\Users\ingov\PycharmProjects\ProjectR/Logs/2021-12-25_20-39-01 INFO Getting attribute: window
20:39:43,870 C:\Users\ingov\PycharmProjects\ProjectR/Logs/2021-12-25_20-39-01 INFO Getting method: command_button_correct
20:39:43,871 C:\Users\ingov\PycharmProjects\ProjectR/Logs/2021-12-25_20-39-01 INFO Getting method: command_button_failed
20:39:43,872 C:\Users\ingov\PycharmProjects\ProjectR/Logs/2021-12-25_20-39-01 INFO Getting attribute: window
20:39:45,475 C:\Users\ingov\PycharmProjects\ProjectR/Logs/2021-12-25_20-39-01 INFO Getting method: add_result
20:39:45,475 C:\Users\ingov\PycharmProjects\ProjectR/Logs/2021-12-25_20-39-01 INFO Getting attribute: question
20:39:45,476 C:\Users\ingov\PycharmProjects\ProjectR/Logs/2021-12-25_20-39-01 INFO Getting attribute: _QuestionClass__question
20:39:45,476 C:\Users\ingov\PycharmProjects\ProjectR/Logs/2021-12-25_20-39-01 INFO Getting attribute: question
20:39:45,476 C:\Users\ingov\PycharmProjects\ProjectR/Logs/2021-12-25_20-39-01 INFO Getting attribute: window
20:39:45,476 C:\Users\ingov\PycharmProjects\ProjectR/Logs/2021-12-25_20-39-01 INFO Getting attribute: window
20:39:49,946 C:\Users\ingov\PycharmProjects\ProjectR/Logs/2021-12-25_20-39-01 INFO Getting method: add_result
20:39:49,946 C:\Users\ingov\PycharmProjects\ProjectR/Logs/2021-12-25_20-39-01 INFO Getting attribute: question
20:39:49,946 C:\Users\ingov\PycharmProjects\ProjectR/Logs/2021-12-25_20-39-01 INFO Getting attribute: _QuestionClass__question
20:39:49,946 C:\Users\ingov\PycharmProjects\ProjectR/Logs/2021-12-25_20-39-01 INFO Getting attribute: question
20:39:49,946 C:\Users\ingov\PycharmProjects\ProjectR/Logs/2021-12-25_20-39-01 INFO Getting attribute: window
20:39:49,946 C:\Users\ingov\PycharmProjects\ProjectR/Logs/2021-12-25_20-39-01 INFO Getting attribute: window
20:39:51,586 C:\Users\ingov\PycharmProjects\ProjectR/Logs/2021-12-25_20-39-01 INFO Calling get_secs_between_questions
20:39:51,586 C:\Users\ingov\PycharmProjects\ProjectR/Logs/2021-12-25_20-39-01 INFO Getting secs between questions: 10
20:40:21,598 C:\Users\ingov\PycharmProjects\ProjectR/Logs/2021-12-25_20-39-01 INFO Getting method: get_question_type
20:40:21,598 C:\Users\ingov\PycharmProjects\ProjectR/Logs/2021-12-25_20-39-01 INFO Getting attribute: _QuestionClass__answers
20:40:21,598 C:\Users\ingov\PycharmProjects\ProjectR/Logs/2021-12-25_20-39-01 INFO Getting attribute: _QuestionClass__answers
20:40:21,598 C:\Users\ingov\PycharmProjects\ProjectR/Logs/2021-12-25_20-39-01 INFO Getting attribute: logger
20:40:21,598 C:\Users\ingov\PycharmProjects\ProjectR/Logs/2021-12-25_20-39-01 INFO This question is a multiple choice question with a single answer: Radio button: value 1
20:40:21,598 C:\Users\ingov\PycharmProjects\ProjectR/Logs/2021-12-25_20-39-01 INFO Getting method: get_question_type
20:40:21,598 C:\Users\ingov\PycharmProjects\ProjectR/Logs/2021-12-25_20-39-01 INFO Getting attribute: _QuestionClass__answers
20:40:21,598 C:\Users\ingov\PycharmProjects\ProjectR/Logs/2021-12-25_20-39-01 INFO Getting attribute: _QuestionClass__answers
20:40:21,598 C:\Users\ingov\PycharmProjects\ProjectR/Logs/2021-12-25_20-39-01 INFO Getting attribute: logger
20:40:21,598 C:\Users\ingov\PycharmProjects\ProjectR/Logs/2021-12-25_20-39-01 INFO This question is a multiple choice question with a single answer: Radio button: value 1
20:40:21,598 C:\Users\ingov\PycharmProjects\ProjectR/Logs/2021-12-25_20-39-01 INFO Getting into __init__ for class: QuestionOneAnswerMultiple
20:40:21,598 C:\Users\ingov\PycharmProjects\ProjectR/Logs/2021-12-25_20-39-01 INFO Attributes in args: ()
20:40:21,598 C:\Users\ingov\PycharmProjects\ProjectR/Logs/2021-12-25_20-39-01 INFO Attributes in kwargs: {'width': 600, 'height': 550, 'title': 'Question 2'}
20:40:21,758 C:\Users\ingov\PycharmProjects\ProjectR/Logs/2021-12-25_20-39-01 INFO Setting member: window to value=.
20:40:21,758 C:\Users\ingov\PycharmProjects\ProjectR/Logs/2021-12-25_20-39-01 INFO Getting attribute: window
20:40:21,758 C:\Users\ingov\PycharmProjects\ProjectR/Logs/2021-12-25_20-39-01 INFO Setting member: height to value=550
20:40:21,758 C:\Users\ingov\PycharmProjects\ProjectR/Logs/2021-12-25_20-39-01 INFO Setting member: width to value=600
20:40:21,758 C:\Users\ingov\PycharmProjects\ProjectR/Logs/2021-12-25_20-39-01 INFO Getting attribute: window
20:40:21,758 C:\Users\ingov\PycharmProjects\ProjectR/Logs/2021-12-25_20-39-01 INFO Getting attribute: window
20:40:21,758 C:\Users\ingov\PycharmProjects\ProjectR/Logs/2021-12-25_20-39-01 INFO Getting attribute: window
20:40:21,758 C:\Users\ingov\PycharmProjects\ProjectR/Logs/2021-12-25_20-39-01 INFO Setting member: menu to value=.!menu
20:40:21,768 C:\Users\ingov\PycharmProjects\ProjectR/Logs/2021-12-25_20-39-01 INFO Getting attribute: window
20:40:21,768 C:\Users\ingov\PycharmProjects\ProjectR/Logs/2021-12-25_20-39-01 INFO Getting attribute: menu
20:40:21,778 C:\Users\ingov\PycharmProjects\ProjectR/Logs/2021-12-25_20-39-01 INFO Getting attribute: menu
20:40:21,778 C:\Users\ingov\PycharmProjects\ProjectR/Logs/2021-12-25_20-39-01 INFO Getting method: go_back_to_main
20:40:21,778 C:\Users\ingov\PycharmProjects\ProjectR/Logs/2021-12-25_20-39-01 INFO Getting attribute: menu
20:40:21,778 C:\Users\ingov\PycharmProjects\ProjectR/Logs/2021-12-25_20-39-01 INFO Getting attribute: _QuestionClass__question
20:40:21,778 C:\Users\ingov\PycharmProjects\ProjectR/Logs/2021-12-25_20-39-01 INFO Getting attribute: question
20:40:21,778 C:\Users\ingov\PycharmProjects\ProjectR/Logs/2021-12-25_20-39-01 INFO Getting attribute: _QuestionClass__answers
20:40:21,778 C:\Users\ingov\PycharmProjects\ProjectR/Logs/2021-12-25_20-39-01 INFO Getting attribute: answers
20:40:21,778 C:\Users\ingov\PycharmProjects\ProjectR/Logs/2021-12-25_20-39-01 INFO Setting member: question to value=What of the following ones are Python basic types?: [('Fire', False), ('Bool', True), ('Normal', False), ('Basic', False)]
20:40:21,778 C:\Users\ingov\PycharmProjects\ProjectR/Logs/2021-12-25_20-39-01 INFO Getting attribute: window
20:40:21,778 C:\Users\ingov\PycharmProjects\ProjectR/Logs/2021-12-25_20-39-01 INFO Getting attribute: _QuestionClass__question
20:40:21,778 C:\Users\ingov\PycharmProjects\ProjectR/Logs/2021-12-25_20-39-01 INFO Getting attribute: question
20:40:21,778 C:\Users\ingov\PycharmProjects\ProjectR/Logs/2021-12-25_20-39-01 INFO Setting member: question_label to value=.!label
20:40:21,778 C:\Users\ingov\PycharmProjects\ProjectR/Logs/2021-12-25_20-39-01 INFO Getting attribute: question_label
20:40:21,778 C:\Users\ingov\PycharmProjects\ProjectR/Logs/2021-12-25_20-39-01 INFO Getting attribute: question_label
20:40:21,778 C:\Users\ingov\PycharmProjects\ProjectR/Logs/2021-12-25_20-39-01 INFO Setting member: radio_buttons to value=[]
20:40:21,778 C:\Users\ingov\PycharmProjects\ProjectR/Logs/2021-12-25_20-39-01 INFO Setting member: answer_group to value=PY_VAR1
20:40:21,778 C:\Users\ingov\PycharmProjects\ProjectR/Logs/2021-12-25_20-39-01 INFO Setting member: radio_button_font to value=('TkDefaultFont', 12)
20:40:21,778 C:\Users\ingov\PycharmProjects\ProjectR/Logs/2021-12-25_20-39-01 INFO Getting attribute: question
20:40:21,778 C:\Users\ingov\PycharmProjects\ProjectR/Logs/2021-12-25_20-39-01 INFO Getting attribute: _QuestionClass__answers
20:40:21,778 C:\Users\ingov\PycharmProjects\ProjectR/Logs/2021-12-25_20-39-01 INFO Getting attribute: answers
20:40:21,778 C:\Users\ingov\PycharmProjects\ProjectR/Logs/2021-12-25_20-39-01 INFO Getting attribute: window
20:40:21,778 C:\Users\ingov\PycharmProjects\ProjectR/Logs/2021-12-25_20-39-01 INFO Getting attribute: answer_group
20:40:21,778 C:\Users\ingov\PycharmProjects\ProjectR/Logs/2021-12-25_20-39-01 INFO Getting method: reveal_result
20:40:21,778 C:\Users\ingov\PycharmProjects\ProjectR/Logs/2021-12-25_20-39-01 INFO Getting attribute: radio_button_font
20:40:21,778 C:\Users\ingov\PycharmProjects\ProjectR/Logs/2021-12-25_20-39-01 INFO Getting attribute: radio_buttons
20:40:21,778 C:\Users\ingov\PycharmProjects\ProjectR/Logs/2021-12-25_20-39-01 INFO Getting attribute: window
20:40:21,778 C:\Users\ingov\PycharmProjects\ProjectR/Logs/2021-12-25_20-39-01 INFO Getting attribute: answer_group
20:40:21,788 C:\Users\ingov\PycharmProjects\ProjectR/Logs/2021-12-25_20-39-01 INFO Getting method: reveal_result
20:40:21,788 C:\Users\ingov\PycharmProjects\ProjectR/Logs/2021-12-25_20-39-01 INFO Getting attribute: radio_button_font
20:40:21,788 C:\Users\ingov\PycharmProjects\ProjectR/Logs/2021-12-25_20-39-01 INFO Getting attribute: radio_buttons
20:40:21,788 C:\Users\ingov\PycharmProjects\ProjectR/Logs/2021-12-25_20-39-01 INFO Getting attribute: window
20:40:21,788 C:\Users\ingov\PycharmProjects\ProjectR/Logs/2021-12-25_20-39-01 INFO Getting attribute: answer_group
20:40:21,788 C:\Users\ingov\PycharmProjects\ProjectR/Logs/2021-12-25_20-39-01 INFO Getting method: reveal_result
20:40:21,788 C:\Users\ingov\PycharmProjects\ProjectR/Logs/2021-12-25_20-39-01 INFO Getting attribute: radio_button_font
20:40:21,788 C:\Users\ingov\PycharmProjects\ProjectR/Logs/2021-12-25_20-39-01 INFO Getting attribute: radio_buttons
20:40:21,788 C:\Users\ingov\PycharmProjects\ProjectR/Logs/2021-12-25_20-39-01 INFO Getting attribute: window
20:40:21,788 C:\Users\ingov\PycharmProjects\ProjectR/Logs/2021-12-25_20-39-01 INFO Getting attribute: answer_group
20:40:21,788 C:\Users\ingov\PycharmProjects\ProjectR/Logs/2021-12-25_20-39-01 INFO Getting method: reveal_result
20:40:21,788 C:\Users\ingov\PycharmProjects\ProjectR/Logs/2021-12-25_20-39-01 INFO Getting attribute: radio_button_font
20:40:21,788 C:\Users\ingov\PycharmProjects\ProjectR/Logs/2021-12-25_20-39-01 INFO Getting attribute: radio_buttons
20:40:21,788 C:\Users\ingov\PycharmProjects\ProjectR/Logs/2021-12-25_20-39-01 INFO Getting attribute: window
20:40:21,788 C:\Users\ingov\PycharmProjects\ProjectR/Logs/2021-12-25_20-39-01 INFO Getting attribute: window
20:40:21,788 C:\Users\ingov\PycharmProjects\ProjectR/Logs/2021-12-25_20-39-01 INFO Getting attribute: window
20:40:23,728 C:\Users\ingov\PycharmProjects\ProjectR/Logs/2021-12-25_20-39-01 INFO Getting attribute: radio_buttons
20:40:23,728 C:\Users\ingov\PycharmProjects\ProjectR/Logs/2021-12-25_20-39-01 INFO Getting attribute: window
20:40:23,728 C:\Users\ingov\PycharmProjects\ProjectR/Logs/2021-12-25_20-39-01 INFO Getting attribute: answer_group
20:40:23,728 C:\Users\ingov\PycharmProjects\ProjectR/Logs/2021-12-25_20-39-01 INFO Getting attribute: question
20:40:23,728 C:\Users\ingov\PycharmProjects\ProjectR/Logs/2021-12-25_20-39-01 INFO Getting attribute: _QuestionClass__question
20:40:23,728 C:\Users\ingov\PycharmProjects\ProjectR/Logs/2021-12-25_20-39-01 INFO Getting attribute: question
20:40:23,728 C:\Users\ingov\PycharmProjects\ProjectR/Logs/2021-12-25_20-39-01 INFO Getting attribute: window
20:40:23,728 C:\Users\ingov\PycharmProjects\ProjectR/Logs/2021-12-25_20-39-01 INFO Getting attribute: window
20:40:23,728 C:\Users\ingov\PycharmProjects\ProjectR/Logs/2021-12-25_20-39-01 INFO Getting attribute: window
20:40:23,728 C:\Users\ingov\PycharmProjects\ProjectR/Logs/2021-12-25_20-39-01 INFO Getting attribute: window
20:40:23,728 C:\Users\ingov\PycharmProjects\ProjectR/Logs/2021-12-25_20-39-01 INFO Getting attribute: window
20:40:23,728 C:\Users\ingov\PycharmProjects\ProjectR/Logs/2021-12-25_20-39-01 INFO Getting attribute: window
