20:06:54,399 C:\Users\ingov\PycharmProjects\ProjectR/Logs/2021-12-25_20-06-54 INFO Log has been created and started
20:06:54,399 C:\Users\ingov\PycharmProjects\ProjectR/Logs/2021-12-25_20-06-54 INFO Metaclass MetaAbsLogger: Starting class MetaLogger
20:06:54,399 C:\Users\ingov\PycharmProjects\ProjectR/Logs/2021-12-25_20-06-54 INFO Metaclass MetaLogger: Starting class QuestionClass
20:06:54,411 C:\Users\ingov\PycharmProjects\ProjectR/Logs/2021-12-25_20-06-54 INFO Metaclass MetaLogger: Starting class QuestionnaireClass
20:06:54,419 C:\Users\ingov\PycharmProjects\ProjectR/Logs/2021-12-25_20-06-54 INFO Metaclass MetaAbsLogger: Starting class CurrentSession
20:06:54,439 C:\Users\ingov\PycharmProjects\ProjectR/Logs/2021-12-25_20-06-54 INFO Metaclass MetaAbsLogger: Starting class SimpleWindow
20:06:54,449 C:\Users\ingov\PycharmProjects\ProjectR/Logs/2021-12-25_20-06-54 INFO C:\Users\ingov\PycharmProjects\ProjectR/Config/config.cfg, exists so we will read it
20:06:54,449 C:\Users\ingov\PycharmProjects\ProjectR/Logs/2021-12-25_20-06-54 INFO Seconds to answer a question: 10
20:06:54,449 C:\Users\ingov\PycharmProjects\ProjectR/Logs/2021-12-25_20-06-54 INFO Seconds between questions: 30
20:06:54,449 C:\Users\ingov\PycharmProjects\ProjectR/Logs/2021-12-25_20-06-54 INFO C:\Users\ingov\PycharmProjects\ProjectR/Config/config.cfg is closed now
20:06:54,449 C:\Users\ingov\PycharmProjects\ProjectR/Logs/2021-12-25_20-06-54 INFO Metaclass MetaLogger: Starting class ConfigClass
20:06:54,449 C:\Users\ingov\PycharmProjects\ProjectR/Logs/2021-12-25_20-06-54 INFO Metaclass MetaAbsLogger: Starting class QuestionWindowAbs
20:06:54,449 C:\Users\ingov\PycharmProjects\ProjectR/Logs/2021-12-25_20-06-54 INFO Metaclass MetaAbsLogger: Starting class QuestionOneAnswer
20:06:54,449 C:\Users\ingov\PycharmProjects\ProjectR/Logs/2021-12-25_20-06-54 INFO Metaclass MetaAbsLogger: Starting class QuestionOneAnswerMultiple
20:06:54,449 C:\Users\ingov\PycharmProjects\ProjectR/Logs/2021-12-25_20-06-54 INFO Getting into __init__ for class: QuestionClass
20:06:54,449 C:\Users\ingov\PycharmProjects\ProjectR/Logs/2021-12-25_20-06-54 INFO Attributes in args: ('What do you say to a person in the morning?', 'Good morning')
20:06:54,449 C:\Users\ingov\PycharmProjects\ProjectR/Logs/2021-12-25_20-06-54 INFO Attributes in kwargs: {}
20:06:54,449 C:\Users\ingov\PycharmProjects\ProjectR/Logs/2021-12-25_20-06-54 INFO Setting member: _QuestionClass__question to value=What do you say to a person in the morning?
20:06:54,449 C:\Users\ingov\PycharmProjects\ProjectR/Logs/2021-12-25_20-06-54 INFO Setting member: _QuestionClass__answers to value=Good morning
20:06:54,449 C:\Users\ingov\PycharmProjects\ProjectR/Logs/2021-12-25_20-06-54 INFO Getting into __init__ for class: QuestionOneAnswer
20:06:54,449 C:\Users\ingov\PycharmProjects\ProjectR/Logs/2021-12-25_20-06-54 INFO Attributes in args: ()
20:06:54,449 C:\Users\ingov\PycharmProjects\ProjectR/Logs/2021-12-25_20-06-54 INFO Attributes in kwargs: {'width': 600, 'height': 450, 'title': 'Question 3'}
20:06:54,529 C:\Users\ingov\PycharmProjects\ProjectR/Logs/2021-12-25_20-06-54 INFO Setting member: window to value=.
20:06:54,529 C:\Users\ingov\PycharmProjects\ProjectR/Logs/2021-12-25_20-06-54 INFO Getting attribute: window
20:06:54,529 C:\Users\ingov\PycharmProjects\ProjectR/Logs/2021-12-25_20-06-54 INFO Setting member: height to value=450
20:06:54,529 C:\Users\ingov\PycharmProjects\ProjectR/Logs/2021-12-25_20-06-54 INFO Setting member: width to value=600
20:06:54,529 C:\Users\ingov\PycharmProjects\ProjectR/Logs/2021-12-25_20-06-54 INFO Getting attribute: window
20:06:54,529 C:\Users\ingov\PycharmProjects\ProjectR/Logs/2021-12-25_20-06-54 INFO Getting attribute: window
20:06:54,534 C:\Users\ingov\PycharmProjects\ProjectR/Logs/2021-12-25_20-06-54 INFO Getting attribute: window
20:06:54,539 C:\Users\ingov\PycharmProjects\ProjectR/Logs/2021-12-25_20-06-54 INFO Setting member: menu to value=.!menu
20:06:54,539 C:\Users\ingov\PycharmProjects\ProjectR/Logs/2021-12-25_20-06-54 INFO Getting attribute: window
20:06:54,539 C:\Users\ingov\PycharmProjects\ProjectR/Logs/2021-12-25_20-06-54 INFO Getting attribute: menu
20:06:54,544 C:\Users\ingov\PycharmProjects\ProjectR/Logs/2021-12-25_20-06-54 INFO Getting attribute: menu
20:06:54,549 C:\Users\ingov\PycharmProjects\ProjectR/Logs/2021-12-25_20-06-54 INFO Getting method: go_back_to_main
20:06:54,549 C:\Users\ingov\PycharmProjects\ProjectR/Logs/2021-12-25_20-06-54 INFO Getting attribute: menu
20:06:54,549 C:\Users\ingov\PycharmProjects\ProjectR/Logs/2021-12-25_20-06-54 INFO Getting attribute: _QuestionClass__question
20:06:54,549 C:\Users\ingov\PycharmProjects\ProjectR/Logs/2021-12-25_20-06-54 INFO Getting attribute: question
20:06:54,549 C:\Users\ingov\PycharmProjects\ProjectR/Logs/2021-12-25_20-06-54 INFO Getting attribute: _QuestionClass__answers
20:06:54,549 C:\Users\ingov\PycharmProjects\ProjectR/Logs/2021-12-25_20-06-54 INFO Getting attribute: answers
20:06:54,549 C:\Users\ingov\PycharmProjects\ProjectR/Logs/2021-12-25_20-06-54 INFO Setting member: question to value=What do you say to a person in the morning?: Good morning
20:06:54,549 C:\Users\ingov\PycharmProjects\ProjectR/Logs/2021-12-25_20-06-54 INFO Getting attribute: window
20:06:54,549 C:\Users\ingov\PycharmProjects\ProjectR/Logs/2021-12-25_20-06-54 INFO Getting attribute: _QuestionClass__question
20:06:54,549 C:\Users\ingov\PycharmProjects\ProjectR/Logs/2021-12-25_20-06-54 INFO Getting attribute: question
20:06:54,549 C:\Users\ingov\PycharmProjects\ProjectR/Logs/2021-12-25_20-06-54 INFO Setting member: question_label to value=.!label
20:06:54,549 C:\Users\ingov\PycharmProjects\ProjectR/Logs/2021-12-25_20-06-54 INFO Getting attribute: question_label
20:06:54,549 C:\Users\ingov\PycharmProjects\ProjectR/Logs/2021-12-25_20-06-54 INFO Getting attribute: question_label
20:06:54,549 C:\Users\ingov\PycharmProjects\ProjectR/Logs/2021-12-25_20-06-54 INFO Getting attribute: window
20:06:54,549 C:\Users\ingov\PycharmProjects\ProjectR/Logs/2021-12-25_20-06-54 INFO Getting method: reveal_answer
20:06:54,549 C:\Users\ingov\PycharmProjects\ProjectR/Logs/2021-12-25_20-06-54 INFO Setting member: button_answer to value=.!button
20:06:54,549 C:\Users\ingov\PycharmProjects\ProjectR/Logs/2021-12-25_20-06-54 INFO Getting attribute: button_answer
20:06:54,549 C:\Users\ingov\PycharmProjects\ProjectR/Logs/2021-12-25_20-06-54 INFO Setting member: answer_label to value=None
20:06:54,549 C:\Users\ingov\PycharmProjects\ProjectR/Logs/2021-12-25_20-06-54 INFO Getting attribute: window
20:06:55,379 C:\Users\ingov\PycharmProjects\ProjectR/Logs/2021-12-25_20-06-54 INFO Getting into __init__ for class: QuestionClass
20:06:55,379 C:\Users\ingov\PycharmProjects\ProjectR/Logs/2021-12-25_20-06-54 INFO Attributes in args: ('What of the following ones are Python basic types?', [('Fire', False), ('Bool', True), ('Normal', False), ('Basic', False)])
20:06:55,379 C:\Users\ingov\PycharmProjects\ProjectR/Logs/2021-12-25_20-06-54 INFO Attributes in kwargs: {}
20:06:55,379 C:\Users\ingov\PycharmProjects\ProjectR/Logs/2021-12-25_20-06-54 INFO Setting member: _QuestionClass__question to value=What of the following ones are Python basic types?
20:06:55,379 C:\Users\ingov\PycharmProjects\ProjectR/Logs/2021-12-25_20-06-54 INFO Setting member: _QuestionClass__answers to value=[('Fire', False), ('Bool', True), ('Normal', False), ('Basic', False)]
20:06:55,379 C:\Users\ingov\PycharmProjects\ProjectR/Logs/2021-12-25_20-06-54 INFO Getting into __init__ for class: QuestionOneAnswerMultiple
20:06:55,379 C:\Users\ingov\PycharmProjects\ProjectR/Logs/2021-12-25_20-06-54 INFO Attributes in args: ()
20:06:55,379 C:\Users\ingov\PycharmProjects\ProjectR/Logs/2021-12-25_20-06-54 INFO Attributes in kwargs: {'width': 600, 'height': 500, 'title': 'Question 4'}
20:06:55,459 C:\Users\ingov\PycharmProjects\ProjectR/Logs/2021-12-25_20-06-54 INFO Setting member: window to value=.
20:06:55,459 C:\Users\ingov\PycharmProjects\ProjectR/Logs/2021-12-25_20-06-54 INFO Getting attribute: window
20:06:55,459 C:\Users\ingov\PycharmProjects\ProjectR/Logs/2021-12-25_20-06-54 INFO Setting member: height to value=500
20:06:55,459 C:\Users\ingov\PycharmProjects\ProjectR/Logs/2021-12-25_20-06-54 INFO Setting member: width to value=600
20:06:55,459 C:\Users\ingov\PycharmProjects\ProjectR/Logs/2021-12-25_20-06-54 INFO Getting attribute: window
20:06:55,459 C:\Users\ingov\PycharmProjects\ProjectR/Logs/2021-12-25_20-06-54 INFO Getting attribute: window
20:06:55,459 C:\Users\ingov\PycharmProjects\ProjectR/Logs/2021-12-25_20-06-54 INFO Getting attribute: window
20:06:55,459 C:\Users\ingov\PycharmProjects\ProjectR/Logs/2021-12-25_20-06-54 INFO Setting member: menu to value=.!menu
20:06:55,459 C:\Users\ingov\PycharmProjects\ProjectR/Logs/2021-12-25_20-06-54 INFO Getting attribute: window
20:06:55,459 C:\Users\ingov\PycharmProjects\ProjectR/Logs/2021-12-25_20-06-54 INFO Getting attribute: menu
20:06:55,469 C:\Users\ingov\PycharmProjects\ProjectR/Logs/2021-12-25_20-06-54 INFO Getting attribute: menu
20:06:55,469 C:\Users\ingov\PycharmProjects\ProjectR/Logs/2021-12-25_20-06-54 INFO Getting method: go_back_to_main
20:06:55,469 C:\Users\ingov\PycharmProjects\ProjectR/Logs/2021-12-25_20-06-54 INFO Getting attribute: menu
20:06:55,469 C:\Users\ingov\PycharmProjects\ProjectR/Logs/2021-12-25_20-06-54 INFO Getting attribute: _QuestionClass__question
20:06:55,469 C:\Users\ingov\PycharmProjects\ProjectR/Logs/2021-12-25_20-06-54 INFO Getting attribute: question
20:06:55,469 C:\Users\ingov\PycharmProjects\ProjectR/Logs/2021-12-25_20-06-54 INFO Getting attribute: _QuestionClass__answers
20:06:55,469 C:\Users\ingov\PycharmProjects\ProjectR/Logs/2021-12-25_20-06-54 INFO Getting attribute: answers
20:06:55,469 C:\Users\ingov\PycharmProjects\ProjectR/Logs/2021-12-25_20-06-54 INFO Setting member: question to value=What of the following ones are Python basic types?: [('Fire', False), ('Bool', True), ('Normal', False), ('Basic', False)]
20:06:55,469 C:\Users\ingov\PycharmProjects\ProjectR/Logs/2021-12-25_20-06-54 INFO Getting attribute: window
20:06:55,469 C:\Users\ingov\PycharmProjects\ProjectR/Logs/2021-12-25_20-06-54 INFO Getting attribute: _QuestionClass__question
20:06:55,469 C:\Users\ingov\PycharmProjects\ProjectR/Logs/2021-12-25_20-06-54 INFO Getting attribute: question
20:06:55,469 C:\Users\ingov\PycharmProjects\ProjectR/Logs/2021-12-25_20-06-54 INFO Setting member: question_label to value=.!label
20:06:55,469 C:\Users\ingov\PycharmProjects\ProjectR/Logs/2021-12-25_20-06-54 INFO Getting attribute: question_label
20:06:55,469 C:\Users\ingov\PycharmProjects\ProjectR/Logs/2021-12-25_20-06-54 INFO Getting attribute: question_label
20:06:55,469 C:\Users\ingov\PycharmProjects\ProjectR/Logs/2021-12-25_20-06-54 INFO Setting member: radio_buttons to value=[]
20:06:55,469 C:\Users\ingov\PycharmProjects\ProjectR/Logs/2021-12-25_20-06-54 INFO Setting member: answer_group to value=PY_VAR0
20:06:55,469 C:\Users\ingov\PycharmProjects\ProjectR/Logs/2021-12-25_20-06-54 INFO Setting member: radio_button_font to value=('TkDefaultFont', 12)
20:06:55,469 C:\Users\ingov\PycharmProjects\ProjectR/Logs/2021-12-25_20-06-54 INFO Getting attribute: question
20:06:55,469 C:\Users\ingov\PycharmProjects\ProjectR/Logs/2021-12-25_20-06-54 INFO Getting attribute: _QuestionClass__answers
20:06:55,469 C:\Users\ingov\PycharmProjects\ProjectR/Logs/2021-12-25_20-06-54 INFO Getting attribute: answers
20:06:55,469 C:\Users\ingov\PycharmProjects\ProjectR/Logs/2021-12-25_20-06-54 INFO Getting attribute: window
20:06:55,469 C:\Users\ingov\PycharmProjects\ProjectR/Logs/2021-12-25_20-06-54 INFO Getting attribute: answer_group
20:06:55,469 C:\Users\ingov\PycharmProjects\ProjectR/Logs/2021-12-25_20-06-54 INFO Getting method: reveal_result
20:06:55,469 C:\Users\ingov\PycharmProjects\ProjectR/Logs/2021-12-25_20-06-54 INFO Getting attribute: radio_button_font
20:06:55,469 C:\Users\ingov\PycharmProjects\ProjectR/Logs/2021-12-25_20-06-54 INFO Getting attribute: radio_buttons
20:06:55,469 C:\Users\ingov\PycharmProjects\ProjectR/Logs/2021-12-25_20-06-54 INFO Getting attribute: window
20:06:55,469 C:\Users\ingov\PycharmProjects\ProjectR/Logs/2021-12-25_20-06-54 INFO Getting attribute: answer_group
20:06:55,469 C:\Users\ingov\PycharmProjects\ProjectR/Logs/2021-12-25_20-06-54 INFO Getting method: reveal_result
20:06:55,469 C:\Users\ingov\PycharmProjects\ProjectR/Logs/2021-12-25_20-06-54 INFO Getting attribute: radio_button_font
20:06:55,469 C:\Users\ingov\PycharmProjects\ProjectR/Logs/2021-12-25_20-06-54 INFO Getting attribute: radio_buttons
20:06:55,469 C:\Users\ingov\PycharmProjects\ProjectR/Logs/2021-12-25_20-06-54 INFO Getting attribute: window
20:06:55,469 C:\Users\ingov\PycharmProjects\ProjectR/Logs/2021-12-25_20-06-54 INFO Getting attribute: answer_group
20:06:55,469 C:\Users\ingov\PycharmProjects\ProjectR/Logs/2021-12-25_20-06-54 INFO Getting method: reveal_result
20:06:55,469 C:\Users\ingov\PycharmProjects\ProjectR/Logs/2021-12-25_20-06-54 INFO Getting attribute: radio_button_font
20:06:55,469 C:\Users\ingov\PycharmProjects\ProjectR/Logs/2021-12-25_20-06-54 INFO Getting attribute: radio_buttons
20:06:55,469 C:\Users\ingov\PycharmProjects\ProjectR/Logs/2021-12-25_20-06-54 INFO Getting attribute: window
20:06:55,469 C:\Users\ingov\PycharmProjects\ProjectR/Logs/2021-12-25_20-06-54 INFO Getting attribute: answer_group
20:06:55,469 C:\Users\ingov\PycharmProjects\ProjectR/Logs/2021-12-25_20-06-54 INFO Getting method: reveal_result
20:06:55,469 C:\Users\ingov\PycharmProjects\ProjectR/Logs/2021-12-25_20-06-54 INFO Getting attribute: radio_button_font
20:06:55,469 C:\Users\ingov\PycharmProjects\ProjectR/Logs/2021-12-25_20-06-54 INFO Getting attribute: radio_buttons
20:06:55,469 C:\Users\ingov\PycharmProjects\ProjectR/Logs/2021-12-25_20-06-54 INFO Getting attribute: window
