19:27:37,26 C:\Users\ingov\PycharmProjects\ProjectR/Logs/2021-12-24_19-27-37 INFO Log has been created and started
19:27:37,26 C:\Users\ingov\PycharmProjects\ProjectR/Logs/2021-12-24_19-27-37 INFO Metaclass MetaAbsLogger: Starting class MetaLogger
19:27:37,26 C:\Users\ingov\PycharmProjects\ProjectR/Logs/2021-12-24_19-27-37 INFO Metaclass MetaLogger: Starting class QuestionClass
19:27:37,46 C:\Users\ingov\PycharmProjects\ProjectR/Logs/2021-12-24_19-27-37 INFO Metaclass MetaLogger: Starting class QuestionnaireClass
19:27:37,91 C:\Users\ingov\PycharmProjects\ProjectR/Logs/2021-12-24_19-27-37 INFO Metaclass MetaAbsLogger: Starting class SimpleWindow
19:27:37,116 C:\Users\ingov\PycharmProjects\ProjectR/Logs/2021-12-24_19-27-37 INFO C:\Users\ingov\PycharmProjects\ProjectR/Config/config.cfg, exists so we will read it
19:27:37,127 C:\Users\ingov\PycharmProjects\ProjectR/Logs/2021-12-24_19-27-37 INFO Seconds to answer a question: 10
19:27:37,127 C:\Users\ingov\PycharmProjects\ProjectR/Logs/2021-12-24_19-27-37 INFO Seconds between questions: 30
19:27:37,127 C:\Users\ingov\PycharmProjects\ProjectR/Logs/2021-12-24_19-27-37 INFO C:\Users\ingov\PycharmProjects\ProjectR/Config/config.cfg is closed now
19:27:37,127 C:\Users\ingov\PycharmProjects\ProjectR/Logs/2021-12-24_19-27-37 INFO Metaclass MetaLogger: Starting class ConfigClass
19:27:37,127 C:\Users\ingov\PycharmProjects\ProjectR/Logs/2021-12-24_19-27-37 INFO Metaclass MetaAbsLogger: Starting class QuestionWindowAbs
19:27:37,127 C:\Users\ingov\PycharmProjects\ProjectR/Logs/2021-12-24_19-27-37 INFO Metaclass MetaAbsLogger: Starting class QuestionOneAnswer
19:27:37,127 C:\Users\ingov\PycharmProjects\ProjectR/Logs/2021-12-24_19-27-37 INFO Getting into __init__ for class: QuestionClass
19:27:37,127 C:\Users\ingov\PycharmProjects\ProjectR/Logs/2021-12-24_19-27-37 INFO Attributes in args: ('What do you say to a person in the morning?', 'Good morning')
19:27:37,127 C:\Users\ingov\PycharmProjects\ProjectR/Logs/2021-12-24_19-27-37 INFO Attributes in kwargs: {}
19:27:37,127 C:\Users\ingov\PycharmProjects\ProjectR/Logs/2021-12-24_19-27-37 INFO Setting member: _QuestionClass__question to value=What do you say to a person in the morning?
19:27:37,127 C:\Users\ingov\PycharmProjects\ProjectR/Logs/2021-12-24_19-27-37 INFO Setting member: _QuestionClass__answers to value=Good morning
19:27:37,127 C:\Users\ingov\PycharmProjects\ProjectR/Logs/2021-12-24_19-27-37 INFO Getting into __init__ for class: QuestionOneAnswer
19:27:37,127 C:\Users\ingov\PycharmProjects\ProjectR/Logs/2021-12-24_19-27-37 INFO Attributes in args: (500, 600, 'Question 3')
19:27:37,127 C:\Users\ingov\PycharmProjects\ProjectR/Logs/2021-12-24_19-27-37 INFO Attributes in kwargs: {}
19:27:37,296 C:\Users\ingov\PycharmProjects\ProjectR/Logs/2021-12-24_19-27-37 INFO Setting member: window to value=.
19:27:37,296 C:\Users\ingov\PycharmProjects\ProjectR/Logs/2021-12-24_19-27-37 INFO Getting attribute: window
19:27:37,296 C:\Users\ingov\PycharmProjects\ProjectR/Logs/2021-12-24_19-27-37 INFO Setting member: height to value=500
19:27:37,296 C:\Users\ingov\PycharmProjects\ProjectR/Logs/2021-12-24_19-27-37 INFO Setting member: width to value=600
19:27:37,300 C:\Users\ingov\PycharmProjects\ProjectR/Logs/2021-12-24_19-27-37 INFO Getting attribute: window
19:27:37,300 C:\Users\ingov\PycharmProjects\ProjectR/Logs/2021-12-24_19-27-37 INFO Getting attribute: window
19:27:37,300 C:\Users\ingov\PycharmProjects\ProjectR/Logs/2021-12-24_19-27-37 INFO Getting attribute: _QuestionClass__question
19:27:37,300 C:\Users\ingov\PycharmProjects\ProjectR/Logs/2021-12-24_19-27-37 INFO Getting attribute: question
19:27:37,300 C:\Users\ingov\PycharmProjects\ProjectR/Logs/2021-12-24_19-27-37 INFO Getting attribute: _QuestionClass__answers
19:27:37,300 C:\Users\ingov\PycharmProjects\ProjectR/Logs/2021-12-24_19-27-37 INFO Getting attribute: answers
19:27:37,300 C:\Users\ingov\PycharmProjects\ProjectR/Logs/2021-12-24_19-27-37 INFO Setting member: question to value=What do you say to a person in the morning?: Good morning
19:27:37,300 C:\Users\ingov\PycharmProjects\ProjectR/Logs/2021-12-24_19-27-37 INFO Getting attribute: window
19:27:37,300 C:\Users\ingov\PycharmProjects\ProjectR/Logs/2021-12-24_19-27-37 INFO Setting member: question_label to value=.!label
19:27:37,300 C:\Users\ingov\PycharmProjects\ProjectR/Logs/2021-12-24_19-27-37 INFO Getting attribute: question_label
19:27:37,306 C:\Users\ingov\PycharmProjects\ProjectR/Logs/2021-12-24_19-27-37 INFO Getting attribute: question_label
19:27:37,306 C:\Users\ingov\PycharmProjects\ProjectR/Logs/2021-12-24_19-27-37 INFO Getting attribute: window
19:27:37,306 C:\Users\ingov\PycharmProjects\ProjectR/Logs/2021-12-24_19-27-37 INFO Getting method: reveal_answer
19:27:37,306 C:\Users\ingov\PycharmProjects\ProjectR/Logs/2021-12-24_19-27-37 INFO Setting member: button_answer to value=.!button
19:27:37,306 C:\Users\ingov\PycharmProjects\ProjectR/Logs/2021-12-24_19-27-37 INFO Getting attribute: button_answer
19:27:37,306 C:\Users\ingov\PycharmProjects\ProjectR/Logs/2021-12-24_19-27-37 INFO Setting member: answer_label to value=None
19:27:37,306 C:\Users\ingov\PycharmProjects\ProjectR/Logs/2021-12-24_19-27-37 INFO Getting attribute: window
