20:47:36,20 C:\Users\ingov\PycharmProjects\ProjectR/Logs/2021-12-20_20-47-36 INFO Log has been created and started
20:47:36,20 C:\Users\ingov\PycharmProjects\ProjectR/Logs/2021-12-20_20-47-36 INFO Metaclass MetaAbsLogger: Starting class MetaLogger
20:47:36,40 C:\Users\ingov\PycharmProjects\ProjectR/Logs/2021-12-20_20-47-36 INFO Metaclass MetaAbsLogger: Starting class SimpleWindow
20:47:36,45 C:\Users\ingov\PycharmProjects\ProjectR/Logs/2021-12-20_20-47-36 INFO Metaclass MetaLogger: Starting class QuestionClass
20:47:36,57 C:\Users\ingov\PycharmProjects\ProjectR/Logs/2021-12-20_20-47-36 INFO Metaclass MetaLogger: Starting class QuestionnaireClass
20:47:36,73 C:\Users\ingov\PycharmProjects\ProjectR/Logs/2021-12-20_20-47-36 INFO C:\Users\ingov\PycharmProjects\ProjectR/Config/config.cfg, exists so we will read it
20:47:36,73 C:\Users\ingov\PycharmProjects\ProjectR/Logs/2021-12-20_20-47-36 INFO Seconds to answer a question: 10
20:47:36,73 C:\Users\ingov\PycharmProjects\ProjectR/Logs/2021-12-20_20-47-36 INFO Seconds between questions: 30
20:47:36,73 C:\Users\ingov\PycharmProjects\ProjectR/Logs/2021-12-20_20-47-36 INFO C:\Users\ingov\PycharmProjects\ProjectR/Config/config.cfg is closed now
20:47:36,73 C:\Users\ingov\PycharmProjects\ProjectR/Logs/2021-12-20_20-47-36 INFO Metaclass MetaLogger: Starting class ConfigClass
20:47:36,73 C:\Users\ingov\PycharmProjects\ProjectR/Logs/2021-12-20_20-47-36 INFO Metaclass MetaAbsLogger: Starting class QuestionAbs
20:47:36,73 C:\Users\ingov\PycharmProjects\ProjectR/Logs/2021-12-20_20-47-36 INFO Metaclass MetaAbsLogger: Starting class LoadQuestionnaire
20:47:36,73 C:\Users\ingov\PycharmProjects\ProjectR/Logs/2021-12-20_20-47-36 INFO Getting into __init__ for class: LoadQuestionnaire
20:47:36,73 C:\Users\ingov\PycharmProjects\ProjectR/Logs/2021-12-20_20-47-36 INFO Attributes in args: (60, 150, 'New Window')
20:47:36,73 C:\Users\ingov\PycharmProjects\ProjectR/Logs/2021-12-20_20-47-36 INFO Attributes in kwargs: {}
20:47:36,151 C:\Users\ingov\PycharmProjects\ProjectR/Logs/2021-12-20_20-47-36 INFO Setting member: window to value=.
20:47:36,151 C:\Users\ingov\PycharmProjects\ProjectR/Logs/2021-12-20_20-47-36 INFO Getting attribute: window
20:47:36,151 C:\Users\ingov\PycharmProjects\ProjectR/Logs/2021-12-20_20-47-36 INFO Setting member: height to value=60
20:47:36,151 C:\Users\ingov\PycharmProjects\ProjectR/Logs/2021-12-20_20-47-36 INFO Setting member: width to value=150
20:47:36,151 C:\Users\ingov\PycharmProjects\ProjectR/Logs/2021-12-20_20-47-36 INFO Getting attribute: window
20:47:36,151 C:\Users\ingov\PycharmProjects\ProjectR/Logs/2021-12-20_20-47-36 INFO Setting member: project_folder to value=C:\Users\ingov\PycharmProjects\ProjectR/Data/Questionnaires
20:47:36,151 C:\Users\ingov\PycharmProjects\ProjectR/Logs/2021-12-20_20-47-36 INFO Getting attribute: project_folder
20:47:36,151 C:\Users\ingov\PycharmProjects\ProjectR/Logs/2021-12-20_20-47-36 INFO Getting attribute: project_folder
20:47:36,151 C:\Users\ingov\PycharmProjects\ProjectR/Logs/2021-12-20_20-47-36 INFO Getting attribute: project_folder
20:47:36,151 C:\Users\ingov\PycharmProjects\ProjectR/Logs/2021-12-20_20-47-36 INFO Getting attribute: project_folder
20:47:36,151 C:\Users\ingov\PycharmProjects\ProjectR/Logs/2021-12-20_20-47-36 INFO Setting member: dirs to value=['QuestionnaireExample.pickle', 'QuestionnaireExample2.pickle']
20:47:36,151 C:\Users\ingov\PycharmProjects\ProjectR/Logs/2021-12-20_20-47-36 INFO Getting attribute: dirs
20:47:36,151 C:\Users\ingov\PycharmProjects\ProjectR/Logs/2021-12-20_20-47-36 INFO Getting attribute: window
20:47:36,151 C:\Users\ingov\PycharmProjects\ProjectR/Logs/2021-12-20_20-47-36 INFO Getting attribute: dirs
20:47:36,151 C:\Users\ingov\PycharmProjects\ProjectR/Logs/2021-12-20_20-47-36 INFO Setting member: combo to value=.!combobox
20:47:36,151 C:\Users\ingov\PycharmProjects\ProjectR/Logs/2021-12-20_20-47-36 INFO Getting attribute: combo
20:47:36,151 C:\Users\ingov\PycharmProjects\ProjectR/Logs/2021-12-20_20-47-36 INFO Getting attribute: combo
20:47:36,151 C:\Users\ingov\PycharmProjects\ProjectR/Logs/2021-12-20_20-47-36 INFO Getting attribute: window
20:47:36,151 C:\Users\ingov\PycharmProjects\ProjectR/Logs/2021-12-20_20-47-36 INFO Getting method: command
20:47:36,151 C:\Users\ingov\PycharmProjects\ProjectR/Logs/2021-12-20_20-47-36 INFO Setting member: button to value=.!button
20:47:36,151 C:\Users\ingov\PycharmProjects\ProjectR/Logs/2021-12-20_20-47-36 INFO Getting attribute: button
20:47:36,160 C:\Users\ingov\PycharmProjects\ProjectR/Logs/2021-12-20_20-47-36 INFO Getting attribute: window
20:47:40,951 C:\Users\ingov\PycharmProjects\ProjectR/Logs/2021-12-20_20-47-36 INFO Getting attribute: combo
20:47:40,951 C:\Users\ingov\PycharmProjects\ProjectR/Logs/2021-12-20_20-47-36 INFO Getting attribute: window
20:47:40,971 C:\Users\ingov\PycharmProjects\ProjectR/Logs/2021-12-20_20-47-36 INFO Loading a questionnaire from file: C:\Users\ingov\PycharmProjects\ProjectR/Data/Questionnaires/QuestionnaireExample2.pickle.pickle
20:47:40,971 C:\Users\ingov\PycharmProjects\ProjectR/Logs/2021-12-20_20-47-36 ERROR Error when trying to load a questionnaire from file: C:\Users\ingov\PycharmProjects\ProjectR/Data/Questionnaires/QuestionnaireExample2.pickle.pickle
