19:28:07,936 C:\Users\ingov\PycharmProjects\ProjectR/Logs/2021-12-24_19-28-07 INFO Log has been created and started
19:28:07,936 C:\Users\ingov\PycharmProjects\ProjectR/Logs/2021-12-24_19-28-07 INFO Metaclass MetaAbsLogger: Starting class MetaLogger
19:28:07,946 C:\Users\ingov\PycharmProjects\ProjectR/Logs/2021-12-24_19-28-07 INFO Metaclass MetaLogger: Starting class QuestionClass
19:28:07,966 C:\Users\ingov\PycharmProjects\ProjectR/Logs/2021-12-24_19-28-07 INFO Metaclass MetaLogger: Starting class QuestionnaireClass
19:28:08,6 C:\Users\ingov\PycharmProjects\ProjectR/Logs/2021-12-24_19-28-07 INFO Metaclass MetaAbsLogger: Starting class SimpleWindow
19:28:08,39 C:\Users\ingov\PycharmProjects\ProjectR/Logs/2021-12-24_19-28-07 INFO C:\Users\ingov\PycharmProjects\ProjectR/Config/config.cfg, exists so we will read it
19:28:08,39 C:\Users\ingov\PycharmProjects\ProjectR/Logs/2021-12-24_19-28-07 INFO Seconds to answer a question: 10
19:28:08,39 C:\Users\ingov\PycharmProjects\ProjectR/Logs/2021-12-24_19-28-07 INFO Seconds between questions: 30
19:28:08,39 C:\Users\ingov\PycharmProjects\ProjectR/Logs/2021-12-24_19-28-07 INFO C:\Users\ingov\PycharmProjects\ProjectR/Config/config.cfg is closed now
19:28:08,39 C:\Users\ingov\PycharmProjects\ProjectR/Logs/2021-12-24_19-28-07 INFO Metaclass MetaLogger: Starting class ConfigClass
19:28:08,39 C:\Users\ingov\PycharmProjects\ProjectR/Logs/2021-12-24_19-28-07 INFO Metaclass MetaAbsLogger: Starting class QuestionWindowAbs
19:28:08,39 C:\Users\ingov\PycharmProjects\ProjectR/Logs/2021-12-24_19-28-07 INFO Metaclass MetaAbsLogger: Starting class QuestionOneAnswer
19:28:08,39 C:\Users\ingov\PycharmProjects\ProjectR/Logs/2021-12-24_19-28-07 INFO Getting into __init__ for class: QuestionClass
19:28:08,39 C:\Users\ingov\PycharmProjects\ProjectR/Logs/2021-12-24_19-28-07 INFO Attributes in args: ('What do you say to a person in the morning?', 'Good morning')
19:28:08,39 C:\Users\ingov\PycharmProjects\ProjectR/Logs/2021-12-24_19-28-07 INFO Attributes in kwargs: {}
19:28:08,39 C:\Users\ingov\PycharmProjects\ProjectR/Logs/2021-12-24_19-28-07 INFO Setting member: _QuestionClass__question to value=What do you say to a person in the morning?
19:28:08,39 C:\Users\ingov\PycharmProjects\ProjectR/Logs/2021-12-24_19-28-07 INFO Setting member: _QuestionClass__answers to value=Good morning
19:28:08,39 C:\Users\ingov\PycharmProjects\ProjectR/Logs/2021-12-24_19-28-07 INFO Getting into __init__ for class: QuestionOneAnswer
19:28:08,39 C:\Users\ingov\PycharmProjects\ProjectR/Logs/2021-12-24_19-28-07 INFO Attributes in args: (500, 600, 'Question 3')
19:28:08,39 C:\Users\ingov\PycharmProjects\ProjectR/Logs/2021-12-24_19-28-07 INFO Attributes in kwargs: {}
19:28:08,201 C:\Users\ingov\PycharmProjects\ProjectR/Logs/2021-12-24_19-28-07 INFO Setting member: window to value=.
19:28:08,201 C:\Users\ingov\PycharmProjects\ProjectR/Logs/2021-12-24_19-28-07 INFO Getting attribute: window
19:28:08,201 C:\Users\ingov\PycharmProjects\ProjectR/Logs/2021-12-24_19-28-07 INFO Setting member: height to value=500
19:28:08,201 C:\Users\ingov\PycharmProjects\ProjectR/Logs/2021-12-24_19-28-07 INFO Setting member: width to value=600
19:28:08,201 C:\Users\ingov\PycharmProjects\ProjectR/Logs/2021-12-24_19-28-07 INFO Getting attribute: window
19:28:08,201 C:\Users\ingov\PycharmProjects\ProjectR/Logs/2021-12-24_19-28-07 INFO Getting attribute: window
19:28:08,201 C:\Users\ingov\PycharmProjects\ProjectR/Logs/2021-12-24_19-28-07 INFO Getting attribute: _QuestionClass__question
19:28:08,201 C:\Users\ingov\PycharmProjects\ProjectR/Logs/2021-12-24_19-28-07 INFO Getting attribute: question
19:28:08,201 C:\Users\ingov\PycharmProjects\ProjectR/Logs/2021-12-24_19-28-07 INFO Getting attribute: _QuestionClass__answers
19:28:08,201 C:\Users\ingov\PycharmProjects\ProjectR/Logs/2021-12-24_19-28-07 INFO Getting attribute: answers
19:28:08,201 C:\Users\ingov\PycharmProjects\ProjectR/Logs/2021-12-24_19-28-07 INFO Setting member: question to value=What do you say to a person in the morning?: Good morning
19:28:08,201 C:\Users\ingov\PycharmProjects\ProjectR/Logs/2021-12-24_19-28-07 INFO Getting attribute: window
19:28:08,208 C:\Users\ingov\PycharmProjects\ProjectR/Logs/2021-12-24_19-28-07 INFO Setting member: question_label to value=.!label
19:28:08,208 C:\Users\ingov\PycharmProjects\ProjectR/Logs/2021-12-24_19-28-07 INFO Getting attribute: question_label
19:28:08,208 C:\Users\ingov\PycharmProjects\ProjectR/Logs/2021-12-24_19-28-07 INFO Getting attribute: question_label
19:28:08,208 C:\Users\ingov\PycharmProjects\ProjectR/Logs/2021-12-24_19-28-07 INFO Getting attribute: window
19:28:08,208 C:\Users\ingov\PycharmProjects\ProjectR/Logs/2021-12-24_19-28-07 INFO Getting method: reveal_answer
19:28:08,208 C:\Users\ingov\PycharmProjects\ProjectR/Logs/2021-12-24_19-28-07 INFO Setting member: button_answer to value=.!button
19:28:08,208 C:\Users\ingov\PycharmProjects\ProjectR/Logs/2021-12-24_19-28-07 INFO Getting attribute: button_answer
19:28:08,208 C:\Users\ingov\PycharmProjects\ProjectR/Logs/2021-12-24_19-28-07 INFO Setting member: answer_label to value=None
19:28:08,208 C:\Users\ingov\PycharmProjects\ProjectR/Logs/2021-12-24_19-28-07 INFO Getting attribute: window
