21:56:12,28 C:\Users\ingov\PycharmProjects\ProjectR/Logs/2021-12-25_21-56-12 INFO Log has been created and started
21:56:12,28 C:\Users\ingov\PycharmProjects\ProjectR/Logs/2021-12-25_21-56-12 INFO Metaclass MetaAbsLogger: Starting class MetaLogger
21:56:12,28 C:\Users\ingov\PycharmProjects\ProjectR/Logs/2021-12-25_21-56-12 INFO Metaclass MetaLogger: Starting class QuestionClass
21:56:12,48 C:\Users\ingov\PycharmProjects\ProjectR/Logs/2021-12-25_21-56-12 INFO Metaclass MetaLogger: Starting class QuestionnaireClass
21:56:12,48 C:\Users\ingov\PycharmProjects\ProjectR/Logs/2021-12-25_21-56-12 INFO Metaclass MetaAbsLogger: Starting class CurrentSession
21:56:12,68 C:\Users\ingov\PycharmProjects\ProjectR/Logs/2021-12-25_21-56-12 INFO Metaclass MetaAbsLogger: Starting class SimpleWindow
21:56:12,88 C:\Users\ingov\PycharmProjects\ProjectR/Logs/2021-12-25_21-56-12 INFO C:\Users\ingov\PycharmProjects\ProjectR/Config/config.cfg, exists so we will read it
21:56:12,88 C:\Users\ingov\PycharmProjects\ProjectR/Logs/2021-12-25_21-56-12 INFO Seconds to answer a question: 10
21:56:12,88 C:\Users\ingov\PycharmProjects\ProjectR/Logs/2021-12-25_21-56-12 INFO Seconds between questions: 30
21:56:12,88 C:\Users\ingov\PycharmProjects\ProjectR/Logs/2021-12-25_21-56-12 INFO C:\Users\ingov\PycharmProjects\ProjectR/Config/config.cfg is closed now
21:56:12,88 C:\Users\ingov\PycharmProjects\ProjectR/Logs/2021-12-25_21-56-12 INFO Metaclass MetaLogger: Starting class ConfigClass
21:56:12,88 C:\Users\ingov\PycharmProjects\ProjectR/Logs/2021-12-25_21-56-12 INFO Metaclass MetaAbsLogger: Starting class QuestionWindowAbs
21:56:12,88 C:\Users\ingov\PycharmProjects\ProjectR/Logs/2021-12-25_21-56-12 INFO Metaclass MetaAbsLogger: Starting class QuestionOneAnswer
21:56:12,88 C:\Users\ingov\PycharmProjects\ProjectR/Logs/2021-12-25_21-56-12 INFO Metaclass MetaAbsLogger: Starting class QuestionOneAnswerMultiple
21:56:12,88 C:\Users\ingov\PycharmProjects\ProjectR/Logs/2021-12-25_21-56-12 INFO Metaclass MetaAbsLogger: Starting class QuestionTwoAnswersMultiple
21:56:12,88 C:\Users\ingov\PycharmProjects\ProjectR/Logs/2021-12-25_21-56-12 INFO Getting into __init__ for class: QuestionClass
21:56:12,88 C:\Users\ingov\PycharmProjects\ProjectR/Logs/2021-12-25_21-56-12 INFO Attributes in args: ('What do you say to a person in the morning?', 'Good morning')
21:56:12,88 C:\Users\ingov\PycharmProjects\ProjectR/Logs/2021-12-25_21-56-12 INFO Attributes in kwargs: {}
21:56:12,88 C:\Users\ingov\PycharmProjects\ProjectR/Logs/2021-12-25_21-56-12 INFO Setting member: _QuestionClass__question to value=What do you say to a person in the morning?
21:56:12,88 C:\Users\ingov\PycharmProjects\ProjectR/Logs/2021-12-25_21-56-12 INFO Setting member: _QuestionClass__answers to value=Good morning
21:56:12,88 C:\Users\ingov\PycharmProjects\ProjectR/Logs/2021-12-25_21-56-12 INFO Getting into __init__ for class: QuestionOneAnswer
21:56:12,88 C:\Users\ingov\PycharmProjects\ProjectR/Logs/2021-12-25_21-56-12 INFO Attributes in args: ()
21:56:12,88 C:\Users\ingov\PycharmProjects\ProjectR/Logs/2021-12-25_21-56-12 INFO Attributes in kwargs: {'width': 600, 'height': 450, 'title': 'Question 3'}
21:56:12,208 C:\Users\ingov\PycharmProjects\ProjectR/Logs/2021-12-25_21-56-12 INFO Setting member: window to value=.
21:56:12,208 C:\Users\ingov\PycharmProjects\ProjectR/Logs/2021-12-25_21-56-12 INFO Getting attribute: window
21:56:12,208 C:\Users\ingov\PycharmProjects\ProjectR/Logs/2021-12-25_21-56-12 INFO Setting member: height to value=450
21:56:12,208 C:\Users\ingov\PycharmProjects\ProjectR/Logs/2021-12-25_21-56-12 INFO Setting member: width to value=600
21:56:12,208 C:\Users\ingov\PycharmProjects\ProjectR/Logs/2021-12-25_21-56-12 INFO Getting attribute: window
21:56:12,208 C:\Users\ingov\PycharmProjects\ProjectR/Logs/2021-12-25_21-56-12 INFO Getting attribute: window
21:56:12,208 C:\Users\ingov\PycharmProjects\ProjectR/Logs/2021-12-25_21-56-12 INFO Getting attribute: window
21:56:12,222 C:\Users\ingov\PycharmProjects\ProjectR/Logs/2021-12-25_21-56-12 INFO Setting member: menu to value=.!menu
21:56:12,222 C:\Users\ingov\PycharmProjects\ProjectR/Logs/2021-12-25_21-56-12 INFO Getting attribute: window
21:56:12,222 C:\Users\ingov\PycharmProjects\ProjectR/Logs/2021-12-25_21-56-12 INFO Getting attribute: menu
21:56:12,228 C:\Users\ingov\PycharmProjects\ProjectR/Logs/2021-12-25_21-56-12 INFO Getting attribute: menu
21:56:12,228 C:\Users\ingov\PycharmProjects\ProjectR/Logs/2021-12-25_21-56-12 INFO Getting method: go_back_to_main
21:56:12,228 C:\Users\ingov\PycharmProjects\ProjectR/Logs/2021-12-25_21-56-12 INFO Getting attribute: menu
21:56:12,228 C:\Users\ingov\PycharmProjects\ProjectR/Logs/2021-12-25_21-56-12 INFO Getting attribute: _QuestionClass__question
21:56:12,228 C:\Users\ingov\PycharmProjects\ProjectR/Logs/2021-12-25_21-56-12 INFO Getting attribute: question
21:56:12,228 C:\Users\ingov\PycharmProjects\ProjectR/Logs/2021-12-25_21-56-12 INFO Getting attribute: _QuestionClass__answers
21:56:12,228 C:\Users\ingov\PycharmProjects\ProjectR/Logs/2021-12-25_21-56-12 INFO Getting attribute: answers
21:56:12,228 C:\Users\ingov\PycharmProjects\ProjectR/Logs/2021-12-25_21-56-12 INFO Setting member: question to value=What do you say to a person in the morning?: Good morning
21:56:12,228 C:\Users\ingov\PycharmProjects\ProjectR/Logs/2021-12-25_21-56-12 INFO Getting attribute: window
21:56:12,228 C:\Users\ingov\PycharmProjects\ProjectR/Logs/2021-12-25_21-56-12 INFO Getting attribute: _QuestionClass__question
21:56:12,228 C:\Users\ingov\PycharmProjects\ProjectR/Logs/2021-12-25_21-56-12 INFO Getting attribute: question
21:56:12,228 C:\Users\ingov\PycharmProjects\ProjectR/Logs/2021-12-25_21-56-12 INFO Setting member: question_label to value=.!label
21:56:12,228 C:\Users\ingov\PycharmProjects\ProjectR/Logs/2021-12-25_21-56-12 INFO Getting attribute: question_label
21:56:12,228 C:\Users\ingov\PycharmProjects\ProjectR/Logs/2021-12-25_21-56-12 INFO Getting attribute: question_label
21:56:12,228 C:\Users\ingov\PycharmProjects\ProjectR/Logs/2021-12-25_21-56-12 INFO Getting attribute: window
21:56:12,228 C:\Users\ingov\PycharmProjects\ProjectR/Logs/2021-12-25_21-56-12 INFO Getting method: reveal_answer
21:56:12,228 C:\Users\ingov\PycharmProjects\ProjectR/Logs/2021-12-25_21-56-12 INFO Setting member: button_answer to value=.!button
21:56:12,228 C:\Users\ingov\PycharmProjects\ProjectR/Logs/2021-12-25_21-56-12 INFO Getting attribute: button_answer
21:56:12,228 C:\Users\ingov\PycharmProjects\ProjectR/Logs/2021-12-25_21-56-12 INFO Setting member: answer_label to value=None
21:56:12,228 C:\Users\ingov\PycharmProjects\ProjectR/Logs/2021-12-25_21-56-12 INFO Getting attribute: window
21:56:13,688 C:\Users\ingov\PycharmProjects\ProjectR/Logs/2021-12-25_21-56-12 INFO Getting into __init__ for class: QuestionClass
21:56:13,688 C:\Users\ingov\PycharmProjects\ProjectR/Logs/2021-12-25_21-56-12 INFO Attributes in args: ('What of the following ones are Python basic types?', [('Fire', False), ('Bool', True), ('Normal', False), ('Basic', False)])
21:56:13,688 C:\Users\ingov\PycharmProjects\ProjectR/Logs/2021-12-25_21-56-12 INFO Attributes in kwargs: {}
21:56:13,688 C:\Users\ingov\PycharmProjects\ProjectR/Logs/2021-12-25_21-56-12 INFO Setting member: _QuestionClass__question to value=What of the following ones are Python basic types?
21:56:13,688 C:\Users\ingov\PycharmProjects\ProjectR/Logs/2021-12-25_21-56-12 INFO Setting member: _QuestionClass__answers to value=[('Fire', False), ('Bool', True), ('Normal', False), ('Basic', False)]
21:56:13,688 C:\Users\ingov\PycharmProjects\ProjectR/Logs/2021-12-25_21-56-12 INFO Getting into __init__ for class: QuestionOneAnswerMultiple
21:56:13,688 C:\Users\ingov\PycharmProjects\ProjectR/Logs/2021-12-25_21-56-12 INFO Attributes in args: ()
21:56:13,688 C:\Users\ingov\PycharmProjects\ProjectR/Logs/2021-12-25_21-56-12 INFO Attributes in kwargs: {'width': 600, 'height': 550, 'title': 'Question 4'}
21:56:13,888 C:\Users\ingov\PycharmProjects\ProjectR/Logs/2021-12-25_21-56-12 INFO Setting member: window to value=.
21:56:13,888 C:\Users\ingov\PycharmProjects\ProjectR/Logs/2021-12-25_21-56-12 INFO Getting attribute: window
21:56:13,888 C:\Users\ingov\PycharmProjects\ProjectR/Logs/2021-12-25_21-56-12 INFO Setting member: height to value=550
21:56:13,888 C:\Users\ingov\PycharmProjects\ProjectR/Logs/2021-12-25_21-56-12 INFO Setting member: width to value=600
21:56:13,888 C:\Users\ingov\PycharmProjects\ProjectR/Logs/2021-12-25_21-56-12 INFO Getting attribute: window
21:56:13,888 C:\Users\ingov\PycharmProjects\ProjectR/Logs/2021-12-25_21-56-12 INFO Getting attribute: window
21:56:13,888 C:\Users\ingov\PycharmProjects\ProjectR/Logs/2021-12-25_21-56-12 INFO Getting attribute: window
21:56:13,888 C:\Users\ingov\PycharmProjects\ProjectR/Logs/2021-12-25_21-56-12 INFO Setting member: menu to value=.!menu
21:56:13,888 C:\Users\ingov\PycharmProjects\ProjectR/Logs/2021-12-25_21-56-12 INFO Getting attribute: window
21:56:13,888 C:\Users\ingov\PycharmProjects\ProjectR/Logs/2021-12-25_21-56-12 INFO Getting attribute: menu
21:56:13,909 C:\Users\ingov\PycharmProjects\ProjectR/Logs/2021-12-25_21-56-12 INFO Getting attribute: menu
21:56:13,909 C:\Users\ingov\PycharmProjects\ProjectR/Logs/2021-12-25_21-56-12 INFO Getting method: go_back_to_main
21:56:13,909 C:\Users\ingov\PycharmProjects\ProjectR/Logs/2021-12-25_21-56-12 INFO Getting attribute: menu
21:56:13,909 C:\Users\ingov\PycharmProjects\ProjectR/Logs/2021-12-25_21-56-12 INFO Getting attribute: _QuestionClass__question
21:56:13,909 C:\Users\ingov\PycharmProjects\ProjectR/Logs/2021-12-25_21-56-12 INFO Getting attribute: question
21:56:13,909 C:\Users\ingov\PycharmProjects\ProjectR/Logs/2021-12-25_21-56-12 INFO Getting attribute: _QuestionClass__answers
21:56:13,909 C:\Users\ingov\PycharmProjects\ProjectR/Logs/2021-12-25_21-56-12 INFO Getting attribute: answers
21:56:13,909 C:\Users\ingov\PycharmProjects\ProjectR/Logs/2021-12-25_21-56-12 INFO Setting member: question to value=What of the following ones are Python basic types?: [('Fire', False), ('Bool', True), ('Normal', False), ('Basic', False)]
21:56:13,909 C:\Users\ingov\PycharmProjects\ProjectR/Logs/2021-12-25_21-56-12 INFO Getting attribute: window
21:56:13,909 C:\Users\ingov\PycharmProjects\ProjectR/Logs/2021-12-25_21-56-12 INFO Getting attribute: _QuestionClass__question
21:56:13,909 C:\Users\ingov\PycharmProjects\ProjectR/Logs/2021-12-25_21-56-12 INFO Getting attribute: question
21:56:13,909 C:\Users\ingov\PycharmProjects\ProjectR/Logs/2021-12-25_21-56-12 INFO Setting member: question_label to value=.!label
21:56:13,909 C:\Users\ingov\PycharmProjects\ProjectR/Logs/2021-12-25_21-56-12 INFO Getting attribute: question_label
21:56:13,909 C:\Users\ingov\PycharmProjects\ProjectR/Logs/2021-12-25_21-56-12 INFO Getting attribute: question_label
21:56:13,918 C:\Users\ingov\PycharmProjects\ProjectR/Logs/2021-12-25_21-56-12 INFO Setting member: radio_buttons to value=[]
21:56:13,918 C:\Users\ingov\PycharmProjects\ProjectR/Logs/2021-12-25_21-56-12 INFO Setting member: answer_group to value=PY_VAR0
21:56:13,918 C:\Users\ingov\PycharmProjects\ProjectR/Logs/2021-12-25_21-56-12 INFO Setting member: radio_button_font to value=('TkDefaultFont', 12)
21:56:13,918 C:\Users\ingov\PycharmProjects\ProjectR/Logs/2021-12-25_21-56-12 INFO Getting attribute: question
21:56:13,918 C:\Users\ingov\PycharmProjects\ProjectR/Logs/2021-12-25_21-56-12 INFO Getting attribute: _QuestionClass__answers
21:56:13,918 C:\Users\ingov\PycharmProjects\ProjectR/Logs/2021-12-25_21-56-12 INFO Getting attribute: answers
21:56:13,920 C:\Users\ingov\PycharmProjects\ProjectR/Logs/2021-12-25_21-56-12 INFO Getting attribute: window
21:56:13,920 C:\Users\ingov\PycharmProjects\ProjectR/Logs/2021-12-25_21-56-12 INFO Getting attribute: answer_group
21:56:13,920 C:\Users\ingov\PycharmProjects\ProjectR/Logs/2021-12-25_21-56-12 INFO Getting method: reveal_result
21:56:13,920 C:\Users\ingov\PycharmProjects\ProjectR/Logs/2021-12-25_21-56-12 INFO Getting attribute: radio_button_font
21:56:13,920 C:\Users\ingov\PycharmProjects\ProjectR/Logs/2021-12-25_21-56-12 INFO Getting attribute: radio_buttons
21:56:13,920 C:\Users\ingov\PycharmProjects\ProjectR/Logs/2021-12-25_21-56-12 INFO Getting attribute: window
21:56:13,920 C:\Users\ingov\PycharmProjects\ProjectR/Logs/2021-12-25_21-56-12 INFO Getting attribute: answer_group
21:56:13,920 C:\Users\ingov\PycharmProjects\ProjectR/Logs/2021-12-25_21-56-12 INFO Getting method: reveal_result
21:56:13,920 C:\Users\ingov\PycharmProjects\ProjectR/Logs/2021-12-25_21-56-12 INFO Getting attribute: radio_button_font
21:56:13,920 C:\Users\ingov\PycharmProjects\ProjectR/Logs/2021-12-25_21-56-12 INFO Getting attribute: radio_buttons
21:56:13,920 C:\Users\ingov\PycharmProjects\ProjectR/Logs/2021-12-25_21-56-12 INFO Getting attribute: window
21:56:13,920 C:\Users\ingov\PycharmProjects\ProjectR/Logs/2021-12-25_21-56-12 INFO Getting attribute: answer_group
21:56:13,920 C:\Users\ingov\PycharmProjects\ProjectR/Logs/2021-12-25_21-56-12 INFO Getting method: reveal_result
21:56:13,920 C:\Users\ingov\PycharmProjects\ProjectR/Logs/2021-12-25_21-56-12 INFO Getting attribute: radio_button_font
21:56:13,920 C:\Users\ingov\PycharmProjects\ProjectR/Logs/2021-12-25_21-56-12 INFO Getting attribute: radio_buttons
21:56:13,928 C:\Users\ingov\PycharmProjects\ProjectR/Logs/2021-12-25_21-56-12 INFO Getting attribute: window
21:56:13,928 C:\Users\ingov\PycharmProjects\ProjectR/Logs/2021-12-25_21-56-12 INFO Getting attribute: answer_group
21:56:13,928 C:\Users\ingov\PycharmProjects\ProjectR/Logs/2021-12-25_21-56-12 INFO Getting method: reveal_result
21:56:13,928 C:\Users\ingov\PycharmProjects\ProjectR/Logs/2021-12-25_21-56-12 INFO Getting attribute: radio_button_font
21:56:13,928 C:\Users\ingov\PycharmProjects\ProjectR/Logs/2021-12-25_21-56-12 INFO Getting attribute: radio_buttons
21:56:13,928 C:\Users\ingov\PycharmProjects\ProjectR/Logs/2021-12-25_21-56-12 INFO Getting attribute: window
21:56:15,134 C:\Users\ingov\PycharmProjects\ProjectR/Logs/2021-12-25_21-56-12 INFO Getting into __init__ for class: QuestionClass
21:56:15,134 C:\Users\ingov\PycharmProjects\ProjectR/Logs/2021-12-25_21-56-12 INFO Attributes in args: ('Which of the following countries belong to the European Union', [('Serbia', False), ('Latvia', True), ('Norway', False), ('Malta', True)])
21:56:15,134 C:\Users\ingov\PycharmProjects\ProjectR/Logs/2021-12-25_21-56-12 INFO Attributes in kwargs: {}
21:56:15,134 C:\Users\ingov\PycharmProjects\ProjectR/Logs/2021-12-25_21-56-12 INFO Setting member: _QuestionClass__question to value=Which of the following countries belong to the European Union
21:56:15,134 C:\Users\ingov\PycharmProjects\ProjectR/Logs/2021-12-25_21-56-12 INFO Setting member: _QuestionClass__answers to value=[('Serbia', False), ('Latvia', True), ('Norway', False), ('Malta', True)]
21:56:15,138 C:\Users\ingov\PycharmProjects\ProjectR/Logs/2021-12-25_21-56-12 INFO Getting into __init__ for class: QuestionTwoAnswersMultiple
21:56:15,138 C:\Users\ingov\PycharmProjects\ProjectR/Logs/2021-12-25_21-56-12 INFO Attributes in args: ()
21:56:15,138 C:\Users\ingov\PycharmProjects\ProjectR/Logs/2021-12-25_21-56-12 INFO Attributes in kwargs: {'width': 600, 'height': 550, 'title': 'Question 5'}
21:56:15,693 C:\Users\ingov\PycharmProjects\ProjectR/Logs/2021-12-25_21-56-12 INFO Setting member: window to value=.
21:56:15,693 C:\Users\ingov\PycharmProjects\ProjectR/Logs/2021-12-25_21-56-12 INFO Getting attribute: window
21:56:15,693 C:\Users\ingov\PycharmProjects\ProjectR/Logs/2021-12-25_21-56-12 INFO Setting member: height to value=550
21:56:15,693 C:\Users\ingov\PycharmProjects\ProjectR/Logs/2021-12-25_21-56-12 INFO Setting member: width to value=600
21:56:15,693 C:\Users\ingov\PycharmProjects\ProjectR/Logs/2021-12-25_21-56-12 INFO Getting attribute: window
21:56:15,693 C:\Users\ingov\PycharmProjects\ProjectR/Logs/2021-12-25_21-56-12 INFO Getting attribute: window
21:56:15,693 C:\Users\ingov\PycharmProjects\ProjectR/Logs/2021-12-25_21-56-12 INFO Getting attribute: window
21:56:15,693 C:\Users\ingov\PycharmProjects\ProjectR/Logs/2021-12-25_21-56-12 INFO Setting member: menu to value=.!menu
21:56:15,693 C:\Users\ingov\PycharmProjects\ProjectR/Logs/2021-12-25_21-56-12 INFO Getting attribute: window
21:56:15,698 C:\Users\ingov\PycharmProjects\ProjectR/Logs/2021-12-25_21-56-12 INFO Getting attribute: menu
21:56:15,709 C:\Users\ingov\PycharmProjects\ProjectR/Logs/2021-12-25_21-56-12 INFO Getting attribute: menu
21:56:15,713 C:\Users\ingov\PycharmProjects\ProjectR/Logs/2021-12-25_21-56-12 INFO Getting method: go_back_to_main
21:56:15,713 C:\Users\ingov\PycharmProjects\ProjectR/Logs/2021-12-25_21-56-12 INFO Getting attribute: menu
21:56:15,713 C:\Users\ingov\PycharmProjects\ProjectR/Logs/2021-12-25_21-56-12 INFO Getting attribute: _QuestionClass__question
21:56:15,713 C:\Users\ingov\PycharmProjects\ProjectR/Logs/2021-12-25_21-56-12 INFO Getting attribute: question
21:56:15,713 C:\Users\ingov\PycharmProjects\ProjectR/Logs/2021-12-25_21-56-12 INFO Getting attribute: _QuestionClass__answers
21:56:15,713 C:\Users\ingov\PycharmProjects\ProjectR/Logs/2021-12-25_21-56-12 INFO Getting attribute: answers
21:56:15,713 C:\Users\ingov\PycharmProjects\ProjectR/Logs/2021-12-25_21-56-12 INFO Setting member: question to value=Which of the following countries belong to the European Union: [('Serbia', False), ('Latvia', True), ('Norway', False), ('Malta', True)]
21:56:15,713 C:\Users\ingov\PycharmProjects\ProjectR/Logs/2021-12-25_21-56-12 INFO Getting attribute: window
21:56:15,713 C:\Users\ingov\PycharmProjects\ProjectR/Logs/2021-12-25_21-56-12 INFO Getting attribute: _QuestionClass__question
21:56:15,715 C:\Users\ingov\PycharmProjects\ProjectR/Logs/2021-12-25_21-56-12 INFO Getting attribute: question
21:56:15,715 C:\Users\ingov\PycharmProjects\ProjectR/Logs/2021-12-25_21-56-12 INFO Setting member: question_label to value=.!label
21:56:15,715 C:\Users\ingov\PycharmProjects\ProjectR/Logs/2021-12-25_21-56-12 INFO Getting attribute: question_label
21:56:15,715 C:\Users\ingov\PycharmProjects\ProjectR/Logs/2021-12-25_21-56-12 INFO Getting attribute: question_label
21:56:15,718 C:\Users\ingov\PycharmProjects\ProjectR/Logs/2021-12-25_21-56-12 INFO Setting member: check_boxes to value=[]
21:56:15,718 C:\Users\ingov\PycharmProjects\ProjectR/Logs/2021-12-25_21-56-12 INFO Setting member: answer_group to value=PY_VAR1
21:56:15,718 C:\Users\ingov\PycharmProjects\ProjectR/Logs/2021-12-25_21-56-12 INFO Setting member: check_button_font to value=('TkDefaultFont', 12)
21:56:15,718 C:\Users\ingov\PycharmProjects\ProjectR/Logs/2021-12-25_21-56-12 INFO Setting member: checks_done to value=0
21:56:15,718 C:\Users\ingov\PycharmProjects\ProjectR/Logs/2021-12-25_21-56-12 INFO Setting member: vars_int to value=[]
21:56:15,718 C:\Users\ingov\PycharmProjects\ProjectR/Logs/2021-12-25_21-56-12 INFO Getting attribute: question
21:56:15,718 C:\Users\ingov\PycharmProjects\ProjectR/Logs/2021-12-25_21-56-12 INFO Getting attribute: _QuestionClass__answers
21:56:15,718 C:\Users\ingov\PycharmProjects\ProjectR/Logs/2021-12-25_21-56-12 INFO Getting attribute: answers
21:56:15,718 C:\Users\ingov\PycharmProjects\ProjectR/Logs/2021-12-25_21-56-12 INFO Getting attribute: window
21:56:15,718 C:\Users\ingov\PycharmProjects\ProjectR/Logs/2021-12-25_21-56-12 INFO Getting attribute: check_button_font
21:56:15,718 C:\Users\ingov\PycharmProjects\ProjectR/Logs/2021-12-25_21-56-12 INFO Getting method: checking_box
21:56:15,718 C:\Users\ingov\PycharmProjects\ProjectR/Logs/2021-12-25_21-56-12 INFO Getting attribute: vars_int
21:56:15,723 C:\Users\ingov\PycharmProjects\ProjectR/Logs/2021-12-25_21-56-12 INFO Getting attribute: check_boxes
21:56:15,723 C:\Users\ingov\PycharmProjects\ProjectR/Logs/2021-12-25_21-56-12 INFO Getting attribute: window
21:56:15,723 C:\Users\ingov\PycharmProjects\ProjectR/Logs/2021-12-25_21-56-12 INFO Getting attribute: check_button_font
21:56:15,723 C:\Users\ingov\PycharmProjects\ProjectR/Logs/2021-12-25_21-56-12 INFO Getting method: checking_box
21:56:15,723 C:\Users\ingov\PycharmProjects\ProjectR/Logs/2021-12-25_21-56-12 INFO Getting attribute: vars_int
21:56:15,723 C:\Users\ingov\PycharmProjects\ProjectR/Logs/2021-12-25_21-56-12 INFO Getting attribute: check_boxes
21:56:15,723 C:\Users\ingov\PycharmProjects\ProjectR/Logs/2021-12-25_21-56-12 INFO Getting attribute: window
21:56:15,723 C:\Users\ingov\PycharmProjects\ProjectR/Logs/2021-12-25_21-56-12 INFO Getting attribute: check_button_font
21:56:15,723 C:\Users\ingov\PycharmProjects\ProjectR/Logs/2021-12-25_21-56-12 INFO Getting method: checking_box
21:56:15,723 C:\Users\ingov\PycharmProjects\ProjectR/Logs/2021-12-25_21-56-12 INFO Getting attribute: vars_int
21:56:15,723 C:\Users\ingov\PycharmProjects\ProjectR/Logs/2021-12-25_21-56-12 INFO Getting attribute: check_boxes
21:56:15,728 C:\Users\ingov\PycharmProjects\ProjectR/Logs/2021-12-25_21-56-12 INFO Getting attribute: window
21:56:15,728 C:\Users\ingov\PycharmProjects\ProjectR/Logs/2021-12-25_21-56-12 INFO Getting attribute: check_button_font
21:56:15,728 C:\Users\ingov\PycharmProjects\ProjectR/Logs/2021-12-25_21-56-12 INFO Getting method: checking_box
21:56:15,728 C:\Users\ingov\PycharmProjects\ProjectR/Logs/2021-12-25_21-56-12 INFO Getting attribute: vars_int
21:56:15,731 C:\Users\ingov\PycharmProjects\ProjectR/Logs/2021-12-25_21-56-12 INFO Getting attribute: check_boxes
21:56:15,731 C:\Users\ingov\PycharmProjects\ProjectR/Logs/2021-12-25_21-56-12 INFO Getting attribute: window
21:56:18,218 C:\Users\ingov\PycharmProjects\ProjectR/Logs/2021-12-25_21-56-12 INFO Getting attribute: checks_done
21:56:18,218 C:\Users\ingov\PycharmProjects\ProjectR/Logs/2021-12-25_21-56-12 INFO Setting member: checks_done to value=1
21:56:18,218 C:\Users\ingov\PycharmProjects\ProjectR/Logs/2021-12-25_21-56-12 INFO Getting attribute: checks_done
21:56:18,218 C:\Users\ingov\PycharmProjects\ProjectR/Logs/2021-12-25_21-56-12 INFO Getting attribute: window
21:56:18,218 C:\Users\ingov\PycharmProjects\ProjectR/Logs/2021-12-25_21-56-12 INFO Getting attribute: question
21:56:18,218 C:\Users\ingov\PycharmProjects\ProjectR/Logs/2021-12-25_21-56-12 INFO Getting attribute: _QuestionClass__question
21:56:18,218 C:\Users\ingov\PycharmProjects\ProjectR/Logs/2021-12-25_21-56-12 INFO Getting attribute: question
21:56:18,218 C:\Users\ingov\PycharmProjects\ProjectR/Logs/2021-12-25_21-56-12 INFO Getting attribute: window
21:56:18,218 C:\Users\ingov\PycharmProjects\ProjectR/Logs/2021-12-25_21-56-12 INFO Getting attribute: window
21:56:18,218 C:\Users\ingov\PycharmProjects\ProjectR/Logs/2021-12-25_21-56-12 INFO Getting attribute: window
21:56:18,218 C:\Users\ingov\PycharmProjects\ProjectR/Logs/2021-12-25_21-56-12 INFO Getting attribute: window
21:56:18,218 C:\Users\ingov\PycharmProjects\ProjectR/Logs/2021-12-25_21-56-12 INFO Getting attribute: window
21:56:18,228 C:\Users\ingov\PycharmProjects\ProjectR/Logs/2021-12-25_21-56-12 INFO Getting attribute: window
21:56:21,758 C:\Users\ingov\PycharmProjects\ProjectR/Logs/2021-12-25_21-56-12 INFO Getting attribute: checks_done
21:56:21,758 C:\Users\ingov\PycharmProjects\ProjectR/Logs/2021-12-25_21-56-12 INFO Setting member: checks_done to value=2
21:56:21,758 C:\Users\ingov\PycharmProjects\ProjectR/Logs/2021-12-25_21-56-12 INFO Getting attribute: checks_done
21:56:21,758 C:\Users\ingov\PycharmProjects\ProjectR/Logs/2021-12-25_21-56-12 INFO Getting attribute: check_boxes
21:56:21,758 C:\Users\ingov\PycharmProjects\ProjectR/Logs/2021-12-25_21-56-12 INFO Getting attribute: vars_int
21:56:21,758 C:\Users\ingov\PycharmProjects\ProjectR/Logs/2021-12-25_21-56-12 INFO Getting attribute: vars_int
21:56:21,758 C:\Users\ingov\PycharmProjects\ProjectR/Logs/2021-12-25_21-56-12 INFO Getting attribute: vars_int
21:56:21,758 C:\Users\ingov\PycharmProjects\ProjectR/Logs/2021-12-25_21-56-12 INFO Getting attribute: vars_int
21:56:21,758 C:\Users\ingov\PycharmProjects\ProjectR/Logs/2021-12-25_21-56-12 INFO Getting attribute: vars_int
21:56:21,758 C:\Users\ingov\PycharmProjects\ProjectR/Logs/2021-12-25_21-56-12 INFO Getting attribute: vars_int
21:56:21,758 C:\Users\ingov\PycharmProjects\ProjectR/Logs/2021-12-25_21-56-12 INFO Getting attribute: vars_int
21:56:21,758 C:\Users\ingov\PycharmProjects\ProjectR/Logs/2021-12-25_21-56-12 INFO Getting attribute: vars_int
21:56:21,758 C:\Users\ingov\PycharmProjects\ProjectR/Logs/2021-12-25_21-56-12 INFO Getting attribute: question
21:56:21,758 C:\Users\ingov\PycharmProjects\ProjectR/Logs/2021-12-25_21-56-12 INFO Getting method: get_correct_answers
21:56:21,758 C:\Users\ingov\PycharmProjects\ProjectR/Logs/2021-12-25_21-56-12 INFO Getting method: get_question_type
21:56:21,758 C:\Users\ingov\PycharmProjects\ProjectR/Logs/2021-12-25_21-56-12 INFO Getting attribute: _QuestionClass__answers
21:56:21,758 C:\Users\ingov\PycharmProjects\ProjectR/Logs/2021-12-25_21-56-12 INFO Getting attribute: _QuestionClass__answers
21:56:21,758 C:\Users\ingov\PycharmProjects\ProjectR/Logs/2021-12-25_21-56-12 INFO Getting attribute: logger
21:56:21,758 C:\Users\ingov\PycharmProjects\ProjectR/Logs/2021-12-25_21-56-12 INFO This question is a multiple choice question with two answers: Checkboxes: value 2
21:56:21,758 C:\Users\ingov\PycharmProjects\ProjectR/Logs/2021-12-25_21-56-12 INFO Getting attribute: _QuestionClass__answers
21:56:21,758 C:\Users\ingov\PycharmProjects\ProjectR/Logs/2021-12-25_21-56-12 INFO Getting attribute: logger
21:56:21,758 C:\Users\ingov\PycharmProjects\ProjectR/Logs/2021-12-25_21-56-12 INFO Correct answers are ['Latvia', 'Malta']
21:56:21,758 C:\Users\ingov\PycharmProjects\ProjectR/Logs/2021-12-25_21-56-12 INFO Getting attribute: window
21:56:21,758 C:\Users\ingov\PycharmProjects\ProjectR/Logs/2021-12-25_21-56-12 INFO Getting attribute: question
21:56:21,758 C:\Users\ingov\PycharmProjects\ProjectR/Logs/2021-12-25_21-56-12 INFO Getting attribute: _QuestionClass__question
21:56:21,758 C:\Users\ingov\PycharmProjects\ProjectR/Logs/2021-12-25_21-56-12 INFO Getting attribute: question
21:56:21,758 C:\Users\ingov\PycharmProjects\ProjectR/Logs/2021-12-25_21-56-12 INFO Getting attribute: window
21:56:21,758 C:\Users\ingov\PycharmProjects\ProjectR/Logs/2021-12-25_21-56-12 INFO Getting attribute: window
21:56:21,758 C:\Users\ingov\PycharmProjects\ProjectR/Logs/2021-12-25_21-56-12 INFO Getting attribute: window
21:56:21,758 C:\Users\ingov\PycharmProjects\ProjectR/Logs/2021-12-25_21-56-12 INFO Getting attribute: window
21:56:21,758 C:\Users\ingov\PycharmProjects\ProjectR/Logs/2021-12-25_21-56-12 INFO Getting attribute: window
21:56:21,758 C:\Users\ingov\PycharmProjects\ProjectR/Logs/2021-12-25_21-56-12 INFO Getting attribute: window
